{"/Users/ram/Library/Mobile Documents/com~apple~CloudDocs/Shared/GitHub Repos/SDB/apps/api/src/common/decorators/current-tenant.decorator.ts": {"path":"/Users/ram/Library/Mobile Documents/com~apple~CloudDocs/Shared/GitHub Repos/SDB/apps/api/src/common/decorators/current-tenant.decorator.ts","statementMap":{"0":{"start":{"line":1,"column":0},"end":{"line":1,"column":72}},"1":{"start":{"line":7,"column":13},"end":{"line":12,"column":2}},"2":{"start":{"line":9,"column":20},"end":{"line":9,"column":73}},"3":{"start":{"line":10,"column":4},"end":{"line":10,"column":33}}},"fnMap":{"0":{"name":"(anonymous_0)","decl":{"start":{"line":8,"column":2},"end":{"line":8,"column":3}},"loc":{"start":{"line":8,"column":66},"end":{"line":11,"column":3}}}},"branchMap":{},"s":{"0":11,"1":11,"2":0,"3":0},"f":{"0":0},"b":{}}
,"/Users/ram/Library/Mobile Documents/com~apple~CloudDocs/Shared/GitHub Repos/SDB/apps/api/src/common/decorators/current-user.decorator.ts": {"path":"/Users/ram/Library/Mobile Documents/com~apple~CloudDocs/Shared/GitHub Repos/SDB/apps/api/src/common/decorators/current-user.decorator.ts","statementMap":{"0":{"start":{"line":1,"column":0},"end":{"line":1,"column":72}},"1":{"start":{"line":7,"column":13},"end":{"line":12,"column":2}},"2":{"start":{"line":9,"column":20},"end":{"line":9,"column":73}},"3":{"start":{"line":10,"column":4},"end":{"line":10,"column":31}}},"fnMap":{"0":{"name":"(anonymous_0)","decl":{"start":{"line":8,"column":2},"end":{"line":8,"column":3}},"loc":{"start":{"line":8,"column":56},"end":{"line":11,"column":3}}}},"branchMap":{},"s":{"0":5,"1":5,"2":0,"3":0},"f":{"0":0},"b":{}}
,"/Users/ram/Library/Mobile Documents/com~apple~CloudDocs/Shared/GitHub Repos/SDB/apps/api/src/common/decorators/module-enabled.decorator.ts": {"path":"/Users/ram/Library/Mobile Documents/com~apple~CloudDocs/Shared/GitHub Repos/SDB/apps/api/src/common/decorators/module-enabled.decorator.ts","statementMap":{"0":{"start":{"line":1,"column":0},"end":{"line":1,"column":45}},"1":{"start":{"line":3,"column":13},"end":{"line":3,"column":51}},"2":{"start":{"line":5,"column":29},"end":{"line":6,"column":44}},"3":{"start":{"line":6,"column":2},"end":{"line":6,"column":44}},"4":{"start":{"line":5,"column":13},"end":{"line":5,"column":29}}},"fnMap":{"0":{"name":"(anonymous_0)","decl":{"start":{"line":5,"column":29},"end":{"line":5,"column":30}},"loc":{"start":{"line":6,"column":2},"end":{"line":6,"column":44}}}},"branchMap":{},"s":{"0":3,"1":3,"2":3,"3":0,"4":3},"f":{"0":0},"b":{}}
,"/Users/ram/Library/Mobile Documents/com~apple~CloudDocs/Shared/GitHub Repos/SDB/apps/api/src/common/decorators/requires-permission.decorator.ts": {"path":"/Users/ram/Library/Mobile Documents/com~apple~CloudDocs/Shared/GitHub Repos/SDB/apps/api/src/common/decorators/requires-permission.decorator.ts","statementMap":{"0":{"start":{"line":1,"column":0},"end":{"line":1,"column":45}},"1":{"start":{"line":3,"column":13},"end":{"line":3,"column":61}},"2":{"start":{"line":10,"column":34},"end":{"line":11,"column":95}},"3":{"start":{"line":11,"column":2},"end":{"line":11,"column":95}},"4":{"start":{"line":10,"column":13},"end":{"line":10,"column":34}}},"fnMap":{"0":{"name":"(anonymous_0)","decl":{"start":{"line":10,"column":34},"end":{"line":10,"column":35}},"loc":{"start":{"line":11,"column":2},"end":{"line":11,"column":95}}}},"branchMap":{"0":{"loc":{"start":{"line":11,"column":39},"end":{"line":11,"column":94}},"type":"cond-expr","locations":[{"start":{"line":11,"column":66},"end":{"line":11,"column":80}},{"start":{"line":11,"column":83},"end":{"line":11,"column":94}}]}},"s":{"0":11,"1":11,"2":11,"3":98,"4":11},"f":{"0":98},"b":{"0":[98,0]}}
,"/Users/ram/Library/Mobile Documents/com~apple~CloudDocs/Shared/GitHub Repos/SDB/apps/api/src/common/guards/auth.guard.ts": {"path":"/Users/ram/Library/Mobile Documents/com~apple~CloudDocs/Shared/GitHub Repos/SDB/apps/api/src/common/guards/auth.guard.ts","statementMap":{"0":{"start":{"line":1,"column":0},"end":{"line":1,"column":null}},"1":{"start":{"line":9,"column":0},"end":{"line":9,"column":36}},"2":{"start":{"line":14,"column":7},"end":{"line":61,"column":null}},"3":{"start":{"line":16,"column":20},"end":{"line":16,"column":64}},"4":{"start":{"line":17,"column":18},"end":{"line":17,"column":54}},"5":{"start":{"line":19,"column":4},"end":{"line":21,"column":5}},"6":{"start":{"line":20,"column":6},"end":{"line":20,"column":70}},"7":{"start":{"line":23,"column":4},"end":{"line":54,"column":5}},"8":{"start":{"line":24,"column":21},"end":{"line":24,"column":43}},"9":{"start":{"line":25,"column":6},"end":{"line":27,"column":7}},"10":{"start":{"line":26,"column":8},"end":{"line":26,"column":69}},"11":{"start":{"line":29,"column":22},"end":{"line":29,"column":61}},"12":{"start":{"line":33,"column":6},"end":{"line":35,"column":7}},"13":{"start":{"line":34,"column":8},"end":{"line":34,"column":62}},"14":{"start":{"line":40,"column":29},"end":{"line":41,"column":22}},"15":{"start":{"line":42,"column":6},"end":{"line":44,"column":7}},"16":{"start":{"line":43,"column":8},"end":{"line":43,"column":83}},"17":{"start":{"line":46,"column":18},"end":{"line":46,"column":68}},"18":{"start":{"line":47,"column":6},"end":{"line":47,"column":32}},"19":{"start":{"line":48,"column":6},"end":{"line":48,"column":18}},"20":{"start":{"line":50,"column":6},"end":{"line":52,"column":7}},"21":{"start":{"line":51,"column":8},"end":{"line":51,"column":20}},"22":{"start":{"line":53,"column":6},"end":{"line":53,"column":66}},"23":{"start":{"line":58,"column":26},"end":{"line":58,"column":73}},"24":{"start":{"line":59,"column":4},"end":{"line":59,"column":49}},"25":{"start":{"line":14,"column":13},"end":{"line":14,"column":22}},"26":{"start":{"line":14,"column":13},"end":{"line":61,"column":null}}},"fnMap":{"0":{"name":"(anonymous_10)","decl":{"start":{"line":15,"column":2},"end":{"line":15,"column":13}},"loc":{"start":{"line":15,"column":39},"end":{"line":55,"column":3}}},"1":{"name":"(anonymous_11)","decl":{"start":{"line":57,"column":10},"end":{"line":57,"column":32}},"loc":{"start":{"line":57,"column":49},"end":{"line":60,"column":3}}}},"branchMap":{"0":{"loc":{"start":{"line":19,"column":4},"end":{"line":21,"column":5}},"type":"if","locations":[{"start":{"line":19,"column":4},"end":{"line":21,"column":5}}]},"1":{"loc":{"start":{"line":25,"column":6},"end":{"line":27,"column":7}},"type":"if","locations":[{"start":{"line":25,"column":6},"end":{"line":27,"column":7}}]},"2":{"loc":{"start":{"line":33,"column":6},"end":{"line":35,"column":7}},"type":"if","locations":[{"start":{"line":33,"column":6},"end":{"line":35,"column":7}}]},"3":{"loc":{"start":{"line":42,"column":6},"end":{"line":44,"column":7}},"type":"if","locations":[{"start":{"line":42,"column":6},"end":{"line":44,"column":7}}]},"4":{"loc":{"start":{"line":42,"column":10},"end":{"line":42,"column":72}},"type":"binary-expr","locations":[{"start":{"line":42,"column":10},"end":{"line":42,"column":23}},{"start":{"line":42,"column":27},"end":{"line":42,"column":72}}]},"5":{"loc":{"start":{"line":50,"column":6},"end":{"line":52,"column":7}},"type":"if","locations":[{"start":{"line":50,"column":6},"end":{"line":52,"column":7}}]},"6":{"loc":{"start":{"line":58,"column":26},"end":{"line":58,"column":73}},"type":"binary-expr","locations":[{"start":{"line":58,"column":26},"end":{"line":58,"column":67}},{"start":{"line":58,"column":71},"end":{"line":58,"column":73}}]},"7":{"loc":{"start":{"line":59,"column":11},"end":{"line":59,"column":48}},"type":"cond-expr","locations":[{"start":{"line":59,"column":31},"end":{"line":59,"column":36}},{"start":{"line":59,"column":39},"end":{"line":59,"column":48}}]}},"s":{"0":11,"1":11,"2":11,"3":0,"4":0,"5":0,"6":0,"7":0,"8":0,"9":0,"10":0,"11":0,"12":0,"13":0,"14":0,"15":0,"16":0,"17":0,"18":0,"19":0,"20":0,"21":0,"22":0,"23":0,"24":0,"25":11,"26":11},"f":{"0":0,"1":0},"b":{"0":[0],"1":[0],"2":[0],"3":[0],"4":[0,0],"5":[0],"6":[0,0],"7":[0,0]}}
,"/Users/ram/Library/Mobile Documents/com~apple~CloudDocs/Shared/GitHub Repos/SDB/apps/api/src/common/guards/module-enabled.guard.ts": {"path":"/Users/ram/Library/Mobile Documents/com~apple~CloudDocs/Shared/GitHub Repos/SDB/apps/api/src/common/guards/module-enabled.guard.ts","statementMap":{"0":{"start":{"line":1,"column":0},"end":{"line":1,"column":95}},"1":{"start":{"line":2,"column":0},"end":{"line":2,"column":41}},"2":{"start":{"line":6,"column":0},"end":{"line":6,"column":68}},"3":{"start":{"line":7,"column":0},"end":{"line":7,"column":65}},"4":{"start":{"line":8,"column":0},"end":{"line":8,"column":76}},"5":{"start":{"line":25,"column":7},"end":{"line":91,"column":null}},"6":{"start":{"line":26,"column":38},"end":{"line":26,"column":41}},"7":{"start":{"line":29,"column":21},"end":{"line":29,"column":32}},"8":{"start":{"line":30,"column":21},"end":{"line":30,"column":29}},"9":{"start":{"line":31,"column":21},"end":{"line":31,"column":28}},"10":{"start":{"line":35,"column":27},"end":{"line":38,"column":6}},"11":{"start":{"line":40,"column":4},"end":{"line":42,"column":5}},"12":{"start":{"line":41,"column":6},"end":{"line":41,"column":18}},"13":{"start":{"line":44,"column":20},"end":{"line":44,"column":80}},"14":{"start":{"line":45,"column":26},"end":{"line":45,"column":74}},"15":{"start":{"line":47,"column":4},"end":{"line":54,"column":5}},"16":{"start":{"line":48,"column":6},"end":{"line":53,"column":9}},"17":{"start":{"line":56,"column":27},"end":{"line":56,"column":80}},"18":{"start":{"line":58,"column":4},"end":{"line":65,"column":5}},"19":{"start":{"line":59,"column":6},"end":{"line":64,"column":9}},"20":{"start":{"line":67,"column":4},"end":{"line":67,"column":16}},"21":{"start":{"line":71,"column":19},"end":{"line":71,"column":41}},"22":{"start":{"line":72,"column":21},"end":{"line":72,"column":49}},"23":{"start":{"line":74,"column":19},"end":{"line":74,"column":45}},"24":{"start":{"line":75,"column":4},"end":{"line":77,"column":5}},"25":{"start":{"line":76,"column":6},"end":{"line":76,"column":32}},"26":{"start":{"line":80,"column":20},"end":{"line":83,"column":6}},"27":{"start":{"line":85,"column":23},"end":{"line":85,"column":55}},"28":{"start":{"line":85,"column":42},"end":{"line":85,"column":54}},"29":{"start":{"line":87,"column":4},"end":{"line":87,"column":84}},"30":{"start":{"line":89,"column":4},"end":{"line":89,"column":22}},"31":{"start":{"line":25,"column":13},"end":{"line":25,"column":31}},"32":{"start":{"line":25,"column":13},"end":{"line":91,"column":null}}},"fnMap":{"0":{"name":"(anonymous_2)","decl":{"start":{"line":28,"column":2},"end":{"line":28,"column":null}},"loc":{"start":{"line":31,"column":40},"end":{"line":32,"column":6}}},"1":{"name":"(anonymous_3)","decl":{"start":{"line":34,"column":2},"end":{"line":34,"column":7}},"loc":{"start":{"line":34,"column":45},"end":{"line":68,"column":3}}},"2":{"name":"(anonymous_4)","decl":{"start":{"line":70,"column":10},"end":{"line":70,"column":15}},"loc":{"start":{"line":70,"column":50},"end":{"line":90,"column":3}}},"3":{"name":"(anonymous_5)","decl":{"start":{"line":85,"column":35},"end":{"line":85,"column":36}},"loc":{"start":{"line":85,"column":42},"end":{"line":85,"column":54}}}},"branchMap":{"0":{"loc":{"start":{"line":40,"column":4},"end":{"line":42,"column":5}},"type":"if","locations":[{"start":{"line":40,"column":4},"end":{"line":42,"column":5}}]},"1":{"loc":{"start":{"line":47,"column":4},"end":{"line":54,"column":5}},"type":"if","locations":[{"start":{"line":47,"column":4},"end":{"line":54,"column":5}}]},"2":{"loc":{"start":{"line":58,"column":4},"end":{"line":65,"column":5}},"type":"if","locations":[{"start":{"line":58,"column":4},"end":{"line":65,"column":5}}]},"3":{"loc":{"start":{"line":75,"column":4},"end":{"line":77,"column":5}},"type":"if","locations":[{"start":{"line":75,"column":4},"end":{"line":77,"column":5}}]},"4":{"loc":{"start":{"line":29,"column":32},"end":{"line":29,"column":null}},"type":"cond-expr","locations":[{"start":{"line":29,"column":41},"end":{"line":29,"column":null}},{"start":{"line":29,"column":41},"end":{"line":29,"column":null}}]},"5":{"loc":{"start":{"line":29,"column":32},"end":{"line":29,"column":41}},"type":"binary-expr","locations":[{"start":{"line":29,"column":32},"end":{"line":29,"column":null}},{"start":{"line":29,"column":32},"end":{"line":29,"column":41}}]},"6":{"loc":{"start":{"line":29,"column":41},"end":{"line":30,"column":null}},"type":"cond-expr","locations":[{"start":{"line":30,"column":42},"end":{"line":30,"column":null}},{"start":{"line":30,"column":42},"end":{"line":30,"column":null}}]},"7":{"loc":{"start":{"line":29,"column":41},"end":{"line":30,"column":42}},"type":"binary-expr","locations":[{"start":{"line":29,"column":41},"end":{"line":30,"column":null}},{"start":{"line":30,"column":29},"end":{"line":30,"column":42}}]},"8":{"loc":{"start":{"line":30,"column":42},"end":{"line":31,"column":null}},"type":"cond-expr","locations":[{"start":{"line":31,"column":40},"end":{"line":31,"column":null}},{"start":{"line":31,"column":40},"end":{"line":31,"column":null}}]},"9":{"loc":{"start":{"line":30,"column":42},"end":{"line":31,"column":40}},"type":"binary-expr","locations":[{"start":{"line":30,"column":42},"end":{"line":31,"column":null}},{"start":{"line":31,"column":28},"end":{"line":31,"column":40}}]}},"s":{"0":3,"1":3,"2":3,"3":3,"4":3,"5":3,"6":0,"7":0,"8":0,"9":0,"10":0,"11":0,"12":0,"13":0,"14":0,"15":0,"16":0,"17":0,"18":0,"19":0,"20":0,"21":0,"22":0,"23":0,"24":0,"25":0,"26":0,"27":0,"28":0,"29":0,"30":0,"31":3,"32":3},"f":{"0":0,"1":0,"2":0,"3":0},"b":{"0":[0],"1":[0],"2":[0],"3":[0],"4":[3,0],"5":[3,3],"6":[3,0],"7":[3,3],"8":[3,0],"9":[3,3]}}
,"/Users/ram/Library/Mobile Documents/com~apple~CloudDocs/Shared/GitHub Repos/SDB/apps/api/src/common/guards/permission.guard.ts": {"path":"/Users/ram/Library/Mobile Documents/com~apple~CloudDocs/Shared/GitHub Repos/SDB/apps/api/src/common/guards/permission.guard.ts","statementMap":{"0":{"start":{"line":1,"column":0},"end":{"line":1,"column":null}},"1":{"start":{"line":8,"column":0},"end":{"line":8,"column":41}},"2":{"start":{"line":12,"column":0},"end":{"line":12,"column":86}},"3":{"start":{"line":13,"column":0},"end":{"line":13,"column":86}},"4":{"start":{"line":14,"column":0},"end":{"line":14,"column":78}},"5":{"start":{"line":31,"column":7},"end":{"line":138,"column":null}},"6":{"start":{"line":33,"column":21},"end":{"line":33,"column":32}},"7":{"start":{"line":34,"column":21},"end":{"line":34,"column":45}},"8":{"start":{"line":36,"column":21},"end":{"line":36,"column":44}},"9":{"start":{"line":40,"column":31},"end":{"line":42,"column":null}},"10":{"start":{"line":45,"column":4},"end":{"line":47,"column":5}},"11":{"start":{"line":46,"column":6},"end":{"line":46,"column":18}},"12":{"start":{"line":49,"column":20},"end":{"line":49,"column":80}},"13":{"start":{"line":50,"column":17},"end":{"line":50,"column":65}},"14":{"start":{"line":52,"column":4},"end":{"line":59,"column":5}},"15":{"start":{"line":53,"column":6},"end":{"line":58,"column":9}},"16":{"start":{"line":61,"column":4},"end":{"line":70,"column":5}},"17":{"start":{"line":62,"column":6},"end":{"line":62,"column":96}},"18":{"start":{"line":64,"column":6},"end":{"line":69,"column":9}},"19":{"start":{"line":75,"column":26},"end":{"line":75,"column":94}},"20":{"start":{"line":76,"column":4},"end":{"line":85,"column":5}},"21":{"start":{"line":77,"column":6},"end":{"line":77,"column":97}},"22":{"start":{"line":79,"column":6},"end":{"line":84,"column":9}},"23":{"start":{"line":87,"column":24},"end":{"line":87,"column":92}},"24":{"start":{"line":90,"column":26},"end":{"line":92,"column":28}},"25":{"start":{"line":94,"column":26},"end":{"line":94,"column":82}},"26":{"start":{"line":94,"column":55},"end":{"line":94,"column":81}},"27":{"start":{"line":95,"column":4},"end":{"line":104,"column":5}},"28":{"start":{"line":96,"column":6},"end":{"line":96,"column":67}},"29":{"start":{"line":98,"column":6},"end":{"line":103,"column":9}},"30":{"start":{"line":106,"column":4},"end":{"line":106,"column":16}},"31":{"start":{"line":116,"column":6},"end":{"line":118,"column":19}},"32":{"start":{"line":119,"column":22},"end":{"line":119,"column":83}},"33":{"start":{"line":121,"column":6},"end":{"line":126,"column":19}},"34":{"start":{"line":123,"column":33},"end":{"line":123,"column":93}},"35":{"start":{"line":124,"column":12},"end":{"line":124,"column":77}},"36":{"start":{"line":128,"column":4},"end":{"line":136,"column":6}},"37":{"start":{"line":31,"column":13},"end":{"line":31,"column":28}},"38":{"start":{"line":31,"column":13},"end":{"line":138,"column":null}}},"fnMap":{"0":{"name":"(anonymous_4)","decl":{"start":{"line":32,"column":2},"end":{"line":32,"column":null}},"loc":{"start":{"line":36,"column":64},"end":{"line":37,"column":6}}},"1":{"name":"(anonymous_5)","decl":{"start":{"line":39,"column":2},"end":{"line":39,"column":7}},"loc":{"start":{"line":39,"column":45},"end":{"line":107,"column":3}}},"2":{"name":"(anonymous_6)","decl":{"start":{"line":94,"column":45},"end":{"line":94,"column":46}},"loc":{"start":{"line":94,"column":55},"end":{"line":94,"column":81}}},"3":{"name":"(anonymous_7)","decl":{"start":{"line":109,"column":10},"end":{"line":109,"column":15}},"loc":{"start":{"line":113,"column":19},"end":{"line":137,"column":3}}},"4":{"name":"(anonymous_8)","decl":{"start":{"line":122,"column":11},"end":{"line":122,"column":14}},"loc":{"start":{"line":122,"column":16},"end":{"line":125,"column":11}}}},"branchMap":{"0":{"loc":{"start":{"line":45,"column":4},"end":{"line":47,"column":5}},"type":"if","locations":[{"start":{"line":45,"column":4},"end":{"line":47,"column":5}}]},"1":{"loc":{"start":{"line":52,"column":4},"end":{"line":59,"column":5}},"type":"if","locations":[{"start":{"line":52,"column":4},"end":{"line":59,"column":5}}]},"2":{"loc":{"start":{"line":61,"column":4},"end":{"line":70,"column":5}},"type":"if","locations":[{"start":{"line":61,"column":4},"end":{"line":70,"column":5}}]},"3":{"loc":{"start":{"line":76,"column":4},"end":{"line":85,"column":5}},"type":"if","locations":[{"start":{"line":76,"column":4},"end":{"line":85,"column":5}}]},"4":{"loc":{"start":{"line":76,"column":8},"end":{"line":76,"column":67}},"type":"binary-expr","locations":[{"start":{"line":76,"column":8},"end":{"line":76,"column":21}},{"start":{"line":76,"column":25},"end":{"line":76,"column":67}}]},"5":{"loc":{"start":{"line":90,"column":26},"end":{"line":92,"column":28}},"type":"cond-expr","locations":[{"start":{"line":91,"column":8},"end":{"line":91,"column":26}},{"start":{"line":92,"column":8},"end":{"line":92,"column":28}}]},"6":{"loc":{"start":{"line":95,"column":4},"end":{"line":104,"column":5}},"type":"if","locations":[{"start":{"line":95,"column":4},"end":{"line":104,"column":5}}]},"7":{"loc":{"start":{"line":116,"column":6},"end":{"line":118,"column":19}},"type":"cond-expr","locations":[{"start":{"line":117,"column":12},"end":{"line":117,"column":97}},{"start":{"line":118,"column":10},"end":{"line":118,"column":19}}]},"8":{"loc":{"start":{"line":117,"column":12},"end":{"line":117,"column":97}},"type":"binary-expr","locations":[{"start":{"line":117,"column":12},"end":{"line":117,"column":59}},{"start":{"line":117,"column":64},"end":{"line":117,"column":97}}]},"9":{"loc":{"start":{"line":119,"column":22},"end":{"line":119,"column":83}},"type":"cond-expr","locations":[{"start":{"line":119,"column":58},"end":{"line":119,"column":71}},{"start":{"line":119,"column":74},"end":{"line":119,"column":83}}]},"10":{"loc":{"start":{"line":121,"column":6},"end":{"line":126,"column":19}},"type":"cond-expr","locations":[{"start":{"line":122,"column":10},"end":{"line":125,"column":14}},{"start":{"line":126,"column":10},"end":{"line":126,"column":19}}]},"11":{"loc":{"start":{"line":121,"column":6},"end":{"line":121,"column":75}},"type":"binary-expr","locations":[{"start":{"line":121,"column":6},"end":{"line":121,"column":44}},{"start":{"line":121,"column":48},"end":{"line":121,"column":75}}]},"12":{"loc":{"start":{"line":124,"column":19},"end":{"line":124,"column":76}},"type":"cond-expr","locations":[{"start":{"line":124,"column":53},"end":{"line":124,"column":64}},{"start":{"line":124,"column":67},"end":{"line":124,"column":76}}]},"13":{"loc":{"start":{"line":33,"column":32},"end":{"line":33,"column":null}},"type":"cond-expr","locations":[{"start":{"line":33,"column":41},"end":{"line":33,"column":null}},{"start":{"line":33,"column":41},"end":{"line":33,"column":null}}]},"14":{"loc":{"start":{"line":33,"column":32},"end":{"line":33,"column":41}},"type":"binary-expr","locations":[{"start":{"line":33,"column":32},"end":{"line":33,"column":null}},{"start":{"line":33,"column":32},"end":{"line":33,"column":41}}]},"15":{"loc":{"start":{"line":33,"column":41},"end":{"line":34,"column":null}},"type":"cond-expr","locations":[{"start":{"line":34,"column":67},"end":{"line":34,"column":null}},{"start":{"line":34,"column":67},"end":{"line":34,"column":null}}]},"16":{"loc":{"start":{"line":33,"column":41},"end":{"line":34,"column":67}},"type":"binary-expr","locations":[{"start":{"line":33,"column":41},"end":{"line":34,"column":null}},{"start":{"line":34,"column":45},"end":{"line":34,"column":67}}]},"17":{"loc":{"start":{"line":34,"column":67},"end":{"line":36,"column":null}},"type":"cond-expr","locations":[{"start":{"line":36,"column":64},"end":{"line":36,"column":null}},{"start":{"line":36,"column":64},"end":{"line":36,"column":null}}]},"18":{"loc":{"start":{"line":34,"column":67},"end":{"line":36,"column":64}},"type":"binary-expr","locations":[{"start":{"line":34,"column":67},"end":{"line":36,"column":null}},{"start":{"line":36,"column":44},"end":{"line":36,"column":64}}]}},"s":{"0":11,"1":11,"2":11,"3":11,"4":11,"5":11,"6":17,"7":17,"8":17,"9":0,"10":0,"11":0,"12":0,"13":0,"14":0,"15":0,"16":0,"17":0,"18":0,"19":0,"20":0,"21":0,"22":0,"23":0,"24":0,"25":0,"26":0,"27":0,"28":0,"29":0,"30":0,"31":0,"32":0,"33":0,"34":0,"35":0,"36":0,"37":11,"38":11},"f":{"0":17,"1":0,"2":0,"3":0,"4":0},"b":{"0":[0],"1":[0],"2":[0],"3":[0],"4":[0,0],"5":[0,0],"6":[0],"7":[0,0],"8":[0,0],"9":[0,0],"10":[0,0],"11":[0,0],"12":[0,0],"13":[11,0],"14":[11,11],"15":[11,0],"16":[11,11],"17":[11,0],"18":[11,11]}}
,"/Users/ram/Library/Mobile Documents/com~apple~CloudDocs/Shared/GitHub Repos/SDB/apps/api/src/common/helpers/with-rls.ts": {"path":"/Users/ram/Library/Mobile Documents/com~apple~CloudDocs/Shared/GitHub Repos/SDB/apps/api/src/common/helpers/with-rls.ts","statementMap":{"0":{"start":{"line":14,"column":0},"end":{"line":14,"column":7}},"1":{"start":{"line":3,"column":0},"end":{"line":3,"column":63}},"2":{"start":{"line":20,"column":20},"end":{"line":20,"column":52}},"3":{"start":{"line":21,"column":2},"end":{"line":26,"column":28}},"4":{"start":{"line":25,"column":4},"end":{"line":25,"column":45}}},"fnMap":{"0":{"name":"withRls","decl":{"start":{"line":14,"column":22},"end":{"line":14,"column":29}},"loc":{"start":{"line":18,"column":50},"end":{"line":27,"column":1}}},"1":{"name":"(anonymous_1)","decl":{"start":{"line":21,"column":32},"end":{"line":21,"column":37}},"loc":{"start":{"line":21,"column":45},"end":{"line":26,"column":3}}}},"branchMap":{},"s":{"0":4,"1":4,"2":2,"3":2,"4":2},"f":{"0":2,"1":2},"b":{}}
,"/Users/ram/Library/Mobile Documents/com~apple~CloudDocs/Shared/GitHub Repos/SDB/apps/api/src/common/middleware/rls.middleware.ts": {"path":"/Users/ram/Library/Mobile Documents/com~apple~CloudDocs/Shared/GitHub Repos/SDB/apps/api/src/common/middleware/rls.middleware.ts","statementMap":{"0":{"start":{"line":77,"column":0},"end":{"line":77,"column":7}},"1":{"start":{"line":91,"column":0},"end":{"line":91,"column":16}},"2":{"start":{"line":3,"column":0},"end":{"line":3,"column":54}},"3":{"start":{"line":19,"column":16},"end":{"line":19,"column":81}},"4":{"start":{"line":34,"column":2},"end":{"line":36,"column":3}},"5":{"start":{"line":35,"column":4},"end":{"line":35,"column":57}},"6":{"start":{"line":40,"column":2},"end":{"line":40,"column":47}},"7":{"start":{"line":41,"column":2},"end":{"line":41,"column":43}},"8":{"start":{"line":42,"column":2},"end":{"line":42,"column":55}},"9":{"start":{"line":44,"column":2},"end":{"line":46,"column":3}},"10":{"start":{"line":45,"column":4},"end":{"line":45,"column":65}},"11":{"start":{"line":50,"column":2},"end":{"line":55,"column":3}},"12":{"start":{"line":51,"column":4},"end":{"line":54,"column":6}},"13":{"start":{"line":57,"column":17},"end":{"line":57,"column":90}},"14":{"start":{"line":58,"column":2},"end":{"line":60,"column":3}},"15":{"start":{"line":59,"column":4},"end":{"line":59,"column":93}},"16":{"start":{"line":62,"column":2},"end":{"line":67,"column":3}},"17":{"start":{"line":63,"column":4},"end":{"line":66,"column":6}},"18":{"start":{"line":69,"column":2},"end":{"line":74,"column":3}},"19":{"start":{"line":70,"column":4},"end":{"line":73,"column":6}},"20":{"start":{"line":83,"column":2},"end":{"line":83,"column":30}},"21":{"start":{"line":85,"column":2},"end":{"line":88,"column":14}},"22":{"start":{"line":86,"column":4},"end":{"line":86,"column":74}},"23":{"start":{"line":87,"column":4},"end":{"line":87,"column":45}},"24":{"start":{"line":95,"column":2},"end":{"line":95,"column":30}},"25":{"start":{"line":97,"column":2},"end":{"line":114,"column":5}},"26":{"start":{"line":103,"column":8},"end":{"line":103,"column":27}},"27":{"start":{"line":108,"column":8},"end":{"line":111,"column":20}},"28":{"start":{"line":109,"column":10},"end":{"line":109,"column":80}},"29":{"start":{"line":110,"column":10},"end":{"line":110,"column":51}}},"fnMap":{"0":{"name":"validateUuid","decl":{"start":{"line":33,"column":9},"end":{"line":33,"column":21}},"loc":{"start":{"line":33,"column":62},"end":{"line":37,"column":1}}},"1":{"name":"validateRlsContext","decl":{"start":{"line":39,"column":9},"end":{"line":39,"column":27}},"loc":{"start":{"line":39,"column":47},"end":{"line":47,"column":1}}},"2":{"name":"applyRlsContext","decl":{"start":{"line":49,"column":15},"end":{"line":49,"column":30}},"loc":{"start":{"line":49,"column":76},"end":{"line":75,"column":1}}},"3":{"name":"runWithRlsContext","decl":{"start":{"line":77,"column":22},"end":{"line":77,"column":39}},"loc":{"start":{"line":81,"column":30},"end":{"line":89,"column":1}}},"4":{"name":"(anonymous_4)","decl":{"start":{"line":85,"column":29},"end":{"line":85,"column":34}},"loc":{"start":{"line":85,"column":42},"end":{"line":88,"column":3}}},"5":{"name":"createRlsClient","decl":{"start":{"line":91,"column":16},"end":{"line":91,"column":31}},"loc":{"start":{"line":93,"column":50},"end":{"line":115,"column":1}}},"6":{"name":"(anonymous_6)","decl":{"start":{"line":99,"column":6},"end":{"line":99,"column":20}},"loc":{"start":{"line":99,"column":36},"end":{"line":104,"column":7}}},"7":{"name":"(anonymous_7)","decl":{"start":{"line":107,"column":6},"end":{"line":107,"column":11}},"loc":{"start":{"line":107,"column":97},"end":{"line":112,"column":7}}},"8":{"name":"(anonymous_8)","decl":{"start":{"line":108,"column":35},"end":{"line":108,"column":40}},"loc":{"start":{"line":108,"column":48},"end":{"line":111,"column":9}}}},"branchMap":{"0":{"loc":{"start":{"line":34,"column":2},"end":{"line":36,"column":3}},"type":"if","locations":[{"start":{"line":34,"column":2},"end":{"line":36,"column":3}}]},"1":{"loc":{"start":{"line":34,"column":6},"end":{"line":34,"column":49}},"type":"binary-expr","locations":[{"start":{"line":34,"column":6},"end":{"line":34,"column":25}},{"start":{"line":34,"column":29},"end":{"line":34,"column":49}}]},"2":{"loc":{"start":{"line":44,"column":2},"end":{"line":46,"column":3}},"type":"if","locations":[{"start":{"line":44,"column":2},"end":{"line":46,"column":3}}]},"3":{"loc":{"start":{"line":44,"column":6},"end":{"line":44,"column":96}},"type":"binary-expr","locations":[{"start":{"line":44,"column":6},"end":{"line":44,"column":24}},{"start":{"line":44,"column":28},"end":{"line":44,"column":44}},{"start":{"line":44,"column":48},"end":{"line":44,"column":70}},{"start":{"line":44,"column":74},"end":{"line":44,"column":96}}]},"4":{"loc":{"start":{"line":50,"column":2},"end":{"line":55,"column":3}},"type":"if","locations":[{"start":{"line":50,"column":2},"end":{"line":55,"column":3}}]},"5":{"loc":{"start":{"line":57,"column":17},"end":{"line":57,"column":90}},"type":"binary-expr","locations":[{"start":{"line":57,"column":17},"end":{"line":57,"column":32}},{"start":{"line":57,"column":37},"end":{"line":57,"column":89}}]},"6":{"loc":{"start":{"line":57,"column":37},"end":{"line":57,"column":89}},"type":"cond-expr","locations":[{"start":{"line":57,"column":57},"end":{"line":57,"column":77}},{"start":{"line":57,"column":80},"end":{"line":57,"column":89}}]},"7":{"loc":{"start":{"line":58,"column":2},"end":{"line":60,"column":3}},"type":"if","locations":[{"start":{"line":58,"column":2},"end":{"line":60,"column":3}}]},"8":{"loc":{"start":{"line":62,"column":2},"end":{"line":67,"column":3}},"type":"if","locations":[{"start":{"line":62,"column":2},"end":{"line":67,"column":3}}]},"9":{"loc":{"start":{"line":69,"column":2},"end":{"line":74,"column":3}},"type":"if","locations":[{"start":{"line":69,"column":2},"end":{"line":74,"column":3}}]}},"s":{"0":14,"1":14,"2":14,"3":14,"4":0,"5":0,"6":0,"7":0,"8":0,"9":0,"10":0,"11":0,"12":0,"13":0,"14":0,"15":0,"16":0,"17":0,"18":0,"19":0,"20":0,"21":0,"22":0,"23":0,"24":0,"25":0,"26":0,"27":0,"28":0,"29":0},"f":{"0":0,"1":0,"2":0,"3":0,"4":0,"5":0,"6":0,"7":0,"8":0},"b":{"0":[0],"1":[0,0],"2":[0],"3":[0,0,0,0],"4":[0],"5":[0,0],"6":[0,0],"7":[0],"8":[0],"9":[0]}}
,"/Users/ram/Library/Mobile Documents/com~apple~CloudDocs/Shared/GitHub Repos/SDB/apps/api/src/common/pipes/zod-validation.pipe.ts": {"path":"/Users/ram/Library/Mobile Documents/com~apple~CloudDocs/Shared/GitHub Repos/SDB/apps/api/src/common/pipes/zod-validation.pipe.ts","statementMap":{"0":{"start":{"line":1,"column":0},"end":{"line":1,"column":86}},"1":{"start":{"line":5,"column":22},"end":{"line":5,"column":39}},"2":{"start":{"line":9,"column":4},"end":{"line":11,"column":5}},"3":{"start":{"line":10,"column":6},"end":{"line":10,"column":19}},"4":{"start":{"line":13,"column":19},"end":{"line":13,"column":47}},"5":{"start":{"line":14,"column":4},"end":{"line":24,"column":5}},"6":{"start":{"line":15,"column":21},"end":{"line":18,"column":9}},"7":{"start":{"line":15,"column":53},"end":{"line":18,"column":8}},"8":{"start":{"line":19,"column":6},"end":{"line":23,"column":9}},"9":{"start":{"line":25,"column":4},"end":{"line":25,"column":23}},"10":{"start":{"line":4,"column":0},"end":{"line":4,"column":13}}},"fnMap":{"0":{"name":"(anonymous_0)","decl":{"start":{"line":5,"column":2},"end":{"line":5,"column":22}},"loc":{"start":{"line":5,"column":39},"end":{"line":5,"column":43}}},"1":{"name":"(anonymous_1)","decl":{"start":{"line":7,"column":2},"end":{"line":7,"column":11}},"loc":{"start":{"line":7,"column":54},"end":{"line":26,"column":3}}},"2":{"name":"(anonymous_2)","decl":{"start":{"line":15,"column":45},"end":{"line":15,"column":46}},"loc":{"start":{"line":15,"column":53},"end":{"line":18,"column":8}}}},"branchMap":{"0":{"loc":{"start":{"line":9,"column":4},"end":{"line":11,"column":5}},"type":"if","locations":[{"start":{"line":9,"column":4},"end":{"line":11,"column":5}}]},"1":{"loc":{"start":{"line":9,"column":8},"end":{"line":9,"column":90}},"type":"binary-expr","locations":[{"start":{"line":9,"column":8},"end":{"line":9,"column":32}},{"start":{"line":9,"column":36},"end":{"line":9,"column":61}},{"start":{"line":9,"column":65},"end":{"line":9,"column":90}}]},"2":{"loc":{"start":{"line":14,"column":4},"end":{"line":24,"column":5}},"type":"if","locations":[{"start":{"line":14,"column":4},"end":{"line":24,"column":5}}]}},"s":{"0":10,"1":72,"2":0,"3":0,"4":0,"5":0,"6":0,"7":0,"8":0,"9":0,"10":10},"f":{"0":72,"1":0,"2":0},"b":{"0":[0],"1":[0,0,0],"2":[0]}}
,"/Users/ram/Library/Mobile Documents/com~apple~CloudDocs/Shared/GitHub Repos/SDB/apps/api/src/common/services/circuit-breaker-registry.ts": {"path":"/Users/ram/Library/Mobile Documents/com~apple~CloudDocs/Shared/GitHub Repos/SDB/apps/api/src/common/services/circuit-breaker-registry.ts","statementMap":{"0":{"start":{"line":1,"column":0},"end":{"line":1,"column":52}},"1":{"start":{"line":2,"column":0},"end":{"line":2,"column":96}},"2":{"start":{"line":23,"column":35},"end":{"line":65,"column":null}},"3":{"start":{"line":24,"column":28},"end":{"line":24,"column":67}},"4":{"start":{"line":25,"column":30},"end":{"line":25,"column":69}},"5":{"start":{"line":32,"column":21},"end":{"line":32,"column":44}},"6":{"start":{"line":33,"column":4},"end":{"line":33,"column":34}},"7":{"start":{"line":33,"column":18},"end":{"line":33,"column":34}},"8":{"start":{"line":35,"column":22},"end":{"line":35,"column":44}},"9":{"start":{"line":36,"column":26},"end":{"line":36,"column":57}},"10":{"start":{"line":38,"column":20},"end":{"line":41,"column":6}},"11":{"start":{"line":43,"column":4},"end":{"line":45,"column":7}},"12":{"start":{"line":44,"column":6},"end":{"line":44,"column":97}},"13":{"start":{"line":46,"column":4},"end":{"line":48,"column":7}},"14":{"start":{"line":47,"column":6},"end":{"line":47,"column":75}},"15":{"start":{"line":49,"column":4},"end":{"line":51,"column":7}},"16":{"start":{"line":50,"column":6},"end":{"line":50,"column":74}},"17":{"start":{"line":53,"column":4},"end":{"line":53,"column":37}},"18":{"start":{"line":54,"column":4},"end":{"line":54,"column":19}},"19":{"start":{"line":62,"column":20},"end":{"line":62,"column":50}},"20":{"start":{"line":63,"column":4},"end":{"line":63,"column":31}},"21":{"start":{"line":23,"column":13},"end":{"line":23,"column":35}},"22":{"start":{"line":23,"column":13},"end":{"line":65,"column":null}}},"fnMap":{"0":{"name":"(anonymous_1)","decl":{"start":{"line":31,"column":2},"end":{"line":31,"column":12}},"loc":{"start":{"line":31,"column":55},"end":{"line":55,"column":3}}},"1":{"name":"(anonymous_2)","decl":{"start":{"line":43,"column":20},"end":{"line":43,"column":23}},"loc":{"start":{"line":43,"column":25},"end":{"line":45,"column":5}}},"2":{"name":"(anonymous_3)","decl":{"start":{"line":46,"column":23},"end":{"line":46,"column":26}},"loc":{"start":{"line":46,"column":28},"end":{"line":48,"column":5}}},"3":{"name":"(anonymous_4)","decl":{"start":{"line":49,"column":20},"end":{"line":49,"column":23}},"loc":{"start":{"line":49,"column":25},"end":{"line":51,"column":5}}},"4":{"name":"(anonymous_5)","decl":{"start":{"line":61,"column":2},"end":{"line":61,"column":7}},"loc":{"start":{"line":61,"column":76},"end":{"line":64,"column":3}}}},"branchMap":{"0":{"loc":{"start":{"line":31,"column":27},"end":{"line":31,"column":55}},"type":"default-arg","locations":[{"start":{"line":31,"column":53},"end":{"line":31,"column":55}}]},"1":{"loc":{"start":{"line":33,"column":4},"end":{"line":33,"column":34}},"type":"if","locations":[{"start":{"line":33,"column":4},"end":{"line":33,"column":34}}]},"2":{"loc":{"start":{"line":35,"column":22},"end":{"line":35,"column":44}},"type":"binary-expr","locations":[{"start":{"line":35,"column":22},"end":{"line":35,"column":39}},{"start":{"line":35,"column":43},"end":{"line":35,"column":44}}]},"3":{"loc":{"start":{"line":36,"column":26},"end":{"line":36,"column":57}},"type":"binary-expr","locations":[{"start":{"line":36,"column":26},"end":{"line":36,"column":47}},{"start":{"line":36,"column":51},"end":{"line":36,"column":57}}]}},"s":{"0":2,"1":2,"2":2,"3":0,"4":0,"5":0,"6":0,"7":0,"8":0,"9":0,"10":0,"11":0,"12":0,"13":0,"14":0,"15":0,"16":0,"17":0,"18":0,"19":0,"20":0,"21":2,"22":2},"f":{"0":0,"1":0,"2":0,"3":0,"4":0},"b":{"0":[0],"1":[0],"2":[0,0],"3":[0,0]}}
,"/Users/ram/Library/Mobile Documents/com~apple~CloudDocs/Shared/GitHub Repos/SDB/apps/api/src/common/services/permission-cache.service.ts": {"path":"/Users/ram/Library/Mobile Documents/com~apple~CloudDocs/Shared/GitHub Repos/SDB/apps/api/src/common/services/permission-cache.service.ts","statementMap":{"0":{"start":{"line":1,"column":0},"end":{"line":1,"column":44}},"1":{"start":{"line":3,"column":0},"end":{"line":3,"column":75}},"2":{"start":{"line":4,"column":0},"end":{"line":4,"column":68}},"3":{"start":{"line":5,"column":0},"end":{"line":5,"column":65}},"4":{"start":{"line":27,"column":7},"end":{"line":103,"column":null}},"5":{"start":{"line":28,"column":31},"end":{"line":28,"column":33}},"6":{"start":{"line":31,"column":21},"end":{"line":31,"column":29}},"7":{"start":{"line":32,"column":21},"end":{"line":32,"column":28}},"8":{"start":{"line":37,"column":19},"end":{"line":37,"column":41}},"9":{"start":{"line":38,"column":21},"end":{"line":38,"column":50}},"10":{"start":{"line":40,"column":19},"end":{"line":40,"column":45}},"11":{"start":{"line":41,"column":4},"end":{"line":43,"column":5}},"12":{"start":{"line":42,"column":6},"end":{"line":42,"column":32}},"13":{"start":{"line":46,"column":28},"end":{"line":61,"column":null}},"14":{"start":{"line":50,"column":8},"end":{"line":61,"column":10}},"15":{"start":{"line":64,"column":27},"end":{"line":64,"column":44}},"16":{"start":{"line":65,"column":4},"end":{"line":69,"column":5}},"17":{"start":{"line":66,"column":6},"end":{"line":68,"column":7}},"18":{"start":{"line":67,"column":8},"end":{"line":67,"column":57}},"19":{"start":{"line":71,"column":24},"end":{"line":71,"column":50}},"20":{"start":{"line":72,"column":4},"end":{"line":72,"column":78}},"21":{"start":{"line":74,"column":4},"end":{"line":74,"column":23}},"22":{"start":{"line":78,"column":19},"end":{"line":78,"column":41}},"23":{"start":{"line":79,"column":4},"end":{"line":79,"column":52}},"24":{"start":{"line":89,"column":24},"end":{"line":93,"column":null}},"25":{"start":{"line":90,"column":6},"end":{"line":93,"column":8}},"26":{"start":{"line":96,"column":19},"end":{"line":96,"column":41}},"27":{"start":{"line":97,"column":21},"end":{"line":97,"column":38}},"28":{"start":{"line":98,"column":4},"end":{"line":100,"column":5}},"29":{"start":{"line":99,"column":6},"end":{"line":99,"column":42}},"30":{"start":{"line":101,"column":4},"end":{"line":101,"column":26}},"31":{"start":{"line":27,"column":13},"end":{"line":27,"column":35}},"32":{"start":{"line":27,"column":13},"end":{"line":103,"column":null}}},"fnMap":{"0":{"name":"(anonymous_2)","decl":{"start":{"line":30,"column":2},"end":{"line":30,"column":null}},"loc":{"start":{"line":32,"column":40},"end":{"line":33,"column":6}}},"1":{"name":"(anonymous_3)","decl":{"start":{"line":36,"column":2},"end":{"line":36,"column":7}},"loc":{"start":{"line":36,"column":43},"end":{"line":75,"column":3}}},"2":{"name":"(anonymous_4)","decl":{"start":{"line":49,"column":6},"end":{"line":49,"column":11}},"loc":{"start":{"line":50,"column":8},"end":{"line":61,"column":10}}},"3":{"name":"(anonymous_5)","decl":{"start":{"line":77,"column":2},"end":{"line":77,"column":7}},"loc":{"start":{"line":77,"column":39},"end":{"line":80,"column":3}}},"4":{"name":"(anonymous_6)","decl":{"start":{"line":87,"column":2},"end":{"line":87,"column":7}},"loc":{"start":{"line":87,"column":47},"end":{"line":102,"column":3}}},"5":{"name":"(anonymous_7)","decl":{"start":{"line":89,"column":86},"end":{"line":89,"column":91}},"loc":{"start":{"line":90,"column":6},"end":{"line":93,"column":8}}}},"branchMap":{"0":{"loc":{"start":{"line":41,"column":4},"end":{"line":43,"column":5}},"type":"if","locations":[{"start":{"line":41,"column":4},"end":{"line":43,"column":5}}]},"1":{"loc":{"start":{"line":31,"column":29},"end":{"line":31,"column":null}},"type":"cond-expr","locations":[{"start":{"line":31,"column":42},"end":{"line":31,"column":null}},{"start":{"line":31,"column":42},"end":{"line":31,"column":null}}]},"2":{"loc":{"start":{"line":31,"column":29},"end":{"line":31,"column":42}},"type":"binary-expr","locations":[{"start":{"line":31,"column":29},"end":{"line":31,"column":null}},{"start":{"line":31,"column":29},"end":{"line":31,"column":42}}]},"3":{"loc":{"start":{"line":31,"column":42},"end":{"line":32,"column":null}},"type":"cond-expr","locations":[{"start":{"line":32,"column":40},"end":{"line":32,"column":null}},{"start":{"line":32,"column":40},"end":{"line":32,"column":null}}]},"4":{"loc":{"start":{"line":31,"column":42},"end":{"line":32,"column":40}},"type":"binary-expr","locations":[{"start":{"line":31,"column":42},"end":{"line":32,"column":null}},{"start":{"line":32,"column":28},"end":{"line":32,"column":40}}]}},"s":{"0":11,"1":11,"2":11,"3":11,"4":11,"5":0,"6":0,"7":0,"8":0,"9":0,"10":0,"11":0,"12":0,"13":0,"14":0,"15":0,"16":0,"17":0,"18":0,"19":0,"20":0,"21":0,"22":0,"23":0,"24":0,"25":0,"26":0,"27":0,"28":0,"29":0,"30":0,"31":11,"32":11},"f":{"0":0,"1":0,"2":0,"3":0,"4":0,"5":0},"b":{"0":[0],"1":[11,0],"2":[11,11],"3":[11,0],"4":[11,11]}}
,"/Users/ram/Library/Mobile Documents/com~apple~CloudDocs/Shared/GitHub Repos/SDB/apps/api/src/modules/ai/anthropic-client.service.ts": {"path":"/Users/ram/Library/Mobile Documents/com~apple~CloudDocs/Shared/GitHub Repos/SDB/apps/api/src/modules/ai/anthropic-client.service.ts","statementMap":{"0":{"start":{"line":1,"column":0},"end":{"line":1,"column":42}},"1":{"start":{"line":2,"column":0},"end":{"line":2,"column":52}},"2":{"start":{"line":3,"column":0},"end":{"line":3,"column":47}},"3":{"start":{"line":5,"column":0},"end":{"line":5,"column":88}},"4":{"start":{"line":21,"column":35},"end":{"line":71,"column":null}},"5":{"start":{"line":22,"column":28},"end":{"line":22,"column":67}},"6":{"start":{"line":23,"column":37},"end":{"line":23,"column":41}},"7":{"start":{"line":26,"column":21},"end":{"line":26,"column":36}},"8":{"start":{"line":27,"column":21},"end":{"line":27,"column":37}},"9":{"start":{"line":33,"column":4},"end":{"line":33,"column":40}},"10":{"start":{"line":33,"column":21},"end":{"line":33,"column":40}},"11":{"start":{"line":34,"column":19},"end":{"line":34,"column":70}},"12":{"start":{"line":35,"column":4},"end":{"line":35,"column":72}},"13":{"start":{"line":35,"column":17},"end":{"line":35,"column":72}},"14":{"start":{"line":36,"column":4},"end":{"line":36,"column":44}},"15":{"start":{"line":37,"column":4},"end":{"line":37,"column":23}},"16":{"start":{"line":44,"column":4},"end":{"line":44,"column":65}},"17":{"start":{"line":55,"column":19},"end":{"line":55,"column":35}},"18":{"start":{"line":56,"column":22},"end":{"line":56,"column":50}},"19":{"start":{"line":58,"column":4},"end":{"line":69,"column":7}},"20":{"start":{"line":59,"column":25},"end":{"line":59,"column":46}},"21":{"start":{"line":60,"column":20},"end":{"line":60,"column":67}},"22":{"start":{"line":60,"column":37},"end":{"line":60,"column":55}},"23":{"start":{"line":62,"column":6},"end":{"line":68,"column":7}},"24":{"start":{"line":63,"column":8},"end":{"line":65,"column":11}},"25":{"start":{"line":67,"column":8},"end":{"line":67,"column":28}},"26":{"start":{"line":21,"column":13},"end":{"line":21,"column":35}},"27":{"start":{"line":21,"column":13},"end":{"line":71,"column":null}}},"fnMap":{"0":{"name":"(anonymous_3)","decl":{"start":{"line":25,"column":2},"end":{"line":25,"column":null}},"loc":{"start":{"line":27,"column":59},"end":{"line":28,"column":6}}},"1":{"name":"(anonymous_4)","decl":{"start":{"line":32,"column":10},"end":{"line":32,"column":19}},"loc":{"start":{"line":32,"column":19},"end":{"line":38,"column":3}}},"2":{"name":"(anonymous_5)","decl":{"start":{"line":43,"column":2},"end":{"line":43,"column":6}},"loc":{"start":{"line":43,"column":18},"end":{"line":45,"column":3}}},"3":{"name":"(anonymous_6)","decl":{"start":{"line":51,"column":2},"end":{"line":51,"column":7}},"loc":{"start":{"line":53,"column":36},"end":{"line":70,"column":3}}},"4":{"name":"(anonymous_7)","decl":{"start":{"line":58,"column":49},"end":{"line":58,"column":54}},"loc":{"start":{"line":58,"column":60},"end":{"line":69,"column":5}}},"5":{"name":"(anonymous_8)","decl":{"start":{"line":60,"column":31},"end":{"line":60,"column":34}},"loc":{"start":{"line":60,"column":37},"end":{"line":60,"column":55}}}},"branchMap":{"0":{"loc":{"start":{"line":33,"column":4},"end":{"line":33,"column":40}},"type":"if","locations":[{"start":{"line":33,"column":4},"end":{"line":33,"column":40}}]},"1":{"loc":{"start":{"line":35,"column":4},"end":{"line":35,"column":72}},"type":"if","locations":[{"start":{"line":35,"column":4},"end":{"line":35,"column":72}}]},"2":{"loc":{"start":{"line":56,"column":22},"end":{"line":56,"column":50}},"type":"binary-expr","locations":[{"start":{"line":56,"column":22},"end":{"line":56,"column":40}},{"start":{"line":56,"column":44},"end":{"line":56,"column":50}}]},"3":{"loc":{"start":{"line":26,"column":36},"end":{"line":26,"column":null}},"type":"cond-expr","locations":[{"start":{"line":26,"column":49},"end":{"line":26,"column":null}},{"start":{"line":26,"column":49},"end":{"line":26,"column":null}}]},"4":{"loc":{"start":{"line":26,"column":36},"end":{"line":26,"column":49}},"type":"binary-expr","locations":[{"start":{"line":26,"column":36},"end":{"line":26,"column":null}},{"start":{"line":26,"column":36},"end":{"line":26,"column":49}}]},"5":{"loc":{"start":{"line":26,"column":49},"end":{"line":27,"column":null}},"type":"cond-expr","locations":[{"start":{"line":27,"column":59},"end":{"line":27,"column":null}},{"start":{"line":27,"column":59},"end":{"line":27,"column":null}}]},"6":{"loc":{"start":{"line":26,"column":49},"end":{"line":27,"column":59}},"type":"binary-expr","locations":[{"start":{"line":26,"column":49},"end":{"line":27,"column":null}},{"start":{"line":27,"column":37},"end":{"line":27,"column":59}}]}},"s":{"0":2,"1":2,"2":2,"3":2,"4":2,"5":0,"6":0,"7":0,"8":0,"9":0,"10":0,"11":0,"12":0,"13":0,"14":0,"15":0,"16":0,"17":0,"18":0,"19":0,"20":0,"21":0,"22":0,"23":0,"24":0,"25":0,"26":2,"27":2},"f":{"0":0,"1":0,"2":0,"3":0,"4":0,"5":0},"b":{"0":[0],"1":[0],"2":[0,0],"3":[2,0],"4":[2,2],"5":[2,0],"6":[2,2]}}
,"/Users/ram/Library/Mobile Documents/com~apple~CloudDocs/Shared/GitHub Repos/SDB/apps/api/src/modules/audit-log/audit-log.service.ts": {"path":"/Users/ram/Library/Mobile Documents/com~apple~CloudDocs/Shared/GitHub Repos/SDB/apps/api/src/modules/audit-log/audit-log.service.ts","statementMap":{"0":{"start":{"line":1,"column":0},"end":{"line":1,"column":52}},"1":{"start":{"line":12,"column":0},"end":{"line":12,"column":57}},"2":{"start":{"line":14,"column":32},"end":{"line":14,"column":35}},"3":{"start":{"line":17,"column":28},"end":{"line":288,"column":null}},"4":{"start":{"line":18,"column":28},"end":{"line":18,"column":60}},"5":{"start":{"line":20,"column":31},"end":{"line":20,"column":39}},"6":{"start":{"line":36,"column":6},"end":{"line":36,"column":97}},"7":{"start":{"line":38,"column":4},"end":{"line":55,"column":5}},"8":{"start":{"line":39,"column":6},"end":{"line":49,"column":9}},"9":{"start":{"line":51,"column":6},"end":{"line":54,"column":8}},"10":{"start":{"line":75,"column":8},"end":{"line":75,"column":15}},"11":{"start":{"line":76,"column":17},"end":{"line":76,"column":38}},"12":{"start":{"line":78,"column":18},"end":{"line":87,"column":6}},"13":{"start":{"line":89,"column":26},"end":{"line":106,"column":6}},"14":{"start":{"line":108,"column":34},"end":{"line":125,"column":7}},"15":{"start":{"line":108,"column":53},"end":{"line":125,"column":6}},"16":{"start":{"line":127,"column":4},"end":{"line":127,"column":53}},"17":{"start":{"line":149,"column":8},"end":{"line":149,"column":15}},"18":{"start":{"line":150,"column":17},"end":{"line":150,"column":38}},"19":{"start":{"line":152,"column":18},"end":{"line":161,"column":6}},"20":{"start":{"line":163,"column":26},"end":{"line":186,"column":6}},"21":{"start":{"line":188,"column":17},"end":{"line":206,"column":7}},"22":{"start":{"line":188,"column":36},"end":{"line":206,"column":6}},"23":{"start":{"line":208,"column":4},"end":{"line":208,"column":53}},"24":{"start":{"line":222,"column":4},"end":{"line":230,"column":6}},"25":{"start":{"line":243,"column":57},"end":{"line":243,"column":59}},"26":{"start":{"line":245,"column":4},"end":{"line":252,"column":5}},"27":{"start":{"line":246,"column":6},"end":{"line":251,"column":9}},"28":{"start":{"line":254,"column":4},"end":{"line":261,"column":5}},"29":{"start":{"line":255,"column":6},"end":{"line":260,"column":9}},"30":{"start":{"line":263,"column":4},"end":{"line":277,"column":6}},"31":{"start":{"line":281,"column":4},"end":{"line":283,"column":5}},"32":{"start":{"line":282,"column":6},"end":{"line":282,"column":23}},"33":{"start":{"line":285,"column":19},"end":{"line":285,"column":60}},"34":{"start":{"line":286,"column":4},"end":{"line":286,"column":57}},"35":{"start":{"line":17,"column":13},"end":{"line":17,"column":28}},"36":{"start":{"line":17,"column":13},"end":{"line":288,"column":null}}},"fnMap":{"0":{"name":"(anonymous_2)","decl":{"start":{"line":20,"column":2},"end":{"line":20,"column":31}},"loc":{"start":{"line":20,"column":52},"end":{"line":20,"column":56}}},"1":{"name":"(anonymous_3)","decl":{"start":{"line":26,"column":2},"end":{"line":26,"column":7}},"loc":{"start":{"line":33,"column":28},"end":{"line":56,"column":3}}},"2":{"name":"(anonymous_4)","decl":{"start":{"line":61,"column":2},"end":{"line":61,"column":7}},"loc":{"start":{"line":63,"column":30},"end":{"line":128,"column":3}}},"3":{"name":"(anonymous_5)","decl":{"start":{"line":108,"column":43},"end":{"line":108,"column":44}},"loc":{"start":{"line":108,"column":53},"end":{"line":125,"column":6}}},"4":{"name":"(anonymous_6)","decl":{"start":{"line":134,"column":2},"end":{"line":134,"column":7}},"loc":{"start":{"line":134,"column":55},"end":{"line":209,"column":3}}},"5":{"name":"(anonymous_7)","decl":{"start":{"line":188,"column":26},"end":{"line":188,"column":27}},"loc":{"start":{"line":188,"column":36},"end":{"line":206,"column":6}}},"6":{"name":"(anonymous_8)","decl":{"start":{"line":214,"column":2},"end":{"line":214,"column":7}},"loc":{"start":{"line":220,"column":14},"end":{"line":231,"column":3}}},"7":{"name":"(anonymous_9)","decl":{"start":{"line":233,"column":10},"end":{"line":233,"column":20}},"loc":{"start":{"line":242,"column":3},"end":{"line":278,"column":3}}},"8":{"name":"(anonymous_10)","decl":{"start":{"line":280,"column":10},"end":{"line":280,"column":27}},"loc":{"start":{"line":280,"column":67},"end":{"line":287,"column":3}}}},"branchMap":{"0":{"loc":{"start":{"line":36,"column":6},"end":{"line":36,"column":97}},"type":"cond-expr","locations":[{"start":{"line":36,"column":48},"end":{"line":36,"column":88}},{"start":{"line":36,"column":91},"end":{"line":36,"column":97}}]},"1":{"loc":{"start":{"line":41,"column":21},"end":{"line":41,"column":42}},"type":"binary-expr","locations":[{"start":{"line":41,"column":21},"end":{"line":41,"column":29}},{"start":{"line":41,"column":33},"end":{"line":41,"column":42}}]},"2":{"loc":{"start":{"line":42,"column":25},"end":{"line":42,"column":49}},"type":"binary-expr","locations":[{"start":{"line":42,"column":25},"end":{"line":42,"column":36}},{"start":{"line":42,"column":40},"end":{"line":42,"column":49}}]},"3":{"loc":{"start":{"line":44,"column":21},"end":{"line":44,"column":42}},"type":"binary-expr","locations":[{"start":{"line":44,"column":21},"end":{"line":44,"column":29}},{"start":{"line":44,"column":33},"end":{"line":44,"column":42}}]},"4":{"loc":{"start":{"line":53,"column":8},"end":{"line":53,"column":60}},"type":"cond-expr","locations":[{"start":{"line":53,"column":33},"end":{"line":53,"column":44}},{"start":{"line":53,"column":47},"end":{"line":53,"column":60}}]},"5":{"loc":{"start":{"line":112,"column":18},"end":{"line":112,"column":90}},"type":"cond-expr","locations":[{"start":{"line":112,"column":30},"end":{"line":112,"column":78}},{"start":{"line":112,"column":81},"end":{"line":112,"column":90}}]},"6":{"loc":{"start":{"line":191,"column":19},"end":{"line":191,"column":48}},"type":"binary-expr","locations":[{"start":{"line":191,"column":19},"end":{"line":191,"column":35}},{"start":{"line":191,"column":39},"end":{"line":191,"column":48}}]},"7":{"loc":{"start":{"line":193,"column":18},"end":{"line":193,"column":90}},"type":"cond-expr","locations":[{"start":{"line":193,"column":30},"end":{"line":193,"column":78}},{"start":{"line":193,"column":81},"end":{"line":193,"column":90}}]},"8":{"loc":{"start":{"line":225,"column":6},"end":{"line":225,"column":32}},"type":"binary-expr","locations":[{"start":{"line":225,"column":6},"end":{"line":225,"column":16}},{"start":{"line":225,"column":20},"end":{"line":225,"column":32}}]},"9":{"loc":{"start":{"line":245,"column":4},"end":{"line":252,"column":5}},"type":"if","locations":[{"start":{"line":245,"column":4},"end":{"line":252,"column":5}}]},"10":{"loc":{"start":{"line":254,"column":4},"end":{"line":261,"column":5}},"type":"if","locations":[{"start":{"line":254,"column":4},"end":{"line":261,"column":5}}]},"11":{"loc":{"start":{"line":264,"column":10},"end":{"line":264,"column":67}},"type":"cond-expr","locations":[{"start":{"line":264,"column":30},"end":{"line":264,"column":62}},{"start":{"line":264,"column":65},"end":{"line":264,"column":67}}]},"12":{"loc":{"start":{"line":265,"column":10},"end":{"line":265,"column":73}},"type":"cond-expr","locations":[{"start":{"line":265,"column":32},"end":{"line":265,"column":68}},{"start":{"line":265,"column":71},"end":{"line":265,"column":73}}]},"13":{"loc":{"start":{"line":266,"column":10},"end":{"line":266,"column":79}},"type":"cond-expr","locations":[{"start":{"line":266,"column":34},"end":{"line":266,"column":74}},{"start":{"line":266,"column":77},"end":{"line":266,"column":79}}]},"14":{"loc":{"start":{"line":267,"column":10},"end":{"line":267,"column":58}},"type":"cond-expr","locations":[{"start":{"line":267,"column":27},"end":{"line":267,"column":53}},{"start":{"line":267,"column":56},"end":{"line":267,"column":58}}]},"15":{"loc":{"start":{"line":268,"column":10},"end":{"line":275,"column":12}},"type":"cond-expr","locations":[{"start":{"line":269,"column":10},"end":{"line":274,"column":null}},{"start":{"line":275,"column":10},"end":{"line":275,"column":12}}]},"16":{"loc":{"start":{"line":268,"column":10},"end":{"line":268,"column":48}},"type":"binary-expr","locations":[{"start":{"line":268,"column":10},"end":{"line":268,"column":28}},{"start":{"line":268,"column":32},"end":{"line":268,"column":48}}]},"17":{"loc":{"start":{"line":271,"column":18},"end":{"line":271,"column":81}},"type":"cond-expr","locations":[{"start":{"line":271,"column":39},"end":{"line":271,"column":76}},{"start":{"line":271,"column":79},"end":{"line":271,"column":81}}]},"18":{"loc":{"start":{"line":272,"column":18},"end":{"line":272,"column":77}},"type":"cond-expr","locations":[{"start":{"line":272,"column":37},"end":{"line":272,"column":72}},{"start":{"line":272,"column":75},"end":{"line":272,"column":77}}]},"19":{"loc":{"start":{"line":276,"column":10},"end":{"line":276,"column":68}},"type":"cond-expr","locations":[{"start":{"line":276,"column":39},"end":{"line":276,"column":63}},{"start":{"line":276,"column":66},"end":{"line":276,"column":68}}]},"20":{"loc":{"start":{"line":281,"column":4},"end":{"line":283,"column":5}},"type":"if","locations":[{"start":{"line":281,"column":4},"end":{"line":283,"column":5}}]},"21":{"loc":{"start":{"line":281,"column":8},"end":{"line":281,"column":76}},"type":"binary-expr","locations":[{"start":{"line":281,"column":8},"end":{"line":281,"column":17}},{"start":{"line":281,"column":21},"end":{"line":281,"column":49}},{"start":{"line":281,"column":53},"end":{"line":281,"column":76}}]},"22":{"loc":{"start":{"line":286,"column":11},"end":{"line":286,"column":56}},"type":"cond-expr","locations":[{"start":{"line":286,"column":39},"end":{"line":286,"column":44}},{"start":{"line":286,"column":47},"end":{"line":286,"column":56}}]},"23":{"loc":{"start":{"line":20,"column":39},"end":{"line":20,"column":55}},"type":"cond-expr","locations":[{"start":{"line":20,"column":52},"end":{"line":20,"column":55}},{"start":{"line":20,"column":52},"end":{"line":20,"column":55}}]},"24":{"loc":{"start":{"line":20,"column":39},"end":{"line":20,"column":52}},"type":"binary-expr","locations":[{"start":{"line":20,"column":39},"end":{"line":20,"column":55}},{"start":{"line":20,"column":39},"end":{"line":20,"column":52}}]}},"s":{"0":12,"1":12,"2":12,"3":12,"4":0,"5":0,"6":0,"7":0,"8":0,"9":0,"10":0,"11":0,"12":0,"13":0,"14":0,"15":0,"16":0,"17":0,"18":0,"19":0,"20":0,"21":0,"22":0,"23":0,"24":0,"25":0,"26":0,"27":0,"28":0,"29":0,"30":0,"31":0,"32":0,"33":0,"34":0,"35":12,"36":12},"f":{"0":0,"1":0,"2":0,"3":0,"4":0,"5":0,"6":0,"7":0,"8":0},"b":{"0":[0,0],"1":[0,0],"2":[0,0],"3":[0,0],"4":[0,0],"5":[0,0],"6":[0,0],"7":[0,0],"8":[0,0],"9":[0],"10":[0],"11":[0,0],"12":[0,0],"13":[0,0],"14":[0,0],"15":[0,0],"16":[0,0],"17":[0,0],"18":[0,0],"19":[0,0],"20":[0],"21":[0,0,0],"22":[0,0],"23":[12,0],"24":[12,12]}}
,"/Users/ram/Library/Mobile Documents/com~apple~CloudDocs/Shared/GitHub Repos/SDB/apps/api/src/modules/audit-log/security-audit.service.ts": {"path":"/Users/ram/Library/Mobile Documents/com~apple~CloudDocs/Shared/GitHub Repos/SDB/apps/api/src/modules/audit-log/security-audit.service.ts","statementMap":{"0":{"start":{"line":1,"column":0},"end":{"line":1,"column":44}},"1":{"start":{"line":3,"column":0},"end":{"line":3,"column":54}},"2":{"start":{"line":6,"column":7},"end":{"line":385,"column":null}},"3":{"start":{"line":7,"column":31},"end":{"line":7,"column":48}},"4":{"start":{"line":16,"column":4},"end":{"line":29,"column":6}},"5":{"start":{"line":39,"column":4},"end":{"line":53,"column":6}},"6":{"start":{"line":57,"column":4},"end":{"line":68,"column":6}},"7":{"start":{"line":77,"column":4},"end":{"line":90,"column":6}},"8":{"start":{"line":100,"column":4},"end":{"line":114,"column":6}},"9":{"start":{"line":118,"column":4},"end":{"line":129,"column":6}},"10":{"start":{"line":138,"column":4},"end":{"line":151,"column":6}},"11":{"start":{"line":161,"column":4},"end":{"line":175,"column":6}},"12":{"start":{"line":187,"column":4},"end":{"line":204,"column":6}},"13":{"start":{"line":216,"column":4},"end":{"line":228,"column":6}},"14":{"start":{"line":238,"column":4},"end":{"line":251,"column":6}},"15":{"start":{"line":260,"column":4},"end":{"line":273,"column":6}},"16":{"start":{"line":282,"column":4},"end":{"line":295,"column":6}},"17":{"start":{"line":304,"column":4},"end":{"line":317,"column":6}},"18":{"start":{"line":326,"column":4},"end":{"line":339,"column":6}},"19":{"start":{"line":348,"column":4},"end":{"line":360,"column":6}},"20":{"start":{"line":370,"column":4},"end":{"line":383,"column":6}},"21":{"start":{"line":6,"column":13},"end":{"line":6,"column":33}},"22":{"start":{"line":6,"column":13},"end":{"line":385,"column":null}}},"fnMap":{"0":{"name":"(anonymous_2)","decl":{"start":{"line":7,"column":2},"end":{"line":7,"column":31}},"loc":{"start":{"line":7,"column":63},"end":{"line":7,"column":67}}},"1":{"name":"(anonymous_3)","decl":{"start":{"line":9,"column":2},"end":{"line":9,"column":7}},"loc":{"start":{"line":14,"column":22},"end":{"line":30,"column":3}}},"2":{"name":"(anonymous_4)","decl":{"start":{"line":32,"column":2},"end":{"line":32,"column":7}},"loc":{"start":{"line":37,"column":22},"end":{"line":54,"column":3}}},"3":{"name":"(anonymous_5)","decl":{"start":{"line":56,"column":2},"end":{"line":56,"column":7}},"loc":{"start":{"line":56,"column":66},"end":{"line":69,"column":3}}},"4":{"name":"(anonymous_6)","decl":{"start":{"line":71,"column":2},"end":{"line":71,"column":7}},"loc":{"start":{"line":75,"column":24},"end":{"line":91,"column":3}}},"5":{"name":"(anonymous_7)","decl":{"start":{"line":93,"column":2},"end":{"line":93,"column":7}},"loc":{"start":{"line":98,"column":24},"end":{"line":115,"column":3}}},"6":{"name":"(anonymous_8)","decl":{"start":{"line":117,"column":2},"end":{"line":117,"column":7}},"loc":{"start":{"line":117,"column":72},"end":{"line":130,"column":3}}},"7":{"name":"(anonymous_9)","decl":{"start":{"line":132,"column":2},"end":{"line":132,"column":7}},"loc":{"start":{"line":136,"column":34},"end":{"line":152,"column":3}}},"8":{"name":"(anonymous_10)","decl":{"start":{"line":154,"column":2},"end":{"line":154,"column":7}},"loc":{"start":{"line":159,"column":22},"end":{"line":176,"column":3}}},"9":{"name":"(anonymous_11)","decl":{"start":{"line":178,"column":2},"end":{"line":178,"column":7}},"loc":{"start":{"line":185,"column":19},"end":{"line":205,"column":3}}},"10":{"name":"(anonymous_12)","decl":{"start":{"line":209,"column":2},"end":{"line":209,"column":7}},"loc":{"start":{"line":214,"column":36},"end":{"line":229,"column":3}}},"11":{"name":"(anonymous_13)","decl":{"start":{"line":231,"column":2},"end":{"line":231,"column":7}},"loc":{"start":{"line":236,"column":30},"end":{"line":252,"column":3}}},"12":{"name":"(anonymous_14)","decl":{"start":{"line":254,"column":2},"end":{"line":254,"column":7}},"loc":{"start":{"line":258,"column":36},"end":{"line":274,"column":3}}},"13":{"name":"(anonymous_15)","decl":{"start":{"line":276,"column":2},"end":{"line":276,"column":7}},"loc":{"start":{"line":280,"column":21},"end":{"line":296,"column":3}}},"14":{"name":"(anonymous_16)","decl":{"start":{"line":298,"column":2},"end":{"line":298,"column":7}},"loc":{"start":{"line":302,"column":21},"end":{"line":318,"column":3}}},"15":{"name":"(anonymous_17)","decl":{"start":{"line":320,"column":2},"end":{"line":320,"column":7}},"loc":{"start":{"line":324,"column":22},"end":{"line":340,"column":3}}},"16":{"name":"(anonymous_18)","decl":{"start":{"line":342,"column":2},"end":{"line":342,"column":7}},"loc":{"start":{"line":346,"column":28},"end":{"line":361,"column":3}}},"17":{"name":"(anonymous_19)","decl":{"start":{"line":364,"column":2},"end":{"line":364,"column":7}},"loc":{"start":{"line":368,"column":26},"end":{"line":384,"column":3}}}},"branchMap":{"0":{"loc":{"start":{"line":13,"column":4},"end":{"line":13,"column":34}},"type":"default-arg","locations":[{"start":{"line":13,"column":30},"end":{"line":13,"column":34}}]},"1":{"loc":{"start":{"line":26,"column":12},"end":{"line":26,"column":54}},"type":"cond-expr","locations":[{"start":{"line":26,"column":24},"end":{"line":26,"column":49}},{"start":{"line":26,"column":52},"end":{"line":26,"column":54}}]},"2":{"loc":{"start":{"line":36,"column":4},"end":{"line":36,"column":34}},"type":"default-arg","locations":[{"start":{"line":36,"column":30},"end":{"line":36,"column":34}}]},"3":{"loc":{"start":{"line":50,"column":12},"end":{"line":50,"column":54}},"type":"cond-expr","locations":[{"start":{"line":50,"column":24},"end":{"line":50,"column":49}},{"start":{"line":50,"column":52},"end":{"line":50,"column":54}}]},"4":{"loc":{"start":{"line":56,"column":36},"end":{"line":56,"column":66}},"type":"default-arg","locations":[{"start":{"line":56,"column":62},"end":{"line":56,"column":66}}]},"5":{"loc":{"start":{"line":73,"column":4},"end":{"line":73,"column":34}},"type":"default-arg","locations":[{"start":{"line":73,"column":30},"end":{"line":73,"column":34}}]},"6":{"loc":{"start":{"line":79,"column":6},"end":{"line":79,"column":27}},"type":"binary-expr","locations":[{"start":{"line":79,"column":6},"end":{"line":79,"column":17}},{"start":{"line":79,"column":21},"end":{"line":79,"column":27}}]},"7":{"loc":{"start":{"line":86,"column":12},"end":{"line":86,"column":36}},"type":"cond-expr","locations":[{"start":{"line":86,"column":21},"end":{"line":86,"column":31}},{"start":{"line":86,"column":34},"end":{"line":86,"column":36}}]},"8":{"loc":{"start":{"line":87,"column":12},"end":{"line":87,"column":83}},"type":"cond-expr","locations":[{"start":{"line":87,"column":52},"end":{"line":87,"column":78}},{"start":{"line":87,"column":81},"end":{"line":87,"column":83}}]},"9":{"loc":{"start":{"line":87,"column":12},"end":{"line":87,"column":49}},"type":"binary-expr","locations":[{"start":{"line":87,"column":12},"end":{"line":87,"column":23}},{"start":{"line":87,"column":27},"end":{"line":87,"column":49}}]},"10":{"loc":{"start":{"line":97,"column":4},"end":{"line":97,"column":34}},"type":"default-arg","locations":[{"start":{"line":97,"column":30},"end":{"line":97,"column":34}}]},"11":{"loc":{"start":{"line":102,"column":6},"end":{"line":102,"column":27}},"type":"binary-expr","locations":[{"start":{"line":102,"column":6},"end":{"line":102,"column":17}},{"start":{"line":102,"column":21},"end":{"line":102,"column":27}}]},"12":{"loc":{"start":{"line":110,"column":12},"end":{"line":110,"column":51}},"type":"cond-expr","locations":[{"start":{"line":110,"column":20},"end":{"line":110,"column":46}},{"start":{"line":110,"column":49},"end":{"line":110,"column":51}}]},"13":{"loc":{"start":{"line":111,"column":12},"end":{"line":111,"column":93}},"type":"cond-expr","locations":[{"start":{"line":111,"column":62},"end":{"line":111,"column":88}},{"start":{"line":111,"column":91},"end":{"line":111,"column":93}}]},"14":{"loc":{"start":{"line":111,"column":12},"end":{"line":111,"column":59}},"type":"binary-expr","locations":[{"start":{"line":111,"column":12},"end":{"line":111,"column":23}},{"start":{"line":111,"column":27},"end":{"line":111,"column":33}},{"start":{"line":111,"column":37},"end":{"line":111,"column":59}}]},"15":{"loc":{"start":{"line":117,"column":42},"end":{"line":117,"column":72}},"type":"default-arg","locations":[{"start":{"line":117,"column":68},"end":{"line":117,"column":72}}]},"16":{"loc":{"start":{"line":136,"column":4},"end":{"line":136,"column":34}},"type":"default-arg","locations":[{"start":{"line":136,"column":30},"end":{"line":136,"column":34}}]},"17":{"loc":{"start":{"line":148,"column":12},"end":{"line":148,"column":72}},"type":"cond-expr","locations":[{"start":{"line":148,"column":41},"end":{"line":148,"column":67}},{"start":{"line":148,"column":70},"end":{"line":148,"column":72}}]},"18":{"loc":{"start":{"line":158,"column":4},"end":{"line":158,"column":34}},"type":"default-arg","locations":[{"start":{"line":158,"column":30},"end":{"line":158,"column":34}}]},"19":{"loc":{"start":{"line":172,"column":12},"end":{"line":172,"column":54}},"type":"cond-expr","locations":[{"start":{"line":172,"column":24},"end":{"line":172,"column":49}},{"start":{"line":172,"column":52},"end":{"line":172,"column":54}}]},"20":{"loc":{"start":{"line":183,"column":4},"end":{"line":183,"column":34}},"type":"default-arg","locations":[{"start":{"line":183,"column":30},"end":{"line":183,"column":34}}]},"21":{"loc":{"start":{"line":197,"column":30},"end":{"line":199,"column":32}},"type":"cond-expr","locations":[{"start":{"line":198,"column":12},"end":{"line":198,"column":30}},{"start":{"line":199,"column":12},"end":{"line":199,"column":32}}]},"22":{"loc":{"start":{"line":200,"column":12},"end":{"line":200,"column":36}},"type":"cond-expr","locations":[{"start":{"line":200,"column":21},"end":{"line":200,"column":31}},{"start":{"line":200,"column":34},"end":{"line":200,"column":36}}]},"23":{"loc":{"start":{"line":201,"column":12},"end":{"line":201,"column":54}},"type":"cond-expr","locations":[{"start":{"line":201,"column":24},"end":{"line":201,"column":49}},{"start":{"line":201,"column":52},"end":{"line":201,"column":54}}]},"24":{"loc":{"start":{"line":7,"column":48},"end":{"line":7,"column":66}},"type":"cond-expr","locations":[{"start":{"line":7,"column":63},"end":{"line":7,"column":66}},{"start":{"line":7,"column":63},"end":{"line":7,"column":66}}]},"25":{"loc":{"start":{"line":7,"column":48},"end":{"line":7,"column":63}},"type":"binary-expr","locations":[{"start":{"line":7,"column":48},"end":{"line":7,"column":66}},{"start":{"line":7,"column":48},"end":{"line":7,"column":63}}]}},"s":{"0":12,"1":12,"2":12,"3":0,"4":0,"5":0,"6":0,"7":0,"8":0,"9":0,"10":0,"11":0,"12":0,"13":0,"14":0,"15":0,"16":0,"17":0,"18":0,"19":0,"20":0,"21":12,"22":12},"f":{"0":0,"1":0,"2":0,"3":0,"4":0,"5":0,"6":0,"7":0,"8":0,"9":0,"10":0,"11":0,"12":0,"13":0,"14":0,"15":0,"16":0,"17":0},"b":{"0":[0],"1":[0,0],"2":[0],"3":[0,0],"4":[0],"5":[0],"6":[0,0],"7":[0,0],"8":[0,0],"9":[0,0],"10":[0],"11":[0,0],"12":[0,0],"13":[0,0],"14":[0,0,0],"15":[0],"16":[0],"17":[0,0],"18":[0],"19":[0,0],"20":[0],"21":[0,0],"22":[0,0],"23":[0,0],"24":[12,0],"25":[12,12]}}
,"/Users/ram/Library/Mobile Documents/com~apple~CloudDocs/Shared/GitHub Repos/SDB/apps/api/src/modules/configuration/settings.service.ts": {"path":"/Users/ram/Library/Mobile Documents/com~apple~CloudDocs/Shared/GitHub Repos/SDB/apps/api/src/modules/configuration/settings.service.ts","statementMap":{"0":{"start":{"line":1,"column":0},"end":{"line":1,"column":92}},"1":{"start":{"line":3,"column":0},"end":{"line":3,"column":31}},"2":{"start":{"line":5,"column":0},"end":{"line":5,"column":86}},"3":{"start":{"line":8,"column":0},"end":{"line":8,"column":56}},"4":{"start":{"line":9,"column":0},"end":{"line":9,"column":75}},"5":{"start":{"line":10,"column":0},"end":{"line":10,"column":57}},"6":{"start":{"line":21,"column":42},"end":{"line":21,"column":55}},"7":{"start":{"line":23,"column":2},"end":{"line":42,"column":3}},"8":{"start":{"line":24,"column":22},"end":{"line":24,"column":33}},"9":{"start":{"line":25,"column":22},"end":{"line":25,"column":33}},"10":{"start":{"line":27,"column":4},"end":{"line":41,"column":5}},"11":{"start":{"line":35,"column":6},"end":{"line":38,"column":8}},"12":{"start":{"line":40,"column":6},"end":{"line":40,"column":30}},"13":{"start":{"line":44,"column":2},"end":{"line":44,"column":16}},"14":{"start":{"line":66,"column":28},"end":{"line":412,"column":null}},"15":{"start":{"line":67,"column":28},"end":{"line":67,"column":60}},"16":{"start":{"line":70,"column":21},"end":{"line":70,"column":29}},"17":{"start":{"line":71,"column":21},"end":{"line":71,"column":43}},"18":{"start":{"line":83,"column":39},"end":{"line":90,"column":6}},"19":{"start":{"line":93,"column":28},"end":{"line":93,"column":56}},"20":{"start":{"line":94,"column":41},"end":{"line":94,"column":62}},"21":{"start":{"line":96,"column":4},"end":{"line":98,"column":5}},"22":{"start":{"line":97,"column":6},"end":{"line":97,"column":41}},"23":{"start":{"line":102,"column":23},"end":{"line":102,"column":68}},"24":{"start":{"line":103,"column":22},"end":{"line":103,"column":32}},"25":{"start":{"line":104,"column":4},"end":{"line":109,"column":5}},"26":{"start":{"line":105,"column":29},"end":{"line":105,"column":76}},"27":{"start":{"line":105,"column":66},"end":{"line":105,"column":74}},"28":{"start":{"line":106,"column":6},"end":{"line":108,"column":7}},"29":{"start":{"line":107,"column":8},"end":{"line":107,"column":30}},"30":{"start":{"line":112,"column":19},"end":{"line":112,"column":56}},"31":{"start":{"line":113,"column":4},"end":{"line":113,"column":18}},"32":{"start":{"line":128,"column":22},"end":{"line":130,"column":6}},"33":{"start":{"line":134,"column":4},"end":{"line":150,"column":5}},"34":{"start":{"line":135,"column":6},"end":{"line":135,"column":38}},"35":{"start":{"line":138,"column":27},"end":{"line":140,"column":8}},"36":{"start":{"line":142,"column":6},"end":{"line":146,"column":7}},"37":{"start":{"line":144,"column":23},"end":{"line":144,"column":64}},"38":{"start":{"line":145,"column":8},"end":{"line":145,"column":56}},"39":{"start":{"line":148,"column":19},"end":{"line":148,"column":46}},"40":{"start":{"line":149,"column":6},"end":{"line":149,"column":40}},"41":{"start":{"line":152,"column":19},"end":{"line":152,"column":60}},"42":{"start":{"line":153,"column":4},"end":{"line":153,"column":60}},"43":{"start":{"line":166,"column":21},"end":{"line":168,"column":6}},"44":{"start":{"line":170,"column":4},"end":{"line":175,"column":5}},"45":{"start":{"line":171,"column":6},"end":{"line":174,"column":9}},"46":{"start":{"line":178,"column":19},"end":{"line":180,"column":null}},"47":{"start":{"line":184,"column":22},"end":{"line":184,"column":56}},"48":{"start":{"line":187,"column":4},"end":{"line":190,"column":7}},"49":{"start":{"line":193,"column":21},"end":{"line":193,"column":64}},"50":{"start":{"line":195,"column":4},"end":{"line":199,"column":5}},"51":{"start":{"line":196,"column":6},"end":{"line":198,"column":9}},"52":{"start":{"line":201,"column":4},"end":{"line":204,"column":6}},"53":{"start":{"line":223,"column":31},"end":{"line":223,"column":84}},"54":{"start":{"line":226,"column":29},"end":{"line":226,"column":64}},"55":{"start":{"line":229,"column":19},"end":{"line":229,"column":60}},"56":{"start":{"line":231,"column":4},"end":{"line":246,"column":5}},"57":{"start":{"line":232,"column":6},"end":{"line":232,"column":79}},"58":{"start":{"line":234,"column":6},"end":{"line":244,"column":7}},"59":{"start":{"line":235,"column":24},"end":{"line":238,"column":11}},"60":{"start":{"line":235,"column":47},"end":{"line":238,"column":10}},"61":{"start":{"line":239,"column":8},"end":{"line":243,"column":11}},"62":{"start":{"line":245,"column":6},"end":{"line":245,"column":16}},"63":{"start":{"line":249,"column":4},"end":{"line":280,"column":7}},"64":{"start":{"line":251,"column":6},"end":{"line":261,"column":9}},"65":{"start":{"line":264,"column":27},"end":{"line":266,"column":8}},"66":{"start":{"line":268,"column":6},"end":{"line":279,"column":7}},"67":{"start":{"line":269,"column":34},"end":{"line":269,"column":61}},"68":{"start":{"line":270,"column":32},"end":{"line":273,"column":10}},"69":{"start":{"line":275,"column":8},"end":{"line":278,"column":11}},"70":{"start":{"line":283,"column":25},"end":{"line":283,"column":57}},"71":{"start":{"line":284,"column":21},"end":{"line":284,"column":67}},"72":{"start":{"line":286,"column":4},"end":{"line":290,"column":5}},"73":{"start":{"line":287,"column":6},"end":{"line":289,"column":9}},"74":{"start":{"line":292,"column":4},"end":{"line":295,"column":6}},"75":{"start":{"line":308,"column":22},"end":{"line":310,"column":6}},"76":{"start":{"line":312,"column":4},"end":{"line":314,"column":5}},"77":{"start":{"line":313,"column":6},"end":{"line":313,"column":67}},"78":{"start":{"line":317,"column":25},"end":{"line":319,"column":6}},"79":{"start":{"line":321,"column":4},"end":{"line":323,"column":5}},"80":{"start":{"line":322,"column":6},"end":{"line":322,"column":16}},"81":{"start":{"line":325,"column":17},"end":{"line":325,"column":44}},"82":{"start":{"line":326,"column":4},"end":{"line":326,"column":61}},"83":{"start":{"line":339,"column":46},"end":{"line":339,"column":48}},"84":{"start":{"line":341,"column":4},"end":{"line":365,"column":5}},"85":{"start":{"line":342,"column":25},"end":{"line":342,"column":39}},"86":{"start":{"line":343,"column":6},"end":{"line":364,"column":7}},"87":{"start":{"line":344,"column":8},"end":{"line":344,"column":33}},"88":{"start":{"line":346,"column":8},"end":{"line":363,"column":9}},"89":{"start":{"line":347,"column":10},"end":{"line":357,"column":11}},"90":{"start":{"line":348,"column":51},"end":{"line":352,"column":14}},"91":{"start":{"line":353,"column":12},"end":{"line":353,"column":31}},"92":{"start":{"line":354,"column":12},"end":{"line":356,"column":14}},"93":{"start":{"line":359,"column":10},"end":{"line":362,"column":12}},"94":{"start":{"line":367,"column":4},"end":{"line":367,"column":50}},"95":{"start":{"line":374,"column":40},"end":{"line":374,"column":42}},"96":{"start":{"line":377,"column":20},"end":{"line":379,"column":6}},"97":{"start":{"line":381,"column":22},"end":{"line":381,"column":48}},"98":{"start":{"line":382,"column":4},"end":{"line":384,"column":5}},"99":{"start":{"line":383,"column":6},"end":{"line":383,"column":48}},"100":{"start":{"line":387,"column":4},"end":{"line":396,"column":5}},"101":{"start":{"line":391,"column":6},"end":{"line":395,"column":9}},"102":{"start":{"line":399,"column":4},"end":{"line":408,"column":5}},"103":{"start":{"line":403,"column":6},"end":{"line":407,"column":9}},"104":{"start":{"line":410,"column":4},"end":{"line":410,"column":20}},"105":{"start":{"line":66,"column":13},"end":{"line":66,"column":28}},"106":{"start":{"line":66,"column":13},"end":{"line":412,"column":null}}},"fnMap":{"0":{"name":"deepMerge","decl":{"start":{"line":17,"column":9},"end":{"line":17,"column":18}},"loc":{"start":{"line":19,"column":33},"end":{"line":45,"column":1}}},"1":{"name":"(anonymous_3)","decl":{"start":{"line":69,"column":2},"end":{"line":69,"column":null}},"loc":{"start":{"line":71,"column":63},"end":{"line":72,"column":6}}},"2":{"name":"(anonymous_4)","decl":{"start":{"line":81,"column":2},"end":{"line":81,"column":7}},"loc":{"start":{"line":81,"column":36},"end":{"line":114,"column":3}}},"3":{"name":"(anonymous_5)","decl":{"start":{"line":105,"column":59},"end":{"line":105,"column":60}},"loc":{"start":{"line":105,"column":66},"end":{"line":105,"column":74}}},"4":{"name":"(anonymous_6)","decl":{"start":{"line":123,"column":2},"end":{"line":123,"column":7}},"loc":{"start":{"line":125,"column":16},"end":{"line":154,"column":3}}},"5":{"name":"(anonymous_7)","decl":{"start":{"line":165,"column":2},"end":{"line":165,"column":7}},"loc":{"start":{"line":165,"column":95},"end":{"line":205,"column":3}}},"6":{"name":"(anonymous_8)","decl":{"start":{"line":216,"column":2},"end":{"line":216,"column":7}},"loc":{"start":{"line":220,"column":24},"end":{"line":296,"column":3}}},"7":{"name":"(anonymous_9)","decl":{"start":{"line":235,"column":39},"end":{"line":235,"column":40}},"loc":{"start":{"line":235,"column":47},"end":{"line":238,"column":10}}},"8":{"name":"(anonymous_10)","decl":{"start":{"line":249,"column":56},"end":{"line":249,"column":61}},"loc":{"start":{"line":249,"column":69},"end":{"line":280,"column":5}}},"9":{"name":"(anonymous_11)","decl":{"start":{"line":304,"column":10},"end":{"line":304,"column":15}},"loc":{"start":{"line":306,"column":38},"end":{"line":327,"column":3}}},"10":{"name":"(anonymous_12)","decl":{"start":{"line":335,"column":10},"end":{"line":335,"column":35}},"loc":{"start":{"line":337,"column":20},"end":{"line":368,"column":3}}},"11":{"name":"(anonymous_13)","decl":{"start":{"line":373,"column":2},"end":{"line":373,"column":7}},"loc":{"start":{"line":373,"column":65},"end":{"line":411,"column":3}}}},"branchMap":{"0":{"loc":{"start":{"line":27,"column":4},"end":{"line":41,"column":5}},"type":"if","locations":[{"start":{"line":27,"column":4},"end":{"line":41,"column":5}},{"start":{"line":39,"column":11},"end":{"line":41,"column":5}}]},"1":{"loc":{"start":{"line":28,"column":6},"end":{"line":33,"column":31}},"type":"binary-expr","locations":[{"start":{"line":28,"column":6},"end":{"line":28,"column":24}},{"start":{"line":29,"column":6},"end":{"line":29,"column":35}},{"start":{"line":30,"column":6},"end":{"line":30,"column":31}},{"start":{"line":31,"column":6},"end":{"line":31,"column":24}},{"start":{"line":32,"column":6},"end":{"line":32,"column":35}},{"start":{"line":33,"column":6},"end":{"line":33,"column":31}}]},"2":{"loc":{"start":{"line":93,"column":28},"end":{"line":93,"column":56}},"type":"binary-expr","locations":[{"start":{"line":93,"column":28},"end":{"line":93,"column":50}},{"start":{"line":93,"column":54},"end":{"line":93,"column":56}}]},"3":{"loc":{"start":{"line":104,"column":4},"end":{"line":109,"column":5}},"type":"if","locations":[{"start":{"line":104,"column":4},"end":{"line":109,"column":5}}]},"4":{"loc":{"start":{"line":134,"column":4},"end":{"line":150,"column":5}},"type":"if","locations":[{"start":{"line":134,"column":4},"end":{"line":150,"column":5}},{"start":{"line":136,"column":11},"end":{"line":150,"column":5}}]},"5":{"loc":{"start":{"line":142,"column":6},"end":{"line":146,"column":7}},"type":"if","locations":[{"start":{"line":142,"column":6},"end":{"line":146,"column":7}}]},"6":{"loc":{"start":{"line":148,"column":19},"end":{"line":148,"column":46}},"type":"binary-expr","locations":[{"start":{"line":148,"column":19},"end":{"line":148,"column":40}},{"start":{"line":148,"column":44},"end":{"line":148,"column":46}}]},"7":{"loc":{"start":{"line":149,"column":19},"end":{"line":149,"column":39}},"type":"binary-expr","locations":[{"start":{"line":149,"column":19},"end":{"line":149,"column":33}},{"start":{"line":149,"column":37},"end":{"line":149,"column":39}}]},"8":{"loc":{"start":{"line":170,"column":4},"end":{"line":175,"column":5}},"type":"if","locations":[{"start":{"line":170,"column":4},"end":{"line":175,"column":5}}]},"9":{"loc":{"start":{"line":195,"column":4},"end":{"line":199,"column":5}},"type":"if","locations":[{"start":{"line":195,"column":4},"en
[...]
,"/Users/ram/Library/Mobile Documents/com~apple~CloudDocs/Shared/GitHub Repos/SDB/apps/api/src/modules/scheduling-runs/scheduling-runs.service.ts": {"path":"/Users/ram/Library/Mobile Documents/com~apple~CloudDocs/Shared/GitHub Repos/SDB/apps/api/src/modules/scheduling-runs/scheduling-runs.service.ts","statementMap":{"0":{"start":{"line":1,"column":0},"end":{"line":1,"column":null}},"1":{"start":{"line":17,"column":0},"end":{"line":17,"column":73}},"2":{"start":{"line":18,"column":0},"end":{"line":18,"column":57}},"3":{"start":{"line":20,"column":0},"end":{"line":20,"column":84}},"4":{"start":{"line":28,"column":7},"end":{"line":435,"column":null}},"5":{"start":{"line":30,"column":21},"end":{"line":30,"column":29}},"6":{"start":{"line":31,"column":21},"end":{"line":31,"column":36}},"7":{"start":{"line":38,"column":25},"end":{"line":41,"column":6}},"8":{"start":{"line":43,"column":4},"end":{"line":48,"column":5}},"9":{"start":{"line":44,"column":6},"end":{"line":47,"column":9}},"10":{"start":{"line":51,"column":22},"end":{"line":58,"column":6}},"11":{"start":{"line":60,"column":4},"end":{"line":65,"column":5}},"12":{"start":{"line":61,"column":6},"end":{"line":64,"column":9}},"13":{"start":{"line":68,"column":25},"end":{"line":68,"column":87}},"14":{"start":{"line":69,"column":4},"end":{"line":75,"column":5}},"15":{"start":{"line":70,"column":6},"end":{"line":74,"column":9}},"16":{"start":{"line":73,"column":51},"end":{"line":73,"column":60}},"17":{"start":{"line":78,"column":24},"end":{"line":85,"column":6}},"18":{"start":{"line":86,"column":36},"end":{"line":86,"column":71}},"19":{"start":{"line":89,"column":27},"end":{"line":96,"column":6}},"20":{"start":{"line":98,"column":26},"end":{"line":98,"column":79}},"21":{"start":{"line":100,"column":16},"end":{"line":116,"column":6}},"22":{"start":{"line":101,"column":17},"end":{"line":101,"column":47}},"23":{"start":{"line":102,"column":6},"end":{"line":115,"column":9}},"24":{"start":{"line":122,"column":4},"end":{"line":122,"column":69}},"25":{"start":{"line":128,"column":31},"end":{"line":128,"column":41}},"26":{"start":{"line":129,"column":17},"end":{"line":129,"column":38}},"27":{"start":{"line":131,"column":18},"end":{"line":131,"column":75}},"28":{"start":{"line":133,"column":26},"end":{"line":164,"column":6}},"29":{"start":{"line":166,"column":4},"end":{"line":169,"column":6}},"30":{"start":{"line":167,"column":28},"end":{"line":167,"column":52}},"31":{"start":{"line":175,"column":16},"end":{"line":177,"column":6}},"32":{"start":{"line":179,"column":4},"end":{"line":184,"column":5}},"33":{"start":{"line":180,"column":6},"end":{"line":183,"column":9}},"34":{"start":{"line":186,"column":4},"end":{"line":186,"column":69}},"35":{"start":{"line":192,"column":16},"end":{"line":204,"column":6}},"36":{"start":{"line":206,"column":4},"end":{"line":211,"column":5}},"37":{"start":{"line":207,"column":6},"end":{"line":210,"column":9}},"38":{"start":{"line":214,"column":6},"end":{"line":220,"column":22}},"39":{"start":{"line":222,"column":4},"end":{"line":231,"column":6}},"40":{"start":{"line":237,"column":16},"end":{"line":240,"column":6}},"41":{"start":{"line":242,"column":4},"end":{"line":247,"column":5}},"42":{"start":{"line":243,"column":6},"end":{"line":246,"column":9}},"43":{"start":{"line":249,"column":4},"end":{"line":254,"column":5}},"44":{"start":{"line":250,"column":6},"end":{"line":253,"column":9}},"45":{"start":{"line":256,"column":26},"end":{"line":256,"column":79}},"46":{"start":{"line":258,"column":20},"end":{"line":267,"column":6}},"47":{"start":{"line":259,"column":17},"end":{"line":259,"column":47}},"48":{"start":{"line":260,"column":6},"end":{"line":266,"column":9}},"49":{"start":{"line":269,"column":4},"end":{"line":269,"column":73}},"50":{"start":{"line":275,"column":16},"end":{"line":283,"column":6}},"51":{"start":{"line":285,"column":4},"end":{"line":290,"column":5}},"52":{"start":{"line":286,"column":6},"end":{"line":289,"column":9}},"53":{"start":{"line":292,"column":4},"end":{"line":297,"column":5}},"54":{"start":{"line":293,"column":6},"end":{"line":296,"column":9}},"55":{"start":{"line":300,"column":23},"end":{"line":300,"column":70}},"56":{"start":{"line":301,"column":21},"end":{"line":301,"column":49}},"57":{"start":{"line":302,"column":4},"end":{"line":308,"column":5}},"58":{"start":{"line":303,"column":6},"end":{"line":307,"column":9}},"59":{"start":{"line":311,"column":21},"end":{"line":313,"column":10}},"60":{"start":{"line":315,"column":56},"end":{"line":315,"column":85}},"61":{"start":{"line":317,"column":26},"end":{"line":317,"column":79}},"62":{"start":{"line":319,"column":20},"end":{"line":327,"column":6}},"63":{"start":{"line":320,"column":17},"end":{"line":320,"column":47}},"64":{"start":{"line":321,"column":6},"end":{"line":326,"column":9}},"65":{"start":{"line":329,"column":4},"end":{"line":329,"column":73}},"66":{"start":{"line":335,"column":16},"end":{"line":338,"column":6}},"67":{"start":{"line":340,"column":4},"end":{"line":345,"column":5}},"68":{"start":{"line":341,"column":6},"end":{"line":344,"column":9}},"69":{"start":{"line":347,"column":4},"end":{"line":352,"column":5}},"70":{"start":{"line":348,"column":6},"end":{"line":351,"column":9}},"71":{"start":{"line":355,"column":23},"end":{"line":355,"column":70}},"72":{"start":{"line":356,"column":21},"end":{"line":356,"column":49}},"73":{"start":{"line":357,"column":4},"end":{"line":363,"column":5}},"74":{"start":{"line":358,"column":6},"end":{"line":362,"column":9}},"75":{"start":{"line":365,"column":26},"end":{"line":365,"column":79}},"76":{"start":{"line":367,"column":20},"end":{"line":373,"column":6}},"77":{"start":{"line":368,"column":17},"end":{"line":368,"column":47}},"78":{"start":{"line":369,"column":6},"end":{"line":372,"column":9}},"79":{"start":{"line":375,"column":4},"end":{"line":375,"column":73}},"80":{"start":{"line":381,"column":4},"end":{"line":403,"column":6}},"81":{"start":{"line":407,"column":4},"end":{"line":407,"column":38}},"82":{"start":{"line":413,"column":16},"end":{"line":415,"column":6}},"83":{"start":{"line":417,"column":4},"end":{"line":422,"column":5}},"84":{"start":{"line":418,"column":6},"end":{"line":421,"column":9}},"85":{"start":{"line":424,"column":4},"end":{"line":424,"column":15}},"86":{"start":{"line":430,"column":4},"end":{"line":430,"column":53}},"87":{"start":{"line":430,"column":41},"end":{"line":430,"column":53}},"88":{"start":{"line":431,"column":16},"end":{"line":431,"column":46}},"89":{"start":{"line":432,"column":4},"end":{"line":432,"column":52}},"90":{"start":{"line":432,"column":40},"end":{"line":432,"column":52}},"91":{"start":{"line":433,"column":4},"end":{"line":433,"column":39}},"92":{"start":{"line":28,"column":13},"end":{"line":28,"column":34}},"93":{"start":{"line":28,"column":13},"end":{"line":435,"column":null}}},"fnMap":{"0":{"name":"(anonymous_2)","decl":{"start":{"line":29,"column":2},"end":{"line":29,"column":null}},"loc":{"start":{"line":31,"column":66},"end":{"line":32,"column":6}}},"1":{"name":"(anonymous_3)","decl":{"start":{"line":36,"column":2},"end":{"line":36,"column":7}},"loc":{"start":{"line":36,"column":76},"end":{"line":123,"column":3}}},"2":{"name":"(anonymous_4)","decl":{"start":{"line":73,"column":44},"end":{"line":73,"column":45}},"loc":{"start":{"line":73,"column":51},"end":{"line":73,"column":60}}},"3":{"name":"(anonymous_5)","decl":{"start":{"line":100,"column":49},"end":{"line":100,"column":54}},"loc":{"start":{"line":100,"column":62},"end":{"line":116,"column":5}}},"4":{"name":"(anonymous_6)","decl":{"start":{"line":127,"column":2},"end":{"line":127,"column":7}},"loc":{"start":{"line":127,"column":86},"end":{"line":170,"column":3}}},"5":{"name":"(anonymous_7)","decl":{"start":{"line":167,"column":21},"end":{"line":167,"column":22}},"loc":{"start":{"line":167,"column":28},"end":{"line":167,"column":52}}},"6":{"name":"(anonymous_8)","decl":{"start":{"line":174,"column":2},"end":{"line":174,"column":7}},"loc":{"start":{"line":174,"column":45},"end":{"line":187,"column":3}}},"7":{"name":"(anonymous_9)","decl":{"start":{"line":191,"column":2},"end":{"line":191,"column":7}},"loc":{"start":{"line":191,"column":48},"end":{"line":232,"column":3}}},"8":{"name":"(anonymous_10)","decl":{"start":{"line":236,"column":2},"end":{"line":236,"column":7}},"loc":{"start":{"line":236,"column":43},"end":{"line":270,"column":3}}},"9":{"name":"(anonymous_11)","decl":{"start":{"line":258,"column":53},"end":{"line":258,"column":58}},"loc":{"start":{"line":258,"column":66},"end":{"line":267,"column":5}}},"10":{"name":"(anonymous_12)","decl":{"start":{"line":274,"column":2},"end":{"line":274,"column":7}},"loc":{"start":{"line":274,"column":73},"end":{"line":330,"column":3}}},"11":{"name":"(anonymous_13)","decl":{"start":{"line":319,"column":53},"end":{"line":319,"column":58}},"loc":{"start":{"line":319,"column":66},"end":{"line":327,"column":5}}},"12":{"name":"(anonymous_14)","decl":{"start":{"line":334,"column":2},"end":{"line":334,"column":7}},"loc":{"start":{"line":334,"column":64},"end":{"line":376,"column":3}}},"13":{"name":"(anonymous_15)","decl":{"start":{"line":367,"column":53},"end":{"line":367,"column":58}},"loc":{"start":{"line":367,"column":66},"end":{"line":373,"column":5}}},"14":{"name":"(anonymous_16)","decl":{"start":{"line":380,"column":10},"end":{"line":380,"column":26}},"loc":{"start":{"line":380,"column":55},"end":{"line":404,"column":3}}},"15":{"name":"(anonymous_17)","decl":{"start":{"line":406,"column":10},"end":{"line":406,"column":19}},"loc":{"start":{"line":406,"column":48},"end":{"line":408,"column":3}}},"16":{"name":"(anonymous_18)","decl":{"start":{"line":412,"column":2},"end":{"line":412,"column":7}},"loc":{"start":{"line":412,"column":49},"end":{"line":425,"column":3}}},"17":{"name":"(anonymous_19)","decl":{"start":{"line":429,"column":2},"end":{"line":429,"column":17}},"loc":{"start":{"line":429,"column":30},"end":{"line":434,"column":3}}}},"branchMap":{"0":{"loc":{"start":{"line":43,"column":4},"end":{"line":48,"column":5}},"type":"if","locations":[{"start":{"line":43,"column":4},"end":{"line":48,"column":5}}]},"1":{"loc":{"start":{"line":60,"column":4},"end":{"line":65,"column":5}},"type":"if","locations":[{"start":{"line":60,"column":4},"end":{"line":65,"column":5}}]},"2":{"loc":{"start":{"line":69,"column":4},"end":{"line":75,"column":5}},"type":"if","locations":[{"start":{"line":69,"column":4},"end":{"line":75,"column":5}}]},"3":{"loc":{"start":{"line":86,"column":36},"end":{"line":86,"column":71}},"type":"cond-expr","locations":[{"start":{"line":86,"column":54},"end":{"line":86,"column":62}},{"start":{"line":86,"column":65},"end":{"line":86,"column":71}}]},"4":{"loc":{"start":{"line":91,"column":19},"end":{"line":91,"column":42}},"type":"binary-expr","locations":[{"start":{"line":91,"column":19},"end":{"line":91,"column":34}},{"start":{"line":91,"column":38},"end":{"line":91,"column":42}}]},"5":{"loc":{"start":{"line":110,"column":12},"end":{"line":112,"column":20}},"type":"cond-expr","locations":[{"start":{"line":111,"column":16},"end":{"line":111,"column":39}},{"start":{"line":112,"column":16},"end":{"line":112,"column":20}}]},"6":{"loc":{"start":{"line":110,"column":12},"end":{"line":110,"column":69}},"type":"binary-expr","locations":[{"start":{"line":110,"column":12},"end":{"line":110,"column":41}},{"start":{"line":110,"column":45},"end":{"line":110,"column":69}}]},"7":{"loc":{"start":{"line":179,"column":4},"end":{"line":184,"column":5}},"type":"if","locations":[{"start":{"line":179,"column":4},"end":{"line":184,"column":5}}]},"8":{"loc":{"start":{"line":206,"column":4},"end":{"line":211,"column":5}},"type":"if","locations":[{"start":{"line":206,"column":4},"end":{"line":211,"column":5}}]},"9":{"loc":{"start":{"line":214,"column":6},"end":{"line":220,"column":22}},"type":"cond-expr","locations":[{"start":{"line":215,"column":10},"end":{"line":215,"column":21}},{"start":{"line":216,"column":10},"end":{"line":220,"column":22}}]},"10":{"loc":{"start":{"line":216,"column":10},"end":{"line":220,"column":22}},"type":"cond-expr","locations":[{"start":{"line":217,"column":12},"end":{"line":217,"column":21}},{"start":{"line":218,"column":12},"end":{"line":220,"column":22}}]},"11":{"loc":{"start":{"line":218,"column":12},"end":{"line":220,"column":22}},"type":"cond-expr","locations":[{"start":{"line":219,"column":14},"end":{"line":219,"column":24}},{"start":{"line":220,"column":14},"end":{"line":220,"column":22}}]},"12":{"loc":{"start":{"line":218,"column":12},"end":{"line":218,"column":66}},"type":"binary-expr","locations":[{"start":{"line":218,"column":12},"end":{"line":218,"column":38}},{"start":{"line":218,"column":42},"end":{"line":218,"column":66}}]},"13":{"loc":{"start":{"line":226,"column":25},"end":{"line":226,"column":51}},"type":"binary-expr","locations":[{"start":{"line":226,"column":25},"end":{"line":226,"column":46}},{"start":{"line":226,"column":50},"end":{"line":226,"column":51}}]},"14":{"loc":{"start":{"line":226,"column":56},"end":{"line":226,"column":83}},"type":"binary-expr","locations":[{"start":{"line":226,"column":56},"end":{"line":226,"column":78}},{"start":{"line":226,"column":82},"end":{"line":226,"column":83}}]},"15":{"loc":{"start":{"line":228,"column":18},"end":{"line":228,"column":45}},"type":"binary-expr","locations":[{"start":{"line":228,"column":18},"end":{"line":228,"column":40}},{"start":{"line":228,"column":44},"end":{"line":228,"column":45}}]},"16":{"loc":{"start":{"line":242,"column":4},"end":{"line":247,"column":5}},"type":"if","locations":[{"start":{"line":242,"column":4},"end":{"line":247,"column":5}}]},"17":{"loc":{"start":{"line":249,"column":4},"end":{"line":254,"column":5}},"type":"if","locations":[{"start":{"line":249,"column":4},"end":{"line":254,"column":5}}]},"18":{"loc":{"start":{"line":285,"column":4},"end":{"line":290,"column":5}},"type":"if","locations":[{"start":{"line":285,"column":4},"end":{"line":290,"column":5}}]},"19":{"loc":{"start":{"line":292,"column":4},"end":{"line":297,"column":5}},"type":"if","locations":[{"start":{"line":292,"column":4},"end":{"line":297,"column":5}}]},"20":{"loc":{"start":{"line":302,"column":4},"end":{"line":308,"column":5}},"type":"if","locations":[{"start":{"line":302,"column":4},"end":{"line":308,"column":5}}]},"21":{"loc":{"start":{"line":311,"column":21},"end":{"line":313,"column":10}},"type":"cond-expr","locations":[{"start":{"line":312,"column":9},"end":{"line":312,"column":60}},{"start":{"line":313,"column":8},"end":{"line":313,"column":10}}]},"22":{"loc":{"start":{"line":340,"column":4},"end":{"line":345,"column":5}},"type":"if","locations":[{"start":{"line":340,"column":4},"end":{"line":345,"column":5}}]},"23":{"loc":{"start":{"line":347,"column":4},"end":{"line":352,"column":5}},"type":"if","locations":[{"start":{"line":347,"column":4},"end":{"line":352,"column":5}}]},"24":{"loc":{"start":{"line":357,"column":4},"end":{"line":363,"column":5}},"type":"if","locations":[{"start":{"line":357,"column":4},"end":{"line":363,"column":5}}]},"25":{"loc":{"start":{"line":384,"column":8},"end":{"line":386,"column":16}},"type":"cond-expr","locations":[{"start":{"line":385,"column":12},"end":{"line":385,"column":38}},{"start":{"line":386,"column":12},"end":{"line":386,"column":16}}]},"26":{"loc":{"start":{"line":384,"column":8},"end":{"line":384,"column":71}},"type":"binary-expr","locations":[{"start":{"line":384,"column":8},"end":{"line":384,"column":35}},{"start":{"line":384,"column":39},"end":{"line":384,"column":71}}]},"27":{"loc":{"start":{"line":388,"column":8},"end":{"line":388,"column":91}},"type":"cond-expr","locations":[{"start":{"line":388,"column":48},"end":{"line":388,"column":84}},{"start":{"line":388,"column":87},"end":{"line":388,"column":91}}]},"28":{"loc":{"start":{"line":390,"column":8},"end":{"line":390,"column":87}},"type":"cond-expr","locations":[{"start":{"line":390,"column":46},"end":{"line":390,"column":80}},{"start":{"line":390,"column":83},"end":{"line":390,"column":87}}]},"29":{"loc":{"start":{"line":392,"column":8},"end":{"line":394,"column":29}},"type":"cond-expr","locations":[{"start":{"line":393,"column":13},"end":{"line":393,"column":53}},{"start":{"line":394,"column":12},"end":{"line":394,"column":29}}]},"30":{"loc":{"start":{"line":396,"column":8},"end":{"line":398,"column":29}},"type":"cond-expr","locations":[{"start":{"line":397,"column":13},"end":{"line":397,"column":53}},{"start":{"line":398,"column":12},"end":{"line":398,"column":29}}]},"31":{"loc":{"start":{"line":400,"column":8},"end":{"line":402,"column":29}},"type":"cond-expr","locations":[{"start":{"line":401,"column":13},"end":{"line":401,"column":53}},{"start":{"line":402,"column":12},"end":{"line":402,"column":29}}]},"32":{"loc":{"start":{"line":417,"column":4},"end":{"line":422,"column":5}},"type":"if","locations":[{"start":{"line":417,"column":4},"end":{"line":422,"column":5}}]},"33":{"loc":{"start":{"line":430,"column":4},"end":{"line":430,"column":53}},"type":"if","locations":[{"start":{"line":430,"column":4},"end":{"line":430,"column":53}}]},"34":{"loc":{"start":{"line":430,"column":8},"end":{"line":430,"column":39}},"type":"binary-expr","locations":[{"start":{"line":430,"column":8},"end":{"line":430,"column":12}},{"start":{"line":430,"column":16},"end":{"line":430,"column":39}}]},"35":{"loc":{"start":{"line":432,"column":4},"end":{"line":432,"column":52}},"type":"if","locations":[{"start":{"line":432,"column":4},"end":{"line":432,"column":52}}]},"36":{"loc":{"start":{"line":30,"column":29},"end":{"line":30,"column":null}},"type":"cond-expr","locations":[{"start":{"line":30,"column":42},"end":{"line":30,"column":null}},{"start":{"line":30,"column":42},"end":{"line":30,"column":null}}]},"37":{"loc":{"start":{"line":30,"column":29},"end":{"line":30,"column":42}},"type":"binary-expr","locations":[{"start":{"line":30,"column":29},"end":{"line":30,"column":null}},{"start":{"line":30,"column":29},"end":{"line":30,"column":42}}]},"38":{"loc":{"start":{"line":30,"column":42},"end":{"line":31,"column":null}},"type":"cond-expr","locations":[{"start":{"line":31,"column":66},"end":{"line":31,"column":null}},{"start":{"line":31,"column":66},"end":{"line":31,"column":null}}]},"39":{"loc":{"start":{"line":30,"column":42},"end":{"line":31,"column":66}},"type":"binary-expr","locations":[{"start":{"line":30,"column":42},"end":{"line":31,"column":null}},{"start":{"line":31,"column":36},"end":{"line":31,"column":66}}]}},"s":{"0":2,"1":2,"2":2,"3":2,"4":2,"5":25,"6":25,"7":5,"8":5,"9":1,"10":4,"11":4,"12":1,"13":3,"14":3,"15":1,"16":1,"17":2,"18":2,"19":2,"20":2,"21":2,"22":2,"23":2,"24":2,"25":1,"26":1,"27":1,"28":1,"29":1,"30":1,"31":2,"32":2,"33":1,"34":1,"35":3,"36":3,"37":1,"38":2,"39":2,"40":3,"41":3,"42":1,"43":2,"44":1,"45":1,"46":1,"47":1,"48":1,"49":1,"50":3,"51":3,"52":1,"53":2,"54":1,"55":1,"56":1,"57":1,"58":1,"59":0,"60":0,"61":0,"62":0,"63":0,"64":0,"65":0,"66":3,"67":3,"68":0,"69":3,"70":1,"71":2,"72":2,"73":2,"74":1,"75":1,"76":1,"77":1,"78":1,"79":1,"80":6,"81":5,"82":2,"83":2,"84":1,"85":1,"86":3,"87":1,"88":2,"89":2,"90":1,"91":1,"92":2,"93":2},"f":{"0":25,"1":5,"2":1,"3":2,"4":1,"5":1,"6":2,"7":3,"8":3,"9":1,"10":3,"11":0,"12":3,"13":1,"14":6,"15":5,"16":2,"17":3},"b":{"0":[1],"1":[1],"2":[1],"3":[1,1],"4":[2,2],"5":[0,2],"6":[2,0],"7":[1],"8":[1],"9":[0,2],"10":[1,1],"11":[1,0],"12":[1,0],"13":[2,0],"14":[2,0],"15":[2,0],"16":[1],"17":[1],"18":[1],"19":[1],"20":[1],"21":[0,0],"22":[0],"23":[1],"24":[1],"25":[1,5],"26":[6,1],"27":[0,6],"28":[0,6],"29":[6,0],"30":[6,0],"31":[0,6],"32":[1],"33":[1],"34":[3,2],"35":[1],"36":[2,0],"37":[2,2],"38":[2,0],"39":[2,2]}}
}
