TN:
SF:src/common/decorators/current-tenant.decorator.ts
FN:8,(anonymous_0)
FNF:1
FNH:0
FNDA:0,(anonymous_0)
DA:1,11
DA:7,11
DA:9,0
DA:10,0
LF:4
LH:2
BRF:0
BRH:0
end_of_record
TN:
SF:src/common/decorators/current-user.decorator.ts
FN:8,(anonymous_0)
FNF:1
FNH:0
FNDA:0,(anonymous_0)
DA:1,5
DA:7,5
DA:9,0
DA:10,0
LF:4
LH:2
BRF:0
BRH:0
end_of_record
TN:
SF:src/common/decorators/module-enabled.decorator.ts
FN:5,(anonymous_0)
FNF:1
FNH:0
FNDA:0,(anonymous_0)
DA:1,3
DA:3,3
DA:5,3
DA:6,0
LF:4
LH:3
BRF:0
BRH:0
end_of_record
TN:
SF:src/common/decorators/requires-permission.decorator.ts
FN:10,(anonymous_0)
FNF:1
FNH:1
FNDA:98,(anonymous_0)
DA:1,11
DA:3,11
DA:10,11
DA:11,98
LF:4
LH:4
BRDA:11,0,0,98
BRDA:11,0,1,0
BRF:2
BRH:1
end_of_record
TN:
SF:src/common/guards/auth.guard.ts
FN:15,(anonymous_10)
FN:57,(anonymous_11)
FNF:2
FNH:0
FNDA:0,(anonymous_10)
FNDA:0,(anonymous_11)
DA:1,11
DA:9,11
DA:14,11
DA:16,0
DA:17,0
DA:19,0
DA:20,0
DA:23,0
DA:24,0
DA:25,0
DA:26,0
DA:29,0
DA:33,0
DA:34,0
DA:40,0
DA:42,0
DA:43,0
DA:46,0
DA:47,0
DA:48,0
DA:50,0
DA:51,0
DA:53,0
DA:58,0
DA:59,0
LF:25
LH:3
BRDA:19,0,0,0
BRDA:25,1,0,0
BRDA:33,2,0,0
BRDA:42,3,0,0
BRDA:42,4,0,0
BRDA:42,4,1,0
BRDA:50,5,0,0
BRDA:58,6,0,0
BRDA:58,6,1,0
BRDA:59,7,0,0
BRDA:59,7,1,0
BRF:11
BRH:0
end_of_record
TN:
SF:src/common/guards/module-enabled.guard.ts
FN:28,(anonymous_2)
FN:34,(anonymous_3)
FN:70,(anonymous_4)
FN:85,(anonymous_5)
FNF:4
FNH:0
FNDA:0,(anonymous_2)
FNDA:0,(anonymous_3)
FNDA:0,(anonymous_4)
FNDA:0,(anonymous_5)
DA:1,3
DA:2,3
DA:6,3
DA:7,3
DA:8,3
DA:25,3
DA:26,0
DA:29,0
DA:30,0
DA:31,0
DA:35,0
DA:40,0
DA:41,0
DA:44,0
DA:45,0
DA:47,0
DA:48,0
DA:56,0
DA:58,0
DA:59,0
DA:67,0
DA:71,0
DA:72,0
DA:74,0
DA:75,0
DA:76,0
DA:80,0
DA:85,0
DA:87,0
DA:89,0
LF:30
LH:6
BRDA:40,0,0,0
BRDA:47,1,0,0
BRDA:58,2,0,0
BRDA:75,3,0,0
BRDA:29,4,0,3
BRDA:29,4,1,0
BRDA:29,5,0,3
BRDA:29,5,1,3
BRDA:29,6,0,3
BRDA:29,6,1,0
BRDA:29,7,0,3
BRDA:29,7,1,3
BRDA:30,8,0,3
BRDA:30,8,1,0
BRDA:30,9,0,3
BRDA:30,9,1,3
BRF:16
BRH:9
end_of_record
TN:
SF:src/common/guards/permission.guard.ts
FN:32,(anonymous_4)
FN:39,(anonymous_5)
FN:94,(anonymous_6)
FN:109,(anonymous_7)
FN:122,(anonymous_8)
FNF:5
FNH:1
FNDA:17,(anonymous_4)
FNDA:0,(anonymous_5)
FNDA:0,(anonymous_6)
FNDA:0,(anonymous_7)
FNDA:0,(anonymous_8)
DA:1,11
DA:8,11
DA:12,11
DA:13,11
DA:14,11
DA:31,11
DA:33,17
DA:34,17
DA:36,17
DA:40,0
DA:45,0
DA:46,0
DA:49,0
DA:50,0
DA:52,0
DA:53,0
DA:61,0
DA:62,0
DA:64,0
DA:75,0
DA:76,0
DA:77,0
DA:79,0
DA:87,0
DA:90,0
DA:94,0
DA:95,0
DA:96,0
DA:98,0
DA:106,0
DA:116,0
DA:119,0
DA:121,0
DA:123,0
DA:124,0
DA:128,0
LF:36
LH:9
BRDA:45,0,0,0
BRDA:52,1,0,0
BRDA:61,2,0,0
BRDA:76,3,0,0
BRDA:76,4,0,0
BRDA:76,4,1,0
BRDA:90,5,0,0
BRDA:90,5,1,0
BRDA:95,6,0,0
BRDA:116,7,0,0
BRDA:116,7,1,0
BRDA:117,8,0,0
BRDA:117,8,1,0
BRDA:119,9,0,0
BRDA:119,9,1,0
BRDA:121,10,0,0
BRDA:121,10,1,0
BRDA:121,11,0,0
BRDA:121,11,1,0
BRDA:124,12,0,0
BRDA:124,12,1,0
BRDA:33,13,0,11
BRDA:33,13,1,0
BRDA:33,14,0,11
BRDA:33,14,1,11
BRDA:33,15,0,11
BRDA:33,15,1,0
BRDA:33,16,0,11
BRDA:33,16,1,11
BRDA:34,17,0,11
BRDA:34,17,1,0
BRDA:34,18,0,11
BRDA:34,18,1,11
BRF:33
BRH:9
end_of_record
TN:
SF:src/common/helpers/with-rls.ts
FN:14,withRls
FN:21,(anonymous_1)
FNF:2
FNH:2
FNDA:2,withRls
FNDA:2,(anonymous_1)
DA:3,4
DA:14,4
DA:20,2
DA:21,2
DA:25,2
LF:5
LH:5
BRF:0
BRH:0
end_of_record
TN:
SF:src/common/middleware/rls.middleware.ts
FN:33,validateUuid
FN:39,validateRlsContext
FN:49,applyRlsContext
FN:77,runWithRlsContext
FN:85,(anonymous_4)
FN:91,createRlsClient
FN:99,(anonymous_6)
FN:107,(anonymous_7)
FN:108,(anonymous_8)
FNF:9
FNH:0
FNDA:0,validateUuid
FNDA:0,validateRlsContext
FNDA:0,applyRlsContext
FNDA:0,runWithRlsContext
FNDA:0,(anonymous_4)
FNDA:0,createRlsClient
FNDA:0,(anonymous_6)
FNDA:0,(anonymous_7)
FNDA:0,(anonymous_8)
DA:3,14
DA:19,14
DA:34,0
DA:35,0
DA:40,0
DA:41,0
DA:42,0
DA:44,0
DA:45,0
DA:50,0
DA:51,0
DA:57,0
DA:58,0
DA:59,0
DA:62,0
DA:63,0
DA:69,0
DA:70,0
DA:77,14
DA:83,0
DA:85,0
DA:86,0
DA:87,0
DA:91,14
DA:95,0
DA:97,0
DA:103,0
DA:108,0
DA:109,0
DA:110,0
LF:30
LH:4
BRDA:34,0,0,0
BRDA:34,1,0,0
BRDA:34,1,1,0
BRDA:44,2,0,0
BRDA:44,3,0,0
BRDA:44,3,1,0
BRDA:44,3,2,0
BRDA:44,3,3,0
BRDA:50,4,0,0
BRDA:57,5,0,0
BRDA:57,5,1,0
BRDA:57,6,0,0
BRDA:57,6,1,0
BRDA:58,7,0,0
BRDA:62,8,0,0
BRDA:69,9,0,0
BRF:16
BRH:0
end_of_record
TN:
SF:src/common/pipes/zod-validation.pipe.ts
FN:5,(anonymous_0)
FN:7,(anonymous_1)
FN:15,(anonymous_2)
FNF:3
FNH:1
FNDA:72,(anonymous_0)
FNDA:0,(anonymous_1)
FNDA:0,(anonymous_2)
DA:1,10
DA:4,10
DA:5,72
DA:9,0
DA:10,0
DA:13,0
DA:14,0
DA:15,0
DA:19,0
DA:25,0
LF:10
LH:3
BRDA:9,0,0,0
BRDA:9,1,0,0
BRDA:9,1,1,0
BRDA:9,1,2,0
BRDA:14,2,0,0
BRF:5
BRH:0
end_of_record
TN:
SF:src/common/services/circuit-breaker-registry.ts
FN:31,(anonymous_1)
FN:43,(anonymous_2)
FN:46,(anonymous_3)
FN:49,(anonymous_4)
FN:61,(anonymous_5)
FNF:5
FNH:0
FNDA:0,(anonymous_1)
FNDA:0,(anonymous_2)
FNDA:0,(anonymous_3)
FNDA:0,(anonymous_4)
FNDA:0,(anonymous_5)
DA:1,2
DA:2,2
DA:23,2
DA:24,0
DA:25,0
DA:32,0
DA:33,0
DA:35,0
DA:36,0
DA:38,0
DA:43,0
DA:44,0
DA:46,0
DA:47,0
DA:49,0
DA:50,0
DA:53,0
DA:54,0
DA:62,0
DA:63,0
LF:20
LH:3
BRDA:31,0,0,0
BRDA:33,1,0,0
BRDA:35,2,0,0
BRDA:35,2,1,0
BRDA:36,3,0,0
BRDA:36,3,1,0
BRF:6
BRH:0
end_of_record
TN:
SF:src/common/services/permission-cache.service.ts
FN:30,(anonymous_2)
FN:36,(anonymous_3)
FN:49,(anonymous_4)
FN:77,(anonymous_5)
FN:87,(anonymous_6)
FN:89,(anonymous_7)
FNF:6
FNH:0
FNDA:0,(anonymous_2)
FNDA:0,(anonymous_3)
FNDA:0,(anonymous_4)
FNDA:0,(anonymous_5)
FNDA:0,(anonymous_6)
FNDA:0,(anonymous_7)
DA:1,11
DA:3,11
DA:4,11
DA:5,11
DA:27,11
DA:28,0
DA:31,0
DA:32,0
DA:37,0
DA:38,0
DA:40,0
DA:41,0
DA:42,0
DA:46,0
DA:50,0
DA:64,0
DA:65,0
DA:66,0
DA:67,0
DA:71,0
DA:72,0
DA:74,0
DA:78,0
DA:79,0
DA:89,0
DA:90,0
DA:96,0
DA:97,0
DA:98,0
DA:99,0
DA:101,0
LF:31
LH:5
BRDA:41,0,0,0
BRDA:31,1,0,11
BRDA:31,1,1,0
BRDA:31,2,0,11
BRDA:31,2,1,11
BRDA:31,3,0,11
BRDA:31,3,1,0
BRDA:31,4,0,11
BRDA:31,4,1,11
BRF:9
BRH:6
end_of_record
TN:
SF:src/modules/ai/anthropic-client.service.ts
FN:25,(anonymous_3)
FN:32,(anonymous_4)
FN:43,(anonymous_5)
FN:51,(anonymous_6)
FN:58,(anonymous_7)
FN:60,(anonymous_8)
FNF:6
FNH:0
FNDA:0,(anonymous_3)
FNDA:0,(anonymous_4)
FNDA:0,(anonymous_5)
FNDA:0,(anonymous_6)
FNDA:0,(anonymous_7)
FNDA:0,(anonymous_8)
DA:1,2
DA:2,2
DA:3,2
DA:5,2
DA:21,2
DA:22,0
DA:23,0
DA:26,0
DA:27,0
DA:33,0
DA:34,0
DA:35,0
DA:36,0
DA:37,0
DA:44,0
DA:55,0
DA:56,0
DA:58,0
DA:59,0
DA:60,0
DA:62,0
DA:63,0
DA:67,0
LF:23
LH:5
BRDA:33,0,0,0
BRDA:35,1,0,0
BRDA:56,2,0,0
BRDA:56,2,1,0
BRDA:26,3,0,2
BRDA:26,3,1,0
BRDA:26,4,0,2
BRDA:26,4,1,2
BRDA:26,5,0,2
BRDA:26,5,1,0
BRDA:26,6,0,2
BRDA:26,6,1,2
BRF:12
BRH:6
end_of_record
TN:
SF:src/modules/audit-log/audit-log.service.ts
FN:20,(anonymous_2)
FN:26,(anonymous_3)
FN:61,(anonymous_4)
FN:108,(anonymous_5)
FN:134,(anonymous_6)
FN:188,(anonymous_7)
FN:214,(anonymous_8)
FN:233,(anonymous_9)
FN:280,(anonymous_10)
FNF:9
FNH:0
FNDA:0,(anonymous_2)
FNDA:0,(anonymous_3)
FNDA:0,(anonymous_4)
FNDA:0,(anonymous_5)
FNDA:0,(anonymous_6)
FNDA:0,(anonymous_7)
FNDA:0,(anonymous_8)
FNDA:0,(anonymous_9)
FNDA:0,(anonymous_10)
DA:1,12
DA:12,12
DA:14,12
DA:17,12
DA:18,0
DA:20,0
DA:36,0
DA:38,0
DA:39,0
DA:51,0
DA:75,0
DA:76,0
DA:78,0
DA:89,0
DA:108,0
DA:127,0
DA:149,0
DA:150,0
DA:152,0
DA:163,0
DA:188,0
DA:208,0
DA:222,0
DA:243,0
DA:245,0
DA:246,0
DA:254,0
DA:255,0
DA:263,0
DA:281,0
DA:282,0
DA:285,0
DA:286,0
LF:33
LH:4
BRDA:36,0,0,0
BRDA:36,0,1,0
BRDA:41,1,0,0
BRDA:41,1,1,0
BRDA:42,2,0,0
BRDA:42,2,1,0
BRDA:44,3,0,0
BRDA:44,3,1,0
BRDA:53,4,0,0
BRDA:53,4,1,0
BRDA:112,5,0,0
BRDA:112,5,1,0
BRDA:191,6,0,0
BRDA:191,6,1,0
BRDA:193,7,0,0
BRDA:193,7,1,0
BRDA:225,8,0,0
BRDA:225,8,1,0
BRDA:245,9,0,0
BRDA:254,10,0,0
BRDA:264,11,0,0
BRDA:264,11,1,0
BRDA:265,12,0,0
BRDA:265,12,1,0
BRDA:266,13,0,0
BRDA:266,13,1,0
BRDA:267,14,0,0
BRDA:267,14,1,0
BRDA:268,15,0,0
BRDA:268,15,1,0
BRDA:268,16,0,0
BRDA:268,16,1,0
BRDA:271,17,0,0
BRDA:271,17,1,0
BRDA:272,18,0,0
BRDA:272,18,1,0
BRDA:276,19,0,0
BRDA:276,19,1,0
BRDA:281,20,0,0
BRDA:281,21,0,0
BRDA:281,21,1,0
BRDA:281,21,2,0
BRDA:286,22,0,0
BRDA:286,22,1,0
BRDA:20,23,0,12
BRDA:20,23,1,0
BRDA:20,24,0,12
BRDA:20,24,1,12
BRF:48
BRH:3
end_of_record
TN:
SF:src/modules/audit-log/security-audit.service.ts
FN:7,(anonymous_2)
FN:9,(anonymous_3)
FN:32,(anonymous_4)
FN:56,(anonymous_5)
FN:71,(anonymous_6)
FN:93,(anonymous_7)
FN:117,(anonymous_8)
FN:132,(anonymous_9)
FN:154,(anonymous_10)
FN:178,(anonymous_11)
FN:209,(anonymous_12)
FN:231,(anonymous_13)
FN:254,(anonymous_14)
FN:276,(anonymous_15)
FN:298,(anonymous_16)
FN:320,(anonymous_17)
FN:342,(anonymous_18)
FN:364,(anonymous_19)
FNF:18
FNH:0
FNDA:0,(anonymous_2)
FNDA:0,(anonymous_3)
FNDA:0,(anonymous_4)
FNDA:0,(anonymous_5)
FNDA:0,(anonymous_6)
FNDA:0,(anonymous_7)
FNDA:0,(anonymous_8)
FNDA:0,(anonymous_9)
FNDA:0,(anonymous_10)
FNDA:0,(anonymous_11)
FNDA:0,(anonymous_12)
FNDA:0,(anonymous_13)
FNDA:0,(anonymous_14)
FNDA:0,(anonymous_15)
FNDA:0,(anonymous_16)
FNDA:0,(anonymous_17)
FNDA:0,(anonymous_18)
FNDA:0,(anonymous_19)
DA:1,12
DA:3,12
DA:6,12
DA:7,0
DA:16,0
DA:39,0
DA:57,0
DA:77,0
DA:100,0
DA:118,0
DA:138,0
DA:161,0
DA:187,0
DA:216,0
DA:238,0
DA:260,0
DA:282,0
DA:304,0
DA:326,0
DA:348,0
DA:370,0
LF:21
LH:3
BRDA:13,0,0,0
BRDA:26,1,0,0
BRDA:26,1,1,0
BRDA:36,2,0,0
BRDA:50,3,0,0
BRDA:50,3,1,0
BRDA:56,4,0,0
BRDA:73,5,0,0
BRDA:79,6,0,0
BRDA:79,6,1,0
BRDA:86,7,0,0
BRDA:86,7,1,0
BRDA:87,8,0,0
BRDA:87,8,1,0
BRDA:87,9,0,0
BRDA:87,9,1,0
BRDA:97,10,0,0
BRDA:102,11,0,0
BRDA:102,11,1,0
BRDA:110,12,0,0
BRDA:110,12,1,0
BRDA:111,13,0,0
BRDA:111,13,1,0
BRDA:111,14,0,0
BRDA:111,14,1,0
BRDA:111,14,2,0
BRDA:117,15,0,0
BRDA:136,16,0,0
BRDA:148,17,0,0
BRDA:148,17,1,0
BRDA:158,18,0,0
BRDA:172,19,0,0
BRDA:172,19,1,0
BRDA:183,20,0,0
BRDA:197,21,0,0
BRDA:197,21,1,0
BRDA:200,22,0,0
BRDA:200,22,1,0
BRDA:201,23,0,0
BRDA:201,23,1,0
BRDA:7,24,0,12
BRDA:7,24,1,0
BRDA:7,25,0,12
BRDA:7,25,1,12
BRF:44
BRH:3
end_of_record
TN:
SF:src/modules/configuration/settings.service.ts
FN:17,deepMerge
FN:69,(anonymous_3)
FN:81,(anonymous_4)
FN:105,(anonymous_5)
FN:123,(anonymous_6)
FN:165,(anonymous_7)
FN:216,(anonymous_8)
FN:235,(anonymous_9)
FN:249,(anonymous_10)
FN:304,(anonymous_11)
FN:335,(anonymous_12)
FN:373,(anonymous_13)
FNF:12
FNH:0
FNDA:0,deepMerge
FNDA:0,(anonymous_3)
FNDA:0,(anonymous_4)
FNDA:0,(anonymous_5)
FNDA:0,(anonymous_6)
FNDA:0,(anonymous_7)
FNDA:0,(anonymous_8)
FNDA:0,(anonymous_9)
FNDA:0,(anonymous_10)
FNDA:0,(anonymous_11)
FNDA:0,(anonymous_12)
FNDA:0,(anonymous_13)
DA:1,2
DA:3,2
DA:5,2
DA:8,2
DA:9,2
DA:10,2
DA:21,0
DA:23,0
DA:24,0
DA:25,0
DA:27,0
DA:35,0
DA:40,0
DA:44,0
DA:66,2
DA:67,0
DA:70,0
DA:71,0
DA:83,0
DA:93,0
DA:94,0
DA:96,0
DA:97,0
DA:102,0
DA:103,0
DA:104,0
DA:105,0
DA:106,0
DA:107,0
DA:112,0
DA:113,0
DA:128,0
DA:134,0
DA:135,0
DA:138,0
DA:142,0
DA:144,0
DA:145,0
DA:148,0
DA:149,0
DA:152,0
DA:153,0
DA:166,0
DA:170,0
DA:171,0
DA:178,0
DA:184,0
DA:187,0
DA:193,0
DA:195,0
DA:196,0
DA:201,0
DA:223,0
DA:226,0
DA:229,0
DA:231,0
DA:232,0
DA:234,0
DA:235,0
DA:239,0
DA:245,0
DA:249,0
DA:251,0
DA:264,0
DA:268,0
DA:269,0
DA:270,0
DA:275,0
DA:283,0
DA:284,0
DA:286,0
DA:287,0
DA:292,0
DA:308,0
DA:312,0
DA:313,0
DA:317,0
DA:321,0
DA:322,0
DA:325,0
DA:326,0
DA:339,0
DA:341,0
DA:342,0
DA:343,0
DA:344,0
DA:346,0
DA:347,0
DA:348,0
DA:353,0
DA:354,0
DA:359,0
DA:367,0
DA:374,0
DA:377,0
DA:381,0
DA:382,0
DA:383,0
DA:387,0
DA:391,0
DA:399,0
DA:403,0
DA:410,0
LF:103
LH:7
BRDA:27,0,0,0
BRDA:27,0,1,0
BRDA:28,1,0,0
BRDA:28,1,1,0
BRDA:28,1,2,0
BRDA:28,1,3,0
BRDA:28,1,4,0
BRDA:28,1,5,0
BRDA:93,2,0,0
BRDA:93,2,1,0
BRDA:104,3,0,0
BRDA:134,4,0,0
BRDA:134,4,1,0
BRDA:142,5,0,0
BRDA:148,6,0,0
BRDA:148,6,1,0
BRDA:149,7,0,0
BRDA:149,7,1,0
BRDA:170,8,0,0
BRDA:195,9,0,0
BRDA:234,10,0,0
BRDA:268,11,0,0
BRDA:269,12,0,0
BRDA:269,12,1,0
BRDA:286,13,0,0
BRDA:312,14,0,0
BRDA:313,15,0,0
BRDA:313,15,1,0
BRDA:321,16,0,0
BRDA:325,17,0,0
BRDA:325,17,1,0
BRDA:326,18,0,0
BRDA:326,18,1,0
BRDA:342,19,0,0
BRDA:342,19,1,0
BRDA:346,20,0,0
BRDA:346,20,1,0
BRDA:361,21,0,0
BRDA:361,21,1,0
BRDA:387,22,0,0
BRDA:388,23,0,0
BRDA:388,23,1,0
BRDA:399,24,0,0
BRDA:400,25,0,0
BRDA:400,25,1,0
BRDA:70,26,0,2
BRDA:70,26,1,0
BRDA:70,27,0,2
BRDA:70,27,1,2
BRDA:70,28,0,2
BRDA:70,28,1,0
BRDA:70,29,0,2
BRDA:70,29,1,2
BRF:53
BRH:6
end_of_record
TN:
SF:src/modules/gdpr/ai-audit.service.ts
FN:52,(anonymous_2)
FN:58,(anonymous_3)
FN:64,(anonymous_4)
FN:101,(anonymous_5)
FN:119,(anonymous_6)
FN:137,(anonymous_7)
FN:146,(anonymous_8)
FN:179,(anonymous_9)
FN:210,(anonymous_10)
FN:267,(anonymous_11)
FN:268,(anonymous_12)
FN:271,(anonymous_13)
FN:295,(anonymous_14)
FN:302,(anonymous_15)
FNF:14
FNH:2
FNDA:0,(anonymous_2)
FNDA:0,(anonymous_3)
FNDA:0,(anonymous_4)
FNDA:0,(anonymous_5)
FNDA:0,(anonymous_6)
FNDA:0,(anonymous_7)
FNDA:0,(anonymous_8)
FNDA:0,(anonymous_9)
FNDA:0,(anonymous_10)
FNDA:0,(anonymous_11)
FNDA:0,(anonymous_12)
FNDA:0,(anonymous_13)
FNDA:7,(anonymous_14)
FNDA:14,(anonymous_15)
DA:1,2
DA:3,2
DA:5,2
DA:6,2
DA:49,2
DA:50,0
DA:52,0
DA:59,0
DA:60,0
DA:64,0
DA:65,0
DA:66,0
DA:86,0
DA:87,0
DA:89,0
DA:93,0
DA:106,0
DA:111,0
DA:112,0
DA:118,0
DA:119,0
DA:120,0
DA:121,0
DA:138,0
DA:153,0
DA:173,0
DA:185,0
DA:203,0
DA:215,0
DA:216,0
DA:217,0
DA:218,0
DA:219,0
DA:222,0
DA:230,0
DA:260,0
DA:261,0
DA:262,0
DA:266,0
DA:267,0
DA:268,0
DA:270,0
DA:271,0
DA:275,0
DA:278,0
DA:280,0
DA:296,7
DA:303,14
DA:304,8
LF:49
LH:8
BRDA:70,0,0,0
BRDA:70,0,1,0
BRDA:71,1,0,0
BRDA:71,1,1,0
BRDA:78,2,0,0
BRDA:78,2,1,0
BRDA:79,3,0,0
BRDA:79,3,1,0
BRDA:91,4,0,0
BRDA:91,4,1,0
BRDA:111,5,0,0
BRDA:125,6,0,0
BRDA:125,6,1,0
BRDA:126,7,0,0
BRDA:126,7,1,0
BRDA:127,8,0,0
BRDA:127,8,1,0
BRDA:216,9,0,0
BRDA:216,10,0,0
BRDA:216,10,1,0
BRDA:218,11,0,0
BRDA:219,12,0,0
BRDA:262,13,0,0
BRDA:262,13,1,0
BRDA:270,14,0,0
BRDA:270,14,1,0
BRDA:275,15,0,0
BRDA:275,15,1,0
BRDA:278,16,0,0
BRDA:278,16,1,0
BRDA:303,17,0,6
BRDA:52,18,0,2
BRDA:52,18,1,0
BRDA:52,19,0,2
BRDA:52,19,1,2
BRF:35
BRH:4
end_of_record
TN:
SF:src/modules/gdpr/gdpr-token.service.ts
FN:20,(anonymous_3)
FN:24,(anonymous_4)
FN:69,(anonymous_5)
FN:92,(anonymous_6)
FN:112,(anonymous_7)
FN:127,(anonymous_8)
FN:177,(anonymous_9)
FN:213,(anonymous_10)
FN:233,(anonymous_11)
FN:243,(anonymous_12)
FN:251,(anonymous_13)
FN:258,(anonymous_14)
FN:277,(anonymous_15)
FN:329,(anonymous_16)
FN:339,(anonymous_17)
FN:346,(anonymous_18)
FNF:16
FNH:0
FNDA:0,(anonymous_3)
FNDA:0,(anonymous_4)
FNDA:0,(anonymous_5)
FNDA:0,(anonymous_6)
FNDA:0,(anonymous_7)
FNDA:0,(anonymous_8)
FNDA:0,(anonymous_9)
FNDA:0,(anonymous_10)
FNDA:0,(anonymous_11)
FNDA:0,(anonymous_12)
FNDA:0,(anonymous_13)
FNDA:0,(anonymous_14)
FNDA:0,(anonymous_15)
FNDA:0,(anonymous_16)
FNDA:0,(anonymous_17)
FNDA:0,(anonymous_18)
DA:1,2
DA:3,2
DA:7,2
DA:8,2
DA:13,2
DA:14,2
DA:19,2
DA:20,0
DA:39,0
DA:43,0
DA:44,0
DA:51,0
DA:55,0
DA:56,0
DA:58,0
DA:59,0
DA:60,0
DA:61,0
DA:62,0
DA:64,0
DA:68,0
DA:69,0
DA:70,0
DA:71,0
DA:87,0
DA:97,0
DA:98,0
DA:101,0
DA:102,0
DA:104,0
DA:107,0
DA:113,0
DA:114,0
DA:115,0
DA:116,0
DA:117,0
DA:118,0
DA:120,0
DA:122,0
DA:140,0
DA:142,0
DA:143,0
DA:146,0
DA:147,0
DA:148,0
DA:149,0
DA:151,0
DA:152,0
DA:154,0
DA:157,0
DA:159,0
DA:169,0
DA:185,0
DA:186,0
DA:188,0
DA:189,0
DA:190,0
DA:191,0
DA:193,0
DA:194,0
DA:196,0
DA:197,0
DA:201,0
DA:206,0
DA:213,0
DA:220,0
DA:226,0
DA:227,0
DA:228,0
DA:229,0
DA:230,0
DA:233,0
DA:238,0
DA:244,0
DA:256,0
DA:258,0
DA:259,0
DA:260,0
DA:269,0
DA:285,0
DA:288,0
DA:289,0
DA:294,0
DA:298,0
DA:299,0
DA:304,0
DA:308,0
DA:309,0
DA:310,0
DA:315,0
DA:317,0
DA:320,0
DA:337,0
DA:339,0
DA:340,0
DA:341,0
DA:342,0
DA:345,0
DA:347,0
DA:349,0
DA:351,0
DA:360,0
DA:362,0
DA:366,0
DA:367,0
DA:368,0
DA:371,0
DA:372,0
DA:381,0
DA:382,0
DA:383,0
DA:387,0
DA:395,0
DA:405,0
LF:114
LH:7
BRDA:43,0,0,0
BRDA:58,1,0,0
BRDA:58,1,1,0
BRDA:58,2,0,0
BRDA:58,2,1,0
BRDA:81,3,0,0
BRDA:81,3,1,0
BRDA:82,4,0,0
BRDA:82,4,1,0
BRDA:97,5,0,0
BRDA:97,6,0,0
BRDA:97,6,1,0
BRDA:117,7,0,0
BRDA:142,8,0,0
BRDA:146,9,0,0
BRDA:146,10,0,0
BRDA:146,10,1,0
BRDA:148,11,0,0
BRDA:151,12,0,0
BRDA:188,13,0,0
BRDA:188,14,0,0
BRDA:188,14,1,0
BRDA:190,15,0,0
BRDA:193,16,0,0
BRDA:230,17,0,0
BRDA:230,17,1,0
BRDA:285,18,0,0
BRDA:285,18,1,0
BRDA:285,18,2,0
BRDA:285,18,3,0
BRDA:288,19,0,0
BRDA:298,20,0,0
BRDA:308,21,0,0
BRDA:309,22,0,0
BRDA:360,23,0,0
BRDA:360,23,1,0
BRDA:20,24,0,2
BRDA:20,24,1,0
BRDA:20,25,0,2
BRDA:20,25,1,2
BRF:40
BRH:3
end_of_record
TN:
SF:src/modules/period-grid/period-grid.service.ts
FN:19,(anonymous_2)
FN:21,(anonymous_3)
FN:34,(anonymous_4)
FN:37,(anonymous_5)
FN:48,(anonymous_6)
FN:135,(anonymous_7)
FN:151,(anonymous_8)
FN:219,(anonymous_9)
FN:235,(anonymous_10)
FN:240,(anonymous_11)
FN:281,(anonymous_12)
FN:301,(anonymous_13)
FN:340,(anonymous_14)
FN:343,(anonymous_15)
FN:386,(anonymous_16)
FN:410,(anonymous_17)
FN:450,(anonymous_18)
FN:465,(anonymous_19)
FN:475,(anonymous_20)
FN:479,(anonymous_21)
FN:483,(anonymous_22)
FN:487,(anonymous_23)
FN:492,(anonymous_24)
FN:499,(anonymous_25)
FN:510,(anonymous_26)
FNF:25
FNH:0
FNDA:0,(anonymous_2)
FNDA:0,(anonymous_3)
FNDA:0,(anonymous_4)
FNDA:0,(anonymous_5)
FNDA:0,(anonymous_6)
FNDA:0,(anonymous_7)
FNDA:0,(anonymous_8)
FNDA:0,(anonymous_9)
FNDA:0,(anonymous_10)
FNDA:0,(anonymous_11)
FNDA:0,(anonymous_12)
FNDA:0,(anonymous_13)
FNDA:0,(anonymous_14)
FNDA:0,(anonymous_15)
FNDA:0,(anonymous_16)
FNDA:0,(anonymous_17)
FNDA:0,(anonymous_18)
FNDA:0,(anonymous_19)
FNDA:0,(anonymous_20)
FNDA:0,(anonymous_21)
FNDA:0,(anonymous_22)
FNDA:0,(anonymous_23)
FNDA:0,(anonymous_24)
FNDA:0,(anonymous_25)
FNDA:0,(anonymous_26)
DA:1,2
DA:3,2
DA:14,2
DA:15,2
DA:18,2
DA:19,0
DA:22,0
DA:26,0
DA:27,0
DA:29,0
DA:34,0
DA:39,0
DA:40,0
DA:46,0
DA:48,0
DA:49,0
DA:52,0
DA:62,0
DA:63,0
DA:66,0
DA:67,0
DA:68,0
DA:69,0
DA:70,0
DA:73,0
DA:75,0
DA:78,0
DA:79,0
DA:80,0
DA:81,0
DA:92,0
DA:110,0
DA:120,0
DA:121,0
DA:122,0
DA:129,0
DA:132,0
DA:136,0
DA:139,0
DA:140,0
DA:142,0
DA:143,0
DA:149,0
DA:151,0
DA:152,0
DA:154,0
DA:155,0
DA:156,0
DA:157,0
DA:158,0
DA:159,0
DA:160,0
DA:161,0
DA:162,0
DA:163,0
DA:165,0
DA:171,0
DA:173,0
DA:184,0
DA:185,0
DA:186,0
DA:187,0
DA:188,0
DA:190,0
DA:192,0
DA:193,0
DA:195,0
DA:204,0
DA:213,0
DA:216,0
DA:224,0
DA:229,0
DA:230,0
DA:232,0
DA:236,0
DA:238,0
DA:240,0
DA:241,0
DA:244,0
DA:247,0
DA:258,0
DA:259,0
DA:260,0
DA:261,0
DA:262,0
DA:263,0
DA:265,0
DA:274,0
DA:277,0
DA:282,0
DA:292,0
DA:293,0
DA:299,0
DA:301,0
DA:302,0
DA:303,0
DA:305,0
DA:306,0
DA:315,0
DA:316,0
DA:332,0
DA:336,0
DA:341,0
DA:343,0
DA:344,0
DA:346,0
DA:355,0
DA:356,0
DA:357,0
DA:359,0
DA:360,0
DA:366,0
DA:379,0
DA:382,0
DA:387,0
DA:392,0
DA:393,0
DA:396,0
DA:401,0
DA:402,0
DA:408,0
DA:410,0
DA:411,0
DA:412,0
DA:414,0
DA:415,0
DA:420,0
DA:421,0
DA:423,0
DA:425,0
DA:426,0
DA:442,0
DA:446,0
DA:451,0
DA:463,0
DA:466,0
DA:470,0
DA:476,0
DA:480,0
DA:484,0
DA:488,0
DA:489,0
DA:493,0
DA:494,0
DA:495,0
DA:496,0
DA:500,0
DA:501,0
DA:502,0
DA:504,0
DA:505,0
DA:507,0
DA:511,0
DA:515,0
DA:516,0
DA:522,0
LF:156
LH:5
BRDA:26,0,0,0
BRDA:39,1,0,0
BRDA:73,2,0,0
BRDA:73,3,0,0
BRDA:73,3,1,0
BRDA:78,4,0,0
BRDA:99,5,0,0
BRDA:99,5,1,0
BRDA:103,6,0,0
BRDA:103,6,1,0
BRDA:104,7,0,0
BRDA:104,7,1,0
BRDA:105,8,0,0
BRDA:105,8,1,0
BRDA:121,9,0,0
BRDA:139,10,0,0
BRDA:139,10,1,0
BRDA:140,11,0,0
BRDA:140,11,1,0
BRDA:142,12,0,0
BRDA:155,13,0,0
BRDA:156,14,0,0
BRDA:157,15,0,0
BRDA:158,16,0,0
BRDA:159,17,0,0
BRDA:160,18,0,0
BRDA:162,19,0,0
BRDA:163,20,0,0
BRDA:171,21,0,0
BRDA:171,22,0,0
BRDA:171,22,1,0
BRDA:190,23,0,0
BRDA:229,24,0,0
BRDA:258,25,0,0
BRDA:258,25,1,0
BRDA:262,26,0,0
BRDA:262,26,1,0
BRDA:292,27,0,0
BRDA:359,28,0,0
BRDA:392,29,0,0
BRDA:392,30,0,0
BRDA:392,30,1,0
BRDA:401,31,0,0
BRDA:420,32,0,0
BRDA:420,33,0,0
BRDA:420,33,1,0
BRDA:501,34,0,0
BRDA:504,35,0,0
BRDA:515,36,0,0
BRDA:19,37,0,2
BRDA:19,37,1,0
BRDA:19,38,0,2
BRDA:19,38,1,2
BRF:53
BRH:3
end_of_record
TN:
SF:src/modules/prisma/prisma.service.ts
FN:6,(anonymous_1)
FN:10,(anonymous_2)
FNF:2
FNH:0
FNDA:0,(anonymous_1)
FNDA:0,(anonymous_2)
DA:1,33
DA:2,33
DA:5,33
DA:7,0
DA:11,0
LF:5
LH:3
BRF:0
BRH:0
end_of_record
TN:
SF:src/modules/redis/redis.service.ts
FN:10,parseRedisInfoNumber
FN:13,(anonymous_4)
FN:14,(anonymous_5)
FN:29,(anonymous_6)
FN:31,(anonymous_7)
FN:38,(anonymous_8)
FN:44,(anonymous_9)
FN:50,(anonymous_10)
FN:57,(anonymous_11)
FN:66,(anonymous_12)
FNF:10
FNH:0
FNDA:0,parseRedisInfoNumber
FNDA:0,(anonymous_4)
FNDA:0,(anonymous_5)
FNDA:0,(anonymous_6)
FNDA:0,(anonymous_7)
FNDA:0,(anonymous_8)
FNDA:0,(anonymous_9)
FNDA:0,(anonymous_10)
FNDA:0,(anonymous_11)
FNDA:0,(anonymous_12)
DA:1,11
DA:2,11
DA:3,11
DA:11,0
DA:13,0
DA:14,0
DA:16,0
DA:17,0
DA:20,0
DA:21,0
DA:22,0
DA:26,11
DA:27,0
DA:29,0
DA:32,0
DA:33,0
DA:34,0
DA:36,0
DA:39,0
DA:45,0
DA:46,0
DA:51,0
DA:52,0
DA:54,0
DA:58,0
DA:59,0
DA:60,0
DA:62,0
DA:67,0
DA:68,0
DA:69,0
DA:71,0
DA:72,0
DA:75,0
LF:34
LH:4
BRDA:16,0,0,0
BRDA:22,1,0,0
BRDA:22,1,1,0
BRDA:33,2,0,0
BRDA:45,3,0,0
BRDA:51,4,0,0
BRDA:71,5,0,0
BRDA:77,6,0,0
BRDA:77,6,1,0
BRDA:77,7,0,0
BRDA:77,7,1,0
BRDA:29,8,0,11
BRDA:29,8,1,0
BRDA:29,9,0,11
BRDA:29,9,1,11
BRF:15
BRH:3
end_of_record
TN:
SF:src/modules/scheduling/ai-substitution.service.ts
FN:38,(anonymous_2)
FN:48,(anonymous_3)
FN:114,(anonymous_4)
FN:114,(anonymous_5)
FN:127,(anonymous_6)
FN:172,(anonymous_7)
FN:193,(anonymous_8)
FN:265,(anonymous_9)
FN:272,(anonymous_10)
FN:273,(anonymous_11)
FN:290,(anonymous_12)
FNF:11
FNH:9
FNDA:11,(anonymous_2)
FNDA:11,(anonymous_3)
FNDA:0,(anonymous_4)
FNDA:0,(anonymous_5)
FNDA:22,(anonymous_6)
FNDA:22,(anonymous_7)
FNDA:22,(anonymous_8)
FNDA:15,(anonymous_9)
FNDA:15,(anonymous_10)
FNDA:45,(anonymous_11)
FNDA:9,(anonymous_12)
DA:1,2
DA:4,2
DA:6,2
DA:7,2
DA:8,2
DA:9,2
DA:10,2
DA:35,2
DA:36,11
DA:39,11
DA:40,11
DA:41,11
DA:42,11
DA:43,11
DA:53,11
DA:54,1
DA:62,10
DA:63,10
DA:64,0
DA:73,10
DA:89,10
DA:90,1
DA:93,9
DA:94,9
DA:95,9
DA:96,9
DA:97,9
DA:100,9
DA:113,9
DA:114,0
DA:118,9
DA:126,9
DA:127,22
DA:130,9
DA:131,1
DA:136,8
DA:148,8
DA:149,8
DA:150,0
DA:151,0
DA:152,0
DA:157,8
DA:158,8
DA:160,8
DA:165,8
DA:166,8
DA:167,0
DA:171,8
DA:172,22
DA:179,8
DA:187,8
DA:188,8
DA:189,22
DA:193,8
DA:194,22
DA:195,22
DA:204,8
DA:229,8
DA:231,8
DA:232,8
DA:233,8
DA:238,7
DA:240,7
DA:241,7
DA:243,7
DA:256,7
DA:257,7
DA:262,7
DA:263,6
DA:264,6
DA:266,15
DA:271,6
DA:273,45
DA:275,15
DA:280,15
DA:290,9
DA:295,2
DA:296,2
DA:299,6
LF:79
LH:73
BRDA:53,0,0,1
BRDA:63,1,0,0
BRDA:89,2,0,1
BRDA:95,3,0,9
BRDA:95,3,1,0
BRDA:96,4,0,9
BRDA:96,4,1,0
BRDA:97,5,0,9
BRDA:97,5,1,0
BRDA:127,6,0,22
BRDA:127,6,1,22
BRDA:130,7,0,1
BRDA:136,8,0,8
BRDA:136,8,1,0
BRDA:136,9,0,8
BRDA:136,9,1,0
BRDA:141,10,0,8
BRDA:141,10,1,0
BRDA:142,11,0,8
BRDA:142,11,1,0
BRDA:151,12,0,0
BRDA:151,13,0,0
BRDA:151,13,1,0
BRDA:167,14,0,0
BRDA:167,14,1,0
BRDA:189,15,0,22
BRDA:189,15,1,0
BRDA:197,16,0,22
BRDA:197,16,1,0
BRDA:198,17,0,22
BRDA:198,17,1,0
BRDA:199,18,0,22
BRDA:199,18,1,22
BRDA:200,19,0,22
BRDA:200,19,1,22
BRDA:207,20,0,8
BRDA:207,20,1,0
BRDA:208,21,0,8
BRDA:208,21,1,0
BRDA:209,22,0,8
BRDA:209,22,1,0
BRDA:211,23,0,8
BRDA:211,23,1,0
BRDA:241,24,0,7
BRDA:241,24,1,0
BRDA:241,25,0,7
BRDA:241,25,1,7
BRDA:256,26,0,7
BRDA:256,27,0,7
BRDA:256,27,1,7
BRDA:263,28,0,6
BRDA:266,29,0,15
BRDA:266,29,1,15
BRDA:266,29,2,15
BRDA:266,29,3,15
BRDA:275,30,0,14
BRDA:275,30,1,1
BRDA:275,31,0,15
BRDA:275,31,1,11
BRDA:275,31,2,2
BRDA:282,32,0,15
BRDA:282,32,1,0
BRDA:39,33,0,2
BRDA:39,33,1,0
BRDA:39,34,0,2
BRDA:39,34,1,2
BRDA:39,35,0,2
BRDA:39,35,1,0
BRDA:39,36,0,2
BRDA:39,36,1,2
BRDA:40,37,0,2
BRDA:40,37,1,0
BRDA:40,38,0,2
BRDA:40,38,1,2
BRDA:41,39,0,2
BRDA:41,39,1,0
BRDA:41,40,0,2
BRDA:41,40,1,2
BRDA:42,41,0,2
BRDA:42,41,1,0
BRDA:42,42,0,2
BRDA:42,42,1,2
BRF:82
BRH:55
end_of_record
TN:
SF:src/modules/scheduling/break-groups.controller.ts
FN:35,(anonymous_4)
FN:39,(anonymous_5)
FN:50,(anonymous_6)
FN:60,(anonymous_7)
FN:72,(anonymous_8)
FNF:5
FNH:5
FNDA:4,(anonymous_4)
FNDA:1,(anonymous_5)
FNDA:1,(anonymous_6)
FNDA:1,(anonymous_7)
FNDA:1,(anonymous_8)
DA:1,1
DA:15,1
DA:17,1
DA:20,1
DA:21,1
DA:22,1
DA:23,1
DA:24,1
DA:26,1
DA:28,1
DA:34,1
DA:35,4
DA:39,1
DA:44,1
DA:50,1
DA:55,1
DA:60,1
DA:66,1
DA:72,1
DA:76,1
LF:20
LH:20
BRDA:42,0,0,0
BRDA:42,0,1,1
BRDA:42,1,0,1
BRDA:42,1,1,1
BRDA:35,2,0,1
BRDA:35,2,1,0
BRDA:35,3,0,1
BRDA:35,3,1,1
BRF:8
BRH:6
end_of_record
TN:
SF:src/modules/scheduling/break-groups.service.ts
FN:18,(anonymous_2)
FN:22,(anonymous_3)
FN:30,(anonymous_4)
FN:36,(anonymous_5)
FN:51,(anonymous_6)
FN:89,(anonymous_7)
FN:104,(anonymous_8)
FN:151,(anonymous_9)
FN:166,(anonymous_10)
FN:182,(anonymous_11)
FN:190,(anonymous_12)
FN:196,(anonymous_13)
FNF:12
FNH:12
FNDA:10,(anonymous_2)
FNDA:2,(anonymous_3)
FNDA:1,(anonymous_4)
FNDA:3,(anonymous_5)
FNDA:2,(anonymous_6)
FNDA:3,(anonymous_7)
FNDA:2,(anonymous_8)
FNDA:2,(anonymous_9)
FNDA:1,(anonymous_10)
FNDA:5,(anonymous_11)
FNDA:10,(anonymous_12)
FNDA:10,(anonymous_13)
DA:1,2
DA:5,2
DA:6,2
DA:8,2
DA:17,2
DA:18,10
DA:23,2
DA:29,2
DA:30,1
DA:38,3
DA:42,3
DA:43,1
DA:49,2
DA:51,2
DA:52,2
DA:55,2
DA:67,2
DA:68,4
DA:78,2
DA:84,2
DA:90,3
DA:95,3
DA:96,1
DA:102,2
DA:104,2
DA:105,2
DA:108,2
DA:109,2
DA:110,2
DA:111,2
DA:112,2
DA:113,0
DA:116,2
DA:117,1
DA:124,2
DA:125,1
DA:129,1
DA:130,1
DA:140,2
DA:146,2
DA:152,2
DA:157,2
DA:158,1
DA:164,1
DA:166,1
DA:167,1
DA:170,1
DA:174,1
DA:177,1
DA:183,5
DA:184,5
DA:185,5
DA:187,5
DA:191,10
DA:192,10
DA:196,10
LF:56
LH:55
BRDA:42,0,0,1
BRDA:60,1,0,2
BRDA:60,1,1,1
BRDA:61,2,0,2
BRDA:61,2,1,1
BRDA:95,3,0,1
BRDA:109,4,0,1
BRDA:110,5,0,0
BRDA:111,6,0,0
BRDA:112,7,0,0
BRDA:116,8,0,1
BRDA:124,9,0,1
BRDA:157,10,0,1
BRDA:183,11,0,0
BRDA:183,12,0,5
BRDA:183,12,1,5
BRDA:189,13,0,5
BRDA:189,13,1,0
BRDA:192,14,0,10
BRDA:192,14,1,0
BRDA:195,15,0,5
BRDA:195,15,1,0
BRDA:18,16,0,2
BRDA:18,16,1,0
BRDA:18,17,0,2
BRDA:18,17,1,2
BRF:26
BRH:18
end_of_record
TN:
SF:src/modules/scheduling/cover-teacher.controller.ts
FN:17,(anonymous_4)
FN:21,(anonymous_5)
FNF:2
FNH:2
FNDA:4,(anonymous_4)
FNDA:3,(anonymous_5)
DA:1,1
DA:3,1
DA:6,1
DA:7,1
DA:8,1
DA:9,1
DA:10,1
DA:12,1
DA:16,1
DA:17,4
DA:21,1
DA:26,3
LF:12
LH:12
BRDA:17,0,0,1
BRDA:17,0,1,0
BRDA:17,1,0,1
BRDA:17,1,1,1
BRF:4
BRH:3
end_of_record
TN:
SF:src/modules/scheduling/cover-teacher.service.ts
FN:17,(anonymous_2)
FN:21,(anonymous_3)
FN:60,(anonymous_4)
FN:61,(anonymous_5)
FN:152,(anonymous_6)
FN:179,(anonymous_7)
FNF:6
FNH:6
FNDA:7,(anonymous_2)
FNDA:7,(anonymous_3)
FNDA:1,(anonymous_4)
FNDA:1,(anonymous_5)
FNDA:1,(anonymous_6)
FNDA:5,(anonymous_7)
DA:1,2
DA:3,2
DA:16,2
DA:17,7
DA:30,7
DA:40,7
DA:41,1
DA:45,6
DA:58,6
DA:60,1
DA:61,1
DA:65,6
DA:74,6
DA:86,6
DA:87,6
DA:88,3
DA:89,3
DA:90,3
DA:95,6
DA:104,6
DA:108,6
DA:109,1
DA:110,1
DA:111,1
DA:115,6
DA:125,6
DA:126,6
DA:127,35
DA:128,35
DA:136,6
DA:138,6
DA:140,12
DA:142,11
DA:143,11
DA:144,11
DA:145,11
DA:148,11
DA:149,11
DA:150,11
DA:151,1
DA:153,1
DA:158,11
DA:161,11
DA:162,11
DA:163,11
DA:164,11
DA:165,11
DA:167,11
DA:179,6
DA:181,6
LF:50
LH:50
BRDA:40,0,0,1
BRDA:74,1,0,2
BRDA:74,1,1,4
BRDA:74,2,0,6
BRDA:74,2,1,4
BRDA:79,3,0,2
BRDA:79,3,1,0
BRDA:80,4,0,2
BRDA:80,4,1,0
BRDA:89,5,0,3
BRDA:89,6,0,3
BRDA:89,6,1,0
BRDA:109,7,0,1
BRDA:109,7,1,1
BRDA:127,8,0,35
BRDA:130,9,0,35
BRDA:130,9,1,3
BRDA:140,10,0,1
BRDA:144,11,0,4
BRDA:144,11,1,7
BRDA:145,12,0,11
BRDA:145,12,1,8
BRDA:150,13,0,1
BRDA:150,14,0,11
BRDA:150,14,1,1
BRDA:153,15,0,1
BRDA:153,15,1,0
BRDA:158,16,0,11
BRDA:158,16,1,8
BRDA:162,17,0,10
BRDA:163,18,0,1
BRDA:164,19,0,10
BRDA:17,20,0,2
BRDA:17,20,1,0
BRDA:17,21,0,2
BRDA:17,21,1,2
BRF:36
BRH:31
end_of_record
TN:
SF:src/modules/scheduling/cover-tracking.service.ts
FN:23,(anonymous_2)
FN:27,(anonymous_3)
FN:60,(anonymous_4)
FN:67,(anonymous_5)
FN:74,(anonymous_6)
FN:87,(anonymous_7)
FN:88,(anonymous_8)
FN:89,(anonymous_9)
FN:110,(anonymous_10)
FN:144,(anonymous_11)
FN:145,(anonymous_12)
FNF:11
FNH:11
FNDA:12,(anonymous_2)
FNDA:9,(anonymous_3)
FNDA:13,(anonymous_4)
FNDA:6,(anonymous_5)
FNDA:5,(anonymous_6)
FNDA:8,(anonymous_7)
FNDA:8,(anonymous_8)
FNDA:8,(anonymous_9)
FNDA:3,(anonymous_10)
FNDA:5,(anonymous_11)
FNDA:2,(anonymous_12)
DA:1,2
DA:5,2
DA:22,2
DA:23,12
DA:31,9
DA:47,9
DA:49,9
DA:50,38
DA:51,38
DA:52,38
DA:53,25
DA:55,13
DA:59,9
DA:60,13
DA:67,9
DA:69,9
DA:75,5
DA:77,5
DA:78,1
DA:87,8
DA:88,8
DA:89,8
DA:90,4
DA:91,4
DA:94,4
DA:95,2
DA:96,0
DA:97,0
DA:99,4
DA:115,3
DA:136,3
DA:138,3
DA:139,8
DA:140,8
DA:143,3
DA:144,5
DA:145,2
DA:147,3
LF:38
LH:36
BRDA:52,0,0,25
BRDA:52,0,1,13
BRDA:77,1,0,1
BRDA:91,2,0,4
BRDA:91,2,1,0
BRDA:94,3,0,2
BRDA:94,3,1,2
BRDA:95,4,0,2
BRDA:95,4,1,0
BRDA:96,5,0,0
BRDA:96,5,1,0
BRDA:139,6,0,8
BRDA:139,6,1,1
BRDA:140,7,0,8
BRDA:140,7,1,5
BRDA:23,8,0,2
BRDA:23,8,1,0
BRDA:23,9,0,2
BRDA:23,9,1,2
BRF:19
BRH:14
end_of_record
TN:
SF:src/modules/scheduling/curriculum-requirements.controller.ts
FN:52,(anonymous_4)
FN:56,(anonymous_5)
FN:71,(anonymous_6)
FN:92,(anonymous_7)
FN:102,(anonymous_8)
FN:112,(anonymous_9)
FN:124,(anonymous_10)
FN:133,(anonymous_11)
FN:148,(anonymous_12)
FNF:9
FNH:8
FNDA:7,(anonymous_4)
FNDA:1,(anonymous_5)
FNDA:0,(anonymous_6)
FNDA:1,(anonymous_7)
FNDA:1,(anonymous_8)
FNDA:1,(anonymous_9)
FNDA:1,(anonymous_10)
FNDA:1,(anonymous_11)
FNDA:1,(anonymous_12)
DA:1,1
DA:15,1
DA:17,1
DA:23,1
DA:24,1
DA:25,1
DA:26,1
DA:27,1
DA:29,1
DA:31,1
DA:38,1
DA:44,1
DA:51,1
DA:52,7
DA:56,1
DA:61,1
DA:71,1
DA:83,0
DA:92,1
DA:96,1
DA:102,1
DA:107,1
DA:112,1
DA:118,1
DA:124,1
DA:128,1
DA:133,1
DA:138,1
DA:148,1
DA:153,1
LF:30
LH:29
BRDA:59,0,0,0
BRDA:59,0,1,1
BRDA:59,1,0,1
BRDA:59,1,1,1
BRDA:116,2,0,0
BRDA:116,2,1,1
BRDA:116,3,0,1
BRDA:116,3,1,1
BRDA:136,4,0,0
BRDA:136,4,1,1
BRDA:136,5,0,1
BRDA:136,5,1,1
BRDA:151,6,0,0
BRDA:151,6,1,1
BRDA:151,7,0,1
BRDA:151,7,1,1
BRDA:52,8,0,1
BRDA:52,8,1,0
BRDA:52,9,0,1
BRDA:52,9,1,1
BRF:20
BRH:15
end_of_record
TN:
SF:src/modules/scheduling/curriculum-requirements.service.ts
FN:25,(anonymous_2)
FN:29,(anonymous_3)
FN:58,(anonymous_4)
FN:76,(anonymous_5)
FN:81,(anonymous_6)
FN:105,(anonymous_7)
FN:120,(anonymous_8)
FN:153,(anonymous_9)
FN:168,(anonymous_10)
FN:178,(anonymous_11)
FN:198,(anonymous_12)
FN:239,(anonymous_13)
FN:279,(anonymous_14)
FN:309,(anonymous_15)
FN:327,(anonymous_16)
FN:352,(anonymous_17)
FN:359,(anonymous_18)
FNF:17
FNH:14
FNDA:19,(anonymous_2)
FNDA:3,(anonymous_3)
FNDA:2,(anonymous_4)
FNDA:4,(anonymous_5)
FNDA:1,(anonymous_6)
FNDA:2,(anonymous_7)
FNDA:1,(anonymous_8)
FNDA:2,(anonymous_9)
FNDA:1,(anonymous_10)
FNDA:2,(anonymous_11)
FNDA:1,(anonymous_12)
FNDA:4,(anonymous_13)
FNDA:1,(anonymous_14)
FNDA:0,(anonymous_15)
FNDA:0,(anonymous_16)
FNDA:0,(anonymous_17)
FNDA:4,(anonymous_18)
DA:1,2
DA:8,2
DA:9,2
DA:18,2
DA:24,2
DA:25,19
DA:30,3
DA:31,3
DA:33,3
DA:37,3
DA:39,3
DA:50,3
DA:59,2
DA:64,2
DA:65,1
DA:71,1
DA:77,4
DA:79,1
DA:81,1
DA:82,1
DA:83,1
DA:100,1
DA:106,2
DA:111,2
DA:112,1
DA:118,1
DA:120,1
DA:121,1
DA:122,1
DA:148,1
DA:154,2
DA:159,2
DA:160,1
DA:166,1
DA:168,1
DA:169,1
DA:170,1
DA:173,1
DA:185,2
DA:189,2
DA:190,1
DA:196,1
DA:198,1
DA:199,1
DA:202,1
DA:211,1
DA:212,1
DA:213,1
DA:228,1
DA:231,1
DA:234,1
DA:241,4
DA:252,4
DA:253,1
DA:258,3
DA:259,1
DA:266,2
DA:270,2
DA:271,1
DA:277,1
DA:279,1
DA:280,1
DA:282,1
DA:283,1
DA:284,1
DA:298,1
DA:301,1
DA:304,1
DA:311,0
DA:321,0
DA:324,0
DA:327,0
DA:336,0
DA:340,0
DA:341,0
DA:342,0
DA:343,0
DA:345,0
DA:352,0
DA:353,0
DA:365,4
DA:380,4
DA:381,1
DA:386,3
DA:387,1
DA:392,2
DA:393,1
LF:87
LH:75
BRDA:37,0,0,1
BRDA:64,1,0,1
BRDA:91,2,0,1
BRDA:91,2,1,1
BRDA:93,3,0,1
BRDA:93,3,1,1
BRDA:94,4,0,1
BRDA:94,4,1,1
BRDA:111,5,0,1
BRDA:125,6,0,1
BRDA:125,6,1,1
BRDA:128,7,0,1
BRDA:128,7,1,0
BRDA:131,8,0,1
BRDA:131,8,1,0
BRDA:134,9,0,1
BRDA:134,9,1,0
BRDA:137,10,0,1
BRDA:137,10,1,0
BRDA:140,11,0,1
BRDA:140,11,1,0
BRDA:159,12,0,1
BRDA:189,13,0,1
BRDA:221,14,0,1
BRDA:221,14,1,1
BRDA:223,15,0,1
BRDA:223,15,1,1
BRDA:224,16,0,1
BRDA:224,16,1,1
BRDA:252,17,0,1
BRDA:258,18,0,1
BRDA:270,19,0,1
BRDA:321,20,0,0
BRDA:342,21,0,0
BRDA:342,21,1,0
BRDA:380,22,0,1
BRDA:386,23,0,1
BRDA:392,24,0,1
BRDA:25,25,0,2
BRDA:25,25,1,0
BRDA:25,26,0,2
BRDA:25,26,1,2
BRF:42
BRH:33
end_of_record
TN:
SF:src/modules/scheduling/exam-scheduling.service.ts
FN:23,(anonymous_2)
FN:27,(anonymous_3)
FN:40,(anonymous_4)
FN:64,(anonymous_5)
FN:96,(anonymous_6)
FN:125,(anonymous_7)
FN:141,(anonymous_8)
FN:163,(anonymous_9)
FN:185,(anonymous_10)
FN:203,(anonymous_11)
FN:213,(anonymous_12)
FN:237,(anonymous_13)
FN:269,(anonymous_14)
FN:299,(anonymous_15)
FN:307,(anonymous_16)
FN:334,(anonymous_17)
FN:365,(anonymous_18)
FN:377,(anonymous_19)
FN:424,(anonymous_20)
FN:450,(anonymous_21)
FN:467,(anonymous_22)
FN:502,(anonymous_23)
FN:512,(anonymous_24)
FNF:23
FNH:23
FNDA:30,(anonymous_2)
FNDA:2,(anonymous_3)
FNDA:1,(anonymous_4)
FNDA:3,(anonymous_5)
FNDA:3,(anonymous_6)
FNDA:2,(anonymous_7)
FNDA:4,(anonymous_8)
FNDA:1,(anonymous_9)
FNDA:2,(anonymous_10)
FNDA:1,(anonymous_11)
FNDA:3,(anonymous_12)
FNDA:1,(anonymous_13)
FNDA:4,(anonymous_14)
FNDA:3,(anonymous_15)
FNDA:4,(anonymous_16)
FNDA:5,(anonymous_17)
FNDA:3,(anonymous_18)
FNDA:2,(anonymous_19)
FNDA:4,(anonymous_20)
FNDA:1,(anonymous_21)
FNDA:2,(anonymous_22)
FNDA:2,(anonymous_23)
FNDA:1,(anonymous_24)
DA:1,2
DA:10,2
DA:11,2
DA:20,2
DA:21,30
DA:23,30
DA:28,2
DA:32,2
DA:33,1
DA:38,1
DA:40,1
DA:41,1
DA:42,1
DA:54,1
DA:65,3
DA:85,3
DA:86,1
DA:91,2
DA:97,3
DA:99,3
DA:100,3
DA:101,1
DA:104,3
DA:124,3
DA:125,2
DA:142,4
DA:146,4
DA:147,1
DA:152,3
DA:153,2
DA:161,1
DA:163,1
DA:164,1
DA:165,1
DA:175,1
DA:186,2
DA:190,2
DA:191,0
DA:196,2
DA:197,1
DA:202,1
DA:203,1
DA:204,1
DA:205,1
DA:208,1
DA:214,3
DA:218,3
DA:219,1
DA:225,2
DA:226,2
DA:227,1
DA:235,1
DA:237,1
DA:238,1
DA:239,1
DA:255,1
DA:270,4
DA:282,4
DA:283,1
DA:289,3
DA:295,3
DA:297,3
DA:299,3
DA:300,3
DA:302,3
DA:303,5
DA:306,4
DA:307,4
DA:310,4
DA:311,3
DA:315,3
DA:320,3
DA:324,3
DA:335,5
DA:340,5
DA:341,1
DA:347,4
DA:355,4
DA:356,1
DA:360,3
DA:362,3
DA:363,3
DA:365,3
DA:366,3
DA:368,3
DA:370,3
DA:374,3
DA:377,3
DA:378,2
DA:379,2
DA:380,2
DA:383,3
DA:385,3
DA:386,3
DA:387,3
DA:393,3
DA:394,2
DA:395,2
DA:401,3
DA:402,5
DA:410,5
DA:415,3
DA:425,4
DA:430,4
DA:431,1
DA:436,3
DA:437,1
DA:442,2
DA:443,1
DA:448,1
DA:450,1
DA:451,1
DA:452,1
DA:458,1
DA:493,2
DA:502,2
DA:512,1
LF:117
LH:116
BRDA:32,0,0,1
BRDA:85,1,0,1
BRDA:100,2,0,1
BRDA:146,3,0,1
BRDA:152,4,0,2
BRDA:152,5,0,3
BRDA:152,5,1,2
BRDA:168,6,0,1
BRDA:168,6,1,0
BRDA:169,7,0,0
BRDA:169,7,1,1
BRDA:170,8,0,0
BRDA:170,8,1,1
BRDA:190,9,0,0
BRDA:196,10,0,1
BRDA:218,11,0,1
BRDA:226,12,0,1
BRDA:226,13,0,2
BRDA:226,13,1,2
BRDA:248,14,0,1
BRDA:248,14,1,1
BRDA:282,15,0,1
BRDA:303,16,0,1
BRDA:307,17,0,4
BRDA:307,17,1,4
BRDA:310,18,0,3
BRDA:340,19,0,1
BRDA:355,20,0,1
BRDA:374,21,0,0
BRDA:378,22,0,2
BRDA:378,22,1,2
BRDA:379,23,0,2
BRDA:379,23,1,2
BRDA:385,24,0,3
BRDA:385,25,0,3
BRDA:385,25,1,3
BRDA:389,26,0,3
BRDA:389,26,1,3
BRDA:393,27,0,2
BRDA:393,28,0,3
BRDA:393,28,1,3
BRDA:397,29,0,2
BRDA:397,29,1,2
BRDA:430,30,0,1
BRDA:436,31,0,1
BRDA:442,32,0,1
BRDA:504,33,0,2
BRDA:504,33,1,1
BRDA:505,34,0,2
BRDA:505,34,1,1
BRDA:509,35,0,2
BRDA:509,35,1,1
BRDA:23,36,0,2
BRDA:23,36,1,0
BRDA:23,37,0,2
BRDA:23,37,1,2
BRF:56
BRH:50
end_of_record
TN:
SF:src/modules/scheduling/personal-timetable.service.ts
FN:25,(anonymous_2)
FN:29,(anonymous_3)
FN:67,(anonymous_4)
FN:84,(anonymous_5)
FN:108,(anonymous_6)
FN:149,(anonymous_7)
FN:169,(anonymous_8)
FN:302,(anonymous_9)
FN:307,(anonymous_10)
FN:331,(anonymous_11)
FN:352,(anonymous_12)
FN:362,(anonymous_13)
FN:376,(anonymous_14)
FN:388,(anonymous_15)
FN:394,(anonymous_16)
FN:401,(anonymous_17)
FN:402,(anonymous_18)
FNF:17
FNH:17
FNDA:25,(anonymous_2)
FNDA:5,(anonymous_3)
FNDA:5,(anonymous_4)
FNDA:2,(anonymous_5)
FNDA:3,(anonymous_6)
FNDA:3,(anonymous_7)
FNDA:9,(anonymous_8)
FNDA:2,(anonymous_9)
FNDA:2,(anonymous_10)
FNDA:3,(anonymous_11)
FNDA:1,(anonymous_12)
FNDA:2,(anonymous_13)
FNDA:1,(anonymous_14)
FNDA:16,(anonymous_15)
FNDA:24,(anonymous_16)
FNDA:23,(anonymous_17)
FNDA:22,(anonymous_18)
DA:1,3
DA:3,3
DA:7,3
DA:8,3
DA:24,3
DA:25,25
DA:34,5
DA:42,5
DA:49,5
DA:50,1
DA:53,5
DA:67,5
DA:79,5
DA:89,2
DA:94,2
DA:95,1
DA:103,1
DA:113,3
DA:121,3
DA:128,3
DA:129,0
DA:132,3
DA:149,3
DA:164,3
DA:170,9
DA:179,9
DA:180,1
DA:185,8
DA:196,8
DA:198,8
DA:199,6
DA:216,2
DA:235,8
DA:236,8
DA:246,8
DA:247,8
DA:249,8
DA:250,8
DA:252,8
DA:254,8
DA:255,8
DA:256,8
DA:258,8
DA:260,8
DA:261,8
DA:263,8
DA:264,8
DA:265,8
DA:268,8
DA:270,8
DA:271,8
DA:272,8
DA:281,8
DA:283,8
DA:284,8
DA:285,8
DA:286,8
DA:287,8
DA:288,8
DA:289,8
DA:290,8
DA:291,8
DA:292,8
DA:295,8
DA:297,8
DA:303,2
DA:305,2
DA:307,2
DA:308,2
DA:309,2
DA:320,2
DA:332,3
DA:337,3
DA:338,1
DA:344,2
DA:345,1
DA:350,1
DA:352,1
DA:353,1
DA:354,1
DA:357,1
DA:363,2
DA:375,2
DA:376,1
DA:389,16
DA:390,16
DA:391,16
DA:395,24
DA:402,23
LF:89
LH:88
BRDA:34,0,0,0
BRDA:34,0,1,5
BRDA:49,1,0,1
BRDA:73,2,0,5
BRDA:73,2,1,0
BRDA:74,3,0,5
BRDA:74,3,1,0
BRDA:75,4,0,5
BRDA:75,4,1,0
BRDA:94,5,0,1
BRDA:113,6,0,0
BRDA:113,6,1,3
BRDA:128,7,0,0
BRDA:155,8,0,3
BRDA:155,8,1,0
BRDA:156,9,0,3
BRDA:156,9,1,0
BRDA:157,10,0,3
BRDA:157,10,1,0
BRDA:160,11,0,3
BRDA:160,11,1,0
BRDA:179,12,0,1
BRDA:198,13,0,6
BRDA:198,13,1,2
BRDA:258,14,0,0
BRDA:263,15,0,8
BRDA:263,15,1,1
BRDA:264,16,0,8
BRDA:264,16,1,0
BRDA:265,17,0,7
BRDA:265,17,1,1
BRDA:268,18,0,8
BRDA:268,18,1,1
BRDA:270,19,0,8
BRDA:270,19,1,0
BRDA:274,20,0,8
BRDA:274,20,1,0
BRDA:275,21,0,7
BRDA:275,21,1,1
BRDA:276,22,0,7
BRDA:276,22,1,1
BRDA:289,23,0,7
BRDA:290,24,0,8
BRDA:337,25,0,1
BRDA:344,26,0,1
BRDA:25,27,0,3
BRDA:25,27,1,0
BRDA:25,28,0,3
BRDA:25,28,1,3
BRF:49
BRH:34
end_of_record
TN:
SF:src/modules/scheduling/room-closures.controller.ts
FN:39,(anonymous_4)
FN:43,(anonymous_5)
FN:60,(anonymous_6)
FN:72,(anonymous_7)
FNF:4
FNH:4
FNDA:4,(anonymous_4)
FNDA:1,(anonymous_5)
FNDA:1,(anonymous_6)
FNDA:1,(anonymous_7)
DA:1,1
DA:14,1
DA:16,1
DA:19,1
DA:20,1
DA:21,1
DA:22,1
DA:23,1
DA:24,1
DA:26,1
DA:28,1
DA:38,1
DA:39,4
DA:43,1
DA:48,1
DA:60,1
DA:66,1
DA:72,1
DA:76,1
LF:19
LH:19
BRDA:46,0,0,0
BRDA:46,0,1,1
BRDA:46,1,0,1
BRDA:46,1,1,1
BRDA:39,2,0,1
BRDA:39,2,1,0
BRDA:39,3,0,1
BRDA:39,3,1,1
BRF:8
BRH:6
end_of_record
TN:
SF:src/modules/scheduling/room-closures.service.ts
FN:23,(anonymous_2)
FN:27,(anonymous_3)
FN:61,(anonymous_4)
FN:68,(anonymous_5)
FN:82,(anonymous_6)
FN:101,(anonymous_7)
FN:114,(anonymous_8)
FN:123,(anonymous_9)
FNF:8
FNH:8
FNDA:8,(anonymous_2)
FNDA:4,(anonymous_3)
FNDA:1,(anonymous_4)
FNDA:2,(anonymous_5)
FNDA:1,(anonymous_6)
FNDA:2,(anonymous_7)
FNDA:1,(anonymous_8)
FNDA:2,(anonymous_9)
DA:1,2
DA:5,2
DA:6,2
DA:16,2
DA:22,2
DA:23,8
DA:28,4
DA:29,4
DA:31,4
DA:33,4
DA:35,4
DA:37,1
DA:38,1
DA:39,1
DA:41,1
DA:42,1
DA:44,1
DA:45,1
DA:49,4
DA:60,4
DA:61,1
DA:70,2
DA:75,2
DA:76,1
DA:82,1
DA:83,1
DA:96,1
DA:102,2
DA:107,2
DA:108,1
DA:114,1
DA:115,1
DA:118,1
DA:124,2
DA:125,2
DA:126,2
DA:128,2
DA:129,2
DA:131,2
DA:132,2
DA:134,2
LF:41
LH:41
BRDA:33,0,0,1
BRDA:35,1,0,1
BRDA:35,2,0,4
BRDA:35,2,1,3
BRDA:38,3,0,1
BRDA:41,4,0,1
BRDA:44,5,0,1
BRDA:75,6,0,1
BRDA:107,7,0,1
BRDA:125,8,0,2
BRDA:128,9,0,2
BRDA:131,10,0,2
BRDA:23,11,0,2
BRDA:23,11,1,0
BRDA:23,12,0,2
BRDA:23,12,1,2
BRF:16
BRH:15
end_of_record
TN:
SF:src/modules/scheduling/rotation.service.ts
FN:17,(anonymous_2)
FN:21,(anonymous_3)
FN:40,(anonymous_4)
FN:85,(anonymous_5)
FN:112,(anonymous_6)
FN:148,(anonymous_7)
FN:158,(anonymous_8)
FNF:7
FNH:6
FNDA:12,(anonymous_2)
FNDA:3,(anonymous_3)
FNDA:2,(anonymous_4)
FNDA:0,(anonymous_5)
FNDA:2,(anonymous_6)
FNDA:1,(anonymous_7)
FNDA:7,(anonymous_8)
DA:1,2
DA:5,2
DA:6,2
DA:16,2
DA:17,12
DA:23,3
DA:27,3
DA:28,1
DA:33,2
DA:35,2
DA:40,2
DA:41,2
DA:43,2
DA:44,1
DA:54,1
DA:71,2
DA:86,0
DA:90,0
DA:91,0
DA:99,0
DA:113,2
DA:118,2
DA:119,0
DA:128,2
DA:137,2
DA:138,1
DA:147,1
DA:148,1
DA:149,1
DA:150,1
DA:153,1
DA:163,7
DA:167,7
DA:168,1
DA:176,6
DA:177,6
DA:180,6
DA:181,6
DA:182,6
DA:183,6
DA:185,6
DA:186,6
DA:188,6
LF:43
LH:38
BRDA:27,0,0,1
BRDA:43,1,0,1
BRDA:90,2,0,0
BRDA:118,3,0,0
BRDA:137,4,0,1
BRDA:167,5,0,1
BRDA:176,6,0,6
BRDA:176,6,1,0
BRDA:186,7,0,6
BRDA:186,7,1,1
BRDA:17,8,0,2
BRDA:17,8,1,0
BRDA:17,9,0,2
BRDA:17,9,1,2
BRF:14
BRH:10
end_of_record
TN:
SF:src/modules/scheduling/scenario.service.ts
FN:18,(anonymous_4)
FN:25,(anonymous_5)
FN:50,(anonymous_6)
FN:76,(anonymous_7)
FN:92,(anonymous_8)
FN:130,(anonymous_9)
FN:146,(anonymous_10)
FN:165,(anonymous_11)
FN:191,(anonymous_12)
FN:209,(anonymous_13)
FN:219,(anonymous_14)
FN:238,(anonymous_15)
FN:255,(anonymous_16)
FN:281,(anonymous_17)
FN:296,(anonymous_18)
FN:325,(anonymous_19)
FNF:16
FNH:14
FNDA:16,(anonymous_4)
FNDA:3,(anonymous_5)
FNDA:1,(anonymous_6)
FNDA:3,(anonymous_7)
FNDA:0,(anonymous_8)
FNDA:0,(anonymous_9)
FNDA:3,(anonymous_10)
FNDA:1,(anonymous_11)
FNDA:2,(anonymous_12)
FNDA:1,(anonymous_13)
FNDA:2,(anonymous_14)
FNDA:1,(anonymous_15)
FNDA:3,(anonymous_16)
FNDA:3,(anonymous_17)
FNDA:2,(anonymous_18)
FNDA:5,(anonymous_19)
DA:1,2
DA:2,2
DA:3,2
DA:4,2
DA:13,2
DA:14,2
DA:17,2
DA:19,16
DA:20,16
DA:26,3
DA:30,3
DA:31,1
DA:36,2
DA:37,1
DA:41,1
DA:42,1
DA:48,1
DA:50,1
DA:51,1
DA:52,1
DA:66,1
DA:77,3
DA:81,3
DA:82,1
DA:87,2
DA:93,0
DA:99,0
DA:101,0
DA:102,0
DA:104,0
DA:105,0
DA:108,0
DA:129,0
DA:130,0
DA:147,3
DA:151,3
DA:152,1
DA:157,2
DA:158,1
DA:163,1
DA:165,1
DA:166,1
DA:167,1
DA:181,1
DA:192,2
DA:196,2
DA:197,0
DA:202,2
DA:203,1
DA:208,1
DA:209,1
DA:210,1
DA:211,1
DA:214,1
DA:220,2
DA:224,2
DA:225,1
DA:231,1
DA:237,1
DA:238,1
DA:239,1
DA:240,1
DA:246,1
DA:256,3
DA:271,3
DA:272,1
DA:280,2
DA:281,3
DA:309,2
DA:326,5
DA:328,3
DA:329,3
LF:72
LH:62
BRDA:30,0,0,1
BRDA:36,1,0,1
BRDA:41,2,0,1
BRDA:56,3,0,1
BRDA:56,3,1,1
BRDA:58,4,0,1
BRDA:58,4,1,1
BRDA:81,5,0,1
BRDA:101,6,0,0
BRDA:104,7,0,0
BRDA:151,8,0,1
BRDA:157,9,0,1
BRDA:170,10,0,1
BRDA:170,10,1,0
BRDA:171,11,0,0
BRDA:171,11,1,1
BRDA:172,12,0,0
BRDA:172,12,1,1
BRDA:176,13,0,0
BRDA:176,13,1,1
BRDA:196,14,0,0
BRDA:202,15,0,1
BRDA:224,16,0,1
BRDA:271,17,0,1
BRDA:326,18,0,2
BRDA:326,19,0,5
BRDA:326,19,1,3
BRDA:330,20,0,3
BRDA:330,20,1,0
BRDA:331,21,0,3
BRDA:331,21,1,1
BRDA:332,22,0,3
BRDA:332,22,1,2
BRDA:333,23,0,3
BRDA:333,23,1,2
BRDA:19,24,0,2
BRDA:19,24,1,0
BRDA:19,25,0,2
BRDA:19,25,1,2
BRDA:19,26,0,2
BRDA:19,26,1,0
BRDA:19,27,0,2
BRDA:19,27,1,2
BRF:43
BRH:33
end_of_record
TN:
SF:src/modules/scheduling/schedule-swap.service.ts
FN:20,(anonymous_2)
FN:24,(anonymous_3)
FN:174,(anonymous_4)
FN:224,(anonymous_5)
FN:257,(anonymous_6)
FN:289,(anonymous_7)
FNF:6
FNH:6
FNDA:12,(anonymous_2)
FNDA:8,(anonymous_3)
FNDA:2,(anonymous_4)
FNDA:1,(anonymous_5)
FNDA:4,(anonymous_6)
FNDA:2,(anonymous_7)
DA:1,2
DA:5,2
DA:6,2
DA:19,2
DA:20,12
DA:25,8
DA:48,8
DA:49,1
DA:53,7
DA:54,1
DA:59,6
DA:63,6
DA:64,6
DA:76,6
DA:77,2
DA:80,2
DA:84,6
DA:85,6
DA:97,6
DA:98,0
DA:101,0
DA:106,6
DA:107,6
DA:119,6
DA:120,0
DA:126,6
DA:127,6
DA:139,6
DA:140,0
DA:146,6
DA:147,6
DA:148,6
DA:152,6
DA:153,6
DA:158,6
DA:159,6
DA:161,6
DA:176,2
DA:177,2
DA:178,1
DA:187,1
DA:216,1
DA:217,0
DA:222,1
DA:224,1
DA:225,1
DA:228,1
DA:236,1
DA:245,1
DA:258,4
DA:271,4
DA:272,1
DA:277,3
DA:278,1
DA:287,2
DA:289,2
DA:290,2
DA:292,2
DA:294,1
DA:295,1
DA:296,1
DA:302,1
DA:303,1
DA:304,0
DA:306,1
DA:307,1
DA:310,1
DA:316,2
LF:68
LH:62
BRDA:48,0,0,1
BRDA:53,1,0,1
BRDA:63,2,0,6
BRDA:76,3,0,2
BRDA:77,4,0,2
BRDA:77,4,1,0
BRDA:84,5,0,6
BRDA:97,6,0,0
BRDA:98,7,0,0
BRDA:98,7,1,0
BRDA:106,8,0,6
BRDA:119,9,0,0
BRDA:121,10,0,0
BRDA:121,10,1,0
BRDA:126,11,0,6
BRDA:139,12,0,0
BRDA:141,13,0,0
BRDA:141,13,1,0
BRDA:147,14,0,6
BRDA:152,15,0,6
BRDA:152,16,0,6
BRDA:152,16,1,6
BRDA:158,17,0,6
BRDA:158,17,1,0
BRDA:159,18,0,6
BRDA:159,18,1,0
BRDA:167,19,0,6
BRDA:167,19,1,0
BRDA:167,20,0,6
BRDA:167,20,1,0
BRDA:177,21,0,1
BRDA:216,22,0,0
BRDA:216,23,0,1
BRDA:216,23,1,1
BRDA:271,24,0,1
BRDA:277,25,0,1
BRDA:277,26,0,3
BRDA:277,26,1,3
BRDA:277,26,2,2
BRDA:292,27,0,1
BRDA:303,28,0,0
BRDA:306,29,0,1
BRDA:321,30,0,2
BRDA:321,30,1,1
BRDA:20,31,0,2
BRDA:20,31,1,0
BRDA:20,32,0,2
BRDA:20,32,1,2
BRF:48
BRH:31
end_of_record
TN:
SF:src/modules/scheduling/scheduler-orchestration.controller.ts
FN:44,(anonymous_4)
FN:49,(anonymous_5)
FN:60,(anonymous_6)
FN:71,(anonymous_7)
FN:86,(anonymous_8)
FN:96,(anonymous_9)
FN:109,(anonymous_10)
FN:118,(anonymous_11)
FNF:8
FNH:8
FNDA:7,(anonymous_4)
FNDA:1,(anonymous_5)
FNDA:1,(anonymous_6)
FNDA:1,(anonymous_7)
FNDA:1,(anonymous_8)
FNDA:1,(anonymous_9)
FNDA:1,(anonymous_10)
FNDA:1,(anonymous_11)
DA:1,1
DA:13,1
DA:15,1
DA:18,1
DA:19,1
DA:20,1
DA:21,1
DA:22,1
DA:23,1
DA:25,1
DA:27,1
DA:31,1
DA:37,1
DA:43,1
DA:44,7
DA:49,1
DA:54,1
DA:60,1
DA:66,1
DA:71,1
DA:76,1
DA:86,1
DA:90,1
DA:96,1
DA:103,1
DA:109,1
DA:113,1
DA:118,1
DA:122,1
LF:29
LH:29
BRDA:52,0,0,0
BRDA:52,0,1,1
BRDA:52,1,0,1
BRDA:52,1,1,1
BRDA:74,2,0,0
BRDA:74,2,1,1
BRDA:74,3,0,1
BRDA:74,3,1,1
BRDA:101,4,0,0
BRDA:101,4,1,1
BRDA:101,5,0,1
BRDA:101,5,1,1
BRDA:44,6,0,1
BRDA:44,6,1,0
BRDA:44,7,0,1
BRDA:44,7,1,1
BRF:16
BRH:12
end_of_record
TN:
SF:src/modules/scheduling/scheduler-orchestration.service.ts
FN:41,(anonymous_4)
FN:48,(anonymous_5)
FN:69,(anonymous_6)
FN:85,(anonymous_7)
FN:86,(anonymous_8)
FN:90,(anonymous_9)
FN:111,(anonymous_10)
FN:141,(anonymous_11)
FN:193,(anonymous_12)
FN:312,(anonymous_13)
FN:315,(anonymous_14)
FN:318,(anonymous_15)
FN:331,(anonymous_16)
FN:342,(anonymous_17)
FN:358,(anonymous_18)
FN:373,(anonymous_19)
FN:376,(anonymous_20)
FN:378,(anonymous_21)
FN:385,(anonymous_22)
FN:386,(anonymous_23)
FN:392,(anonymous_24)
FN:393,(anonymous_25)
FN:399,(anonymous_26)
FN:400,(anonymous_27)
FN:415,(anonymous_28)
FN:424,(anonymous_29)
FN:432,(anonymous_30)
FN:435,(anonymous_31)
FN:441,(anonymous_32)
FN:519,(anonymous_33)
FN:582,(anonymous_34)
FN:619,(anonymous_35)
FN:666,(anonymous_36)
FN:674,(anonymous_37)
FN:684,(anonymous_38)
FN:799,(anonymous_39)
FN:805,(anonymous_40)
FN:827,(anonymous_41)
FN:843,(anonymous_42)
FN:877,(anonymous_43)
FN:884,(anonymous_44)
FN:901,(anonymous_45)
FN:935,(anonymous_46)
FN:961,(anonymous_47)
FNF:44
FNH:41
FNDA:30,(anonymous_4)
FNDA:11,(anonymous_5)
FNDA:8,(anonymous_6)
FNDA:7,(anonymous_7)
FNDA:7,(anonymous_8)
FNDA:7,(anonymous_9)
FNDA:7,(anonymous_10)
FNDA:7,(anonymous_11)
FNDA:7,(anonymous_12)
FNDA:6,(anonymous_13)
FNDA:7,(anonymous_14)
FNDA:7,(anonymous_15)
FNDA:3,(anonymous_16)
FNDA:1,(anonymous_17)
FNDA:1,(anonymous_18)
FNDA:1,(anonymous_19)
FNDA:1,(anonymous_20)
FNDA:1,(anonymous_21)
FNDA:1,(anonymous_22)
FNDA:1,(anonymous_23)
FNDA:1,(anonymous_24)
FNDA:1,(anonymous_25)
FNDA:0,(anonymous_26)
FNDA:0,(anonymous_27)
FNDA:1,(anonymous_28)
FNDA:1,(anonymous_29)
FNDA:1,(anonymous_30)
FNDA:1,(anonymous_31)
FNDA:1,(anonymous_32)
FNDA:7,(anonymous_33)
FNDA:0,(anonymous_34)
FNDA:6,(anonymous_35)
FNDA:1,(anonymous_36)
FNDA:2,(anonymous_37)
FNDA:1,(anonymous_38)
FNDA:1,(anonymous_39)
FNDA:3,(anonymous_40)
FNDA:1,(anonymous_41)
FNDA:2,(anonymous_42)
FNDA:1,(anonymous_43)
FNDA:2,(anonymous_44)
FNDA:2,(anonymous_45)
FNDA:2,(anonymous_46)
FNDA:1,(anonymous_47)
DA:1,4
DA:2,4
DA:10,4
DA:27,4
DA:29,4
DA:30,4
DA:38,4
DA:39,30
DA:42,30
DA:43,30
DA:49,11
DA:52,11
DA:65,11
DA:66,3
DA:69,11
DA:72,11
DA:73,8
DA:83,8
DA:85,7
DA:86,7
DA:90,8
DA:92,8
DA:93,8
DA:94,1
DA:100,11
DA:101,8
DA:111,8
DA:113,8
DA:114,8
DA:115,1
DA:121,11
DA:122,8
DA:133,8
DA:141,8
DA:143,8
DA:144,7
DA:145,7
DA:146,0
DA:152,11
DA:169,11
DA:170,3
DA:171,1
DA:172,1
DA:173,1
DA:174,1
DA:176,1
DA:177,1
DA:179,1
DA:180,0
DA:185,11
DA:209,7
DA:312,7
DA:314,6
DA:315,7
DA:318,7
DA:328,2
DA:331,3
DA:342,3
DA:358,3
DA:362,3
DA:372,3
DA:373,1
DA:376,3
DA:378,3
DA:379,1
DA:381,1
DA:385,1
DA:386,1
DA:392,1
DA:393,1
DA:399,0
DA:400,0
DA:415,3
DA:424,3
DA:432,3
DA:435,1
DA:441,3
DA:454,3
DA:455,3
DA:456,7
DA:457,4
DA:459,7
DA:462,3
DA:463,3
DA:464,3
DA:465,4
DA:466,4
DA:467,7
DA:468,3
DA:469,3
DA:470,3
DA:471,3
DA:480,3
DA:484,3
DA:485,3
DA:487,3
DA:504,3
DA:526,7
DA:530,7
DA:531,1
DA:538,6
DA:539,6
DA:540,1
DA:548,5
DA:557,5
DA:558,1
DA:565,4
DA:568,0
DA:569,0
DA:571,0
DA:572,0
DA:576,0
DA:577,0
DA:580,0
DA:582,0
DA:583,0
DA:584,0
DA:601,0
DA:606,0
DA:608,0
DA:625,6
DA:629,6
DA:630,1
DA:636,5
DA:637,1
DA:644,4
DA:649,4
DA:650,1
DA:657,3
DA:658,3
DA:659,3
DA:662,3
DA:663,1
DA:666,1
DA:671,2
DA:672,1
DA:674,2
DA:682,1
DA:684,1
DA:685,1
DA:686,1
DA:689,1
DA:700,1
DA:701,1
DA:702,1
DA:707,1
DA:708,0
DA:716,1
DA:728,1
DA:729,1
DA:731,1
DA:732,0
DA:733,0
DA:738,0
DA:743,1
DA:744,1
DA:749,1
DA:750,0
DA:751,0
DA:754,1
DA:755,1
DA:756,1
DA:757,1
DA:758,1
DA:759,1
DA:762,1
DA:783,1
DA:792,1
DA:795,1
DA:799,1
DA:806,3
DA:811,3
DA:812,1
DA:818,2
DA:819,1
DA:825,1
DA:827,1
DA:828,1
DA:829,1
DA:835,1
DA:844,2
DA:845,2
DA:847,2
DA:876,2
DA:877,1
DA:885,2
DA:889,2
DA:890,1
DA:896,1
DA:902,2
DA:915,2
DA:916,1
DA:922,1
DA:936,2
DA:962,1
LF:195
LH:172
BRDA:65,0,0,3
BRDA:72,1,0,8
BRDA:93,2,0,1
BRDA:93,3,0,8
BRDA:93,3,1,8
BRDA:100,4,0,8
BRDA:114,5,0,1
BRDA:121,6,0,8
BRDA:145,7,0,0
BRDA:173,8,0,0
BRDA:174,9,0,0
BRDA:174,10,0,1
BRDA:174,10,1,1
BRDA:176,11,0,1
BRDA:176,12,0,1
BRDA:176,12,1,1
BRDA:179,13,0,0
BRDA:179,14,0,1
BRDA:179,14,1,1
BRDA:315,15,0,7
BRDA:315,15,1,5
BRDA:362,16,0,1
BRDA:362,16,1,2
BRDA:383,17,0,1
BRDA:383,17,1,0
BRDA:407,18,0,1
BRDA:407,18,1,0
BRDA:408,19,0,1
BRDA:408,19,1,0
BRDA:409,20,0,1
BRDA:409,20,1,0
BRDA:444,21,0,1
BRDA:444,21,1,0
BRDA:445,22,0,1
BRDA:445,22,1,0
BRDA:449,23,0,1
BRDA:449,23,1,0
BRDA:456,24,0,4
BRDA:469,25,0,3
BRDA:480,26,0,3
BRDA:480,26,1,2
BRDA:484,27,0,3
BRDA:484,27,1,2
BRDA:485,28,0,3
BRDA:485,28,1,2
BRDA:488,29,0,3
BRDA:488,29,1,2
BRDA:490,30,0,3
BRDA:490,30,1,2
BRDA:491,31,0,3
BRDA:491,31,1,2
BRDA:492,32,0,3
BRDA:492,32,1,2
BRDA:495,33,0,3
BRDA:495,33,1,2
BRDA:496,34,0,3
BRDA:496,34,1,2
BRDA:497,35,0,3
BRDA:497,35,1,2
BRDA:498,36,0,3
BRDA:498,36,1,2
BRDA:499,37,0,3
BRDA:499,37,1,2
BRDA:530,38,0,1
BRDA:539,39,0,1
BRDA:557,40,0,1
BRDA:568,41,0,0
BRDA:568,42,0,0
BRDA:568,42,1,0
BRDA:571,43,0,0
BRDA:577,44,0,0
BRDA:577,44,1,0
BRDA:592,45,0,0
BRDA:592,45,1,0
BRDA:629,46,0,1
BRDA:636,47,0,1
BRDA:649,48,0,1
BRDA:649,49,0,4
BRDA:649,49,1,3
BRDA:658,50,0,3
BRDA:662,51,0,1
BRDA:671,52,0,1
BRDA:671,53,0,2
BRDA:671,53,1,2
BRDA:702,54,0,1
BRDA:702,54,1,0
BRDA:707,55,0,0
BRDA:732,56,0,0
BRDA:732,56,1,0
BRDA:744,57,0,0
BRDA:749,58,0,0
BRDA:749,58,1,1
BRDA:749,59,0,1
BRDA:749,59,1,0
BRDA:756,60,0,1
BRDA:756,60,1,0
BRDA:757,61,0,0
BRDA:767,62,0,1
BRDA:767,62,1,1
BRDA:768,63,0,1
BRDA:768,63,1,1
BRDA:798,64,0,1
BRDA:798,64,1,0
BRDA:811,65,0,1
BRDA:818,66,0,1
BRDA:889,67,0,1
BRDA:915,68,0,1
BRDA:939,69,0,0
BRDA:939,69,1,2
BRDA:939,70,0,2
BRDA:939,70,1,0
BRDA:943,71,0,0
BRDA:943,71,1,2
BRDA:945,72,0,0
BRDA:945,72,1,2
BRDA:947,73,0,2
BRDA:947,73,1,0
BRDA:951,74,0,2
BRDA:951,74,1,0
BRDA:955,75,0,0
BRDA:955,75,1,2
BRDA:42,76,0,4
BRDA:42,76,1,0
BRDA:42,77,0,4
BRDA:42,77,1,4
BRDA:42,78,0,4
BRDA:42,78,1,0
BRDA:42,79,0,4
BRDA:42,79,1,4
BRF:129
BRH:91
end_of_record
TN:
SF:src/modules/scheduling/scheduler-validation.controller.ts
FN:21,(anonymous_4)
FN:26,(anonymous_5)
FNF:2
FNH:2
FNDA:4,(anonymous_4)
FNDA:3,(anonymous_5)
DA:1,1
DA:11,1
DA:12,1
DA:13,1
DA:14,1
DA:16,1
DA:20,1
DA:21,4
DA:26,1
DA:30,3
LF:10
LH:10
BRDA:21,0,0,1
BRDA:21,0,1,0
BRDA:21,1,0,1
BRDA:21,1,1,1
BRF:4
BRH:3
end_of_record
TN:
SF:src/modules/scheduling/scheduler-validation.service.ts
FN:12,(anonymous_2)
FN:19,(anonymous_3)
FN:73,(anonymous_4)
FN:126,(anonymous_5)
FN:130,(anonymous_6)
FNF:5
FNH:5
FNDA:13,(anonymous_2)
FNDA:7,(anonymous_3)
FNDA:6,(anonymous_4)
FNDA:5,(anonymous_5)
FNDA:17,(anonymous_6)
DA:1,2
DA:4,2
DA:6,2
DA:8,2
DA:11,2
DA:13,13
DA:14,13
DA:20,7
DA:24,7
DA:25,1
DA:31,6
DA:32,1
DA:38,5
DA:43,5
DA:44,1
DA:52,4
DA:53,3
DA:55,1
DA:59,4
DA:63,4
DA:64,4
DA:65,1
DA:68,4
DA:78,6
DA:82,6
DA:83,1
DA:89,5
DA:94,5
DA:95,1
DA:103,4
DA:104,4
DA:106,0
DA:110,4
DA:113,4
DA:115,4
DA:117,4
DA:130,5
DA:131,17
DA:133,5
DA:134,5
DA:135,7
DA:138,5
DA:139,6
DA:140,6
DA:142,6
DA:143,1
DA:148,1
DA:149,1
DA:150,1
DA:151,1
DA:157,1
DA:162,5
DA:163,1
DA:164,1
DA:165,1
DA:170,1
DA:175,1
DA:176,1
DA:177,1
DA:178,1
DA:179,1
DA:180,1
DA:181,1
DA:182,1
DA:183,1
DA:185,4
DA:186,1
DA:191,1
DA:192,3
DA:193,3
DA:198,3
DA:199,3
DA:200,3
DA:208,5
LF:74
LH:73
BRDA:24,0,0,1
BRDA:31,1,0,1
BRDA:43,2,0,1
BRDA:43,3,0,5
BRDA:43,3,1,4
BRDA:52,4,0,3
BRDA:52,4,1,1
BRDA:52,5,0,4
BRDA:52,5,1,3
BRDA:59,6,0,1
BRDA:59,6,1,3
BRDA:64,7,0,1
BRDA:82,8,0,1
BRDA:94,9,0,1
BRDA:94,10,0,5
BRDA:94,10,1,4
BRDA:103,11,0,4
BRDA:103,11,1,0
BRDA:103,12,0,4
BRDA:103,12,1,4
BRDA:110,13,0,1
BRDA:110,13,1,3
BRDA:142,14,0,1
BRDA:142,14,1,5
BRDA:149,15,0,1
BRDA:155,16,0,1
BRDA:155,16,1,1
BRDA:162,17,0,1
BRDA:162,17,1,4
BRDA:177,18,0,1
BRDA:177,19,0,1
BRDA:177,19,1,1
BRDA:185,20,0,1
BRDA:185,20,1,3
BRDA:192,21,0,3
BRDA:199,22,0,3
BRDA:13,23,0,2
BRDA:13,23,1,0
BRDA:13,24,0,2
BRDA:13,24,1,2
BRDA:13,25,0,2
BRDA:13,25,1,0
BRDA:13,26,0,2
BRDA:13,26,1,2
BRF:44
BRH:41
end_of_record
TN:
SF:src/modules/scheduling/scheduling-analytics.service.ts
FN:26,(anonymous_2)
FN:30,(anonymous_3)
FN:99,(anonymous_4)
FN:126,(anonymous_5)
FN:156,(anonymous_6)
FN:217,(anonymous_7)
FN:225,(anonymous_8)
FN:232,(anonymous_9)
FN:272,(anonymous_10)
FN:286,(anonymous_11)
FN:293,(anonymous_12)
FN:312,(anonymous_13)
FNF:12
FNH:10
FNDA:14,(anonymous_2)
FNDA:6,(anonymous_3)
FNDA:1,(anonymous_4)
FNDA:1,(anonymous_5)
FNDA:4,(anonymous_6)
FNDA:4,(anonymous_7)
FNDA:1,(anonymous_8)
FNDA:4,(anonymous_9)
FNDA:5,(anonymous_10)
FNDA:2,(anonymous_11)
FNDA:0,(anonymous_12)
FNDA:0,(anonymous_13)
DA:1,2
DA:5,2
DA:25,2
DA:26,14
DA:32,6
DA:88,6
DA:89,6
DA:90,15
DA:91,10
DA:98,6
DA:99,1
DA:102,6
DA:103,6
DA:104,6
DA:105,1
DA:106,1
DA:107,1
DA:108,1
DA:113,6
DA:116,6
DA:117,6
DA:118,15
DA:119,5
DA:123,6
DA:124,6
DA:125,6
DA:126,6
DA:128,6
DA:133,6
DA:136,6
DA:138,6
DA:142,6
DA:160,4
DA:178,4
DA:179,4
DA:181,4
DA:186,4
DA:187,4
DA:188,3
DA:191,4
DA:196,4
DA:197,8
DA:199,8
DA:200,8
DA:204,8
DA:205,4
DA:207,4
DA:209,4
DA:217,4
DA:225,4
DA:227,4
DA:236,4
DA:263,4
DA:265,4
DA:266,4
DA:267,21
DA:268,21
DA:272,4
DA:273,5
DA:274,5
DA:276,5
DA:286,4
DA:288,4
DA:294,0
DA:299,0
DA:313,0
DA:335,0
DA:338,0
DA:340,0
DA:344,0
LF:70
LH:63
BRDA:90,0,0,10
BRDA:93,1,0,10
BRDA:93,1,1,1
BRDA:106,2,0,1
BRDA:113,3,0,1
BRDA:113,3,1,5
BRDA:118,4,0,5
BRDA:119,5,0,5
BRDA:119,5,1,1
BRDA:128,6,0,1
BRDA:128,6,1,5
BRDA:133,7,0,1
BRDA:133,7,1,5
BRDA:136,8,0,1
BRDA:136,8,1,5
BRDA:138,9,0,1
BRDA:138,9,1,5
BRDA:138,10,0,6
BRDA:138,10,1,1
BRDA:138,10,2,1
BRDA:147,11,0,6
BRDA:147,11,1,5
BRDA:188,12,0,3
BRDA:188,12,1,1
BRDA:197,13,0,0
BRDA:200,14,0,8
BRDA:200,14,1,0
BRDA:204,15,0,4
BRDA:204,15,1,4
BRDA:206,16,0,4
BRDA:206,16,1,3
BRDA:222,17,0,4
BRDA:222,17,1,3
BRDA:267,18,0,21
BRDA:268,19,0,21
BRDA:268,19,1,4
BRDA:273,20,0,5
BRDA:273,20,1,1
BRDA:274,21,0,4
BRDA:274,21,1,1
BRDA:304,22,0,0
BRDA:304,22,1,0
BRDA:304,23,0,0
BRDA:304,23,1,0
BRDA:335,24,0,0
BRDA:335,24,1,0
BRDA:338,25,0,0
BRDA:338,25,1,0
BRDA:340,26,0,0
BRDA:340,26,1,0
BRDA:340,27,0,0
BRDA:340,27,1,0
BRDA:340,27,2,0
BRDA:347,28,0,0
BRDA:347,28,1,0
BRDA:26,29,0,2
BRDA:26,29,1,0
BRDA:26,30,0,2
BRDA:26,30,1,2
BRF:59
BRH:41
end_of_record
TN:
SF:src/modules/scheduling/scheduling-enhanced.controller.ts
FN:67,(anonymous_4)
FN:84,(anonymous_5)
FN:94,(anonymous_6)
FN:104,(anonymous_7)
FN:113,(anonymous_8)
FN:130,(anonymous_9)
FN:147,(anonymous_10)
FN:158,(anonymous_11)
FN:168,(anonymous_12)
FN:176,(anonymous_13)
FN:186,(anonymous_14)
FN:196,(anonymous_15)
FN:209,(anonymous_16)
FN:219,(anonymous_17)
FN:230,(anonymous_18)
FN:242,(anonymous_19)
FN:252,(anonymous_20)
FN:267,(anonymous_21)
FN:278,(anonymous_22)
FN:289,(anonymous_23)
FN:299,(anonymous_24)
FN:316,(anonymous_25)
FN:326,(anonymous_26)
FN:337,(anonymous_27)
FN:347,(anonymous_28)
FN:364,(anonymous_29)
FN:374,(anonymous_30)
FN:384,(anonymous_31)
FN:394,(anonymous_32)
FN:406,(anonymous_33)
FN:416,(anonymous_34)
FN:427,(anonymous_35)
FN:437,(anonymous_36)
FN:447,(anonymous_37)
FN:459,(anonymous_38)
FN:469,(anonymous_39)
FN:478,(anonymous_40)
FN:488,(anonymous_41)
FN:499,(anonymous_42)
FN:509,(anonymous_43)
FN:519,(anonymous_44)
FN:530,(anonymous_45)
FN:540,(anonymous_46)
FN:550,(anonymous_47)
FN:560,(anonymous_48)
FNF:45
FNH:10
FNDA:9,(anonymous_4)
FNDA:1,(anonymous_5)
FNDA:0,(anonymous_6)
FNDA:0,(anonymous_7)
FNDA:0,(anonymous_8)
FNDA:0,(anonymous_9)
FNDA:0,(anonymous_10)
FNDA:0,(anonymous_11)
FNDA:1,(anonymous_12)
FNDA:1,(anonymous_13)
FNDA:0,(anonymous_14)
FNDA:0,(anonymous_15)
FNDA:1,(anonymous_16)
FNDA:0,(anonymous_17)
FNDA:0,(anonymous_18)
FNDA:1,(anonymous_19)
FNDA:0,(anonymous_20)
FNDA:0,(anonymous_21)
FNDA:0,(anonymous_22)
FNDA:0,(anonymous_23)
FNDA:0,(anonymous_24)
FNDA:0,(anonymous_25)
FNDA:0,(anonymous_26)
FNDA:0,(anonymous_27)
FNDA:0,(anonymous_28)
FNDA:1,(anonymous_29)
FNDA:0,(anonymous_30)
FNDA:0,(anonymous_31)
FNDA:0,(anonymous_32)
FNDA:0,(anonymous_33)
FNDA:0,(anonymous_34)
FNDA:0,(anonymous_35)
FNDA:0,(anonymous_36)
FNDA:0,(anonymous_37)
FNDA:1,(anonymous_38)
FNDA:0,(anonymous_39)
FNDA:0,(anonymous_40)
FNDA:0,(anonymous_41)
FNDA:0,(anonymous_42)
FNDA:0,(anonymous_43)
FNDA:0,(anonymous_44)
FNDA:1,(anonymous_45)
FNDA:0,(anonymous_46)
FNDA:1,(anonymous_47)
FNDA:0,(anonymous_48)
DA:1,1
DA:15,1
DA:18,1
DA:42,1
DA:43,1
DA:44,1
DA:45,1
DA:46,1
DA:47,1
DA:49,1
DA:50,1
DA:51,1
DA:52,1
DA:53,1
DA:54,1
DA:55,1
DA:56,1
DA:57,1
DA:59,1
DA:66,1
DA:68,9
DA:69,9
DA:70,9
DA:71,9
DA:72,9
DA:73,9
DA:74,9
DA:75,9
DA:76,9
DA:84,1
DA:89,1
DA:94,1
DA:98,0
DA:104,1
DA:108,0
DA:113,1
DA:121,0
DA:130,1
DA:137,0
DA:147,1
DA:153,0
DA:158,1
DA:163,0
DA:168,1
DA:169,1
DA:176,1
DA:181,1
DA:186,1
DA:191,0
DA:196,1
DA:201,0
DA:209,1
DA:213,1
DA:219,1
DA:224,0
DA:230,1
DA:235,0
DA:242,1
DA:247,1
DA:252,1
DA:258,0
DA:267,1
DA:272,0
DA:278,1
DA:284,0
DA:289,1
DA:293,0
DA:299,1
DA:304,0
DA:316,1
DA:321,0
DA:326,1
DA:331,0
DA:337,1
DA:342,0
DA:347,1
DA:352,0
DA:364,1
DA:369,1
DA:374,1
DA:379,0
DA:384,1
DA:388,0
DA:394,1
DA:400,0
DA:406,1
DA:410,0
DA:416,1
DA:421,0
DA:427,1
DA:431,0
DA:437,1
DA:441,0
DA:447,1
DA:451,0
DA:459,1
DA:464,1
DA:469,1
DA:473,0
DA:478,1
DA:482,0
DA:488,1
DA:493,0
DA:499,1
DA:503,0
DA:509,1
DA:513,0
DA:519,1
DA:523,0
DA:530,1
DA:535,1
DA:540,1
DA:545,0
DA:550,1
DA:555,1
DA:560,1
DA:565,0
LF:117
LH:82
BRDA:87,0,0,0
BRDA:87,0,1,1
BRDA:87,1,0,1
BRDA:87,1,1,1
BRDA:96,2,0,0
BRDA:96,2,1,1
BRDA:96,3,0,1
BRDA:96,3,1,1
BRDA:151,4,0,0
BRDA:151,4,1,1
BRDA:151,5,0,1
BRDA:151,5,1,1
BRDA:161,6,0,0
BRDA:161,6,1,1
BRDA:161,7,0,1
BRDA:161,7,1,1
BRDA:179,8,0,0
BRDA:179,8,1,1
BRDA:179,9,0,1
BRDA:179,9,1,1
BRDA:189,10,0,0
BRDA:189,10,1,1
BRDA:189,11,0,1
BRDA:189,11,1,1
BRDA:199,12,0,0
BRDA:199,12,1,1
BRDA:199,13,0,1
BRDA:199,13,1,1
BRDA:211,14,0,0
BRDA:211,14,1,1
BRDA:211,15,0,1
BRDA:211,15,1,1
BRDA:222,16,0,0
BRDA:222,16,1,1
BRDA:222,17,0,1
BRDA:222,17,1,1
BRDA:233,18,0,0
BRDA:233,18,1,1
BRDA:233,19,0,1
BRDA:233,19,1,1
BRDA:245,20,0,0
BRDA:245,20,1,1
BRDA:245,21,0,1
BRDA:245,21,1,1
BRDA:255,22,0,0
BRDA:255,22,1,1
BRDA:255,23,0,1
BRDA:255,23,1,1
BRDA:270,24,0,0
BRDA:270,24,1,1
BRDA:270,25,0,1
BRDA:270,25,1,1
BRDA:282,26,0,0
BRDA:282,26,1,1
BRDA:282,27,0,1
BRDA:282,27,1,1
BRDA:319,28,0,0
BRDA:319,28,1,1
BRDA:319,29,0,1
BRDA:319,29,1,1
BRDA:350,30,0,0
BRDA:350,30,1,1
BRDA:350,31,0,1
BRDA:350,31,1,1
BRDA:367,32,0,0
BRDA:367,32,1,1
BRDA:367,33,0,1
BRDA:367,33,1,1
BRDA:377,34,0,0
BRDA:377,34,1,1
BRDA:377,35,0,1
BRDA:377,35,1,1
BRDA:398,36,0,0
BRDA:398,36,1,1
BRDA:398,37,0,1
BRDA:398,37,1,1
BRDA:419,38,0,0
BRDA:419,38,1,1
BRDA:419,39,0,1
BRDA:419,39,1,1
BRDA:462,40,0,0
BRDA:462,40,1,1
BRDA:462,41,0,1
BRDA:462,41,1,1
BRDA:471,42,0,0
BRDA:471,42,1,1
BRDA:471,43,0,1
BRDA:471,43,1,1
BRDA:491,44,0,0
BRDA:491,44,1,1
BRDA:491,45,0,1
BRDA:491,45,1,1
BRDA:521,46,0,0
BRDA:521,46,1,1
BRDA:521,47,0,1
BRDA:521,47,1,1
BRDA:533,48,0,0
BRDA:533,48,1,1
BRDA:533,49,0,1
BRDA:533,49,1,1
BRDA:543,50,0,0
BRDA:543,50,1,1
BRDA:543,51,0,1
BRDA:543,51,1,1
BRDA:553,52,0,0
BRDA:553,52,1,1
BRDA:553,53,0,1
BRDA:553,53,1,1
BRDA:563,54,0,0
BRDA:563,54,1,1
BRDA:563,55,0,1
BRDA:563,55,1,1
BRDA:68,56,0,1
BRDA:68,56,1,0
BRDA:68,57,0,1
BRDA:68,57,1,1
BRDA:68,58,0,1
BRDA:68,58,1,0
BRDA:68,59,0,1
BRDA:68,59,1,1
BRDA:69,60,0,1
BRDA:69,60,1,0
BRDA:69,61,0,1
BRDA:69,61,1,1
BRDA:70,62,0,1
BRDA:70,62,1,0
BRDA:70,63,0,1
BRDA:70,63,1,1
BRDA:71,64,0,1
BRDA:71,64,1,0
BRDA:71,65,0,1
BRDA:71,65,1,1
BRDA:72,66,0,1
BRDA:72,66,1,0
BRDA:72,67,0,1
BRDA:72,67,1,1
BRDA:73,68,0,1
BRDA:73,68,1,0
BRDA:73,69,0,1
BRDA:73,69,1,1
BRDA:74,70,0,1
BRDA:74,70,1,0
BRDA:74,71,0,1
BRDA:74,71,1,1
BRDA:75,72,0,1
BRDA:75,72,1,0
BRDA:75,73,0,1
BRDA:75,73,1,1
BRF:148
BRH:111
end_of_record
TN:
SF:src/modules/scheduling/scheduling-public.controller.ts
FN:18,(anonymous_4)
FN:23,(anonymous_5)
FNF:2
FNH:2
FNDA:3,(anonymous_4)
FNDA:3,(anonymous_5)
DA:1,1
DA:9,1
DA:17,1
DA:19,3
DA:23,1
DA:28,3
DA:33,2
DA:34,2
DA:35,2
DA:36,2
LF:10
LH:10
BRDA:19,0,0,1
BRDA:19,0,1,0
BRDA:19,1,0,1
BRDA:19,1,1,1
BRF:4
BRH:3
end_of_record
TN:
SF:src/modules/scheduling/substitution.service.ts
FN:30,(anonymous_2)
FN:34,(anonymous_3)
FN:65,(anonymous_4)
FN:93,(anonymous_5)
FN:132,(anonymous_6)
FN:132,(anonymous_7)
FN:212,(anonymous_8)
FN:219,(anonymous_9)
FN:255,(anonymous_10)
FN:283,(anonymous_11)
FN:325,(anonymous_12)
FN:336,(anonymous_13)
FN:350,(anonymous_14)
FN:396,(anonymous_15)
FN:416,(anonymous_16)
FN:456,(anonymous_17)
FN:459,(anonymous_18)
FN:462,(anonymous_19)
FN:468,(anonymous_20)
FN:490,(anonymous_21)
FN:504,(anonymous_22)
FN:521,(anonymous_23)
FNF:22
FNH:22
FNDA:25,(anonymous_2)
FNDA:4,(anonymous_3)
FNDA:2,(anonymous_4)
FNDA:5,(anonymous_5)
FNDA:1,(anonymous_6)
FNDA:1,(anonymous_7)
FNDA:2,(anonymous_8)
FNDA:3,(anonymous_9)
FNDA:1,(anonymous_10)
FNDA:3,(anonymous_11)
FNDA:1,(anonymous_12)
FNDA:1,(anonymous_13)
FNDA:4,(anonymous_14)
FNDA:1,(anonymous_15)
FNDA:3,(anonymous_16)
FNDA:3,(anonymous_17)
FNDA:3,(anonymous_18)
FNDA:3,(anonymous_19)
FNDA:1,(anonymous_20)
FNDA:3,(anonymous_21)
FNDA:3,(anonymous_22)
FNDA:1,(anonymous_23)
DA:1,2
DA:15,2
DA:16,2
DA:29,2
DA:30,25
DA:36,4
DA:40,4
DA:41,1
DA:47,3
DA:54,3
DA:55,1
DA:63,2
DA:65,2
DA:66,2
DA:67,2
DA:82,2
DA:99,5
DA:105,5
DA:106,1
DA:111,4
DA:112,4
DA:113,4
DA:114,4
DA:115,4
DA:118,4
DA:131,4
DA:132,1
DA:136,4
DA:146,4
DA:158,4
DA:159,4
DA:160,1
DA:161,1
DA:162,1
DA:167,4
DA:168,4
DA:170,4
DA:178,4
DA:179,4
DA:180,5
DA:183,4
DA:185,4
DA:186,8
DA:188,7
DA:190,6
DA:191,6
DA:192,6
DA:193,6
DA:194,6
DA:196,6
DA:197,6
DA:198,6
DA:199,6
DA:201,6
DA:212,4
DA:214,4
DA:221,3
DA:225,3
DA:226,1
DA:232,2
DA:236,2
DA:237,0
DA:243,2
DA:247,2
DA:248,1
DA:253,1
DA:255,1
DA:256,1
DA:257,1
DA:271,1
DA:284,3
DA:290,3
DA:292,3
DA:293,1
DA:295,3
DA:296,1
DA:297,1
DA:298,1
DA:301,3
DA:324,3
DA:325,1
DA:336,1
DA:351,4
DA:358,4
DA:360,4
DA:361,1
DA:363,4
DA:364,1
DA:366,4
DA:367,1
DA:368,1
DA:369,1
DA:372,4
DA:395,4
DA:396,1
DA:417,3
DA:418,3
DA:420,3
DA:421,3
DA:423,3
DA:453,3
DA:455,3
DA:456,3
DA:458,3
DA:459,3
DA:462,3
DA:468,1
DA:481,3
DA:491,3
DA:495,3
DA:496,1
DA:505,3
DA:507,2
DA:511,2
DA:512,1
DA:520,1
DA:521,1
DA:522,1
DA:523,1
DA:526,1
LF:120
LH:119
BRDA:40,0,0,1
BRDA:54,1,0,1
BRDA:72,2,0,2
BRDA:72,2,1,0
BRDA:73,3,0,2
BRDA:73,3,1,2
BRDA:74,4,0,2
BRDA:74,4,1,2
BRDA:75,5,0,2
BRDA:75,5,1,2
BRDA:86,6,0,2
BRDA:86,6,1,0
BRDA:105,7,0,1
BRDA:113,8,0,4
BRDA:113,8,1,0
BRDA:114,9,0,4
BRDA:114,9,1,0
BRDA:115,10,0,4
BRDA:115,10,1,0
BRDA:146,11,0,4
BRDA:146,11,1,0
BRDA:146,12,0,4
BRDA:146,12,1,0
BRDA:151,13,0,4
BRDA:151,13,1,0
BRDA:152,14,0,4
BRDA:152,14,1,0
BRDA:161,15,0,1
BRDA:161,16,0,1
BRDA:161,16,1,0
BRDA:180,17,0,5
BRDA:180,17,1,1
BRDA:186,18,0,1
BRDA:188,19,0,1
BRDA:192,20,0,6
BRDA:192,20,1,0
BRDA:193,21,0,6
BRDA:193,21,1,5
BRDA:194,22,0,6
BRDA:194,22,1,5
BRDA:197,23,0,1
BRDA:198,24,0,0
BRDA:225,25,0,1
BRDA:236,26,0,0
BRDA:247,27,0,1
BRDA:266,28,0,1
BRDA:266,28,1,1
BRDA:292,29,0,1
BRDA:295,30,0,1
BRDA:295,31,0,3
BRDA:295,31,1,2
BRDA:297,32,0,1
BRDA:298,33,0,1
BRDA:360,34,0,1
BRDA:363,35,0,1
BRDA:366,36,0,1
BRDA:366,37,0,4
BRDA:366,37,1,3
BRDA:368,38,0,1
BRDA:369,39,0,1
BRDA:407,40,0,1
BRDA:407,40,1,1
BRDA:475,41,0,1
BRDA:475,41,1,0
BRDA:476,42,0,1
BRDA:476,42,1,0
BRDA:477,43,0,1
BRDA:477,43,1,0
BRDA:495,44,0,1
BRDA:511,45,0,1
BRDA:30,46,0,2
BRDA:30,46,1,0
BRDA:30,47,0,2
BRDA:30,47,1,2
BRF:74
BRH:57
end_of_record
TN:
SF:src/modules/scheduling/teacher-competencies.controller.ts
FN:58,(anonymous_4)
FN:62,(anonymous_5)
FN:72,(anonymous_6)
FN:82,(anonymous_7)
FN:93,(anonymous_8)
FN:109,(anonymous_9)
FN:120,(anonymous_10)
FN:130,(anonymous_11)
FN:141,(anonymous_12)
FN:151,(anonymous_13)
FN:166,(anonymous_14)
FN:180,(anonymous_15)
FNF:12
FNH:8
FNDA:7,(anonymous_4)
FNDA:1,(anonymous_5)
FNDA:0,(anonymous_6)
FNDA:1,(anonymous_7)
FNDA:1,(anonymous_8)
FNDA:1,(anonymous_9)
FNDA:0,(anonymous_10)
FNDA:0,(anonymous_11)
FNDA:1,(anonymous_12)
FNDA:1,(anonymous_13)
FNDA:1,(anonymous_14)
FNDA:0,(anonymous_15)
DA:1,1
DA:15,1
DA:17,1
DA:28,1
DA:29,1
DA:30,1
DA:31,1
DA:32,1
DA:34,1
DA:36,1
DA:40,1
DA:46,1
DA:50,1
DA:57,1
DA:58,7
DA:62,1
DA:67,1
DA:72,1
DA:77,0
DA:82,1
DA:88,1
DA:93,1
DA:98,1
DA:109,1
DA:114,1
DA:120,1
DA:125,0
DA:130,1
DA:135,0
DA:141,1
DA:145,1
DA:151,1
DA:157,1
DA:166,1
DA:171,1
DA:180,1
DA:185,0
LF:37
LH:33
BRDA:65,0,0,0
BRDA:65,0,1,1
BRDA:65,1,0,1
BRDA:65,1,1,1
BRDA:75,2,0,0
BRDA:75,2,1,1
BRDA:75,3,0,1
BRDA:75,3,1,1
BRDA:86,4,0,0
BRDA:86,4,1,1
BRDA:86,5,0,1
BRDA:86,5,1,1
BRDA:96,6,0,0
BRDA:96,6,1,1
BRDA:96,7,0,1
BRDA:96,7,1,1
BRDA:155,8,0,0
BRDA:155,8,1,1
BRDA:155,9,0,1
BRDA:155,9,1,1
BRDA:169,10,0,0
BRDA:169,10,1,1
BRDA:169,11,0,1
BRDA:169,11,1,1
BRDA:58,12,0,1
BRDA:58,12,1,0
BRDA:58,13,0,1
BRDA:58,13,1,1
BRF:28
BRH:21
end_of_record
TN:
SF:src/modules/scheduling/teacher-competencies.service.ts
FN:25,(anonymous_2)
FN:29,(anonymous_3)
FN:40,(anonymous_4)
FN:56,(anonymous_5)
FN:72,(anonymous_6)
FN:94,(anonymous_7)
FN:105,(anonymous_8)
FN:125,(anonymous_9)
FN:140,(anonymous_10)
FN:167,(anonymous_11)
FN:182,(anonymous_12)
FN:192,(anonymous_13)
FN:195,(anonymous_14)
FN:211,(anonymous_15)
FN:249,(anonymous_16)
FN:275,(anonymous_17)
FN:277,(anonymous_18)
FN:297,(anonymous_19)
FN:304,(anonymous_20)
FN:345,(anonymous_21)
FN:371,(anonymous_22)
FN:441,(anonymous_23)
FN:442,(anonymous_24)
FN:444,(anonymous_25)
FN:480,(anonymous_26)
FNF:25
FNH:18
FNDA:28,(anonymous_2)
FNDA:2,(anonymous_3)
FNDA:2,(anonymous_4)
FNDA:1,(anonymous_5)
FNDA:1,(anonymous_6)
FNDA:3,(anonymous_7)
FNDA:1,(anonymous_8)
FNDA:2,(anonymous_9)
FNDA:1,(anonymous_10)
FNDA:2,(anonymous_11)
FNDA:1,(anonymous_12)
FNDA:2,(anonymous_13)
FNDA:2,(anonymous_14)
FNDA:4,(anonymous_15)
FNDA:1,(anonymous_16)
FNDA:1,(anonymous_17)
FNDA:1,(anonymous_18)
FNDA:0,(anonymous_19)
FNDA:0,(anonymous_20)
FNDA:0,(anonymous_21)
FNDA:0,(anonymous_22)
FNDA:0,(anonymous_23)
FNDA:0,(anonymous_24)
FNDA:0,(anonymous_25)
FNDA:3,(anonymous_26)
DA:1,2
DA:9,2
DA:10,2
DA:12,2
DA:24,2
DA:25,28
DA:30,2
DA:35,2
DA:41,2
DA:44,2
DA:45,1
DA:47,1
DA:57,1
DA:67,1
DA:78,1
DA:89,1
DA:95,3
DA:103,1
DA:105,1
DA:106,1
DA:107,1
DA:120,1
DA:127,2
DA:131,2
DA:132,1
DA:138,1
DA:140,1
DA:141,1
DA:143,1
DA:144,1
DA:145,1
DA:156,1
DA:159,1
DA:162,1
DA:168,2
DA:173,2
DA:174,1
DA:180,1
DA:182,1
DA:183,1
DA:184,1
DA:187,1
DA:193,2
DA:195,2
DA:196,2
DA:197,2
DA:206,2
DA:212,4
DA:223,4
DA:224,1
DA:229,3
DA:230,1
DA:236,2
DA:240,2
DA:241,1
DA:247,1
DA:249,1
DA:250,1
DA:252,1
DA:253,1
DA:254,1
DA:264,1
DA:267,1
DA:270,1
DA:277,1
DA:279,1
DA:288,1
DA:289,1
DA:295,0
DA:297,0
DA:298,0
DA:299,0
DA:300,0
DA:302,0
DA:303,0
DA:304,0
DA:306,0
DA:308,0
DA:319,0
DA:320,0
DA:322,0
DA:332,0
DA:337,0
DA:340,0
DA:347,0
DA:354,0
DA:362,0
DA:363,0
DA:364,0
DA:365,0
DA:366,0
DA:367,0
DA:371,0
DA:373,0
DA:381,0
DA:382,0
DA:383,0
DA:384,0
DA:385,0
DA:386,0
DA:387,0
DA:393,0
DA:408,0
DA:409,0
DA:410,0
DA:411,0
DA:412,0
DA:415,0
DA:416,0
DA:420,0
DA:421,0
DA:422,0
DA:426,0
DA:435,0
DA:436,0
DA:437,0
DA:438,0
DA:440,0
DA:441,0
DA:443,0
DA:444,0
DA:445,0
DA:446,0
DA:447,0
DA:454,0
DA:455,0
DA:456,0
DA:457,0
DA:458,0
DA:459,0
DA:461,0
DA:468,0
DA:471,0
DA:487,3
DA:506,3
DA:507,1
DA:512,2
DA:513,1
DA:518,1
DA:519,0
DA:524,1
DA:525,0
LF:142
LH:75
BRDA:44,0,0,1
BRDA:131,1,0,1
BRDA:173,2,0,1
BRDA:223,3,0,1
BRDA:229,4,0,1
BRDA:240,5,0,1
BRDA:288,6,0,1
BRDA:319,7,0,0
BRDA:319,7,1,0
BRDA:364,8,0,0
BRDA:365,9,0,0
BRDA:365,9,1,0
BRDA:373,10,0,0
BRDA:373,10,1,0
BRDA:384,11,0,0
BRDA:385,12,0,0
BRDA:385,12,1,0
BRDA:411,13,0,0
BRDA:411,13,1,0
BRDA:412,14,0,0
BRDA:412,14,1,0
BRDA:426,15,0,0
BRDA:426,15,1,0
BRDA:443,16,0,0
BRDA:443,16,1,0
BRDA:446,17,0,0
BRDA:455,18,0,0
BRDA:455,18,1,0
BRDA:457,19,0,0
BRDA:457,19,1,0
BRDA:458,20,0,0
BRDA:458,20,1,0
BRDA:506,21,0,1
BRDA:512,22,0,1
BRDA:518,23,0,0
BRDA:524,24,0,0
BRDA:25,25,0,2
BRDA:25,25,1,0
BRDA:25,26,0,2
BRDA:25,26,1,2
BRF:40
BRH:12
end_of_record
TN:
SF:src/modules/scheduling/teacher-scheduling-config.controller.ts
FN:40,(anonymous_4)
FN:44,(anonymous_5)
FN:54,(anonymous_6)
FN:65,(anonymous_7)
FN:74,(anonymous_8)
FNF:5
FNH:5
FNDA:4,(anonymous_4)
FNDA:1,(anonymous_5)
FNDA:1,(anonymous_6)
FNDA:1,(anonymous_7)
FNDA:1,(anonymous_8)
DA:1,1
DA:15,1
DA:17,1
DA:20,1
DA:21,1
DA:22,1
DA:23,1
DA:24,1
DA:26,1
DA:28,1
DA:32,1
DA:39,1
DA:40,4
DA:44,1
DA:49,1
DA:54,1
DA:59,1
DA:65,1
DA:69,1
DA:74,1
DA:79,1
LF:21
LH:21
BRDA:47,0,0,0
BRDA:47,0,1,1
BRDA:47,1,0,1
BRDA:47,1,1,1
BRDA:77,2,0,0
BRDA:77,2,1,1
BRDA:77,3,0,1
BRDA:77,3,1,1
BRDA:40,4,0,1
BRDA:40,4,1,0
BRDA:40,5,0,1
BRDA:40,5,1,1
BRF:12
BRH:9
end_of_record
TN:
SF:src/modules/scheduling/teacher-scheduling-config.service.ts
FN:19,(anonymous_2)
FN:23,(anonymous_3)
FN:35,(anonymous_4)
FN:62,(anonymous_5)
FN:105,(anonymous_6)
FN:120,(anonymous_7)
FN:130,(anonymous_8)
FN:168,(anonymous_9)
FNF:8
FNH:8
FNDA:12,(anonymous_2)
FNDA:2,(anonymous_3)
FNDA:4,(anonymous_4)
FNDA:2,(anonymous_5)
FNDA:2,(anonymous_6)
FNDA:1,(anonymous_7)
FNDA:4,(anonymous_8)
FNDA:1,(anonymous_9)
DA:1,2
DA:5,2
DA:6,2
DA:8,2
DA:18,2
DA:19,12
DA:24,2
DA:30,2
DA:37,4
DA:41,4
DA:42,1
DA:49,3
DA:53,3
DA:54,1
DA:60,2
DA:62,2
DA:63,2
DA:66,2
DA:75,2
DA:76,1
DA:87,1
DA:100,2
DA:106,2
DA:111,2
DA:112,1
DA:118,1
DA:120,1
DA:121,1
DA:122,1
DA:125,1
DA:131,4
DA:142,4
DA:143,1
DA:148,3
DA:149,1
DA:155,2
DA:159,2
DA:160,1
DA:166,1
DA:168,1
DA:169,1
DA:171,1
DA:172,1
DA:173,1
DA:183,1
DA:186,1
DA:189,1
LF:47
LH:47
BRDA:41,0,0,1
BRDA:53,1,0,1
BRDA:75,2,0,1
BRDA:79,3,0,1
BRDA:79,3,1,0
BRDA:80,4,0,1
BRDA:80,4,1,0
BRDA:81,5,0,1
BRDA:81,5,1,0
BRDA:92,6,0,1
BRDA:92,6,1,0
BRDA:93,7,0,1
BRDA:93,7,1,0
BRDA:94,8,0,1
BRDA:94,8,1,0
BRDA:111,9,0,1
BRDA:142,10,0,1
BRDA:148,11,0,1
BRDA:159,12,0,1
BRDA:19,13,0,2
BRDA:19,13,1,0
BRDA:19,14,0,2
BRDA:19,14,1,2
BRF:23
BRH:16
end_of_record
TN:
SF:src/modules/scheduling-runs/scheduling-apply.service.ts
FN:16,(anonymous_2)
FN:21,(anonymous_3)
FN:26,(anonymous_4)
FN:105,(anonymous_5)
FN:180,(anonymous_6)
FN:185,(anonymous_7)
FN:187,(anonymous_8)
FN:299,(anonymous_9)
FNF:8
FNH:8
FNDA:9,(anonymous_2)
FNDA:9,(anonymous_3)
FNDA:9,(anonymous_4)
FNDA:4,(anonymous_5)
FNDA:4,(anonymous_6)
FNDA:3,(anonymous_7)
FNDA:4,(anonymous_8)
FNDA:4,(anonymous_9)
DA:1,2
DA:10,2
DA:11,2
DA:12,2
DA:15,2
DA:17,9
DA:18,9
DA:24,9
DA:26,9
DA:27,9
DA:31,9
DA:35,9
DA:36,1
DA:43,8
DA:47,8
DA:48,1
DA:57,7
DA:61,7
DA:62,7
DA:63,1
DA:70,6
DA:74,6
DA:75,6
DA:76,6
DA:78,6
DA:79,1
DA:89,5
DA:93,5
DA:94,1
DA:100,4
DA:105,4
DA:106,4
DA:108,4
DA:109,4
DA:110,4
DA:114,4
DA:115,0
DA:116,0
DA:117,0
DA:118,0
DA:119,0
DA:120,0
DA:126,0
DA:128,0
DA:129,0
DA:134,0
DA:139,0
DA:140,0
DA:141,0
DA:142,0
DA:143,0
DA:144,0
DA:149,0
DA:154,0
DA:155,0
DA:157,0
DA:158,0
DA:159,0
DA:160,0
DA:161,0
DA:172,0
DA:176,4
DA:180,4
DA:181,4
DA:185,4
DA:187,4
DA:192,4
DA:197,4
DA:198,4
DA:199,0
DA:207,4
DA:220,4
DA:221,4
DA:223,4
DA:224,2
DA:225,2
DA:227,1
DA:232,1
DA:238,4
DA:240,4
DA:242,3
DA:243,3
DA:248,3
DA:249,3
DA:250,3
DA:251,0
DA:252,0
DA:253,0
DA:256,0
DA:259,3
DA:282,4
DA:291,4
DA:294,4
DA:300,4
LF:94
LH:64
BRDA:35,0,0,1
BRDA:35,1,0,9
BRDA:35,1,1,9
BRDA:47,2,0,1
BRDA:57,3,0,7
BRDA:57,3,1,0
BRDA:62,4,0,1
BRDA:78,5,0,1
BRDA:78,6,0,6
BRDA:78,6,1,6
BRDA:93,7,0,1
BRDA:93,8,0,5
BRDA:93,8,1,4
BRDA:100,9,0,4
BRDA:100,9,1,0
BRDA:115,10,0,0
BRDA:115,10,1,0
BRDA:118,11,0,0
BRDA:124,12,0,0
BRDA:124,12,1,0
BRDA:128,13,0,0
BRDA:128,13,1,0
BRDA:141,14,0,0
BRDA:141,15,0,0
BRDA:141,15,1,0
BRDA:157,16,0,0
BRDA:157,16,1,0
BRDA:160,17,0,0
BRDA:225,18,0,1
BRDA:225,18,1,1
BRDA:248,19,0,3
BRDA:248,19,1,0
BRDA:248,20,0,3
BRDA:248,20,1,3
BRDA:251,21,0,0
BRDA:251,21,1,0
BRDA:264,22,0,3
BRDA:264,22,1,0
BRDA:265,23,0,3
BRDA:265,23,1,0
BRDA:303,24,0,0
BRDA:303,24,1,4
BRDA:303,25,0,4
BRDA:303,25,1,0
BRDA:307,26,0,0
BRDA:307,26,1,4
BRDA:309,27,0,0
BRDA:309,27,1,4
BRDA:311,28,0,4
BRDA:311,28,1,0
BRDA:315,29,0,4
BRDA:315,29,1,0
BRDA:319,30,0,4
BRDA:319,30,1,0
BRDA:17,31,0,2
BRDA:17,31,1,0
BRDA:17,32,0,2
BRDA:17,32,1,2
BRDA:17,33,0,2
BRDA:17,33,1,0
BRDA:17,34,0,2
BRDA:17,34,1,2
BRF:62
BRH:33
end_of_record
TN:
SF:src/modules/scheduling-runs/scheduling-dashboard.controller.ts
FN:27,(anonymous_4)
FN:38,(anonymous_5)
FN:52,(anonymous_6)
FN:66,(anonymous_7)
FN:80,(anonymous_8)
FN:94,(anonymous_9)
FN:110,(anonymous_10)
FNF:7
FNH:7
FNDA:9,(anonymous_4)
FNDA:1,(anonymous_5)
FNDA:1,(anonymous_6)
FNDA:1,(anonymous_7)
FNDA:1,(anonymous_8)
FNDA:1,(anonymous_9)
FNDA:4,(anonymous_10)
DA:1,1
DA:2,1
DA:6,1
DA:7,1
DA:8,1
DA:9,1
DA:10,1
DA:11,1
DA:12,1
DA:14,1
DA:16,1
DA:20,1
DA:26,1
DA:28,9
DA:29,9
DA:38,1
DA:43,1
DA:52,1
DA:57,1
DA:66,1
DA:71,1
DA:80,1
DA:85,1
DA:94,1
DA:99,1
DA:110,1
DA:118,4
DA:119,4
DA:120,4
DA:121,4
DA:125,4
DA:126,2
DA:129,2
DA:133,2
DA:136,4
LF:35
LH:35
BRDA:119,0,0,4
BRDA:125,1,0,2
BRDA:125,1,1,2
BRDA:133,2,0,2
BRDA:133,2,1,1
BRDA:41,3,0,0
BRDA:41,3,1,1
BRDA:41,4,0,1
BRDA:41,4,1,1
BRDA:55,5,0,0
BRDA:55,5,1,1
BRDA:55,6,0,1
BRDA:55,6,1,1
BRDA:69,7,0,0
BRDA:69,7,1,1
BRDA:69,8,0,1
BRDA:69,8,1,1
BRDA:83,9,0,0
BRDA:83,9,1,1
BRDA:83,10,0,1
BRDA:83,10,1,1
BRDA:97,11,0,0
BRDA:97,11,1,1
BRDA:97,12,0,1
BRDA:97,12,1,1
BRDA:114,13,0,0
BRDA:114,13,1,1
BRDA:114,14,0,1
BRDA:114,14,1,1
BRDA:28,15,0,1
BRDA:28,15,1,0
BRDA:28,16,0,1
BRDA:28,16,1,1
BRDA:28,17,0,1
BRDA:28,17,1,0
BRDA:28,18,0,1
BRDA:28,18,1,1
BRF:37
BRH:29
end_of_record
TN:
SF:src/modules/scheduling-runs/scheduling-dashboard.service.ts
FN:9,(anonymous_2)
FN:14,(anonymous_3)
FN:139,(anonymous_4)
FN:185,(anonymous_5)
FN:208,(anonymous_6)
FN:221,(anonymous_7)
FN:283,(anonymous_8)
FN:295,(anonymous_9)
FN:303,(anonymous_10)
FN:363,(anonymous_11)
FN:367,(anonymous_12)
FN:387,(anonymous_13)
FN:398,(anonymous_14)
FN:478,(anonymous_15)
FN:481,(anonymous_16)
FN:495,(anonymous_17)
FN:520,(anonymous_18)
FN:569,(anonymous_19)
FN:597,(anonymous_20)
FN:605,(anonymous_21)
FN:636,(anonymous_22)
FN:642,(anonymous_23)
FN:647,(anonymous_24)
FN:647,(anonymous_25)
FN:649,(anonymous_26)
FN:656,(anonymous_27)
FN:657,(anonymous_28)
FNF:27
FNH:26
FNDA:18,(anonymous_2)
FNDA:4,(anonymous_3)
FNDA:6,(anonymous_4)
FNDA:5,(anonymous_5)
FNDA:4,(anonymous_6)
FNDA:3,(anonymous_7)
FNDA:4,(anonymous_8)
FNDA:2,(anonymous_9)
FNDA:2,(anonymous_10)
FNDA:3,(anonymous_11)
FNDA:2,(anonymous_12)
FNDA:2,(anonymous_13)
FNDA:3,(anonymous_14)
FNDA:2,(anonymous_15)
FNDA:2,(anonymous_16)
FNDA:0,(anonymous_17)
FNDA:2,(anonymous_18)
FNDA:2,(anonymous_19)
FNDA:1,(anonymous_20)
FNDA:2,(anonymous_21)
FNDA:1,(anonymous_22)
FNDA:2,(anonymous_23)
FNDA:2,(anonymous_24)
FNDA:2,(anonymous_25)
FNDA:2,(anonymous_26)
FNDA:2,(anonymous_27)
FNDA:2,(anonymous_28)
DA:1,2
DA:5,2
DA:8,2
DA:9,18
DA:16,4
DA:81,4
DA:91,4
DA:134,4
DA:136,4
DA:139,6
DA:140,4
DA:142,4
DA:147,4
DA:151,4
DA:159,4
DA:192,5
DA:195,2
DA:196,2
DA:197,8
DA:198,8
DA:199,8
DA:200,8
DA:201,8
DA:204,2
DA:206,2
DA:207,2
DA:208,4
DA:209,4
DA:210,4
DA:211,4
DA:215,2
DA:223,3
DA:242,3
DA:244,3
DA:245,7
DA:246,7
DA:247,7
DA:248,3
DA:250,4
DA:258,3
DA:267,3
DA:268,3
DA:269,0
DA:270,0
DA:271,0
DA:275,3
DA:283,4
DA:295,3
DA:297,3
DA:305,2
DA:326,2
DA:336,2
DA:337,2
DA:338,2
DA:342,2
DA:352,2
DA:353,2
DA:354,0
DA:355,0
DA:356,0
DA:357,0
DA:362,2
DA:364,3
DA:365,3
DA:367,2
DA:378,2
DA:388,2
DA:392,2
DA:399,3
DA:416,3
DA:417,1
DA:425,2
DA:426,2
DA:427,0
DA:436,2
DA:441,2
DA:442,4
DA:443,4
DA:445,3
DA:446,4
DA:453,4
DA:454,4
DA:455,4
DA:456,3
DA:457,3
DA:460,4
DA:465,2
DA:467,2
DA:477,2
DA:478,2
DA:481,2
DA:494,2
DA:495,0
DA:499,2
DA:508,2
DA:521,2
DA:525,2
DA:556,2
DA:557,2
DA:558,3
DA:559,3
DA:563,3
DA:564,3
DA:565,3
DA:566,3
DA:569,2
DA:570,2
DA:571,2
DA:573,2
DA:575,2
DA:576,2
DA:577,1
DA:578,1
DA:579,2
DA:580,1
DA:581,1
DA:586,2
DA:597,2
DA:599,2
DA:606,2
DA:625,2
DA:632,2
DA:636,2
DA:637,1
DA:638,1
DA:641,1
DA:642,2
DA:643,1
DA:646,1
DA:647,2
DA:649,2
DA:650,1
DA:652,1
DA:655,1
DA:656,2
DA:657,2
DA:662,1
DA:666,1
DA:672,1
DA:684,2
LF:140
LH:131
BRDA:136,0,0,2
BRDA:136,0,1,2
BRDA:142,1,0,1
BRDA:142,1,1,3
BRDA:151,2,0,1
BRDA:151,2,1,3
BRDA:151,3,0,4
BRDA:151,3,1,1
BRDA:151,3,2,1
BRDA:169,4,0,1
BRDA:169,4,1,3
BRDA:173,5,0,1
BRDA:173,5,1,0
BRDA:177,6,0,1
BRDA:177,6,1,0
BRDA:179,7,0,1
BRDA:179,7,1,1
BRDA:192,8,0,3
BRDA:197,9,0,0
BRDA:197,10,0,8
BRDA:197,10,1,8
BRDA:199,11,0,8
BRDA:199,11,1,4
BRDA:204,12,0,0
BRDA:211,13,0,1
BRDA:245,14,0,0
BRDA:245,15,0,7
BRDA:245,15,1,7
BRDA:247,16,0,3
BRDA:247,16,1,4
BRDA:269,17,0,0
BRDA:269,17,1,0
BRDA:289,18,0,4
BRDA:289,18,1,0
BRDA:353,19,0,0
BRDA:355,20,0,0
BRDA:364,21,0,3
BRDA:364,21,1,1
BRDA:370,22,0,2
BRDA:370,22,1,0
BRDA:371,23,0,2
BRDA:371,23,1,0
BRDA:373,24,0,2
BRDA:373,24,1,1
BRDA:374,25,0,2
BRDA:374,25,1,1
BRDA:375,26,0,2
BRDA:375,26,1,2
BRDA:392,27,0,2
BRDA:392,27,1,1
BRDA:416,28,0,1
BRDA:426,29,0,0
BRDA:426,30,0,2
BRDA:426,30,1,2
BRDA:442,31,0,0
BRDA:443,32,0,1
BRDA:443,33,0,4
BRDA:443,33,1,2
BRDA:446,34,0,4
BRDA:446,34,1,2
BRDA:455,35,0,3
BRDA:467,36,0,2
BRDA:467,36,1,0
BRDA:483,37,0,2
BRDA:483,37,1,0
BRDA:486,38,0,2
BRDA:486,38,1,0
BRDA:488,39,0,2
BRDA:488,39,1,0
BRDA:495,40,0,0
BRDA:495,40,1,0
BRDA:495,41,0,0
BRDA:495,41,1,0
BRDA:499,42,0,2
BRDA:499,42,1,0
BRDA:499,43,0,2
BRDA:499,43,1,2
BRDA:500,44,0,2
BRDA:500,44,1,0
BRDA:558,45,0,0
BRDA:559,46,0,3
BRDA:559,46,1,1
BRDA:564,47,0,3
BRDA:564,47,1,0
BRDA:564,48,0,0
BRDA:564,48,1,0
BRDA:565,49,0,3
BRDA:565,49,1,2
BRDA:571,50,0,2
BRDA:571,50,1,1
BRDA:573,51,0,2
BRDA:573,51,1,0
BRDA:576,52,0,1
BRDA:579,53,0,1
BRDA:590,54,0,2
BRDA:590,54,1,0
BRDA:638,55,0,1
BRDA:638,55,1,0
BRDA:643,56,0,1
BRDA:643,56,1,0
BRDA:652,57,0,1
BRDA:652,57,1,0
BRDA:662,58,0,1
BRDA:662,58,1,0
BRDA:666,59,0,1
BRDA:666,59,1,0
BRDA:666,60,0,1
BRDA:666,60,1,1
BRDA:666,60,2,1
BRDA:9,61,0,2
BRDA:9,61,1,0
BRDA:9,62,0,2
BRDA:9,62,1,2
BRF:113
BRH:77
end_of_record
TN:
SF:src/modules/scheduling-runs/scheduling-prerequisites.service.ts
FN:9,(anonymous_2)
FN:11,(anonymous_3)
FN:88,(anonymous_4)
FN:151,(anonymous_5)
FN:152,(anonymous_6)
FN:189,(anonymous_7)
FN:215,(anonymous_8)
FNF:7
FNH:7
FNDA:9,(anonymous_2)
FNDA:9,(anonymous_3)
FNDA:2,(anonymous_4)
FNDA:7,(anonymous_5)
FNDA:7,(anonymous_6)
FNDA:1,(anonymous_7)
FNDA:34,(anonymous_8)
DA:1,3
DA:5,3
DA:8,3
DA:9,9
DA:12,9
DA:16,9
DA:24,9
DA:35,9
DA:44,9
DA:52,9
DA:54,9
DA:66,9
DA:79,9
DA:88,2
DA:94,9
DA:111,9
DA:112,9
DA:114,9
DA:115,7
DA:116,3
DA:117,3
DA:119,3
DA:121,2
DA:123,2
DA:124,1
DA:125,1
DA:127,2
DA:128,1
DA:129,1
DA:134,9
DA:145,9
DA:146,9
DA:148,9
DA:151,7
DA:152,7
DA:156,9
DA:157,4
DA:166,4
DA:176,4
DA:177,1
DA:178,1
DA:179,1
DA:182,4
DA:183,7
DA:185,7
DA:187,7
DA:189,1
DA:190,1
DA:192,0
DA:193,0
DA:194,0
DA:198,1
DA:199,1
DA:200,1
DA:205,9
DA:214,9
DA:215,34
LF:57
LH:54
BRDA:28,0,0,8
BRDA:28,0,1,1
BRDA:56,1,0,9
BRDA:56,1,1,8
BRDA:58,2,0,8
BRDA:58,2,1,1
BRDA:61,3,0,1
BRDA:61,3,1,8
BRDA:83,4,0,8
BRDA:83,4,1,1
BRDA:87,5,0,1
BRDA:87,5,1,8
BRDA:119,6,0,1
BRDA:121,7,0,0
BRDA:121,8,0,2
BRDA:121,8,1,2
BRDA:123,9,0,1
BRDA:123,10,0,2
BRDA:123,10,1,2
BRDA:127,11,0,1
BRDA:127,12,0,2
BRDA:127,12,1,2
BRDA:137,13,0,2
BRDA:137,13,1,7
BRDA:140,14,0,2
BRDA:140,14,1,7
BRDA:156,15,0,4
BRDA:177,16,0,1
BRDA:177,16,1,1
BRDA:183,17,0,0
BRDA:187,18,0,6
BRDA:187,19,0,7
BRDA:187,19,1,1
BRDA:190,20,0,0
BRDA:198,21,0,1
BRDA:198,22,0,1
BRDA:198,22,1,0
BRDA:208,23,0,1
BRDA:208,23,1,8
BRDA:211,24,0,1
BRDA:211,24,1,8
BRDA:9,25,0,3
BRDA:9,25,1,0
BRDA:9,26,0,3
BRDA:9,26,1,3
BRF:45
BRH:40
end_of_record
TN:
SF:src/modules/scheduling-runs/scheduling-runs.controller.ts
FN:54,(anonymous_4)
FN:66,(anonymous_5)
FN:81,(anonymous_6)
FN:95,(anonymous_7)
FN:112,(anonymous_8)
FN:125,(anonymous_9)
FN:139,(anonymous_10)
FN:152,(anonymous_11)
FN:167,(anonymous_12)
FN:183,(anonymous_13)
FNF:10
FNH:9
FNDA:8,(anonymous_4)
FNDA:1,(anonymous_5)
FNDA:1,(anonymous_6)
FNDA:1,(anonymous_7)
FNDA:1,(anonymous_8)
FNDA:1,(anonymous_9)
FNDA:1,(anonymous_10)
FNDA:0,(anonymous_11)
FNDA:1,(anonymous_12)
FNDA:1,(anonymous_13)
DA:1,1
DA:14,1
DA:16,1
DA:30,1
DA:31,1
DA:32,1
DA:33,1
DA:34,1
DA:35,1
DA:37,1
DA:38,1
DA:39,1
DA:41,1
DA:47,1
DA:53,1
DA:55,8
DA:56,8
DA:57,8
DA:66,1
DA:71,1
DA:81,1
DA:86,1
DA:95,1
DA:100,1
DA:112,1
DA:116,1
DA:125,1
DA:129,1
DA:139,1
DA:143,1
DA:152,1
DA:157,0
DA:167,1
DA:173,1
DA:183,1
DA:188,1
LF:36
LH:35
BRDA:69,0,0,0
BRDA:69,0,1,1
BRDA:69,1,0,1
BRDA:69,1,1,1
BRDA:98,2,0,0
BRDA:98,2,1,1
BRDA:98,3,0,1
BRDA:98,3,1,1
BRDA:55,4,0,1
BRDA:55,4,1,0
BRDA:55,5,0,1
BRDA:55,5,1,1
BRDA:55,6,0,1
BRDA:55,6,1,0
BRDA:55,7,0,1
BRDA:55,7,1,1
BRDA:56,8,0,1
BRDA:56,8,1,0
BRDA:56,9,0,1
BRDA:56,9,1,1
BRF:20
BRH:15
end_of_record
TN:
SF:src/modules/scheduling-runs/scheduling-runs.service.ts
FN:29,(anonymous_2)
FN:36,(anonymous_3)
FN:73,(anonymous_4)
FN:100,(anonymous_5)
FN:127,(anonymous_6)
FN:167,(anonymous_7)
FN:174,(anonymous_8)
FN:191,(anonymous_9)
FN:236,(anonymous_10)
FN:258,(anonymous_11)
FN:274,(anonymous_12)
FN:319,(anonymous_13)
FN:334,(anonymous_14)
FN:367,(anonymous_15)
FN:380,(anonymous_16)
FN:406,(anonymous_17)
FN:412,(anonymous_18)
FN:429,(anonymous_19)
FNF:18
FNH:17
FNDA:25,(anonymous_2)
FNDA:5,(anonymous_3)
FNDA:1,(anonymous_4)
FNDA:2,(anonymous_5)
FNDA:1,(anonymous_6)
FNDA:1,(anonymous_7)
FNDA:2,(anonymous_8)
FNDA:3,(anonymous_9)
FNDA:3,(anonymous_10)
FNDA:1,(anonymous_11)
FNDA:3,(anonymous_12)
FNDA:0,(anonymous_13)
FNDA:3,(anonymous_14)
FNDA:1,(anonymous_15)
FNDA:6,(anonymous_16)
FNDA:5,(anonymous_17)
FNDA:2,(anonymous_18)
FNDA:3,(anonymous_19)
DA:1,2
DA:17,2
DA:18,2
DA:20,2
DA:28,2
DA:30,25
DA:31,25
DA:38,5
DA:43,5
DA:44,1
DA:51,4
DA:60,4
DA:61,1
DA:68,3
DA:69,3
DA:70,1
DA:73,1
DA:78,2
DA:86,2
DA:89,2
DA:98,2
DA:100,2
DA:101,2
DA:102,2
DA:122,2
DA:128,1
DA:129,1
DA:131,1
DA:133,1
DA:166,1
DA:167,1
DA:175,2
DA:179,2
DA:180,1
DA:186,1
DA:192,3
DA:206,3
DA:207,1
DA:214,2
DA:222,2
DA:237,3
DA:242,3
DA:243,1
DA:249,2
DA:250,1
DA:256,1
DA:258,1
DA:259,1
DA:260,1
DA:269,1
DA:275,3
DA:285,3
DA:286,1
DA:292,2
DA:293,1
DA:300,1
DA:301,1
DA:302,1
DA:303,1
DA:311,0
DA:315,0
DA:317,0
DA:319,0
DA:320,0
DA:321,0
DA:329,0
DA:335,3
DA:340,3
DA:341,0
DA:347,3
DA:348,1
DA:355,2
DA:356,2
DA:357,2
DA:358,1
DA:365,1
DA:367,1
DA:368,1
DA:369,1
DA:375,1
DA:381,6
DA:407,5
DA:413,2
DA:417,2
DA:418,1
DA:424,1
DA:430,3
DA:431,2
DA:432,2
DA:433,1
LF:90
LH:82
BRDA:43,0,0,1
BRDA:60,1,0,1
BRDA:69,2,0,1
BRDA:86,3,0,1
BRDA:86,3,1,1
BRDA:91,4,0,2
BRDA:91,4,1,2
BRDA:110,5,0,0
BRDA:110,5,1,2
BRDA:110,6,0,2
BRDA:110,6,1,0
BRDA:179,7,0,1
BRDA:206,8,0,1
BRDA:214,9,0,0
BRDA:214,9,1,2
BRDA:216,10,0,1
BRDA:216,10,1,1
BRDA:218,11,0,1
BRDA:218,11,1,0
BRDA:218,12,0,1
BRDA:218,12,1,0
BRDA:226,13,0,2
BRDA:226,13,1,0
BRDA:226,14,0,2
BRDA:226,14,1,0
BRDA:228,15,0,2
BRDA:228,15,1,0
BRDA:242,16,0,1
BRDA:249,17,0,1
BRDA:285,18,0,1
BRDA:292,19,0,1
BRDA:302,20,0,1
BRDA:311,21,0,0
BRDA:311,21,1,0
BRDA:340,22,0,0
BRDA:347,23,0,1
BRDA:357,24,0,1
BRDA:384,25,0,1
BRDA:384,25,1,5
BRDA:384,26,0,6
BRDA:384,26,1,1
BRDA:388,27,0,0
BRDA:388,27,1,6
BRDA:390,28,0,0
BRDA:390,28,1,6
BRDA:392,29,0,6
BRDA:392,29,1,0
BRDA:396,30,0,6
BRDA:396,30,1,0
BRDA:400,31,0,0
BRDA:400,31,1,6
BRDA:417,32,0,1
BRDA:430,33,0,1
BRDA:430,34,0,3
BRDA:430,34,1,2
BRDA:432,35,0,1
BRDA:30,36,0,2
BRDA:30,36,1,0
BRDA:30,37,0,2
BRDA:30,37,1,2
BRDA:30,38,0,2
BRDA:30,38,1,0
BRDA:30,39,0,2
BRDA:30,39,1,2
BRF:64
BRH:46
end_of_record
