TN:
SF:src/modules/gradebook/assessment-categories.controller.ts
FN:29,(anonymous_4)
FN:34,(anonymous_5)
FN:44,(anonymous_6)
FN:50,(anonymous_7)
FN:59,(anonymous_8)
FN:70,(anonymous_9)
FNF:6
FNH:6
FNDA:5,(anonymous_4)
FNDA:1,(anonymous_5)
FNDA:1,(anonymous_6)
FNDA:1,(anonymous_7)
FNDA:1,(anonymous_8)
FNDA:1,(anonymous_9)
DA:1,2
DA:14,2
DA:16,2
DA:18,2
DA:19,2
DA:20,2
DA:21,2
DA:22,2
DA:24,2
DA:28,2
DA:29,5
DA:34,2
DA:39,1
DA:44,2
DA:45,1
DA:50,2
DA:54,1
DA:59,2
DA:65,1
DA:70,2
DA:74,1
LF:21
LH:21
BRDA:37,0,0,1
BRDA:37,0,1,1
BRDA:37,1,0,2
BRDA:37,1,1,2
BRDA:63,2,0,1
BRDA:63,2,1,1
BRDA:63,3,0,2
BRDA:63,3,1,2
BRDA:29,4,0,1
BRDA:29,4,1,1
BRDA:29,5,0,2
BRDA:29,5,1,2
BRF:12
BRH:12
end_of_record
TN:
SF:src/modules/gradebook/assessment-categories.service.ts
FN:15,(anonymous_2)
FN:20,(anonymous_3)
FN:24,(anonymous_4)
FN:55,(anonymous_5)
FN:64,(anonymous_6)
FN:76,(anonymous_7)
FN:97,(anonymous_8)
FN:113,(anonymous_9)
FN:148,(anonymous_10)
FN:177,(anonymous_11)
FNF:10
FNH:10
FNDA:13,(anonymous_2)
FNDA:2,(anonymous_3)
FNDA:2,(anonymous_4)
FNDA:3,(anonymous_5)
FNDA:2,(anonymous_6)
FNDA:2,(anonymous_7)
FNDA:3,(anonymous_8)
FNDA:2,(anonymous_9)
FNDA:3,(anonymous_10)
FNDA:1,(anonymous_11)
DA:1,2
DA:6,2
DA:8,2
DA:9,2
DA:14,2
DA:15,13
DA:21,2
DA:23,2
DA:24,2
DA:25,2
DA:27,2
DA:35,1
DA:36,1
DA:38,1
DA:42,1
DA:47,0
DA:56,3
DA:64,3
DA:70,3
DA:77,2
DA:81,2
DA:82,1
DA:88,1
DA:98,3
DA:103,3
DA:104,1
DA:110,2
DA:112,2
DA:113,2
DA:114,2
DA:116,2
DA:117,2
DA:118,2
DA:120,2
DA:121,0
DA:124,2
DA:129,1
DA:130,1
DA:132,1
DA:136,1
DA:141,0
DA:149,3
DA:154,3
DA:155,1
DA:161,2
DA:168,2
DA:169,1
DA:175,1
DA:177,1
DA:178,1
DA:179,1
LF:51
LH:48
BRDA:38,0,0,1
BRDA:39,1,0,1
BRDA:39,1,1,1
BRDA:81,2,0,1
BRDA:103,3,0,1
BRDA:117,4,0,2
BRDA:120,5,0,0
BRDA:132,6,0,1
BRDA:133,7,0,1
BRDA:133,7,1,1
BRDA:154,8,0,1
BRDA:168,9,0,1
BRDA:15,10,0,2
BRDA:15,10,1,0
BRDA:15,11,0,2
BRDA:15,11,1,2
BRF:16
BRH:14
end_of_record
TN:
SF:src/modules/gradebook/bulk-import.service.ts
FN:39,(anonymous_11)
FN:52,(anonymous_12)
FN:66,(anonymous_13)
FN:184,(anonymous_14)
FN:227,(anonymous_15)
FN:228,(anonymous_16)
FN:244,(anonymous_17)
FN:254,(anonymous_18)
FN:295,(anonymous_19)
FN:295,(anonymous_20)
FN:303,(anonymous_21)
FN:321,(anonymous_22)
FN:330,(anonymous_23)
FN:339,(anonymous_24)
FN:378,(anonymous_25)
FN:426,(anonymous_26)
FNF:16
FNH:16
FNDA:34,(anonymous_11)
FNDA:20,(anonymous_12)
FNDA:71,(anonymous_13)
FNDA:10,(anonymous_14)
FNDA:16,(anonymous_15)
FNDA:16,(anonymous_16)
FNDA:6,(anonymous_17)
FNDA:1,(anonymous_18)
FNDA:9,(anonymous_19)
FNDA:36,(anonymous_20)
FNDA:3,(anonymous_21)
FNDA:7,(anonymous_22)
FNDA:7,(anonymous_23)
FNDA:6,(anonymous_24)
FNDA:2,(anonymous_25)
FNDA:34,(anonymous_26)
DA:1,2
DA:7,2
DA:9,2
DA:10,2
DA:11,2
DA:12,2
DA:13,2
DA:38,2
DA:40,34
DA:41,34
DA:42,34
DA:43,34
DA:53,20
DA:54,20
DA:56,20
DA:57,2
DA:64,18
DA:65,18
DA:66,71
DA:68,18
DA:69,71
DA:70,1
DA:77,17
DA:85,17
DA:100,17
DA:107,17
DA:108,17
DA:109,17
DA:110,12
DA:111,9
DA:113,12
DA:116,17
DA:117,17
DA:118,17
DA:119,12
DA:120,11
DA:122,12
DA:126,17
DA:127,20
DA:128,20
DA:130,16
DA:131,16
DA:133,16
DA:134,16
DA:135,16
DA:136,16
DA:138,16
DA:139,16
DA:140,16
DA:141,16
DA:143,16
DA:144,16
DA:145,1
DA:149,16
DA:150,16
DA:151,15
DA:156,15
DA:157,3
DA:162,16
DA:163,16
DA:164,15
DA:169,15
DA:170,3
DA:175,16
DA:176,16
DA:178,11
DA:184,11
DA:186,11
DA:187,10
DA:197,10
DA:198,9
DA:200,9
DA:201,1
DA:203,9
DA:204,1
DA:207,1
DA:210,1
DA:214,16
DA:227,17
DA:228,17
DA:230,17
DA:246,6
DA:248,6
DA:249,1
DA:254,1
DA:255,1
DA:258,6
DA:265,6
DA:269,6
DA:270,6
DA:272,6
DA:281,6
DA:283,6
DA:284,4
DA:285,4
DA:286,3
DA:287,3
DA:291,6
DA:295,36
DA:304,3
DA:305,3
DA:306,3
DA:307,1
DA:312,2
DA:313,2
DA:314,2
DA:322,7
DA:323,1
DA:330,7
DA:331,6
DA:339,6
DA:341,6
DA:342,7
DA:343,7
DA:344,1
DA:349,6
DA:350,1
DA:358,4
DA:359,5
DA:360,5
DA:361,1
DA:366,4
DA:367,1
DA:375,2
DA:376,2
DA:378,2
DA:379,2
DA:380,2
DA:382,2
DA:383,3
DA:408,3
DA:411,2
DA:414,2
DA:427,34
DA:428,34
DA:429,34
DA:431,34
DA:432,1274
DA:434,1274
DA:435,8
DA:437,2
DA:438,2
DA:440,6
DA:442,1266
DA:443,99
DA:444,99
DA:446,1167
DA:451,34
DA:453,34
LF:149
LH:149
BRDA:56,0,0,2
BRDA:69,1,0,1
BRDA:110,2,0,9
BRDA:119,3,0,11
BRDA:128,4,0,4
BRDA:133,5,0,16
BRDA:133,5,1,0
BRDA:134,6,0,16
BRDA:134,6,1,0
BRDA:135,7,0,16
BRDA:135,7,1,1
BRDA:136,8,0,16
BRDA:136,8,1,1
BRDA:138,9,0,1
BRDA:139,10,0,1
BRDA:140,11,0,2
BRDA:141,12,0,2
BRDA:144,13,0,1
BRDA:144,14,0,16
BRDA:144,14,1,14
BRDA:150,15,0,15
BRDA:152,16,0,15
BRDA:152,16,1,6
BRDA:152,16,2,3
BRDA:156,17,0,3
BRDA:163,18,0,15
BRDA:165,19,0,15
BRDA:165,19,1,4
BRDA:165,19,2,3
BRDA:169,20,0,3
BRDA:176,21,0,11
BRDA:176,22,0,16
BRDA:176,22,1,12
BRDA:176,22,2,11
BRDA:186,23,0,10
BRDA:186,23,1,1
BRDA:197,24,0,9
BRDA:197,24,1,1
BRDA:200,25,0,1
BRDA:200,26,0,9
BRDA:200,26,1,8
BRDA:203,27,0,1
BRDA:203,28,0,9
BRDA:203,28,1,8
BRDA:248,29,0,1
BRDA:269,30,0,1
BRDA:270,31,0,1
BRDA:284,32,0,4
BRDA:284,32,1,1
BRDA:286,33,0,3
BRDA:286,33,1,2
BRDA:306,34,0,1
BRDA:322,35,0,1
BRDA:343,36,0,1
BRDA:349,37,0,1
BRDA:349,38,0,6
BRDA:349,38,1,5
BRDA:360,39,0,1
BRDA:360,40,0,5
BRDA:360,40,1,5
BRDA:366,41,0,1
BRDA:434,42,0,8
BRDA:434,42,1,1266
BRDA:435,43,0,2
BRDA:435,43,1,6
BRDA:435,44,0,8
BRDA:435,44,1,5
BRDA:435,44,2,5
BRDA:442,45,0,99
BRDA:442,45,1,1167
BRDA:442,46,0,1266
BRDA:442,46,1,99
BRDA:40,47,0,2
BRDA:40,47,1,0
BRDA:40,48,0,2
BRDA:40,48,1,2
BRDA:40,49,0,2
BRDA:40,49,1,0
BRDA:40,50,0,2
BRDA:40,50,1,2
BRDA:41,51,0,2
BRDA:41,51,1,0
BRDA:41,52,0,2
BRDA:41,52,1,2
BRDA:42,53,0,2
BRDA:42,53,1,0
BRDA:42,54,0,2
BRDA:42,54,1,2
BRF:88
BRH:82
end_of_record
TN:
SF:src/modules/gradebook/class-grade-configs.service.ts
FN:18,(anonymous_2)
FN:27,(anonymous_3)
FN:66,(anonymous_4)
FN:75,(anonymous_5)
FN:76,(anonymous_6)
FN:88,(anonymous_7)
FN:122,(anonymous_8)
FN:161,(anonymous_9)
FN:163,(anonymous_10)
FN:170,(anonymous_11)
FN:184,(anonymous_12)
FN:215,(anonymous_13)
FN:254,(anonymous_14)
FNF:13
FNH:13
FNDA:14,(anonymous_2)
FNDA:6,(anonymous_3)
FNDA:2,(anonymous_4)
FNDA:1,(anonymous_5)
FNDA:2,(anonymous_6)
FNDA:1,(anonymous_7)
FNDA:3,(anonymous_8)
FNDA:1,(anonymous_9)
FNDA:2,(anonymous_10)
FNDA:2,(anonymous_11)
FNDA:2,(anonymous_12)
FNDA:3,(anonymous_13)
FNDA:1,(anonymous_14)
DA:1,4
DA:9,4
DA:10,4
DA:11,4
DA:12,4
DA:17,4
DA:19,14
DA:20,14
DA:21,14
DA:29,6
DA:32,5
DA:36,5
DA:38,5
DA:39,1
DA:45,4
DA:46,1
DA:53,3
DA:58,3
DA:59,1
DA:66,2
DA:67,2
DA:75,2
DA:76,2
DA:78,2
DA:79,1
DA:86,1
DA:88,1
DA:89,1
DA:91,1
DA:123,3
DA:140,3
DA:141,3
DA:142,2
DA:145,2
DA:146,2
DA:151,3
DA:161,3
DA:163,3
DA:164,2
DA:168,2
DA:170,2
DA:178,3
DA:185,2
DA:201,2
DA:202,1
DA:208,1
DA:216,3
DA:225,3
DA:226,1
DA:233,2
DA:244,2
DA:245,1
DA:252,1
DA:254,1
DA:255,1
DA:256,1
LF:56
LH:56
BRDA:36,0,0,5
BRDA:36,0,1,1
BRDA:38,1,0,1
BRDA:45,2,0,1
BRDA:58,3,0,1
BRDA:78,4,0,1
BRDA:151,5,0,2
BRDA:151,5,1,1
BRDA:172,6,0,2
BRDA:172,6,1,1
BRDA:201,7,0,1
BRDA:225,8,0,1
BRDA:244,9,0,1
BRDA:19,10,0,3
BRDA:19,10,1,1
BRDA:19,11,0,4
BRDA:19,11,1,4
BRDA:19,12,0,3
BRDA:19,12,1,1
BRDA:19,13,0,4
BRDA:19,13,1,4
BRDA:20,14,0,3
BRDA:20,14,1,1
BRDA:20,15,0,4
BRDA:20,15,1,4
BRF:25
BRH:25
end_of_record
TN:
SF:src/modules/gradebook/gradebook-advanced.controller.ts
FN:72,(anonymous_4)
FN:89,(anonymous_5)
FN:100,(anonymous_6)
FN:110,(anonymous_7)
FN:119,(anonymous_8)
FN:131,(anonymous_9)
FN:141,(anonymous_10)
FN:155,(anonymous_11)
FN:165,(anonymous_12)
FN:176,(anonymous_13)
FN:186,(anonymous_14)
FN:196,(anonymous_15)
FN:207,(anonymous_16)
FN:225,(anonymous_17)
FN:235,(anonymous_18)
FN:241,(anonymous_19)
FN:250,(anonymous_20)
FN:262,(anonymous_21)
FN:273,(anonymous_22)
FN:294,(anonymous_23)
FN:307,(anonymous_24)
FN:320,(anonymous_25)
FN:331,(anonymous_26)
FN:343,(anonymous_27)
FN:354,(anonymous_28)
FN:364,(anonymous_29)
FN:373,(anonymous_30)
FN:385,(anonymous_31)
FN:395,(anonymous_32)
FN:415,(anonymous_33)
FN:445,(anonymous_34)
FN:461,(anonymous_35)
FN:465,(anonymous_36)
FN:466,(anonymous_37)
FN:478,(anonymous_38)
FNF:35
FNH:35
FNDA:34,(anonymous_4)
FNDA:1,(anonymous_5)
FNDA:1,(anonymous_6)
FNDA:1,(anonymous_7)
FNDA:1,(anonymous_8)
FNDA:1,(anonymous_9)
FNDA:1,(anonymous_10)
FNDA:1,(anonymous_11)
FNDA:1,(anonymous_12)
FNDA:1,(anonymous_13)
FNDA:1,(anonymous_14)
FNDA:1,(anonymous_15)
FNDA:1,(anonymous_16)
FNDA:1,(anonymous_17)
FNDA:1,(anonymous_18)
FNDA:1,(anonymous_19)
FNDA:1,(anonymous_20)
FNDA:1,(anonymous_21)
FNDA:2,(anonymous_22)
FNDA:1,(anonymous_23)
FNDA:1,(anonymous_24)
FNDA:1,(anonymous_25)
FNDA:1,(anonymous_26)
FNDA:1,(anonymous_27)
FNDA:1,(anonymous_28)
FNDA:1,(anonymous_29)
FNDA:1,(anonymous_30)
FNDA:1,(anonymous_31)
FNDA:1,(anonymous_32)
FNDA:5,(anonymous_33)
FNDA:3,(anonymous_34)
FNDA:2,(anonymous_35)
FNDA:3,(anonymous_36)
FNDA:3,(anonymous_37)
FNDA:1,(anonymous_38)
DA:1,2
DA:17,2
DA:19,2
DA:41,2
DA:42,2
DA:43,2
DA:44,2
DA:45,2
DA:46,2
DA:47,2
DA:48,2
DA:49,2
DA:51,2
DA:52,2
DA:53,2
DA:54,2
DA:55,2
DA:56,2
DA:57,2
DA:61,2
DA:65,2
DA:71,2
DA:73,34
DA:74,34
DA:75,34
DA:76,34
DA:77,34
DA:78,34
DA:79,34
DA:80,34
DA:81,34
DA:89,2
DA:95,1
DA:100,2
DA:105,1
DA:110,2
DA:114,1
DA:119,2
DA:125,1
DA:131,2
DA:135,1
DA:141,2
DA:147,1
DA:155,2
DA:160,1
DA:165,2
DA:170,1
DA:176,2
DA:180,1
DA:186,2
DA:191,1
DA:196,2
DA:202,1
DA:207,2
DA:213,1
DA:225,2
DA:230,1
DA:235,2
DA:236,1
DA:241,2
DA:245,1
DA:250,2
DA:256,1
DA:262,2
DA:266,1
DA:273,2
DA:279,2
DA:280,1
DA:285,1
DA:288,1
DA:294,2
DA:299,1
DA:307,2
DA:314,1
DA:320,2
DA:326,1
DA:331,2
DA:335,1
DA:343,2
DA:349,1
DA:354,2
DA:359,1
DA:364,2
DA:368,1
DA:373,2
DA:379,1
DA:385,2
DA:389,1
DA:395,2
DA:402,1
DA:415,2
DA:423,5
DA:428,5
DA:429,1
DA:434,4
DA:435,1
DA:444,3
DA:445,3
DA:447,3
DA:448,1
DA:452,2
DA:461,2
DA:464,2
DA:465,3
DA:466,3
DA:468,2
DA:469,1
DA:473,1
DA:478,1
DA:487,1
LF:110
LH:110
BRDA:279,0,0,1
BRDA:428,1,0,1
BRDA:434,2,0,1
BRDA:447,3,0,1
BRDA:468,4,0,1
BRDA:93,5,0,1
BRDA:93,5,1,1
BRDA:93,6,0,2
BRDA:93,6,1,2
BRDA:103,7,0,1
BRDA:103,7,1,1
BRDA:103,8,0,2
BRDA:103,8,1,2
BRDA:123,9,0,1
BRDA:123,9,1,1
BRDA:123,10,0,2
BRDA:123,10,1,2
BRDA:145,11,0,1
BRDA:145,11,1,1
BRDA:145,12,0,2
BRDA:145,12,1,2
BRDA:158,13,0,1
BRDA:158,13,1,1
BRDA:158,14,0,2
BRDA:158,14,1,2
BRDA:168,15,0,1
BRDA:168,15,1,1
BRDA:168,16,0,2
BRDA:168,16,1,2
BRDA:189,17,0,1
BRDA:189,17,1,1
BRDA:189,18,0,2
BRDA:189,18,1,2
BRDA:200,19,0,1
BRDA:200,19,1,1
BRDA:200,20,0,2
BRDA:200,20,1,2
BRDA:211,21,0,1
BRDA:211,21,1,1
BRDA:211,22,0,2
BRDA:211,22,1,2
BRDA:228,23,0,1
BRDA:228,23,1,1
BRDA:228,24,0,2
BRDA:228,24,1,2
BRDA:254,25,0,1
BRDA:254,25,1,1
BRDA:254,26,0,2
BRDA:254,26,1,2
BRDA:277,27,0,1
BRDA:277,27,1,1
BRDA:277,28,0,2
BRDA:277,28,1,2
BRDA:297,29,0,1
BRDA:297,29,1,1
BRDA:297,30,0,2
BRDA:297,30,1,2
BRDA:312,31,0,1
BRDA:312,31,1,1
BRDA:312,32,0,2
BRDA:312,32,1,2
BRDA:324,33,0,1
BRDA:324,33,1,1
BRDA:324,34,0,2
BRDA:324,34,1,2
BRDA:347,35,0,1
BRDA:347,35,1,1
BRDA:347,36,0,2
BRDA:347,36,1,2
BRDA:357,37,0,1
BRDA:357,37,1,1
BRDA:357,38,0,2
BRDA:357,38,1,2
BRDA:377,39,0,1
BRDA:377,39,1,1
BRDA:377,40,0,2
BRDA:377,40,1,2
BRDA:400,41,0,1
BRDA:400,41,1,1
BRDA:400,42,0,2
BRDA:400,42,1,2
BRDA:420,43,0,1
BRDA:420,43,1,1
BRDA:420,44,0,2
BRDA:420,44,1,2
BRDA:73,45,0,1
BRDA:73,45,1,1
BRDA:73,46,0,2
BRDA:73,46,1,2
BRDA:73,47,0,1
BRDA:73,47,1,1
BRDA:73,48,0,2
BRDA:73,48,1,2
BRDA:74,49,0,1
BRDA:74,49,1,1
BRDA:74,50,0,2
BRDA:74,50,1,2
BRDA:75,51,0,1
BRDA:75,51,1,1
BRDA:75,52,0,2
BRDA:75,52,1,2
BRDA:76,53,0,1
BRDA:76,53,1,1
BRDA:76,54,0,2
BRDA:76,54,1,2
BRDA:77,55,0,1
BRDA:77,55,1,1
BRDA:77,56,0,2
BRDA:77,56,1,2
BRDA:78,57,0,1
BRDA:78,57,1,1
BRDA:78,58,0,2
BRDA:78,58,1,2
BRDA:79,59,0,1
BRDA:79,59,1,1
BRDA:79,60,0,2
BRDA:79,60,1,2
BRDA:80,61,0,1
BRDA:80,61,1,1
BRDA:80,62,0,2
BRDA:80,62,1,2
BRF:121
BRH:121
end_of_record
TN:
SF:src/modules/gradebook/gradebook-insights.controller.ts
FN:136,(anonymous_4)
FN:151,(anonymous_5)
FN:160,(anonymous_6)
FN:184,(anonymous_7)
FN:195,(anonymous_8)
FN:211,(anonymous_9)
FN:225,(anonymous_10)
FN:243,(anonymous_11)
FN:253,(anonymous_12)
FN:267,(anonymous_13)
FN:302,(anonymous_14)
FN:313,(anonymous_15)
FN:323,(anonymous_16)
FN:333,(anonymous_17)
FN:346,(anonymous_18)
FN:359,(anonymous_19)
FN:370,(anonymous_20)
FN:380,(anonymous_21)
FN:393,(anonymous_22)
FN:405,(anonymous_23)
FN:416,(anonymous_24)
FN:434,(anonymous_25)
FN:451,(anonymous_26)
FN:465,(anonymous_27)
FN:481,(anonymous_28)
FN:500,(anonymous_29)
FN:514,(anonymous_30)
FN:524,(anonymous_31)
FN:540,(anonymous_32)
FNF:29
FNH:29
FNDA:36,(anonymous_4)
FNDA:1,(anonymous_5)
FNDA:4,(anonymous_6)
FNDA:2,(anonymous_7)
FNDA:1,(anonymous_8)
FNDA:1,(anonymous_9)
FNDA:1,(anonymous_10)
FNDA:1,(anonymous_11)
FNDA:1,(anonymous_12)
FNDA:3,(anonymous_13)
FNDA:1,(anonymous_14)
FNDA:1,(anonymous_15)
FNDA:1,(anonymous_16)
FNDA:1,(anonymous_17)
FNDA:1,(anonymous_18)
FNDA:1,(anonymous_19)
FNDA:1,(anonymous_20)
FNDA:1,(anonymous_21)
FNDA:1,(anonymous_22)
FNDA:1,(anonymous_23)
FNDA:1,(anonymous_24)
FNDA:1,(anonymous_25)
FNDA:2,(anonymous_26)
FNDA:1,(anonymous_27)
FNDA:1,(anonymous_28)
FNDA:1,(anonymous_29)
FNDA:1,(anonymous_30)
FNDA:2,(anonymous_31)
FNDA:1,(anonymous_32)
DA:1,2
DA:18,2
DA:20,2
DA:32,2
DA:33,2
DA:34,2
DA:35,2
DA:36,2
DA:37,2
DA:41,2
DA:43,2
DA:44,2
DA:45,2
DA:46,2
DA:47,2
DA:48,2
DA:49,2
DA:50,2
DA:63,2
DA:69,2
DA:73,2
DA:78,2
DA:83,2
DA:89,2
DA:94,2
DA:100,2
DA:107,2
DA:112,2
DA:120,2
DA:126,2
DA:135,2
DA:137,36
DA:138,36
DA:139,36
DA:140,36
DA:141,36
DA:142,36
DA:143,36
DA:144,36
DA:151,2
DA:155,1
DA:160,2
DA:165,4
DA:166,3
DA:174,1
DA:184,2
DA:190,2
DA:195,2
DA:201,1
DA:211,2
DA:216,1
DA:225,2
DA:230,1
DA:243,2
DA:247,1
DA:253,2
DA:258,1
DA:267,2
DA:273,3
DA:274,1
DA:279,2
DA:280,1
DA:288,1
DA:302,2
DA:308,1
DA:313,2
DA:318,1
DA:323,2
DA:327,1
DA:333,2
DA:340,1
DA:346,2
DA:351,1
DA:359,2
DA:365,1
DA:370,2
DA:374,1
DA:380,2
DA:387,1
DA:393,2
DA:397,1
DA:405,2
DA:411,1
DA:416,2
DA:422,1
DA:434,2
DA:439,1
DA:451,2
DA:456,2
DA:465,2
DA:471,1
DA:481,2
DA:487,1
DA:500,2
DA:506,1
DA:514,2
DA:519,1
DA:524,2
DA:530,2
DA:540,2
DA:546,1
LF:101
LH:101
BRDA:165,0,0,3
BRDA:165,1,0,4
BRDA:165,1,1,2
BRDA:165,1,2,1
BRDA:273,2,0,1
BRDA:279,3,0,1
BRDA:533,4,0,2
BRDA:533,4,1,1
BRDA:163,5,0,1
BRDA:163,5,1,1
BRDA:163,6,0,2
BRDA:163,6,1,2
BRDA:188,7,0,1
BRDA:188,7,1,1
BRDA:188,8,0,2
BRDA:188,8,1,2
BRDA:199,9,0,1
BRDA:199,9,1,1
BRDA:199,10,0,2
BRDA:199,10,1,2
BRDA:214,11,0,1
BRDA:214,11,1,1
BRDA:214,12,0,2
BRDA:214,12,1,2
BRDA:228,13,0,1
BRDA:228,13,1,1
BRDA:228,14,0,2
BRDA:228,14,1,2
BRDA:256,15,0,1
BRDA:256,15,1,1
BRDA:256,16,0,2
BRDA:256,16,1,2
BRDA:271,17,0,1
BRDA:271,17,1,1
BRDA:271,18,0,2
BRDA:271,18,1,2
BRDA:306,19,0,1
BRDA:306,19,1,1
BRDA:306,20,0,2
BRDA:306,20,1,2
BRDA:316,21,0,1
BRDA:316,21,1,1
BRDA:316,22,0,2
BRDA:316,22,1,2
BRDA:338,23,0,1
BRDA:338,23,1,1
BRDA:338,24,0,2
BRDA:338,24,1,2
BRDA:363,25,0,1
BRDA:363,25,1,1
BRDA:363,26,0,2
BRDA:363,26,1,2
BRDA:385,27,0,1
BRDA:385,27,1,1
BRDA:385,28,0,2
BRDA:385,28,1,2
BRDA:409,29,0,1
BRDA:409,29,1,1
BRDA:409,30,0,2
BRDA:409,30,1,2
BRDA:420,31,0,1
BRDA:420,31,1,1
BRDA:420,32,0,2
BRDA:420,32,1,2
BRDA:437,33,0,1
BRDA:437,33,1,1
BRDA:437,34,0,2
BRDA:437,34,1,2
BRDA:454,35,0,1
BRDA:454,35,1,1
BRDA:454,36,0,2
BRDA:454,36,1,2
BRDA:469,37,0,1
BRDA:469,37,1,1
BRDA:469,38,0,2
BRDA:469,38,1,2
BRDA:485,39,0,1
BRDA:485,39,1,1
BRDA:485,40,0,2
BRDA:485,40,1,2
BRDA:504,41,0,1
BRDA:504,41,1,1
BRDA:504,42,0,2
BRDA:504,42,1,2
BRDA:517,43,0,1
BRDA:517,43,1,1
BRDA:517,44,0,2
BRDA:517,44,1,2
BRDA:528,45,0,1
BRDA:528,45,1,1
BRDA:528,46,0,2
BRDA:528,46,1,2
BRDA:544,47,0,1
BRDA:544,47,1,1
BRDA:544,48,0,2
BRDA:544,48,1,2
BRDA:137,49,0,1
BRDA:137,49,1,1
BRDA:137,50,0,2
BRDA:137,50,1,2
BRDA:137,51,0,1
BRDA:137,51,1,1
BRDA:137,52,0,2
BRDA:137,52,1,2
BRDA:138,53,0,1
BRDA:138,53,1,1
BRDA:138,54,0,2
BRDA:138,54,1,2
BRDA:139,55,0,1
BRDA:139,55,1,1
BRDA:139,56,0,2
BRDA:139,56,1,2
BRDA:140,57,0,1
BRDA:140,57,1,1
BRDA:140,58,0,2
BRDA:140,58,1,2
BRDA:141,59,0,1
BRDA:141,59,1,1
BRDA:141,60,0,2
BRDA:141,60,1,2
BRDA:142,61,0,1
BRDA:142,61,1,1
BRDA:142,62,0,2
BRDA:142,62,1,2
BRDA:143,63,0,1
BRDA:143,63,1,1
BRDA:143,64,0,2
BRDA:143,64,1,2
BRF:128
BRH:128
end_of_record
TN:
SF:src/modules/gradebook/gradebook-read.facade.ts
FN:258,(anonymous_2)
FN:266,(anonymous_3)
FN:290,(anonymous_4)
FN:304,(anonymous_5)
FN:323,(anonymous_6)
FN:335,(anonymous_7)
FN:359,(anonymous_8)
FN:375,(anonymous_9)
FN:390,(anonymous_10)
FN:406,(anonymous_11)
FN:422,(anonymous_12)
FN:435,(anonymous_13)
FN:451,(anonymous_14)
FN:466,(anonymous_15)
FN:481,(anonymous_16)
FN:500,(anonymous_17)
FN:519,(anonymous_18)
FN:536,(anonymous_19)
FN:553,(anonymous_20)
FN:563,(anonymous_21)
FN:582,(anonymous_22)
FN:597,(anonymous_23)
FN:610,(anonymous_24)
FN:631,(anonymous_25)
FNF:24
FNH:24
FNDA:50,(anonymous_2)
FNDA:2,(anonymous_3)
FNDA:1,(anonymous_4)
FNDA:1,(anonymous_5)
FNDA:2,(anonymous_6)
FNDA:3,(anonymous_7)
FNDA:2,(anonymous_8)
FNDA:2,(anonymous_9)
FNDA:3,(anonymous_10)
FNDA:2,(anonymous_11)
FNDA:2,(anonymous_12)
FNDA:2,(anonymous_13)
FNDA:3,(anonymous_14)
FNDA:1,(anonymous_15)
FNDA:4,(anonymous_16)
FNDA:3,(anonymous_17)
FNDA:2,(anonymous_18)
FNDA:2,(anonymous_19)
FNDA:2,(anonymous_20)
FNDA:2,(anonymous_21)
FNDA:2,(anonymous_22)
FNDA:2,(anonymous_23)
FNDA:3,(anonymous_24)
FNDA:3,(anonymous_25)
DA:19,32
DA:22,32
DA:26,32
DA:40,32
DA:56,32
DA:68,32
DA:85,32
DA:101,32
DA:113,32
DA:257,32
DA:258,50
DA:277,2
DA:279,1
DA:290,1
DA:309,1
DA:324,2
DA:340,3
DA:341,3
DA:343,3
DA:363,2
DA:376,2
DA:391,3
DA:407,2
DA:423,2
DA:439,2
DA:455,3
DA:467,1
DA:489,4
DA:506,3
DA:512,3
DA:523,2
DA:527,2
DA:543,2
DA:554,2
DA:571,2
DA:587,2
DA:601,2
DA:619,3
DA:637,3
LF:39
LH:39
BRDA:277,0,0,1
BRDA:491,1,0,4
BRDA:491,1,1,2
BRDA:492,2,0,4
BRDA:492,2,1,2
BRDA:509,3,0,3
BRDA:509,3,1,1
BRDA:528,4,0,1
BRDA:528,4,1,1
BRDA:545,5,0,2
BRDA:545,5,1,1
BRDA:573,6,0,2
BRDA:573,6,1,1
BRDA:574,7,0,2
BRDA:574,7,1,1
BRDA:589,8,0,2
BRDA:589,8,1,1
BRDA:621,9,0,3
BRDA:621,9,1,1
BRDA:622,10,0,3
BRDA:622,10,1,1
BRDA:623,11,0,3
BRDA:623,11,1,2
BRDA:639,12,0,3
BRDA:639,12,1,1
BRDA:640,13,0,3
BRDA:640,13,1,1
BRDA:258,14,0,32
BRDA:258,14,1,0
BRDA:258,15,0,32
BRDA:258,15,1,32
BRF:31
BRH:30
end_of_record
TN:
SF:src/modules/gradebook/gradebook.controller.ts
FN:92,(anonymous_4)
FN:110,(anonymous_5)
FN:122,(anonymous_6)
FN:131,(anonymous_7)
FN:141,(anonymous_8)
FN:154,(anonymous_9)
FN:165,(anonymous_10)
FN:181,(anonymous_11)
FN:192,(anonymous_12)
FN:201,(anonymous_13)
FN:212,(anonymous_14)
FN:223,(anonymous_15)
FN:234,(anonymous_16)
FN:246,(anonymous_17)
FN:258,(anonymous_18)
FN:273,(anonymous_19)
FN:303,(anonymous_20)
FN:331,(anonymous_21)
FN:351,(anonymous_22)
FN:368,(anonymous_23)
FN:378,(anonymous_24)
FN:392,(anonymous_25)
FN:402,(anonymous_26)
FN:412,(anonymous_27)
FN:424,(anonymous_28)
FN:435,(anonymous_29)
FN:454,(anonymous_30)
FN:468,(anonymous_31)
FNF:28
FNH:27
FNDA:31,(anonymous_4)
FNDA:1,(anonymous_5)
FNDA:1,(anonymous_6)
FNDA:1,(anonymous_7)
FNDA:1,(anonymous_8)
FNDA:1,(anonymous_9)
FNDA:3,(anonymous_10)
FNDA:1,(anonymous_11)
FNDA:1,(anonymous_12)
FNDA:1,(anonymous_13)
FNDA:1,(anonymous_14)
FNDA:1,(anonymous_15)
FNDA:1,(anonymous_16)
FNDA:1,(anonymous_17)
FNDA:1,(anonymous_18)
FNDA:1,(anonymous_19)
FNDA:1,(anonymous_20)
FNDA:1,(anonymous_21)
FNDA:0,(anonymous_22)
FNDA:1,(anonymous_23)
FNDA:1,(anonymous_24)
FNDA:1,(anonymous_25)
FNDA:1,(anonymous_26)
FNDA:1,(anonymous_27)
FNDA:2,(anonymous_28)
FNDA:5,(anonymous_29)
FNDA:1,(anonymous_30)
FNDA:3,(anonymous_31)
DA:1,2
DA:20,2
DA:22,2
DA:37,2
DA:38,2
DA:39,2
DA:40,2
DA:41,2
DA:42,2
DA:43,2
DA:47,2
DA:48,2
DA:49,2
DA:50,2
DA:51,2
DA:52,2
DA:54,2
DA:55,2
DA:56,2
DA:57,2
DA:58,2
DA:59,2
DA:60,2
DA:73,2
DA:83,2
DA:91,2
DA:93,31
DA:94,31
DA:95,31
DA:96,31
DA:97,31
DA:98,31
DA:99,31
DA:100,31
DA:101,31
DA:102,31
DA:103,31
DA:110,2
DA:117,1
DA:122,2
DA:126,1
DA:131,2
DA:136,1
DA:141,2
DA:146,1
DA:154,2
DA:160,1
DA:165,2
DA:171,3
DA:172,3
DA:176,3
DA:177,1
DA:181,1
DA:184,3
DA:192,2
DA:196,1
DA:201,2
DA:207,1
DA:212,2
DA:218,1
DA:223,2
DA:227,1
DA:234,2
DA:241,1
DA:246,2
DA:250,1
DA:258,2
DA:263,1
DA:273,2
DA:278,1
DA:298,1
DA:303,2
DA:307,1
DA:326,1
DA:331,2
DA:338,1
DA:343,1
DA:344,1
DA:349,0
DA:351,0
DA:352,0
DA:353,0
DA:368,2
DA:373,1
DA:378,2
DA:385,1
DA:392,2
DA:397,1
DA:402,2
DA:406,1
DA:412,2
DA:417,1
DA:424,2
DA:429,2
DA:435,2
DA:439,5
DA:440,1
DA:444,4
DA:445,4
DA:446,2
DA:448,2
DA:454,2
DA:460,1
DA:472,3
DA:476,3
DA:478,3
LF:106
LH:102
BRDA:176,0,0,1
BRDA:176,1,0,3
BRDA:176,1,1,2
BRDA:343,2,0,1
BRDA:439,3,0,1
BRDA:444,4,0,4
BRDA:444,4,1,0
BRDA:445,5,0,2
BRDA:445,6,0,4
BRDA:445,6,1,3
BRDA:472,7,0,2
BRDA:472,7,1,1
BRDA:115,8,0,1
BRDA:115,8,1,1
BRDA:115,9,0,2
BRDA:115,9,1,2
BRDA:158,10,0,1
BRDA:158,10,1,1
BRDA:158,11,0,2
BRDA:158,11,1,2
BRDA:169,12,0,1
BRDA:169,12,1,1
BRDA:169,13,0,2
BRDA:169,13,1,2
BRDA:205,14,0,1
BRDA:205,14,1,1
BRDA:205,15,0,2
BRDA:205,15,1,2
BRDA:216,16,0,1
BRDA:216,16,1,1
BRDA:216,17,0,2
BRDA:216,17,1,2
BRDA:239,18,0,1
BRDA:239,18,1,1
BRDA:239,19,0,2
BRDA:239,19,1,2
BRDA:261,20,0,1
BRDA:261,20,1,1
BRDA:261,21,0,2
BRDA:261,21,1,2
BRDA:276,22,0,1
BRDA:276,22,1,1
BRDA:276,23,0,2
BRDA:276,23,1,2
BRDA:336,24,0,1
BRDA:336,24,1,1
BRDA:336,25,0,2
BRDA:336,25,1,2
BRDA:383,26,0,1
BRDA:383,26,1,1
BRDA:383,27,0,2
BRDA:383,27,1,2
BRDA:395,28,0,1
BRDA:395,28,1,1
BRDA:395,29,0,2
BRDA:395,29,1,2
BRDA:415,30,0,1
BRDA:415,30,1,1
BRDA:415,31,0,2
BRDA:415,31,1,2
BRDA:458,32,0,1
BRDA:458,32,1,1
BRDA:458,33,0,2
BRDA:458,33,1,2
BRDA:93,34,0,1
BRDA:93,34,1,1
BRDA:93,35,0,2
BRDA:93,35,1,2
BRDA:93,36,0,1
BRDA:93,36,1,1
BRDA:93,37,0,2
BRDA:93,37,1,2
BRDA:94,38,0,1
BRDA:94,38,1,1
BRDA:94,39,0,2
BRDA:94,39,1,2
BRDA:95,40,0,1
BRDA:95,40,1,1
BRDA:95,41,0,2
BRDA:95,41,1,2
BRDA:96,42,0,1
BRDA:96,42,1,1
BRDA:96,43,0,2
BRDA:96,43,1,2
BRDA:97,44,0,1
BRDA:97,44,1,1
BRDA:97,45,0,2
BRDA:97,45,1,2
BRDA:98,46,0,1
BRDA:98,46,1,1
BRDA:98,47,0,2
BRDA:98,47,1,2
BRDA:99,48,0,1
BRDA:99,48,1,1
BRDA:99,49,0,2
BRDA:99,49,1,2
BRDA:100,50,0,1
BRDA:100,50,1,1
BRDA:100,51,0,2
BRDA:100,51,1,2
BRDA:101,52,0,1
BRDA:101,52,1,1
BRDA:101,53,0,2
BRDA:101,53,1,2
BRDA:102,54,0,1
BRDA:102,54,1,1
BRDA:102,55,0,2
BRDA:102,55,1,2
BRF:108
BRH:107
end_of_record
TN:
SF:src/modules/gradebook/grades.service.ts
FN:25,(anonymous_2)
FN:35,(anonymous_3)
FN:62,(anonymous_4)
FN:64,(anonymous_5)
FN:65,(anonymous_6)
FN:125,(anonymous_7)
FN:132,(anonymous_8)
FN:198,(anonymous_9)
FN:242,(anonymous_10)
FNF:9
FNH:9
FNDA:19,(anonymous_2)
FNDA:12,(anonymous_3)
FNDA:10,(anonymous_4)
FNDA:8,(anonymous_5)
FNDA:10,(anonymous_6)
FNDA:2,(anonymous_7)
FNDA:6,(anonymous_8)
FNDA:2,(anonymous_9)
FNDA:5,(anonymous_10)
DA:1,5
DA:9,5
DA:10,5
DA:11,5
DA:12,5
DA:13,5
DA:24,5
DA:26,19
DA:27,19
DA:28,19
DA:29,19
DA:42,12
DA:47,12
DA:48,1
DA:54,11
DA:55,1
DA:62,10
DA:63,10
DA:64,10
DA:65,10
DA:67,10
DA:68,2
DA:75,8
DA:77,8
DA:78,8
DA:79,8
DA:81,8
DA:82,2
DA:83,2
DA:84,0
DA:93,8
DA:94,8
DA:95,8
DA:96,1
DA:101,7
DA:102,1
DA:110,6
DA:124,6
DA:125,2
DA:129,6
DA:130,6
DA:132,6
DA:133,6
DA:134,6
DA:136,6
DA:137,6
DA:141,6
DA:142,6
DA:144,6
DA:146,2
DA:147,1
DA:148,1
DA:151,2
DA:152,1
DA:154,4
DA:156,2
DA:159,6
DA:186,6
DA:189,6
DA:192,6
DA:199,2
DA:204,2
DA:205,1
DA:211,1
DA:236,1
DA:247,5
DA:249,5
DA:250,1
DA:256,4
DA:257,4
DA:258,1
DA:260,4
DA:261,1
DA:263,4
DA:264,1
DA:267,4
DA:298,4
LF:77
LH:76
BRDA:47,0,0,1
BRDA:54,1,0,1
BRDA:54,2,0,11
BRDA:54,2,1,11
BRDA:67,3,0,2
BRDA:77,4,0,8
BRDA:77,4,1,6
BRDA:77,4,2,0
BRDA:78,5,0,8
BRDA:78,5,1,6
BRDA:81,6,0,2
BRDA:83,7,0,0
BRDA:83,8,0,2
BRDA:83,8,1,1
BRDA:95,9,0,1
BRDA:95,10,0,8
BRDA:95,10,1,5
BRDA:101,11,0,1
BRDA:101,12,0,7
BRDA:101,12,1,4
BRDA:144,13,0,2
BRDA:144,13,1,4
BRDA:146,14,0,1
BRDA:151,15,0,1
BRDA:151,16,0,2
BRDA:151,16,1,1
BRDA:154,17,0,2
BRDA:170,18,0,6
BRDA:170,18,1,5
BRDA:180,19,0,6
BRDA:180,19,1,5
BRDA:204,20,0,1
BRDA:249,21,0,1
BRDA:257,22,0,1
BRDA:260,23,0,1
BRDA:263,24,0,1
BRDA:26,25,0,4
BRDA:26,25,1,1
BRDA:26,26,0,5
BRDA:26,26,1,5
BRDA:26,27,0,4
BRDA:26,27,1,1
BRDA:26,28,0,5
BRDA:26,28,1,5
BRDA:27,29,0,4
BRDA:27,29,1,1
BRDA:27,30,0,5
BRDA:27,30,1,5
BRDA:28,31,0,4
BRDA:28,31,1,1
BRDA:28,32,0,5
BRDA:28,32,1,5
BRF:52
BRH:50
end_of_record
TN:
SF:src/modules/gradebook/grading-scales.controller.ts
FN:37,(anonymous_4)
FN:42,(anonymous_5)
FN:52,(anonymous_6)
FN:62,(anonymous_7)
FN:71,(anonymous_8)
FN:82,(anonymous_9)
FNF:6
FNH:6
FNDA:5,(anonymous_4)
FNDA:1,(anonymous_5)
FNDA:1,(anonymous_6)
FNDA:1,(anonymous_7)
FNDA:1,(anonymous_8)
FNDA:1,(anonymous_9)
DA:1,2
DA:15,2
DA:17,2
DA:19,2
DA:20,2
DA:21,2
DA:22,2
DA:23,2
DA:25,2
DA:29,2
DA:36,2
DA:37,5
DA:42,2
DA:47,1
DA:52,2
DA:57,1
DA:62,2
DA:66,1
DA:71,2
DA:77,1
DA:82,2
DA:86,1
LF:22
LH:22
BRDA:45,0,0,1
BRDA:45,0,1,1
BRDA:45,1,0,2
BRDA:45,1,1,2
BRDA:55,2,0,1
BRDA:55,2,1,1
BRDA:55,3,0,2
BRDA:55,3,1,2
BRDA:75,4,0,1
BRDA:75,4,1,1
BRDA:75,5,0,2
BRDA:75,5,1,2
BRDA:37,6,0,1
BRDA:37,6,1,1
BRDA:37,7,0,2
BRDA:37,7,1,2
BRF:16
BRH:16
end_of_record
TN:
SF:src/modules/gradebook/grading-scales.service.ts
FN:20,(anonymous_2)
FN:25,(anonymous_3)
FN:29,(anonymous_4)
FN:57,(anonymous_5)
FN:82,(anonymous_6)
FN:105,(anonymous_7)
FN:132,(anonymous_8)
FN:165,(anonymous_9)
FN:195,(anonymous_10)
FN:205,(anonymous_11)
FNF:10
FNH:10
FNDA:20,(anonymous_2)
FNDA:3,(anonymous_3)
FNDA:3,(anonymous_4)
FNDA:2,(anonymous_5)
FNDA:3,(anonymous_6)
FNDA:6,(anonymous_7)
FNDA:4,(anonymous_8)
FNDA:3,(anonymous_9)
FNDA:1,(anonymous_10)
FNDA:7,(anonymous_11)
DA:1,2
DA:6,2
DA:8,2
DA:9,2
DA:19,2
DA:20,20
DA:26,3
DA:28,3
DA:29,3
DA:30,3
DA:32,3
DA:41,2
DA:45,1
DA:50,1
DA:58,2
DA:59,2
DA:61,2
DA:63,2
DA:73,2
DA:83,3
DA:87,3
DA:88,1
DA:94,2
DA:96,2
DA:106,6
DA:111,6
DA:112,1
DA:119,5
DA:120,2
DA:121,2
DA:122,1
DA:129,4
DA:131,4
DA:132,4
DA:133,4
DA:135,4
DA:136,4
DA:137,3
DA:139,4
DA:140,1
DA:143,4
DA:149,2
DA:153,1
DA:158,1
DA:166,3
DA:171,3
DA:172,1
DA:179,2
DA:186,2
DA:187,1
DA:193,1
DA:195,1
DA:196,1
DA:197,1
DA:207,7
DA:218,7
DA:219,3
DA:224,4
DA:225,4
DA:236,4
DA:237,3
DA:241,1
LF:62
LH:62
BRDA:41,0,0,1
BRDA:42,1,0,2
BRDA:42,1,1,1
BRDA:87,2,0,1
BRDA:111,3,0,1
BRDA:119,4,0,2
BRDA:121,5,0,1
BRDA:136,6,0,3
BRDA:139,7,0,1
BRDA:149,8,0,1
BRDA:150,9,0,2
BRDA:150,9,1,1
BRDA:171,10,0,1
BRDA:186,11,0,1
BRDA:218,12,0,3
BRDA:236,13,0,3
BRDA:20,14,0,2
BRDA:20,14,1,0
BRDA:20,15,0,2
BRDA:20,15,1,2
BRF:20
BRH:19
end_of_record
TN:
SF:src/modules/gradebook/parent-gradebook.controller.ts
FN:49,(anonymous_4)
FN:62,(anonymous_5)
FN:68,(anonymous_6)
FN:82,(anonymous_7)
FN:104,(anonymous_8)
FN:149,(anonymous_9)
FN:186,(anonymous_10)
FN:208,(anonymous_11)
FNF:8
FNH:8
FNDA:10,(anonymous_4)
FNDA:1,(anonymous_5)
FNDA:3,(anonymous_6)
FNDA:1,(anonymous_7)
FNDA:4,(anonymous_8)
FNDA:1,(anonymous_9)
FNDA:9,(anonymous_10)
FNDA:3,(anonymous_11)
DA:1,2
DA:13,2
DA:17,2
DA:18,2
DA:19,2
DA:20,2
DA:21,2
DA:22,2
DA:23,2
DA:24,2
DA:25,2
DA:26,2
DA:27,2
DA:28,2
DA:30,2
DA:31,2
DA:32,2
DA:36,2
DA:42,2
DA:48,2
DA:50,10
DA:51,10
DA:52,10
DA:53,10
DA:54,10
DA:55,10
DA:56,10
DA:57,10
DA:62,2
DA:63,1
DA:68,2
DA:75,3
DA:77,1
DA:82,2
DA:89,1
DA:92,1
DA:104,2
DA:111,4
DA:114,4
DA:116,4
DA:117,1
DA:125,3
DA:126,1
DA:131,2
DA:133,2
DA:140,2
DA:144,2
DA:149,2
DA:155,1
DA:157,1
DA:162,1
DA:165,1
DA:167,1
DA:174,1
DA:178,1
DA:191,9
DA:193,9
DA:194,1
DA:199,8
DA:201,8
DA:202,1
DA:209,3
DA:210,3
DA:212,3
LF:64
LH:64
BRDA:116,0,0,1
BRDA:125,1,0,1
BRDA:193,2,0,1
BRDA:201,3,0,1
BRDA:213,4,0,3
BRDA:213,4,1,1
BRDA:214,5,0,3
BRDA:214,5,1,3
BRDA:215,6,0,3
BRDA:215,6,1,3
BRDA:216,7,0,3
BRDA:216,7,1,3
BRDA:73,8,0,1
BRDA:73,8,1,1
BRDA:73,9,0,2
BRDA:73,9,1,2
BRDA:87,10,0,1
BRDA:87,10,1,1
BRDA:87,11,0,2
BRDA:87,11,1,2
BRDA:50,12,0,1
BRDA:50,12,1,1
BRDA:50,13,0,2
BRDA:50,13,1,2
BRDA:50,14,0,1
BRDA:50,14,1,1
BRDA:50,15,0,2
BRDA:50,15,1,2
BRDA:51,16,0,1
BRDA:51,16,1,1
BRDA:51,17,0,2
BRDA:51,17,1,2
BRDA:52,18,0,1
BRDA:52,18,1,1
BRDA:52,19,0,2
BRDA:52,19,1,2
BRDA:53,20,0,1
BRDA:53,20,1,1
BRDA:53,21,0,2
BRDA:53,21,1,2
BRDA:54,22,0,1
BRDA:54,22,1,1
BRDA:54,23,0,2
BRDA:54,23,1,2
BRDA:55,24,0,1
BRDA:55,24,1,1
BRDA:55,25,0,2
BRDA:55,25,1,2
BRDA:56,26,0,1
BRDA:56,26,1,1
BRDA:56,27,0,2
BRDA:56,27,1,2
BRF:52
BRH:52
end_of_record
TN:
SF:src/modules/gradebook/results-matrix.service.ts
FN:53,(anonymous_2)
FN:61,(anonymous_3)
FN:99,(anonymous_4)
FN:106,(anonymous_5)
FN:150,(anonymous_6)
FN:187,(anonymous_7)
FN:196,(anonymous_8)
FN:207,(anonymous_9)
FN:210,(anonymous_10)
FN:214,(anonymous_11)
FN:220,(anonymous_12)
FN:222,(anonymous_13)
FN:228,(anonymous_14)
FNF:13
FNH:13
FNDA:13,(anonymous_2)
FNDA:6,(anonymous_3)
FNDA:4,(anonymous_4)
FNDA:4,(anonymous_5)
FNDA:2,(anonymous_6)
FNDA:7,(anonymous_7)
FNDA:6,(anonymous_8)
FNDA:5,(anonymous_9)
FNDA:6,(anonymous_10)
FNDA:5,(anonymous_11)
FNDA:4,(anonymous_12)
FNDA:5,(anonymous_13)
FNDA:5,(anonymous_14)
DA:1,3
DA:3,3
DA:4,3
DA:5,3
DA:52,3
DA:54,13
DA:55,13
DA:67,6
DA:70,5
DA:99,5
DA:106,5
DA:109,5
DA:128,5
DA:129,5
DA:130,2
DA:131,2
DA:132,2
DA:139,2
DA:147,5
DA:150,5
DA:152,5
DA:169,5
DA:170,5
DA:171,2
DA:172,2
DA:174,2
DA:180,5
DA:193,7
DA:196,6
DA:197,6
DA:207,6
DA:210,6
DA:211,6
DA:214,5
DA:215,5
DA:220,5
DA:222,5
DA:225,5
DA:226,5
DA:228,5
DA:229,5
DA:231,5
DA:232,4
DA:234,4
DA:236,4
DA:262,5
LF:46
LH:46
BRDA:131,0,0,2
BRDA:152,1,0,2
BRDA:152,1,1,3
BRDA:152,2,0,5
BRDA:152,2,1,2
BRDA:171,3,0,2
BRDA:175,4,0,1
BRDA:175,4,1,1
BRDA:193,5,0,1
BRDA:211,6,0,1
BRDA:234,7,0,3
BRDA:234,7,1,1
BRDA:247,8,0,3
BRDA:247,8,1,1
BRDA:256,9,0,3
BRDA:256,9,1,1
BRDA:54,10,0,2
BRDA:54,10,1,1
BRDA:54,11,0,3
BRDA:54,11,1,3
BRDA:54,12,0,2
BRDA:54,12,1,1
BRDA:54,13,0,3
BRDA:54,13,1,3
BRF:24
BRH:24
end_of_record
TN:
SF:src/modules/gradebook/transcripts.controller.ts
FN:23,(anonymous_4)
FN:31,(anonymous_5)
FN:43,(anonymous_6)
FN:75,(anonymous_7)
FNF:4
FNH:4
FNDA:4,(anonymous_4)
FNDA:1,(anonymous_5)
FNDA:2,(anonymous_6)
FNDA:2,(anonymous_7)
DA:1,2
DA:11,2
DA:12,2
DA:13,2
DA:14,2
DA:15,2
DA:16,2
DA:18,2
DA:22,2
DA:24,4
DA:25,4
DA:26,4
DA:31,2
DA:35,1
DA:43,2
DA:48,2
DA:54,2
DA:57,2
DA:59,2
DA:66,2
DA:70,2
DA:76,2
DA:77,2
DA:79,2
LF:24
LH:24
BRDA:80,0,0,2
BRDA:80,0,1,1
BRDA:81,1,0,2
BRDA:81,1,1,2
BRDA:82,2,0,2
BRDA:82,2,1,2
BRDA:83,3,0,2
BRDA:83,3,1,2
BRDA:24,4,0,1
BRDA:24,4,1,1
BRDA:24,5,0,2
BRDA:24,5,1,2
BRDA:24,6,0,1
BRDA:24,6,1,1
BRDA:24,7,0,2
BRDA:24,7,1,2
BRDA:25,8,0,1
BRDA:25,8,1,1
BRDA:25,9,0,2
BRDA:25,9,1,2
BRF:20
BRH:20
end_of_record
TN:
SF:src/modules/gradebook/transcripts.service.ts
FN:13,(anonymous_2)
FN:24,(anonymous_3)
FN:161,(anonymous_4)
FN:196,(anonymous_5)
FNF:4
FNH:4
FNDA:14,(anonymous_2)
FNDA:10,(anonymous_3)
FNDA:2,(anonymous_4)
FNDA:3,(anonymous_5)
DA:1,4
DA:3,4
DA:4,4
DA:5,4
DA:7,4
DA:10,4
DA:11,14
DA:14,14
DA:15,14
DA:16,14
DA:25,10
DA:28,10
DA:29,10
DA:30,10
DA:31,9
DA:32,1
DA:36,1
DA:43,9
DA:61,9
DA:62,1
DA:69,8
DA:98,8
DA:123,8
DA:124,2
DA:125,2
DA:126,2
DA:128,2
DA:129,2
DA:136,2
DA:138,2
DA:139,2
DA:148,2
DA:150,2
DA:161,8
DA:167,8
DA:179,8
DA:180,8
DA:181,8
DA:184,1
DA:190,8
DA:197,3
DA:198,3
DA:199,3
DA:202,2
LF:44
LH:44
BRDA:31,0,0,1
BRDA:38,1,0,1
BRDA:38,1,1,0
BRDA:61,2,0,1
BRDA:128,3,0,2
BRDA:138,4,0,2
BRDA:153,5,0,2
BRDA:153,5,1,1
BRDA:156,6,0,2
BRDA:156,6,1,2
BRDA:172,7,0,8
BRDA:172,7,1,1
BRDA:173,8,0,8
BRDA:173,8,1,1
BRDA:186,9,0,0
BRDA:186,9,1,1
BRDA:204,10,0,1
BRDA:204,10,1,1
BRDA:14,11,0,3
BRDA:14,11,1,1
BRDA:14,12,0,4
BRDA:14,12,1,4
BRDA:14,13,0,3
BRDA:14,13,1,1
BRDA:14,14,0,4
BRDA:14,14,1,4
BRDA:15,15,0,3
BRDA:15,15,1,1
BRDA:15,16,0,4
BRDA:15,16,1,4
BRF:30
BRH:28
end_of_record
TN:
SF:src/modules/gradebook/year-group-grade-weights.service.ts
FN:18,(anonymous_2)
FN:27,(anonymous_3)
FN:42,(anonymous_4)
FN:51,(anonymous_5)
FN:52,(anonymous_6)
FN:63,(anonymous_7)
FN:72,(anonymous_8)
FN:100,(anonymous_9)
FN:137,(anonymous_10)
FN:139,(anonymous_11)
FN:146,(anonymous_12)
FN:160,(anonymous_13)
FN:188,(anonymous_14)
FN:212,(anonymous_15)
FN:245,(anonymous_16)
FN:264,(anonymous_17)
FNF:16
FNH:16
FNDA:16,(anonymous_2)
FNDA:4,(anonymous_3)
FNDA:2,(anonymous_4)
FNDA:1,(anonymous_5)
FNDA:2,(anonymous_6)
FNDA:1,(anonymous_7)
FNDA:1,(anonymous_8)
FNDA:4,(anonymous_9)
FNDA:1,(anonymous_10)
FNDA:2,(anonymous_11)
FNDA:2,(anonymous_12)
FNDA:2,(anonymous_13)
FNDA:4,(anonymous_14)
FNDA:1,(anonymous_15)
FNDA:2,(anonymous_16)
FNDA:1,(anonymous_17)
DA:1,3
DA:7,3
DA:8,3
DA:9,3
DA:17,3
DA:19,16
DA:20,16
DA:29,4
DA:32,3
DA:34,3
DA:35,1
DA:42,2
DA:43,2
DA:51,2
DA:52,2
DA:54,2
DA:55,1
DA:62,1
DA:63,1
DA:70,1
DA:72,1
DA:73,1
DA:75,1
DA:101,4
DA:103,3
DA:117,3
DA:118,3
DA:119,2
DA:122,2
DA:123,2
DA:127,3
DA:137,3
DA:139,3
DA:140,2
DA:144,2
DA:146,2
DA:154,3
DA:161,2
DA:174,2
DA:175,1
DA:181,1
DA:190,4
DA:193,3
DA:196,2
DA:203,2
DA:204,1
DA:210,1
DA:212,1
DA:213,1
DA:215,1
DA:216,1
DA:217,1
DA:235,1
DA:238,1
DA:246,2
DA:255,2
DA:256,1
DA:262,1
DA:264,1
DA:265,1
DA:266,1
LF:61
LH:61
BRDA:34,0,0,1
BRDA:54,1,0,1
BRDA:127,2,0,2
BRDA:127,2,1,1
BRDA:148,3,0,2
BRDA:148,3,1,1
BRDA:174,4,0,1
BRDA:203,5,0,1
BRDA:255,6,0,1
BRDA:19,7,0,2
BRDA:19,7,1,1
BRDA:19,8,0,3
BRDA:19,8,1,3
BRDA:19,9,0,2
BRDA:19,9,1,1
BRDA:19,10,0,3
BRDA:19,10,1,3
BRF:17
BRH:17
end_of_record
TN:
SF:src/modules/gradebook/ai/ai-comments.service.ts
FN:39,(anonymous_2)
FN:51,(anonymous_3)
FN:154,(anonymous_4)
FN:179,(anonymous_5)
FN:212,(anonymous_6)
FN:250,(anonymous_7)
FN:251,(anonymous_8)
FN:252,(anonymous_9)
FN:263,(anonymous_10)
FN:275,(anonymous_11)
FNF:10
FNH:7
FNDA:14,(anonymous_2)
FNDA:15,(anonymous_3)
FNDA:9,(anonymous_4)
FNDA:4,(anonymous_5)
FNDA:12,(anonymous_6)
FNDA:0,(anonymous_7)
FNDA:0,(anonymous_8)
FNDA:0,(anonymous_9)
FNDA:9,(anonymous_10)
FNDA:9,(anonymous_11)
DA:1,3
DA:9,3
DA:10,3
DA:12,3
DA:13,3
DA:14,3
DA:15,3
DA:16,3
DA:17,3
DA:18,3
DA:36,3
DA:37,14
DA:40,14
DA:41,14
DA:42,14
DA:43,14
DA:44,14
DA:45,14
DA:46,14
DA:52,15
DA:53,1
DA:61,14
DA:62,14
DA:63,2
DA:71,12
DA:72,12
DA:73,2
DA:81,10
DA:88,10
DA:89,1
DA:95,9
DA:99,9
DA:100,9
DA:101,9
DA:103,9
DA:106,9
DA:107,9
DA:118,9
DA:126,9
DA:127,9
DA:136,9
DA:144,9
DA:146,9
DA:147,9
DA:152,9
DA:154,9
DA:155,9
DA:157,9
DA:172,9
DA:174,9
DA:183,4
DA:184,1
DA:192,3
DA:193,3
DA:195,3
DA:196,4
DA:197,4
DA:198,3
DA:200,1
DA:207,3
DA:213,12
DA:229,12
DA:232,10
DA:244,10
DA:249,10
DA:250,10
DA:251,10
DA:252,10
DA:254,10
DA:270,9
DA:271,9
DA:273,9
DA:276,9
DA:280,9
DA:286,9
DA:289,9
DA:293,9
DA:297,9
LF:78
LH:78
BRDA:52,0,0,1
BRDA:62,1,0,2
BRDA:72,2,0,2
BRDA:88,3,0,1
BRDA:99,4,0,9
BRDA:99,4,1,0
BRDA:101,5,0,9
BRDA:101,5,1,0
BRDA:103,6,0,9
BRDA:103,6,1,0
BRDA:126,7,0,9
BRDA:126,7,1,0
BRDA:155,8,0,8
BRDA:155,8,1,1
BRDA:155,9,0,8
BRDA:155,9,1,0
BRDA:183,10,0,1
BRDA:202,11,0,1
BRDA:202,11,1,0
BRDA:229,12,0,2
BRDA:276,13,0,9
BRDA:276,13,1,9
BRDA:286,14,0,9
BRDA:286,14,1,0
BRDA:289,15,0,1
BRDA:289,15,1,8
BRDA:293,16,0,1
BRDA:293,16,1,8
BRDA:40,17,0,2
BRDA:40,17,1,1
BRDA:40,18,0,3
BRDA:40,18,1,3
BRDA:40,19,0,2
BRDA:40,19,1,1
BRDA:40,20,0,3
BRDA:40,20,1,3
BRDA:41,21,0,2
BRDA:41,21,1,1
BRDA:41,22,0,3
BRDA:41,22,1,3
BRDA:42,23,0,2
BRDA:42,23,1,1
BRDA:42,24,0,3
BRDA:42,24,1,3
BRDA:43,25,0,2
BRDA:43,25,1,1
BRDA:43,26,0,3
BRDA:43,26,1,3
BRDA:44,27,0,2
BRDA:44,27,1,1
BRDA:44,28,0,3
BRDA:44,28,1,3
BRDA:45,29,0,2
BRDA:45,29,1,1
BRDA:45,30,0,3
BRDA:45,30,1,3
BRF:56
BRH:49
end_of_record
TN:
SF:src/modules/gradebook/ai/ai-grading-instruction.service.ts
FN:36,(anonymous_2)
FN:44,(anonymous_3)
FN:51,(anonymous_4)
FN:93,(anonymous_5)
FN:116,(anonymous_6)
FN:142,(anonymous_7)
FN:182,(anonymous_8)
FN:199,(anonymous_9)
FN:240,(anonymous_10)
FN:263,(anonymous_11)
FN:281,(anonymous_12)
FN:297,(anonymous_13)
FN:328,(anonymous_14)
FN:344,(anonymous_15)
FNF:14
FNH:8
FNDA:13,(anonymous_2)
FNDA:2,(anonymous_3)
FNDA:2,(anonymous_4)
FNDA:0,(anonymous_5)
FNDA:0,(anonymous_6)
FNDA:4,(anonymous_7)
FNDA:1,(anonymous_8)
FNDA:4,(anonymous_9)
FNDA:3,(anonymous_10)
FNDA:2,(anonymous_11)
FNDA:0,(anonymous_12)
FNDA:0,(anonymous_13)
FNDA:0,(anonymous_14)
FNDA:0,(anonymous_15)
DA:1,3
DA:10,3
DA:11,3
DA:35,3
DA:36,13
DA:49,2
DA:51,2
DA:52,2
DA:54,2
DA:63,2
DA:64,1
DA:77,1
DA:94,0
DA:110,0
DA:117,0
DA:127,0
DA:128,0
DA:136,0
DA:148,4
DA:153,4
DA:154,1
DA:162,3
DA:163,1
DA:171,2
DA:172,1
DA:180,1
DA:182,1
DA:183,1
DA:184,1
DA:200,4
DA:205,4
DA:206,1
DA:214,3
DA:215,1
DA:223,2
DA:224,1
DA:232,1
DA:245,3
DA:250,3
DA:251,1
DA:259,2
DA:261,2
DA:263,2
DA:264,2
DA:265,2
DA:282,0
DA:291,0
DA:303,0
DA:308,0
DA:309,0
DA:317,0
DA:318,0
DA:326,0
DA:328,0
DA:329,0
DA:330,0
DA:345,0
DA:350,0
DA:351,0
DA:359,0
LF:60
LH:39
BRDA:63,0,0,1
BRDA:97,1,0,0
BRDA:97,1,1,0
BRDA:98,2,0,0
BRDA:98,2,1,0
BRDA:99,3,0,0
BRDA:99,3,1,0
BRDA:127,4,0,0
BRDA:153,5,0,1
BRDA:162,6,0,1
BRDA:171,7,0,1
BRDA:171,8,0,2
BRDA:171,8,1,1
BRDA:190,9,0,1
BRDA:190,9,1,1
BRDA:205,10,0,1
BRDA:214,11,0,1
BRDA:223,12,0,1
BRDA:250,13,0,1
BRDA:259,14,0,1
BRDA:259,14,1,1
BRDA:308,15,0,0
BRDA:317,16,0,0
BRDA:350,17,0,0
BRDA:36,18,0,2
BRDA:36,18,1,1
BRDA:36,19,0,3
BRDA:36,19,1,3
BRF:28
BRH:18
end_of_record
TN:
SF:src/modules/gradebook/ai/ai-grading.service.ts
FN:57,(anonymous_2)
FN:73,(anonymous_3)
FN:173,(anonymous_4)
FN:203,(anonymous_5)
FN:307,(anonymous_6)
FN:347,(anonymous_7)
FN:395,(anonymous_8)
FN:433,(anonymous_9)
FN:477,(anonymous_10)
FN:499,(anonymous_11)
FNF:10
FNH:10
FNDA:33,(anonymous_2)
FNDA:22,(anonymous_3)
FNDA:15,(anonymous_4)
FNDA:10,(anonymous_5)
FNDA:2,(anonymous_6)
FNDA:24,(anonymous_7)
FNDA:20,(anonymous_8)
FNDA:17,(anonymous_9)
FNDA:22,(anonymous_10)
FNDA:7,(anonymous_11)
DA:1,3
DA:10,3
DA:11,3
DA:13,3
DA:14,3
DA:15,3
DA:16,3
DA:17,3
DA:18,3
DA:19,3
DA:23,3
DA:53,3
DA:54,33
DA:55,33
DA:58,33
DA:59,33
DA:60,33
DA:61,33
DA:62,33
DA:63,33
DA:64,33
DA:80,22
DA:81,1
DA:89,21
DA:90,21
DA:91,2
DA:99,19
DA:100,1
DA:108,18
DA:115,18
DA:116,1
DA:122,17
DA:125,16
DA:132,16
DA:134,16
DA:135,1
DA:143,15
DA:144,15
DA:146,15
DA:150,15
DA:151,15
DA:171,15
DA:173,15
DA:174,15
DA:175,15
DA:177,15
DA:179,15
DA:194,15
DA:208,10
DA:209,1
DA:217,9
DA:218,9
DA:219,1
DA:228,8
DA:235,8
DA:237,8
DA:238,1
DA:246,7
DA:248,7
DA:249,7
DA:250,5
DA:257,5
DA:258,1
DA:264,1
DA:268,6
DA:269,1
DA:275,1
DA:278,5
DA:279,5
DA:281,5
DA:282,5
DA:284,5
DA:285,5
DA:305,2
DA:307,2
DA:308,2
DA:309,2
DA:311,2
DA:313,2
DA:328,2
DA:330,3
DA:333,3
DA:342,7
DA:348,24
DA:368,24
DA:371,22
DA:381,22
DA:398,20
DA:406,20
DA:407,1
DA:410,20
DA:411,1
DA:414,20
DA:428,20
DA:437,17
DA:438,17
DA:439,1
DA:440,1
DA:444,17
DA:445,17
DA:447,2
DA:448,2
DA:455,15
DA:458,15
DA:465,15
DA:467,15
DA:478,22
DA:479,22
DA:480,22
DA:482,22
DA:483,22
DA:484,20
DA:487,22
DA:488,1
DA:500,7
LF:115
LH:115
BRDA:80,0,0,1
BRDA:90,1,0,2
BRDA:99,2,0,1
BRDA:115,3,0,1
BRDA:134,4,0,1
BRDA:174,5,0,14
BRDA:174,5,1,1
BRDA:190,6,0,15
BRDA:190,6,1,0
BRDA:208,7,0,1
BRDA:218,8,0,1
BRDA:237,9,0,1
BRDA:249,10,0,5
BRDA:257,11,0,1
BRDA:268,12,0,1
BRDA:270,13,0,1
BRDA:270,13,1,0
BRDA:308,14,0,2
BRDA:308,14,1,0
BRDA:317,15,0,2
BRDA:317,15,1,0
BRDA:324,16,0,2
BRDA:324,16,1,0
BRDA:328,17,0,2
BRDA:328,17,1,0
BRDA:331,18,0,3
BRDA:331,18,1,2
BRDA:334,19,0,3
BRDA:334,19,1,2
BRDA:368,20,0,2
BRDA:387,21,0,22
BRDA:387,21,1,21
BRDA:388,22,0,22
BRDA:388,22,1,21
BRDA:406,23,0,1
BRDA:410,24,0,1
BRDA:438,25,0,1
BRDA:458,26,0,13
BRDA:458,26,1,2
BRDA:458,27,0,15
BRDA:458,27,1,15
BRDA:458,27,2,14
BRDA:465,28,0,14
BRDA:465,28,1,1
BRDA:465,29,0,15
BRDA:465,29,1,3
BRDA:470,30,0,15
BRDA:470,30,1,0
BRDA:471,31,0,1
BRDA:471,31,1,14
BRDA:483,32,0,20
BRDA:487,33,0,1
BRDA:58,34,0,2
BRDA:58,34,1,1
BRDA:58,35,0,3
BRDA:58,35,1,3
BRDA:58,36,0,2
BRDA:58,36,1,1
BRDA:58,37,0,3
BRDA:58,37,1,3
BRDA:59,38,0,2
BRDA:59,38,1,1
BRDA:59,39,0,3
BRDA:59,39,1,3
BRDA:60,40,0,2
BRDA:60,40,1,1
BRDA:60,41,0,3
BRDA:60,41,1,3
BRDA:61,42,0,2
BRDA:61,42,1,1
BRDA:61,43,0,3
BRDA:61,43,1,3
BRDA:62,44,0,2
BRDA:62,44,1,1
BRDA:62,45,0,3
BRDA:62,45,1,3
BRDA:63,46,0,2
BRDA:63,46,1,1
BRDA:63,47,0,3
BRDA:63,47,1,3
BRF:80
BRH:73
end_of_record
TN:
SF:src/modules/gradebook/ai/ai-progress-summary.service.ts
FN:41,(anonymous_2)
FN:61,(anonymous_3)
FN:167,(anonymous_4)
FN:208,(anonymous_5)
FN:231,(anonymous_6)
FN:259,(anonymous_7)
FN:260,(anonymous_8)
FN:272,(anonymous_9)
FN:284,(anonymous_10)
FNF:9
FNH:9
FNDA:16,(anonymous_2)
FNDA:10,(anonymous_3)
FNDA:5,(anonymous_4)
FNDA:4,(anonymous_5)
FNDA:6,(anonymous_6)
FNDA:15,(anonymous_7)
FNDA:15,(anonymous_8)
FNDA:5,(anonymous_9)
FNDA:4,(anonymous_10)
DA:1,4
DA:9,4
DA:10,4
DA:12,4
DA:13,4
DA:14,4
DA:15,4
DA:16,4
DA:17,4
DA:18,4
DA:19,4
DA:20,4
DA:21,4
DA:37,4
DA:38,16
DA:39,16
DA:42,16
DA:43,16
DA:44,16
DA:45,16
DA:46,16
DA:47,16
DA:48,16
DA:49,16
DA:50,16
DA:51,16
DA:67,10
DA:68,1
DA:77,9
DA:78,9
DA:79,1
DA:87,8
DA:94,8
DA:95,1
DA:102,7
DA:103,7
DA:104,7
DA:106,7
DA:107,1
DA:108,1
DA:112,6
DA:114,6
DA:115,1
DA:124,5
DA:127,5
DA:138,5
DA:146,5
DA:155,5
DA:157,5
DA:159,5
DA:160,5
DA:165,5
DA:167,5
DA:168,5
DA:170,5
DA:185,5
DA:187,5
DA:197,5
DA:199,5
DA:209,4
DA:210,4
DA:212,4
DA:213,2
DA:216,2
DA:217,2
DA:218,2
DA:219,1
DA:223,1
DA:232,6
DA:234,6
DA:236,5
DA:238,5
DA:241,5
DA:253,5
DA:258,5
DA:259,15
DA:260,15
DA:262,5
DA:277,5
DA:278,5
DA:281,5
DA:285,4
DA:290,5
DA:296,5
DA:299,5
DA:301,5
LF:86
LH:86
BRDA:67,0,0,1
BRDA:78,1,0,1
BRDA:94,2,0,1
BRDA:106,3,0,1
BRDA:114,4,0,1
BRDA:124,5,0,5
BRDA:124,5,1,0
BRDA:150,6,0,5
BRDA:150,6,1,0
BRDA:151,7,0,5
BRDA:151,7,1,0
BRDA:168,8,0,5
BRDA:168,8,1,0
BRDA:168,9,0,5
BRDA:168,9,1,0
BRDA:212,10,0,2
BRDA:212,10,1,2
BRDA:218,11,0,1
BRDA:234,12,0,1
BRDA:238,13,0,0
BRDA:281,14,0,4
BRDA:281,14,1,1
BRDA:285,15,0,4
BRDA:285,15,1,4
BRDA:296,16,0,5
BRDA:296,16,1,0
BRDA:299,17,0,2
BRDA:299,17,1,3
BRDA:42,18,0,3
BRDA:42,18,1,1
BRDA:42,19,0,4
BRDA:42,19,1,4
BRDA:42,20,0,3
BRDA:42,20,1,1
BRDA:42,21,0,4
BRDA:42,21,1,4
BRDA:43,22,0,3
BRDA:43,22,1,1
BRDA:43,23,0,4
BRDA:43,23,1,4
BRDA:44,24,0,3
BRDA:44,24,1,1
BRDA:44,25,0,4
BRDA:44,25,1,4
BRDA:45,26,0,3
BRDA:45,26,1,1
BRDA:45,27,0,4
BRDA:45,27,1,4
BRDA:46,28,0,3
BRDA:46,28,1,1
BRDA:46,29,0,4
BRDA:46,29,1,4
BRDA:47,30,0,3
BRDA:47,30,1,1
BRDA:47,31,0,4
BRDA:47,31,1,4
BRDA:48,32,0,3
BRDA:48,32,1,1
BRDA:48,33,0,4
BRDA:48,33,1,4
BRDA:49,34,0,3
BRDA:49,34,1,1
BRDA:49,35,0,4
BRDA:49,35,1,4
BRDA:50,36,0,3
BRDA:50,36,1,1
BRDA:50,37,0,4
BRDA:50,37,1,4
BRF:68
BRH:61
end_of_record
TN:
SF:src/modules/gradebook/ai/nl-query.service.ts
FN:105,(anonymous_2)
FN:116,(anonymous_3)
FN:181,(anonymous_4)
FN:207,(anonymous_5)
FN:245,(anonymous_6)
FN:251,(anonymous_7)
FN:302,(anonymous_8)
FN:324,(anonymous_9)
FN:353,(anonymous_10)
FN:363,(anonymous_11)
FN:390,(anonymous_12)
FN:402,(anonymous_13)
FN:425,(anonymous_14)
FN:437,(anonymous_15)
FN:460,(anonymous_16)
FN:472,(anonymous_17)
FN:493,(anonymous_18)
FN:505,(anonymous_19)
FN:532,(anonymous_20)
FN:541,(anonymous_21)
FNF:20
FNH:20
FNDA:35,(anonymous_2)
FNDA:34,(anonymous_3)
FNDA:2,(anonymous_4)
FNDA:31,(anonymous_5)
FNDA:31,(anonymous_6)
FNDA:31,(anonymous_7)
FNDA:27,(anonymous_8)
FNDA:17,(anonymous_9)
FNDA:2,(anonymous_10)
FNDA:6,(anonymous_11)
FNDA:2,(anonymous_12)
FNDA:2,(anonymous_13)
FNDA:2,(anonymous_14)
FNDA:1,(anonymous_15)
FNDA:1,(anonymous_16)
FNDA:1,(anonymous_17)
FNDA:1,(anonymous_18)
FNDA:27,(anonymous_19)
FNDA:19,(anonymous_20)
FNDA:27,(anonymous_21)
DA:1,2
DA:10,2
DA:11,2
DA:12,2
DA:13,2
DA:14,2
DA:15,2
DA:72,2
DA:102,2
DA:103,35
DA:106,35
DA:107,35
DA:108,35
DA:109,35
DA:110,35
DA:111,35
DA:117,34
DA:118,1
DA:126,33
DA:127,33
DA:128,2
DA:137,31
DA:145,31
DA:146,31
DA:147,27
DA:149,27
DA:164,27
DA:167,27
DA:169,27
DA:182,2
DA:184,2
DA:202,2
DA:208,31
DA:209,0
DA:214,31
DA:239,31
DA:245,31
DA:246,31
DA:248,31
DA:252,31
DA:253,31
DA:254,1
DA:255,1
DA:259,31
DA:260,31
DA:262,2
DA:263,2
DA:271,29
DA:273,29
DA:281,29
DA:282,2
DA:290,27
DA:306,27
DA:308,27
DA:310,17
DA:312,6
DA:314,2
DA:316,1
DA:318,1
DA:320,0
DA:329,17
DA:330,17
DA:332,17
DA:353,17
DA:368,6
DA:369,6
DA:371,6
DA:390,6
DA:407,2
DA:408,2
DA:410,2
DA:425,2
DA:442,1
DA:443,1
DA:445,1
DA:460,1
DA:477,1
DA:478,1
DA:480,1
DA:493,1
DA:506,27
DA:509,10
DA:511,9
DA:512,9
DA:513,0
DA:514,9
DA:515,1
DA:516,8
DA:517,1
DA:518,7
DA:519,1
DA:520,6
DA:521,1
DA:522,5
DA:523,1
DA:524,4
DA:525,1
DA:526,3
DA:527,1
DA:533,19
DA:534,1
DA:535,1
DA:536,1
DA:547,27
DA:548,27
DA:558,26
DA:561,1
DA:562,1
LF:108
LH:105
BRDA:117,0,0,1
BRDA:127,1,0,2
BRDA:208,2,0,0
BRDA:246,3,0,30
BRDA:246,3,1,1
BRDA:253,4,0,1
BRDA:281,5,0,2
BRDA:281,6,0,29
BRDA:281,6,1,28
BRDA:292,7,0,26
BRDA:292,7,1,1
BRDA:293,8,0,1
BRDA:293,8,1,26
BRDA:294,9,0,26
BRDA:294,9,1,1
BRDA:295,10,0,1
BRDA:295,10,1,26
BRDA:296,11,0,26
BRDA:296,11,1,1
BRDA:306,12,0,27
BRDA:306,12,1,0
BRDA:308,13,0,17
BRDA:308,13,1,6
BRDA:308,13,2,2
BRDA:308,13,3,1
BRDA:308,13,4,1
BRDA:308,13,5,0
BRDA:343,14,0,17
BRDA:343,14,1,16
BRDA:358,15,0,2
BRDA:358,15,1,1
BRDA:359,16,0,2
BRDA:359,16,1,1
BRDA:396,17,0,1
BRDA:396,17,1,1
BRDA:433,18,0,1
BRDA:433,18,1,1
BRDA:457,19,0,1
BRDA:457,19,1,1
BRDA:490,20,0,1
BRDA:490,20,1,1
BRDA:509,21,0,1
BRDA:512,22,0,0
BRDA:512,22,1,9
BRDA:514,23,0,1
BRDA:514,23,1,8
BRDA:516,24,0,1
BRDA:516,24,1,7
BRDA:518,25,0,1
BRDA:518,25,1,6
BRDA:520,26,0,1
BRDA:520,26,1,5
BRDA:522,27,0,1
BRDA:522,27,1,4
BRDA:524,28,0,1
BRDA:524,28,1,3
BRDA:524,29,0,4
BRDA:524,29,1,2
BRDA:526,30,0,1
BRDA:526,31,0,3
BRDA:526,31,1,2
BRDA:533,32,0,18
BRDA:533,33,0,19
BRDA:533,33,1,1
BRDA:535,34,0,0
BRDA:106,35,0,2
BRDA:106,35,1,0
BRDA:106,36,0,2
BRDA:106,36,1,2
BRDA:106,37,0,2
BRDA:106,37,1,0
BRDA:106,38,0,2
BRDA:106,38,1,2
BRDA:107,39,0,2
BRDA:107,39,1,0
BRDA:107,40,0,2
BRDA:107,40,1,2
BRDA:108,41,0,2
BRDA:108,41,1,0
BRDA:108,42,0,2
BRDA:108,42,1,2
BRDA:109,43,0,2
BRDA:109,43,1,0
BRDA:109,44,0,2
BRDA:109,44,1,2
BRDA:110,45,0,2
BRDA:110,45,1,0
BRDA:110,46,0,2
BRDA:110,46,1,2
BRF:89
BRH:78
end_of_record
TN:
SF:src/modules/gradebook/analytics/analytics.service.ts
FN:73,toNum
FN:78,computeDistribution
FN:96,(anonymous_4)
FN:98,(anonymous_5)
FN:103,(anonymous_6)
FN:105,(anonymous_7)
FN:119,buildHistogramBuckets
FN:128,(anonymous_9)
FN:148,(anonymous_10)
FN:157,(anonymous_11)
FN:205,(anonymous_12)
FN:205,(anonymous_13)
FN:220,(anonymous_14)
FN:245,(anonymous_15)
FN:246,(anonymous_16)
FN:258,(anonymous_17)
FN:287,(anonymous_18)
FN:290,(anonymous_19)
FN:309,(anonymous_20)
FN:342,(anonymous_21)
FN:343,(anonymous_22)
FN:343,(anonymous_23)
FN:348,(anonymous_24)
FN:363,(anonymous_25)
FN:406,(anonymous_26)
FN:470,(anonymous_27)
FN:471,(anonymous_28)
FN:473,(anonymous_29)
FN:494,(anonymous_30)
FN:511,(anonymous_31)
FN:522,(anonymous_32)
FN:545,(anonymous_33)
FN:573,(anonymous_34)
FN:574,(anonymous_35)
FN:577,(anonymous_36)
FN:606,(anonymous_37)
FN:612,(anonymous_38)
FN:636,(anonymous_39)
FNF:38
FNH:38
FNDA:49,toNum
FNDA:16,computeDistribution
FNDA:20,(anonymous_4)
FNDA:29,(anonymous_5)
FNDA:29,(anonymous_6)
FNDA:29,(anonymous_7)
FNDA:16,buildHistogramBuckets
FNDA:290,(anonymous_9)
FNDA:49,(anonymous_10)
FNDA:16,(anonymous_11)
FNDA:24,(anonymous_12)
FNDA:24,(anonymous_13)
FNDA:5,(anonymous_14)
FNDA:6,(anonymous_15)
FNDA:6,(anonymous_16)
FNDA:8,(anonymous_17)
FNDA:4,(anonymous_18)
FNDA:7,(anonymous_19)
FNDA:4,(anonymous_20)
FNDA:3,(anonymous_21)
FNDA:4,(anonymous_22)
FNDA:4,(anonymous_23)
FNDA:3,(anonymous_24)
FNDA:6,(anonymous_25)
FNDA:2,(anonymous_26)
FNDA:5,(anonymous_27)
FNDA:5,(anonymous_28)
FNDA:5,(anonymous_29)
FNDA:3,(anonymous_30)
FNDA:4,(anonymous_31)
FNDA:5,(anonymous_32)
FNDA:3,(anonymous_33)
FNDA:2,(anonymous_34)
FNDA:2,(anonymous_35)
FNDA:3,(anonymous_36)
FNDA:3,(anonymous_37)
FNDA:2,(anonymous_38)
FNDA:4,(anonymous_39)
DA:1,4
DA:4,4
DA:5,4
DA:6,4
DA:7,4
DA:74,49
DA:75,46
DA:83,16
DA:84,4
DA:96,20
DA:97,12
DA:98,29
DA:100,12
DA:103,29
DA:104,12
DA:105,29
DA:107,12
DA:120,16
DA:121,16
DA:122,16
DA:124,16
DA:125,160
DA:126,160
DA:127,160
DA:128,290
DA:130,160
DA:138,16
DA:144,4
DA:145,49
DA:146,49
DA:149,49
DA:150,49
DA:151,49
DA:152,49
DA:161,16
DA:162,16
DA:164,16
DA:165,16
DA:166,2
DA:169,14
DA:182,14
DA:183,2
DA:195,12
DA:205,24
DA:207,12
DA:209,12
DA:211,12
DA:213,12
DA:215,12
DA:226,5
DA:227,5
DA:229,5
DA:230,5
DA:231,1
DA:234,4
DA:244,4
DA:245,6
DA:246,6
DA:249,4
DA:251,4
DA:253,4
DA:263,8
DA:270,8
DA:286,8
DA:287,4
DA:290,8
DA:291,7
DA:292,7
DA:294,7
DA:296,7
DA:315,4
DA:320,4
DA:321,1
DA:324,4
DA:342,4
DA:343,4
DA:345,3
DA:347,3
DA:348,3
DA:351,3
DA:368,6
DA:369,6
DA:371,6
DA:372,6
DA:373,1
DA:377,5
DA:405,5
DA:406,2
DA:410,5
DA:413,5
DA:415,5
DA:416,5
DA:432,5
DA:434,4
DA:435,4
DA:439,4
DA:447,4
DA:448,4
DA:449,4
DA:454,4
DA:455,4
DA:456,4
DA:457,4
DA:458,5
DA:459,5
DA:460,5
DA:461,5
DA:466,4
DA:467,4
DA:469,4
DA:470,5
DA:471,5
DA:472,4
DA:473,5
DA:474,4
DA:476,4
DA:493,5
DA:494,5
DA:495,5
DA:496,4
DA:500,5
DA:501,5
DA:502,4
DA:503,3
DA:505,4
DA:508,5
DA:509,4
DA:510,4
DA:511,4
DA:512,2
DA:515,5
DA:517,5
DA:528,5
DA:529,5
DA:531,5
DA:532,5
DA:533,1
DA:537,4
DA:539,4
DA:540,1
DA:543,3
DA:545,3
DA:547,3
DA:548,3
DA:550,3
DA:561,3
DA:562,3
DA:563,3
DA:564,3
DA:565,3
DA:569,3
DA:573,3
DA:574,3
DA:577,3
DA:578,3
DA:580,3
DA:590,3
DA:591,3
DA:592,3
DA:593,2
DA:600,3
DA:601,3
DA:602,2
DA:606,3
DA:608,3
DA:609,3
DA:610,2
DA:611,2
DA:612,2
DA:613,1
DA:625,3
DA:627,3
DA:637,4
DA:638,4
DA:639,4
DA:641,2
LF:176
LH:176
BRDA:74,0,0,3
BRDA:83,1,0,4
BRDA:100,2,0,5
BRDA:100,2,1,7
BRDA:101,3,0,5
BRDA:101,3,1,0
BRDA:101,4,0,5
BRDA:101,4,1,0
BRDA:102,5,0,7
BRDA:102,5,1,0
BRDA:111,6,0,12
BRDA:111,6,1,0
BRDA:112,7,0,12
BRDA:112,7,1,0
BRDA:128,8,0,290
BRDA:128,8,1,218
BRDA:128,9,0,4
BRDA:128,9,1,214
BRDA:165,10,0,2
BRDA:182,11,0,2
BRDA:230,12,0,1
BRDA:286,13,0,2
BRDA:286,13,1,6
BRDA:294,14,0,5
BRDA:294,14,1,2
BRDA:294,15,0,7
BRDA:294,15,1,7
BRDA:299,16,0,3
BRDA:299,16,1,4
BRDA:320,17,0,1
BRDA:347,18,0,2
BRDA:347,18,1,1
BRDA:354,19,0,2
BRDA:354,19,1,1
BRDA:368,20,0,6
BRDA:368,20,1,6
BRDA:368,21,0,6
BRDA:368,21,1,5
BRDA:372,22,0,1
BRDA:405,23,0,1
BRDA:405,23,1,4
BRDA:420,24,0,0
BRDA:420,24,1,5
BRDA:432,25,0,1
BRDA:448,26,0,4
BRDA:455,27,0,0
BRDA:459,28,0,5
BRDA:467,29,0,0
BRDA:496,30,0,4
BRDA:496,30,1,0
BRDA:502,31,0,3
BRDA:510,32,0,2
BRDA:510,33,0,4
BRDA:510,33,1,4
BRDA:528,34,0,5
BRDA:528,34,1,4
BRDA:528,35,0,5
BRDA:528,35,1,4
BRDA:532,36,0,1
BRDA:539,37,0,1
BRDA:547,38,0,1
BRDA:548,39,0,1
BRDA:592,40,0,2
BRDA:601,41,0,2
BRDA:611,42,0,1
BRDA:615,43,0,1
BRDA:615,43,1,0
BRDA:617,44,0,1
BRDA:617,44,1,0
BRDA:619,45,0,1
BRDA:619,45,1,0
BRDA:149,46,0,3
BRDA:149,46,1,1
BRDA:149,47,0,4
BRDA:149,47,1,4
BRDA:149,48,0,3
BRDA:149,48,1,1
BRDA:149,49,0,4
BRDA:149,49,1,4
BRDA:150,50,0,3
BRDA:150,50,1,1
BRDA:150,51,0,4
BRDA:150,51,1,4
BRDA:151,52,0,3
BRDA:151,52,1,1
BRDA:151,53,0,4
BRDA:151,53,1,4
BRF:87
BRH:75
end_of_record
TN:
SF:src/modules/gradebook/assessments/assessment-template.service.ts
FN:22,(anonymous_2)
FN:31,(anonymous_3)
FN:36,(anonymous_4)
FN:64,(anonymous_5)
FN:88,(anonymous_6)
FN:99,(anonymous_7)
FN:123,(anonymous_8)
FN:169,(anonymous_9)
FN:204,(anonymous_10)
FN:219,(anonymous_11)
FN:230,(anonymous_12)
FN:299,(anonymous_13)
FN:304,(anonymous_14)
FN:328,(anonymous_15)
FN:346,(anonymous_16)
FNF:15
FNH:15
FNDA:35,(anonymous_2)
FNDA:8,(anonymous_3)
FNDA:5,(anonymous_4)
FNDA:3,(anonymous_5)
FNDA:1,(anonymous_6)
FNDA:2,(anonymous_7)
FNDA:10,(anonymous_8)
FNDA:6,(anonymous_9)
FNDA:2,(anonymous_10)
FNDA:1,(anonymous_11)
FNDA:10,(anonymous_12)
FNDA:2,(anonymous_13)
FNDA:5,(anonymous_14)
FNDA:2,(anonymous_15)
FNDA:8,(anonymous_16)
DA:1,2
DA:2,2
DA:4,2
DA:5,2
DA:6,2
DA:7,2
DA:21,2
DA:23,35
DA:24,35
DA:25,35
DA:32,8
DA:34,5
DA:36,5
DA:37,5
DA:39,5
DA:65,3
DA:66,3
DA:68,3
DA:69,3
DA:71,3
DA:87,3
DA:88,1
DA:100,2
DA:110,2
DA:111,1
DA:117,1
DA:124,10
DA:129,10
DA:130,1
DA:137,9
DA:138,2
DA:142,2
DA:143,1
DA:150,8
DA:151,2
DA:154,7
DA:155,3
DA:159,3
DA:160,1
DA:167,6
DA:169,6
DA:170,6
DA:172,6
DA:173,6
DA:174,6
DA:175,6
DA:176,6
DA:177,6
DA:178,2
DA:180,6
DA:181,3
DA:183,6
DA:184,1
DA:187,6
DA:197,6
DA:205,2
DA:210,2
DA:211,1
DA:217,1
DA:219,1
DA:220,1
DA:221,1
DA:236,10
DA:240,10
DA:241,1
DA:248,9
DA:250,9
DA:251,1
DA:258,8
DA:260,8
DA:261,1
DA:268,7
DA:269,7
DA:270,1
DA:277,6
DA:282,6
DA:283,1
DA:291,5
DA:292,5
DA:294,5
DA:295,1
DA:299,2
DA:302,5
DA:304,5
DA:305,5
DA:308,5
DA:326,5
DA:327,1
DA:328,2
DA:336,5
DA:347,8
DA:351,8
DA:352,1
DA:358,7
DA:359,1
DA:362,6
DA:363,2
DA:367,2
DA:368,1
LF:99
LH:99
BRDA:43,0,0,5
BRDA:43,0,1,5
BRDA:46,1,0,5
BRDA:46,1,1,4
BRDA:47,2,0,5
BRDA:47,2,1,5
BRDA:48,3,0,5
BRDA:48,3,1,1
BRDA:69,4,0,1
BRDA:110,5,0,1
BRDA:129,6,0,1
BRDA:137,7,0,2
BRDA:142,8,0,1
BRDA:150,9,0,2
BRDA:154,10,0,3
BRDA:159,11,0,1
BRDA:173,12,0,3
BRDA:174,13,0,1
BRDA:175,14,0,1
BRDA:176,15,0,1
BRDA:177,16,0,2
BRDA:180,17,0,3
BRDA:181,18,0,3
BRDA:181,18,1,1
BRDA:183,19,0,1
BRDA:210,20,0,1
BRDA:240,21,0,1
BRDA:250,22,0,1
BRDA:260,23,0,1
BRDA:268,24,0,7
BRDA:268,24,1,2
BRDA:269,25,0,1
BRDA:282,26,0,1
BRDA:294,27,0,1
BRDA:294,28,0,5
BRDA:294,28,1,1
BRDA:315,29,0,5
BRDA:315,29,1,4
BRDA:317,30,0,1
BRDA:317,30,1,4
BRDA:318,31,0,1
BRDA:318,31,1,4
BRDA:326,32,0,1
BRDA:339,33,0,5
BRDA:339,33,1,4
BRDA:351,34,0,1
BRDA:358,35,0,1
BRDA:362,36,0,2
BRDA:367,37,0,1
BRDA:23,38,0,2
BRDA:23,38,1,0
BRDA:23,39,0,2
BRDA:23,39,1,2
BRDA:23,40,0,2
BRDA:23,40,1,0
BRDA:23,41,0,2
BRDA:23,41,1,2
BRDA:24,42,0,2
BRDA:24,42,1,0
BRDA:24,43,0,2
BRDA:24,43,1,2
BRF:61
BRH:58
end_of_record
TN:
SF:src/modules/gradebook/assessments/assessments.service.ts
FN:33,(anonymous_2)
FN:43,(anonymous_3)
FN:108,(anonymous_4)
FN:132,(anonymous_5)
FN:207,(anonymous_6)
FN:218,(anonymous_7)
FN:272,(anonymous_8)
FN:343,(anonymous_9)
FN:371,(anonymous_10)
FN:405,(anonymous_11)
FN:418,(anonymous_12)
FN:454,(anonymous_13)
FNF:12
FNH:12
FNDA:50,(anonymous_2)
FNDA:9,(anonymous_3)
FNDA:3,(anonymous_4)
FNDA:10,(anonymous_5)
FNDA:3,(anonymous_6)
FNDA:2,(anonymous_7)
FNDA:16,(anonymous_8)
FNDA:10,(anonymous_9)
FNDA:9,(anonymous_10)
FNDA:4,(anonymous_11)
FNDA:4,(anonymous_12)
FNDA:1,(anonymous_13)
DA:1,2
DA:9,2
DA:10,2
DA:11,2
DA:12,2
DA:13,2
DA:32,2
DA:34,50
DA:35,50
DA:36,50
DA:37,50
DA:45,9
DA:48,8
DA:50,8
DA:51,1
DA:57,7
DA:58,1
DA:65,6
DA:67,6
DA:68,1
DA:75,5
DA:80,5
DA:81,1
DA:88,4
DA:97,4
DA:98,1
DA:106,3
DA:108,3
DA:109,3
DA:111,3
DA:142,10
DA:143,10
DA:145,10
DA:147,10
DA:148,2
DA:151,10
DA:152,1
DA:155,10
DA:156,1
DA:159,10
DA:160,1
DA:163,10
DA:164,1
DA:168,10
DA:169,3
DA:171,2
DA:172,1
DA:175,1
DA:179,9
DA:206,9
DA:207,3
DA:219,2
DA:237,2
DA:238,1
DA:245,1
DA:254,1
DA:259,1
DA:273,16
DA:278,16
DA:279,1
DA:285,15
DA:286,2
DA:293,13
DA:294,2
DA:295,2
DA:296,1
DA:305,12
DA:306,3
DA:316,3
DA:317,2
DA:318,1
DA:327,11
DA:328,2
DA:333,2
DA:334,1
DA:341,10
DA:343,10
DA:344,10
DA:346,10
DA:347,10
DA:348,10
DA:349,10
DA:350,2
DA:352,10
DA:353,2
DA:355,10
DA:356,1
DA:359,10
DA:372,9
DA:377,9
DA:378,1
DA:384,8
DA:385,8
DA:388,8
DA:395,8
DA:396,8
DA:397,4
DA:403,4
DA:405,4
DA:406,4
DA:408,4
DA:419,4
DA:424,4
DA:425,1
DA:431,3
DA:432,1
DA:438,2
DA:445,2
DA:446,1
DA:452,1
DA:454,1
DA:455,1
DA:456,1
LF:113
LH:113
BRDA:50,0,0,1
BRDA:57,1,0,1
BRDA:67,2,0,1
BRDA:80,3,0,1
BRDA:97,4,0,1
BRDA:120,5,0,1
BRDA:120,5,1,2
BRDA:121,6,0,1
BRDA:121,6,1,2
BRDA:147,7,0,2
BRDA:151,8,0,1
BRDA:155,9,0,1
BRDA:159,10,0,1
BRDA:163,11,0,1
BRDA:168,12,0,3
BRDA:169,13,0,2
BRDA:169,13,1,1
BRDA:171,14,0,1
BRDA:209,15,0,2
BRDA:209,15,1,1
BRDA:237,16,0,1
BRDA:261,17,0,1
BRDA:261,17,1,0
BRDA:278,18,0,1
BRDA:285,19,0,2
BRDA:285,20,0,15
BRDA:285,20,1,5
BRDA:293,21,0,2
BRDA:295,22,0,1
BRDA:305,23,0,3
BRDA:316,24,0,2
BRDA:316,25,0,3
BRDA:316,25,1,3
BRDA:317,26,0,1
BRDA:327,27,0,2
BRDA:333,28,0,1
BRDA:347,29,0,3
BRDA:348,30,0,2
BRDA:349,31,0,2
BRDA:350,32,0,1
BRDA:350,32,1,1
BRDA:352,33,0,2
BRDA:353,34,0,1
BRDA:353,34,1,1
BRDA:355,35,0,1
BRDA:377,36,0,1
BRDA:395,37,0,8
BRDA:395,37,1,0
BRDA:396,38,0,4
BRDA:424,39,0,1
BRDA:431,40,0,1
BRDA:445,41,0,1
BRDA:34,42,0,2
BRDA:34,42,1,0
BRDA:34,43,0,2
BRDA:34,43,1,2
BRDA:34,44,0,2
BRDA:34,44,1,0
BRDA:34,45,0,2
BRDA:34,45,1,2
BRDA:35,46,0,2
BRDA:35,46,1,0
BRDA:35,47,0,2
BRDA:35,47,1,2
BRDA:36,48,0,2
BRDA:36,48,1,0
BRDA:36,49,0,2
BRDA:36,49,1,2
BRF:68
BRH:62
end_of_record
TN:
SF:src/modules/gradebook/assessments/grade-curve.service.ts
FN:38,(anonymous_2)
FN:44,(anonymous_3)
FN:99,(anonymous_4)
FN:115,(anonymous_5)
FN:122,(anonymous_6)
FN:157,(anonymous_7)
FN:167,(anonymous_8)
FN:204,(anonymous_9)
FN:251,(anonymous_10)
FN:281,(anonymous_11)
FN:294,(anonymous_12)
FN:300,(anonymous_13)
FN:305,(anonymous_14)
FN:314,(anonymous_15)
FN:317,(anonymous_16)
FN:326,(anonymous_17)
FN:341,(anonymous_18)
FN:342,(anonymous_19)
FN:343,(anonymous_20)
FN:348,(anonymous_21)
FN:364,(anonymous_22)
FN:368,(anonymous_23)
FN:374,(anonymous_24)
FN:374,(anonymous_25)
FN:375,(anonymous_26)
FN:375,(anonymous_27)
FNF:26
FNH:24
FNDA:52,(anonymous_2)
FNDA:40,(anonymous_3)
FNDA:47,(anonymous_4)
FNDA:32,(anonymous_5)
FNDA:58,(anonymous_6)
FNDA:47,(anonymous_7)
FNDA:8,(anonymous_8)
FNDA:4,(anonymous_9)
FNDA:2,(anonymous_10)
FNDA:2,(anonymous_11)
FNDA:32,(anonymous_12)
FNDA:47,(anonymous_13)
FNDA:14,(anonymous_14)
FNDA:5,(anonymous_15)
FNDA:4,(anonymous_16)
FNDA:3,(anonymous_17)
FNDA:13,(anonymous_18)
FNDA:13,(anonymous_19)
FNDA:13,(anonymous_20)
FNDA:12,(anonymous_21)
FNDA:10,(anonymous_22)
FNDA:9,(anonymous_23)
FNDA:4,(anonymous_24)
FNDA:0,(anonymous_25)
FNDA:4,(anonymous_26)
FNDA:0,(anonymous_27)
DA:1,3
DA:7,3
DA:9,3
DA:10,3
DA:37,3
DA:38,52
DA:50,40
DA:60,40
DA:61,2
DA:67,38
DA:68,2
DA:74,36
DA:75,2
DA:82,34
DA:91,34
DA:92,2
DA:98,32
DA:99,47
DA:105,32
DA:112,32
DA:113,32
DA:115,32
DA:116,32
DA:119,32
DA:120,47
DA:122,58
DA:123,44
DA:125,44
DA:132,32
DA:141,32
DA:155,32
DA:157,47
DA:172,8
DA:186,8
DA:187,2
DA:193,6
DA:194,2
DA:200,4
DA:202,4
DA:204,4
DA:205,4
DA:208,4
DA:209,7
DA:218,7
DA:220,6
DA:227,4
DA:236,4
DA:241,4
DA:252,2
DA:257,2
DA:258,1
DA:264,1
DA:274,1
DA:282,2
DA:300,47
DA:302,32
DA:304,10
DA:305,14
DA:314,5
DA:315,3
DA:316,3
DA:317,4
DA:326,3
DA:335,6
DA:337,6
DA:338,6
DA:339,6
DA:341,13
DA:342,13
DA:343,13
DA:344,6
DA:346,6
DA:348,5
DA:349,12
DA:350,11
DA:351,11
DA:352,11
DA:353,11
DA:361,9
DA:362,9
DA:364,9
DA:365,10
DA:368,9
DA:369,9
DA:370,5
DA:374,4
DA:375,4
DA:377,4
DA:378,2
DA:379,2
DA:380,2
DA:383,2
DA:388,1
LF:93
LH:93
BRDA:60,0,0,2
BRDA:67,1,0,2
BRDA:74,2,0,2
BRDA:91,3,0,2
BRDA:101,4,0,44
BRDA:101,4,1,3
BRDA:120,5,0,3
BRDA:123,6,0,0
BRDA:136,7,0,32
BRDA:136,7,1,8
BRDA:148,8,0,32
BRDA:148,8,1,8
BRDA:186,9,0,2
BRDA:193,10,0,2
BRDA:218,11,0,1
BRDA:257,12,0,1
BRDA:302,13,0,10
BRDA:302,13,1,3
BRDA:302,13,2,3
BRDA:302,13,3,6
BRDA:302,13,4,9
BRDA:302,13,5,1
BRDA:304,14,0,10
BRDA:304,14,1,1
BRDA:307,15,0,13
BRDA:307,15,1,1
BRDA:316,16,0,1
BRDA:319,17,0,4
BRDA:319,17,1,0
BRDA:328,18,0,3
BRDA:328,18,1,0
BRDA:328,19,0,3
BRDA:328,19,1,3
BRDA:335,20,0,0
BRDA:337,21,0,6
BRDA:337,21,1,1
BRDA:338,22,0,6
BRDA:338,22,1,1
BRDA:339,23,0,6
BRDA:339,23,1,1
BRDA:346,24,0,1
BRDA:349,25,0,1
BRDA:361,26,0,9
BRDA:361,26,1,1
BRDA:362,27,0,9
BRDA:362,27,1,1
BRDA:365,28,0,1
BRDA:369,29,0,5
BRDA:377,30,0,2
BRDA:377,31,0,4
BRDA:377,31,1,2
BRDA:377,31,2,2
BRDA:38,32,0,3
BRDA:38,32,1,0
BRDA:38,33,0,3
BRDA:38,33,1,3
BRF:56
BRH:51
end_of_record
TN:
SF:src/modules/gradebook/grading/competency-scale.service.ts
FN:15,(anonymous_2)
FN:20,(anonymous_3)
FN:23,(anonymous_4)
FN:39,(anonymous_5)
FN:51,(anonymous_6)
FN:69,(anonymous_7)
FN:84,(anonymous_8)
FN:102,(anonymous_9)
FN:117,(anonymous_10)
FN:127,(anonymous_11)
FN:137,(anonymous_12)
FNF:11
FNH:11
FNDA:11,(anonymous_2)
FNDA:1,(anonymous_3)
FNDA:1,(anonymous_4)
FNDA:2,(anonymous_5)
FNDA:2,(anonymous_6)
FNDA:2,(anonymous_7)
FNDA:1,(anonymous_8)
FNDA:2,(anonymous_9)
FNDA:1,(anonymous_10)
FNDA:2,(anonymous_11)
FNDA:1,(anonymous_12)
DA:1,2
DA:6,2
DA:7,2
DA:14,2
DA:15,11
DA:21,1
DA:23,1
DA:24,1
DA:26,1
DA:40,2
DA:45,2
DA:52,2
DA:56,2
DA:57,1
DA:63,1
DA:70,2
DA:75,2
DA:76,1
DA:82,1
DA:84,1
DA:85,1
DA:87,1
DA:103,2
DA:108,2
DA:109,1
DA:115,1
DA:117,1
DA:118,1
DA:119,1
DA:128,2
DA:133,2
DA:135,1
DA:137,1
DA:138,1
DA:140,1
LF:35
LH:35
BRDA:56,0,0,1
BRDA:75,1,0,1
BRDA:90,2,0,1
BRDA:90,2,1,1
BRDA:91,3,0,1
BRDA:91,3,1,0
BRDA:108,4,0,1
BRDA:133,5,0,1
BRDA:15,6,0,2
BRDA:15,6,1,0
BRDA:15,7,0,2
BRDA:15,7,1,2
BRF:12
BRH:10
end_of_record
TN:
SF:src/modules/gradebook/grading/gpa.service.ts
FN:30,(anonymous_2)
FN:41,(anonymous_3)
FN:122,(anonymous_4)
FN:144,(anonymous_5)
FN:182,(anonymous_6)
FN:222,(anonymous_7)
FN:234,(anonymous_8)
FN:263,(anonymous_9)
FN:274,(anonymous_10)
FN:275,(anonymous_11)
FNF:10
FNH:10
FNDA:28,(anonymous_2)
FNDA:18,(anonymous_3)
FNDA:11,(anonymous_4)
FNDA:11,(anonymous_5)
FNDA:6,(anonymous_6)
FNDA:4,(anonymous_7)
FNDA:4,(anonymous_8)
FNDA:6,(anonymous_9)
FNDA:5,(anonymous_10)
FNDA:3,(anonymous_11)
DA:1,7
DA:3,7
DA:4,7
DA:5,7
DA:6,7
DA:7,7
DA:29,7
DA:31,28
DA:32,28
DA:33,28
DA:34,28
DA:42,18
DA:44,16
DA:46,16
DA:47,2
DA:54,14
DA:66,14
DA:67,2
DA:71,12
DA:72,12
DA:73,12
DA:74,12
DA:77,12
DA:78,12
DA:79,12
DA:81,12
DA:83,12
DA:85,16
DA:95,16
DA:97,16
DA:98,11
DA:102,16
DA:103,16
DA:105,16
DA:106,6
DA:107,6
DA:110,10
DA:113,16
DA:120,12
DA:122,11
DA:123,9
DA:124,9
DA:126,3
DA:127,5
DA:128,5
DA:132,12
DA:133,1
DA:136,11
DA:137,11
DA:138,11
DA:141,11
DA:142,11
DA:144,11
DA:145,11
DA:147,11
DA:171,11
DA:183,6
DA:187,6
DA:188,2
DA:194,4
DA:202,4
DA:203,2
DA:207,2
DA:208,2
DA:210,2
DA:211,4
DA:212,4
DA:213,4
DA:217,2
DA:219,2
DA:222,4
DA:235,4
DA:246,4
DA:247,2
DA:250,2
DA:264,6
DA:265,4
DA:266,5
DA:267,3
DA:272,3
DA:273,2
DA:274,5
DA:275,3
DA:277,2
DA:278,3
DA:279,2
DA:285,1
LF:87
LH:87
BRDA:46,0,0,2
BRDA:66,1,0,2
BRDA:72,2,0,12
BRDA:72,2,1,12
BRDA:73,3,0,12
BRDA:73,3,1,12
BRDA:74,4,0,12
BRDA:74,4,1,12
BRDA:95,5,0,5
BRDA:95,5,1,11
BRDA:97,6,0,11
BRDA:105,7,0,6
BRDA:105,7,1,10
BRDA:115,8,0,16
BRDA:115,8,1,11
BRDA:120,9,0,9
BRDA:120,9,1,3
BRDA:132,10,0,1
BRDA:187,11,0,2
BRDA:202,12,0,2
BRDA:217,13,0,2
BRDA:217,13,1,0
BRDA:246,14,0,2
BRDA:264,15,0,4
BRDA:264,16,0,6
BRDA:264,16,1,4
BRDA:266,17,0,3
BRDA:266,18,0,5
BRDA:266,18,1,3
BRDA:267,19,0,3
BRDA:267,19,1,0
BRDA:272,20,0,2
BRDA:272,21,0,3
BRDA:272,21,1,2
BRDA:272,21,2,2
BRDA:275,22,0,3
BRDA:275,22,1,0
BRDA:275,23,0,3
BRDA:275,23,1,0
BRDA:278,24,0,2
BRDA:278,25,0,3
BRDA:278,25,1,0
BRDA:279,26,0,2
BRDA:279,26,1,1
BRDA:31,27,0,6
BRDA:31,27,1,1
BRDA:31,28,0,7
BRDA:31,28,1,7
BRDA:31,29,0,6
BRDA:31,29,1,1
BRDA:31,30,0,7
BRDA:31,30,1,7
BRDA:32,31,0,6
BRDA:32,31,1,1
BRDA:32,32,0,7
BRDA:32,32,1,7
BRDA:33,33,0,6
BRDA:33,33,1,1
BRDA:33,34,0,7
BRDA:33,34,1,7
BRF:60
BRH:55
end_of_record
TN:
SF:src/modules/gradebook/grading/grade-publishing.service.ts
FN:39,(anonymous_2)
FN:49,(anonymous_3)
FN:83,(anonymous_4)
FN:89,(anonymous_5)
FN:91,(anonymous_6)
FN:127,(anonymous_7)
FN:174,(anonymous_8)
FN:204,(anonymous_9)
FN:212,(anonymous_10)
FN:223,(anonymous_11)
FN:232,(anonymous_12)
FN:238,(anonymous_13)
FN:275,(anonymous_14)
FNF:13
FNH:12
FNDA:12,(anonymous_2)
FNDA:4,(anonymous_3)
FNDA:3,(anonymous_4)
FNDA:3,(anonymous_5)
FNDA:4,(anonymous_6)
FNDA:5,(anonymous_7)
FNDA:4,(anonymous_8)
FNDA:2,(anonymous_9)
FNDA:2,(anonymous_10)
FNDA:0,(anonymous_11)
FNDA:5,(anonymous_12)
FNDA:4,(anonymous_13)
FNDA:2,(anonymous_14)
DA:1,2
DA:3,2
DA:4,2
DA:5,2
DA:6,2
DA:7,2
DA:8,2
DA:36,2
DA:37,12
DA:40,12
DA:41,12
DA:42,12
DA:43,12
DA:44,12
DA:53,4
DA:56,4
DA:57,4
DA:59,4
DA:83,4
DA:84,4
DA:89,4
DA:90,3
DA:91,4
DA:94,3
DA:97,3
DA:98,1
DA:99,2
DA:100,1
DA:102,1
DA:105,3
DA:122,4
DA:133,5
DA:166,5
DA:167,1
DA:170,4
DA:171,4
DA:174,4
DA:175,4
DA:176,4
DA:177,5
DA:188,4
DA:189,4
DA:191,4
DA:192,5
DA:193,5
DA:194,5
DA:195,3
DA:196,2
DA:203,4
DA:204,2
DA:212,2
DA:218,2
DA:222,4
DA:223,4
DA:224,0
DA:228,4
DA:230,4
DA:232,5
DA:245,4
DA:247,3
DA:248,3
DA:249,1
DA:258,2
DA:268,2
DA:269,1
DA:272,1
DA:275,2
LF:67
LH:66
BRDA:56,0,0,0
BRDA:57,1,0,0
BRDA:90,2,0,3
BRDA:90,2,1,0
BRDA:91,3,0,4
BRDA:91,3,1,1
BRDA:94,4,0,3
BRDA:94,4,1,0
BRDA:97,5,0,1
BRDA:97,5,1,2
BRDA:99,6,0,1
BRDA:99,6,1,1
BRDA:117,7,0,1
BRDA:117,7,1,2
BRDA:166,8,0,1
BRDA:195,9,0,2
BRDA:203,10,0,2
BRDA:215,11,0,2
BRDA:215,11,1,0
BRDA:248,12,0,1
BRDA:268,13,0,1
BRDA:40,14,0,2
BRDA:40,14,1,0
BRDA:40,15,0,2
BRDA:40,15,1,2
BRDA:40,16,0,2
BRDA:40,16,1,0
BRDA:40,17,0,2
BRDA:40,17,1,2
BRDA:41,18,0,2
BRDA:41,18,1,0
BRDA:41,19,0,2
BRDA:41,19,1,2
BRDA:42,20,0,2
BRDA:42,20,1,0
BRDA:42,21,0,2
BRDA:42,21,1,2
BRDA:43,22,0,2
BRDA:43,22,1,0
BRDA:43,23,0,2
BRDA:43,23,1,2
BRF:41
BRH:31
end_of_record
TN:
SF:src/modules/gradebook/grading/period-grade-computation.service.ts
FN:42,(anonymous_2)
FN:56,(anonymous_3)
FN:62,(anonymous_4)
FN:153,(anonymous_5)
FN:166,(anonymous_6)
FN:179,(anonymous_7)
FN:188,(anonymous_8)
FN:219,(anonymous_9)
FN:267,(anonymous_10)
FN:331,(anonymous_11)
FN:337,(anonymous_12)
FN:353,(anonymous_13)
FN:358,(anonymous_14)
FN:363,(anonymous_15)
FN:366,(anonymous_16)
FN:369,(anonymous_17)
FN:372,(anonymous_18)
FN:382,(anonymous_19)
FN:389,(anonymous_20)
FN:394,(anonymous_21)
FN:409,(anonymous_22)
FN:425,(anonymous_23)
FN:426,(anonymous_24)
FN:449,(anonymous_25)
FN:469,(anonymous_26)
FNF:25
FNH:25
FNDA:40,(anonymous_2)
FNDA:38,(anonymous_3)
FNDA:38,(anonymous_4)
FNDA:33,(anonymous_5)
FNDA:4,(anonymous_6)
FNDA:39,(anonymous_7)
FNDA:44,(anonymous_8)
FNDA:36,(anonymous_9)
FNDA:28,(anonymous_10)
FNDA:30,(anonymous_11)
FNDA:47,(anonymous_12)
FNDA:3,(anonymous_13)
FNDA:41,(anonymous_14)
FNDA:4,(anonymous_15)
FNDA:4,(anonymous_16)
FNDA:4,(anonymous_17)
FNDA:2,(anonymous_18)
FNDA:2,(anonymous_19)
FNDA:2,(anonymous_20)
FNDA:2,(anonymous_21)
FNDA:28,(anonymous_22)
FNDA:13,(anonymous_23)
FNDA:8,(anonymous_24)
FNDA:28,(anonymous_25)
FNDA:28,(anonymous_26)
DA:1,3
DA:3,3
DA:4,3
DA:5,3
DA:6,3
DA:8,3
DA:9,3
DA:39,3
DA:40,40
DA:43,40
DA:44,40
DA:45,40
DA:46,40
DA:47,40
DA:57,38
DA:60,38
DA:62,38
DA:65,38
DA:66,38
DA:68,38
DA:69,23
DA:76,23
DA:77,2
DA:78,2
DA:83,38
DA:94,38
DA:95,36
DA:97,36
DA:98,34
DA:101,34
DA:105,38
DA:106,2
DA:113,36
DA:114,36
DA:115,36
DA:117,36
DA:118,36
DA:119,36
DA:122,36
DA:139,36
DA:140,2
DA:147,34
DA:153,34
DA:155,34
DA:156,2
DA:164,32
DA:166,4
DA:168,32
DA:169,2
DA:177,30
DA:179,39
DA:188,44
DA:191,28
DA:192,28
DA:193,37
DA:194,37
DA:195,37
DA:196,37
DA:204,28
DA:206,28
DA:207,29
DA:208,29
DA:210,29
DA:211,36
DA:212,36
DA:214,36
DA:215,36
DA:216,36
DA:218,36
DA:219,38
DA:220,38
DA:222,38
DA:224,34
DA:225,31
DA:226,31
DA:227,31
DA:232,4
DA:235,4
DA:236,4
DA:237,4
DA:241,36
DA:242,34
DA:243,34
DA:244,34
DA:249,29
DA:252,29
DA:256,29
DA:264,28
DA:265,28
DA:267,28
DA:268,28
DA:269,28
DA:271,28
DA:272,29
DA:300,29
DA:303,28
DA:307,28
DA:310,28
DA:312,28
DA:337,47
DA:339,30
DA:340,2
DA:348,28
DA:349,2
DA:353,3
DA:358,41
DA:362,28
DA:363,4
DA:365,2
DA:366,4
DA:368,2
DA:369,4
DA:372,2
DA:374,2
DA:375,2
DA:381,2
DA:382,2
DA:388,2
DA:389,2
DA:392,2
DA:394,2
DA:399,2
DA:403,26
DA:410,28
DA:412,23
DA:413,55
DA:414,19
DA:418,4
DA:421,5
DA:424,4
DA:425,13
DA:426,8
DA:428,4
DA:429,8
DA:430,2
DA:435,2
DA:436,1
DA:439,1
DA:442,1
DA:454,28
DA:455,29
DA:456,29
DA:458,1
DA:474,28
DA:475,29
DA:476,29
DA:478,1
LF:147
LH:147
BRDA:62,0,0,38
BRDA:62,0,1,1
BRDA:68,1,0,23
BRDA:76,2,0,2
BRDA:78,3,0,2
BRDA:78,3,1,0
BRDA:94,4,0,36
BRDA:97,5,0,34
BRDA:101,6,0,34
BRDA:101,6,1,0
BRDA:105,7,0,2
BRDA:114,8,0,36
BRDA:114,8,1,26
BRDA:115,9,0,36
BRDA:115,9,1,26
BRDA:117,10,0,36
BRDA:117,10,1,31
BRDA:139,11,0,2
BRDA:155,12,0,2
BRDA:164,13,0,29
BRDA:164,13,1,3
BRDA:168,14,0,2
BRDA:183,15,0,30
BRDA:183,15,1,28
BRDA:194,16,0,37
BRDA:194,16,1,35
BRDA:212,17,0,0
BRDA:222,18,0,34
BRDA:222,18,1,4
BRDA:224,19,0,31
BRDA:224,20,0,34
BRDA:224,20,1,34
BRDA:232,21,0,1
BRDA:232,21,1,3
BRDA:232,22,0,4
BRDA:232,22,1,2
BRDA:241,23,0,34
BRDA:241,24,0,36
BRDA:241,24,1,34
BRDA:249,25,0,28
BRDA:249,25,1,1
BRDA:252,26,0,28
BRDA:252,26,1,1
BRDA:339,27,0,2
BRDA:348,28,0,2
BRDA:348,28,1,26
BRDA:362,29,0,2
BRDA:362,30,0,28
BRDA:362,30,1,2
BRDA:374,31,0,2
BRDA:392,32,0,2
BRDA:392,32,1,0
BRDA:410,33,0,23
BRDA:410,34,0,28
BRDA:410,34,1,23
BRDA:413,35,0,19
BRDA:413,36,0,55
BRDA:413,36,1,19
BRDA:421,37,0,4
BRDA:421,38,0,5
BRDA:421,38,1,2
BRDA:421,38,2,4
BRDA:426,39,0,8
BRDA:426,39,1,0
BRDA:426,40,0,8
BRDA:426,40,1,0
BRDA:429,41,0,2
BRDA:429,42,0,8
BRDA:429,42,1,0
BRDA:435,43,0,1
BRDA:460,44,0,1
BRDA:460,44,1,0
BRDA:480,45,0,1
BRDA:480,45,1,0
BRDA:43,46,0,3
BRDA:43,46,1,0
BRDA:43,47,0,3
BRDA:43,47,1,3
BRDA:43,48,0,3
BRDA:43,48,1,0
BRDA:43,49,0,3
BRDA:43,49,1,3
BRDA:44,50,0,3
BRDA:44,50,1,0
BRDA:44,51,0,3
BRDA:44,51,1,3
BRDA:45,52,0,3
BRDA:45,52,1,0
BRDA:45,53,0,3
BRDA:45,53,1,3
BRDA:46,54,0,3
BRDA:46,54,1,0
BRDA:46,55,0,3
BRDA:46,55,1,3
BRF:94
BRH:80
end_of_record
TN:
SF:src/modules/gradebook/grading/rubric.service.ts
FN:32,(anonymous_2)
FN:40,(anonymous_3)
FN:54,(anonymous_4)
FN:74,(anonymous_5)
FN:99,(anonymous_6)
FN:120,(anonymous_7)
FN:146,(anonymous_8)
FN:155,(anonymous_9)
FN:185,(anonymous_10)
FN:209,(anonymous_11)
FN:255,(anonymous_12)
FN:266,(anonymous_13)
FN:270,(anonymous_14)
FNF:13
FNH:13
FNDA:35,(anonymous_2)
FNDA:6,(anonymous_3)
FNDA:4,(anonymous_4)
FNDA:3,(anonymous_5)
FNDA:1,(anonymous_6)
FNDA:6,(anonymous_7)
FNDA:2,(anonymous_8)
FNDA:4,(anonymous_9)
FNDA:4,(anonymous_10)
FNDA:12,(anonymous_11)
FNDA:11,(anonymous_12)
FNDA:8,(anonymous_13)
FNDA:4,(anonymous_14)
DA:1,3
DA:8,3
DA:9,3
DA:10,3
DA:31,3
DA:33,35
DA:34,35
DA:42,6
DA:43,4
DA:44,4
DA:45,2
DA:52,4
DA:54,4
DA:55,4
DA:57,4
DA:75,3
DA:80,3
DA:81,1
DA:87,2
DA:88,1
DA:89,1
DA:90,1
DA:97,1
DA:99,1
DA:100,1
DA:102,1
DA:121,6
DA:126,6
DA:127,2
DA:133,4
DA:137,4
DA:138,2
DA:144,2
DA:146,2
DA:147,2
DA:148,2
DA:156,4
DA:157,4
DA:159,4
DA:164,4
DA:179,4
DA:186,4
DA:195,4
DA:196,2
DA:202,2
DA:211,12
DA:226,12
DA:227,2
DA:233,10
DA:234,2
DA:241,8
DA:246,8
DA:247,2
DA:254,6
DA:255,11
DA:256,6
DA:257,10
DA:258,2
DA:266,8
DA:268,4
DA:270,4
DA:271,4
DA:274,4
DA:275,8
DA:300,4
DA:305,4
LF:66
LH:66
BRDA:42,0,0,4
BRDA:44,1,0,2
BRDA:61,2,0,4
BRDA:61,2,1,2
BRDA:80,3,0,1
BRDA:87,4,0,1
BRDA:89,5,0,1
BRDA:105,6,0,1
BRDA:105,6,1,1
BRDA:106,7,0,1
BRDA:106,7,1,0
BRDA:107,8,0,1
BRDA:107,8,1,0
BRDA:126,9,0,2
BRDA:137,10,0,2
BRDA:161,11,0,2
BRDA:161,11,1,2
BRDA:195,12,0,2
BRDA:226,13,0,2
BRDA:233,14,0,2
BRDA:233,15,0,10
BRDA:233,15,1,10
BRDA:246,16,0,2
BRDA:257,17,0,2
BRDA:33,18,0,3
BRDA:33,18,1,0
BRDA:33,19,0,3
BRDA:33,19,1,3
BRDA:33,20,0,3
BRDA:33,20,1,0
BRDA:33,21,0,3
BRDA:33,21,1,3
BRF:32
BRH:28
end_of_record
TN:
SF:src/modules/gradebook/grading/standards.service.ts
FN:28,(anonymous_2)
FN:36,(anonymous_3)
FN:41,(anonymous_4)
FN:60,(anonymous_5)
FN:65,(anonymous_6)
FN:112,(anonymous_7)
FN:140,(anonymous_8)
FN:155,(anonymous_9)
FN:164,(anonymous_10)
FN:192,(anonymous_11)
FN:193,(anonymous_12)
FN:203,(anonymous_13)
FN:214,(anonymous_14)
FN:231,(anonymous_15)
FN:304,(anonymous_16)
FN:353,(anonymous_17)
FN:387,(anonymous_18)
FN:396,(anonymous_19)
FN:398,(anonymous_20)
FNF:19
FNH:19
FNDA:23,(anonymous_2)
FNDA:3,(anonymous_3)
FNDA:1,(anonymous_4)
FNDA:3,(anonymous_5)
FNDA:3,(anonymous_6)
FNDA:2,(anonymous_7)
FNDA:2,(anonymous_8)
FNDA:1,(anonymous_9)
FNDA:4,(anonymous_10)
FNDA:1,(anonymous_11)
FNDA:2,(anonymous_12)
FNDA:2,(anonymous_13)
FNDA:2,(anonymous_14)
FNDA:6,(anonymous_15)
FNDA:4,(anonymous_16)
FNDA:3,(anonymous_17)
FNDA:6,(anonymous_18)
FNDA:4,(anonymous_19)
FNDA:10,(anonymous_20)
DA:1,6
DA:4,6
DA:5,6
DA:6,6
DA:7,6
DA:27,6
DA:29,23
DA:30,23
DA:31,23
DA:37,3
DA:39,1
DA:41,1
DA:42,1
DA:44,1
DA:61,3
DA:63,3
DA:65,3
DA:66,3
DA:67,3
DA:68,3
DA:70,3
DA:71,5
DA:80,5
DA:81,2
DA:88,2
DA:90,3
DA:99,3
DA:103,3
DA:106,3
DA:113,2
DA:114,2
DA:116,2
DA:117,2
DA:118,2
DA:120,2
DA:134,2
DA:141,2
DA:146,2
DA:147,1
DA:153,1
DA:155,1
DA:156,1
DA:157,1
DA:169,4
DA:174,4
DA:175,1
DA:182,3
DA:183,2
DA:191,2
DA:192,1
DA:193,2
DA:194,1
DA:201,2
DA:203,2
DA:204,2
DA:207,2
DA:212,2
DA:213,1
DA:214,2
DA:222,2
DA:233,6
DA:255,6
DA:256,1
DA:260,5
DA:266,5
DA:274,5
DA:276,5
DA:277,6
DA:278,6
DA:280,4
DA:281,4
DA:283,4
DA:284,4
DA:289,4
DA:290,4
DA:291,4
DA:292,4
DA:296,5
DA:297,1
DA:301,4
DA:302,4
DA:304,4
DA:305,4
DA:306,4
DA:308,4
DA:309,4
DA:311,4
DA:312,4
DA:314,4
DA:341,4
DA:344,4
DA:347,4
DA:354,3
DA:358,3
DA:359,1
DA:365,2
DA:382,2
DA:392,6
DA:393,5
DA:398,10
DA:399,4
DA:400,8
DA:401,3
DA:405,1
LF:104
LH:104
BRDA:80,0,0,2
BRDA:80,0,1,3
BRDA:117,1,0,0
BRDA:118,2,0,0
BRDA:146,3,0,1
BRDA:174,4,0,1
BRDA:182,5,0,2
BRDA:191,6,0,1
BRDA:212,7,0,1
BRDA:255,8,0,1
BRDA:266,9,0,5
BRDA:266,9,1,3
BRDA:278,10,0,2
BRDA:284,11,0,4
BRDA:284,11,1,4
BRDA:296,12,0,1
BRDA:309,13,0,0
BRDA:358,14,0,1
BRDA:369,15,0,1
BRDA:369,15,1,1
BRDA:400,16,0,3
BRDA:405,17,0,1
BRDA:405,17,1,0
BRDA:29,18,0,5
BRDA:29,18,1,1
BRDA:29,19,0,6
BRDA:29,19,1,6
BRDA:29,20,0,5
BRDA:29,20,1,1
BRDA:29,21,0,6
BRDA:29,21,1,6
BRDA:30,22,0,5
BRDA:30,22,1,1
BRDA:30,23,0,6
BRDA:30,23,1,6
BRF:35
BRH:31
end_of_record
TN:
SF:src/modules/gradebook/progress/progress-report.service.ts
FN:32,(anonymous_2)
FN:45,(anonymous_3)
FN:118,(anonymous_4)
FN:137,(anonymous_5)
FN:165,(anonymous_6)
FN:166,(anonymous_7)
FN:197,(anonymous_8)
FN:214,(anonymous_9)
FN:224,(anonymous_10)
FN:255,(anonymous_11)
FN:266,(anonymous_12)
FN:268,(anonymous_13)
FN:269,(anonymous_14)
FN:298,(anonymous_15)
FN:343,(anonymous_16)
FNF:15
FNH:15
FNDA:19,(anonymous_2)
FNDA:6,(anonymous_3)
FNDA:2,(anonymous_4)
FNDA:3,(anonymous_5)
FNDA:1,(anonymous_6)
FNDA:1,(anonymous_7)
FNDA:2,(anonymous_8)
FNDA:1,(anonymous_9)
FNDA:3,(anonymous_10)
FNDA:2,(anonymous_11)
FNDA:2,(anonymous_12)
FNDA:2,(anonymous_13)
FNDA:1,(anonymous_14)
FNDA:5,(anonymous_15)
FNDA:5,(anonymous_16)
DA:1,3
DA:3,3
DA:4,3
DA:5,3
DA:6,3
DA:7,3
DA:29,3
DA:30,19
DA:33,19
DA:34,19
DA:35,19
DA:36,19
DA:47,6
DA:50,5
DA:52,5
DA:53,1
DA:62,4
DA:68,4
DA:69,1
DA:73,3
DA:91,3
DA:96,3
DA:97,3
DA:100,3
DA:101,2
DA:102,1
DA:103,1
DA:105,1
DA:106,1
DA:109,1
DA:110,1
DA:111,1
DA:112,1
DA:118,3
DA:120,3
DA:124,3
DA:137,3
DA:138,3
DA:139,3
DA:141,3
DA:142,3
DA:143,3
DA:146,3
DA:159,3
DA:160,3
DA:161,2
DA:162,2
DA:164,2
DA:165,1
DA:166,1
DA:167,1
DA:171,2
DA:173,2
DA:183,2
DA:186,3
DA:189,3
DA:192,3
DA:198,2
DA:203,2
DA:204,1
DA:212,1
DA:214,1
DA:215,1
DA:225,3
DA:248,3
DA:249,1
DA:252,2
DA:253,2
DA:255,2
DA:256,2
DA:257,2
DA:258,2
DA:266,2
DA:267,2
DA:268,2
DA:269,1
DA:285,2
DA:286,1
DA:289,2
DA:293,2
DA:299,5
DA:300,5
DA:302,5
DA:303,5
DA:304,5
DA:305,5
DA:307,5
DA:334,5
DA:348,5
DA:354,5
DA:356,3
DA:357,3
DA:358,3
DA:360,3
DA:361,2
DA:362,1
LF:96
LH:96
BRDA:52,0,0,1
BRDA:68,1,0,1
BRDA:103,2,0,0
BRDA:105,3,0,1
BRDA:110,4,0,1
BRDA:110,5,0,1
BRDA:110,5,1,1
BRDA:120,6,0,2
BRDA:120,6,1,1
BRDA:143,7,0,3
BRDA:143,7,1,0
BRDA:164,8,0,1
BRDA:164,9,0,2
BRDA:164,9,1,1
BRDA:167,10,0,1
BRDA:167,10,1,0
BRDA:203,11,0,1
BRDA:248,12,0,1
BRDA:285,13,0,1
BRDA:303,14,0,1
BRDA:304,15,0,1
BRDA:305,16,0,1
BRDA:354,17,0,2
BRDA:356,18,0,3
BRDA:356,18,1,1
BRDA:357,19,0,3
BRDA:357,19,1,1
BRDA:360,20,0,1
BRDA:361,21,0,1
BRDA:33,22,0,2
BRDA:33,22,1,1
BRDA:33,23,0,3
BRDA:33,23,1,3
BRDA:33,24,0,2
BRDA:33,24,1,1
BRDA:33,25,0,3
BRDA:33,25,1,3
BRDA:34,26,0,2
BRDA:34,26,1,1
BRDA:34,27,0,3
BRDA:34,27,1,3
BRDA:35,28,0,2
BRDA:35,28,1,1
BRDA:35,29,0,3
BRDA:35,29,1,3
BRF:45
BRH:42
end_of_record
TN:
SF:src/modules/gradebook/report-cards/grade-threshold.service.ts
FN:35,(anonymous_2)
FN:39,(anonymous_3)
FN:54,(anonymous_4)
FN:75,(anonymous_5)
FN:82,(anonymous_6)
FN:97,(anonymous_7)
FN:126,(anonymous_8)
FN:147,(anonymous_9)
FN:161,(anonymous_10)
FN:176,(anonymous_11)
FN:178,(anonymous_12)
FN:193,(anonymous_13)
FNF:12
FNH:12
FNDA:39,(anonymous_2)
FNDA:6,(anonymous_3)
FNDA:4,(anonymous_4)
FNDA:1,(anonymous_5)
FNDA:4,(anonymous_6)
FNDA:8,(anonymous_7)
FNDA:4,(anonymous_8)
FNDA:4,(anonymous_9)
FNDA:2,(anonymous_10)
FNDA:16,(anonymous_11)
FNDA:46,(anonymous_12)
FNDA:2,(anonymous_13)
DA:1,3
DA:8,3
DA:9,3
DA:34,3
DA:35,39
DA:40,6
DA:43,6
DA:44,2
DA:52,4
DA:54,4
DA:55,4
DA:57,4
DA:58,2
DA:64,4
DA:76,1
DA:83,4
DA:86,4
DA:87,2
DA:94,2
DA:98,8
DA:101,8
DA:102,2
DA:110,6
DA:111,4
DA:114,4
DA:115,2
DA:124,4
DA:126,4
DA:127,4
DA:129,4
DA:130,1
DA:136,4
DA:137,4
DA:138,4
DA:139,4
DA:140,1
DA:143,4
DA:148,4
DA:151,4
DA:152,2
DA:160,2
DA:161,2
DA:162,2
DA:163,2
DA:166,2
DA:178,46
DA:180,16
DA:181,36
DA:182,13
DA:186,3
DA:194,2
LF:51
LH:51
BRDA:43,0,0,2
BRDA:57,1,0,2
BRDA:69,2,0,4
BRDA:69,2,1,2
BRDA:86,3,0,2
BRDA:101,4,0,2
BRDA:110,5,0,4
BRDA:110,6,0,6
BRDA:110,6,1,4
BRDA:114,7,0,2
BRDA:129,8,0,1
BRDA:137,9,0,2
BRDA:138,10,0,1
BRDA:139,11,0,1
BRDA:151,12,0,2
BRDA:181,13,0,13
BRDA:35,14,0,3
BRDA:35,14,1,0
BRDA:35,15,0,3
BRDA:35,15,1,3
BRF:20
BRH:19
end_of_record
TN:
SF:src/modules/gradebook/report-cards/report-card-acknowledgment.service.ts
FN:14,(anonymous_2)
FN:18,(anonymous_3)
FN:57,(anonymous_4)
FN:73,(anonymous_5)
FN:106,(anonymous_6)
FN:116,(anonymous_7)
FN:118,(anonymous_8)
FN:122,(anonymous_9)
FN:126,(anonymous_10)
FNF:9
FNH:9
FNDA:9,(anonymous_2)
FNDA:5,(anonymous_3)
FNDA:2,(anonymous_4)
FNDA:4,(anonymous_5)
FNDA:3,(anonymous_6)
FNDA:2,(anonymous_7)
FNDA:3,(anonymous_8)
FNDA:3,(anonymous_9)
FNDA:3,(anonymous_10)
DA:1,2
DA:7,2
DA:8,2
DA:13,2
DA:14,9
DA:24,5
DA:29,5
DA:30,1
DA:38,4
DA:39,1
DA:48,3
DA:51,3
DA:52,1
DA:55,2
DA:57,2
DA:58,2
DA:59,2
DA:74,4
DA:97,4
DA:98,1
DA:106,3
DA:112,3
DA:116,3
DA:118,3
DA:122,3
DA:125,3
DA:126,3
DA:128,3
LF:28
LH:28
BRDA:29,0,0,1
BRDA:38,1,0,1
BRDA:51,2,0,1
BRDA:65,3,0,2
BRDA:65,3,1,1
BRDA:97,4,0,1
BRDA:122,5,0,3
BRDA:122,5,1,1
BRDA:132,6,0,3
BRDA:132,6,1,2
BRDA:14,7,0,2
BRDA:14,7,1,0
BRDA:14,8,0,2
BRDA:14,8,1,2
BRF:14
BRH:13
end_of_record
TN:
SF:src/modules/gradebook/report-cards/report-card-analytics.service.ts
FN:32,(anonymous_2)
FN:39,(anonymous_3)
FN:95,(anonymous_4)
FN:155,(anonymous_5)
FN:167,(anonymous_6)
FN:183,(anonymous_7)
FNF:6
FNH:6
FNDA:11,(anonymous_2)
FNDA:5,(anonymous_3)
FNDA:6,(anonymous_4)
FNDA:5,(anonymous_5)
FNDA:3,(anonymous_6)
FNDA:2,(anonymous_7)
DA:1,2
DA:3,2
DA:4,2
DA:31,2
DA:33,11
DA:34,11
DA:40,5
DA:45,5
DA:53,5
DA:62,5
DA:71,5
DA:76,5
DA:79,5
DA:81,5
DA:97,6
DA:118,6
DA:129,6
DA:130,8
DA:131,8
DA:132,8
DA:134,7
DA:135,6
DA:144,7
DA:145,7
DA:147,7
DA:148,6
DA:151,6
DA:152,6
DA:153,6
DA:155,5
DA:156,3
DA:161,6
DA:163,6
DA:164,6
DA:166,6
DA:167,3
DA:170,6
DA:172,6
DA:183,6
DA:185,6
LF:40
LH:40
BRDA:42,0,0,3
BRDA:42,0,1,2
BRDA:57,1,0,3
BRDA:57,1,1,2
BRDA:71,2,0,3
BRDA:71,2,1,2
BRDA:76,3,0,2
BRDA:76,3,1,3
BRDA:79,4,0,2
BRDA:79,4,1,3
BRDA:82,5,0,5
BRDA:82,5,1,2
BRDA:132,6,0,1
BRDA:132,7,0,8
BRDA:132,7,1,7
BRDA:134,8,0,6
BRDA:147,9,0,6
BRDA:153,10,0,3
BRDA:153,11,0,6
BRDA:153,11,1,4
BRDA:155,12,0,5
BRDA:155,12,1,0
BRDA:166,13,0,2
BRDA:166,13,1,4
BRDA:170,14,0,6
BRDA:170,14,1,0
BRDA:33,15,0,2
BRDA:33,15,1,0
BRDA:33,16,0,2
BRDA:33,16,1,2
BRDA:33,17,0,2
BRDA:33,17,1,0
BRDA:33,18,0,2
BRDA:33,18,1,2
BRF:34
BRH:30
end_of_record
TN:
SF:src/modules/gradebook/report-cards/report-card-approval.service.ts
FN:36,(anonymous_2)
FN:40,(anonymous_3)
FN:55,(anonymous_4)
FN:76,(anonymous_5)
FN:83,(anonymous_6)
FN:98,(anonymous_7)
FN:127,(anonymous_8)
FN:148,(anonymous_9)
FN:162,(anonymous_10)
FN:172,(anonymous_11)
FN:221,(anonymous_12)
FN:225,(anonymous_13)
FN:244,(anonymous_14)
FN:268,(anonymous_15)
FN:286,(anonymous_16)
FN:307,(anonymous_17)
FN:331,(anonymous_18)
FN:359,(anonymous_19)
FN:407,(anonymous_20)
FN:423,(anonymous_21)
FN:424,(anonymous_22)
FNF:21
FNH:21
FNDA:36,(anonymous_2)
FNDA:3,(anonymous_3)
FNDA:2,(anonymous_4)
FNDA:2,(anonymous_5)
FNDA:2,(anonymous_6)
FNDA:8,(anonymous_7)
FNDA:6,(anonymous_8)
FNDA:2,(anonymous_9)
FNDA:1,(anonymous_10)
FNDA:7,(anonymous_11)
FNDA:1,(anonymous_12)
FNDA:2,(anonymous_13)
FNDA:7,(anonymous_14)
FNDA:3,(anonymous_15)
FNDA:5,(anonymous_16)
FNDA:3,(anonymous_17)
FNDA:1,(anonymous_18)
FNDA:2,(anonymous_19)
FNDA:3,(anonymous_20)
FNDA:3,(anonymous_21)
FNDA:3,(anonymous_22)
DA:1,2
DA:8,2
DA:9,2
DA:35,2
DA:36,36
DA:41,3
DA:44,3
DA:45,1
DA:53,2
DA:55,2
DA:56,2
DA:58,2
DA:59,1
DA:65,2
DA:77,2
DA:84,2
DA:87,2
DA:88,1
DA:95,1
DA:99,8
DA:102,8
DA:103,1
DA:111,7
DA:112,2
DA:115,2
DA:116,1
DA:125,6
DA:127,6
DA:128,6
DA:130,6
DA:131,3
DA:137,6
DA:138,6
DA:139,6
DA:140,6
DA:141,2
DA:144,6
DA:149,2
DA:152,2
DA:153,1
DA:161,1
DA:162,1
DA:163,1
DA:164,1
DA:167,1
DA:173,7
DA:177,7
DA:178,1
DA:185,6
DA:186,1
DA:195,5
DA:198,5
DA:199,1
DA:208,4
DA:212,4
DA:214,3
DA:217,1
DA:219,1
DA:221,1
DA:222,1
DA:224,1
DA:226,2
DA:238,1
DA:241,1
DA:245,7
DA:249,6
DA:250,2
DA:257,4
DA:258,1
DA:266,3
DA:268,3
DA:269,3
DA:271,3
DA:281,3
DA:286,5
DA:288,3
DA:289,3
DA:291,2
DA:301,3
DA:304,3
DA:308,3
DA:312,3
DA:313,1
DA:320,2
DA:321,1
DA:329,1
DA:331,1
DA:332,1
DA:334,1
DA:345,1
DA:355,1
DA:365,2
DA:366,2
DA:368,2
DA:374,2
DA:404,2
DA:408,3
DA:410,3
DA:411,3
DA:412,3
DA:413,1
DA:415,2
DA:423,3
DA:424,3
DA:426,3
LF:105
LH:105
BRDA:44,0,0,1
BRDA:58,1,0,1
BRDA:70,2,0,2
BRDA:70,2,1,1
BRDA:87,3,0,1
BRDA:102,4,0,1
BRDA:111,5,0,2
BRDA:111,6,0,7
BRDA:111,6,1,3
BRDA:115,7,0,1
BRDA:130,8,0,3
BRDA:138,9,0,2
BRDA:139,10,0,4
BRDA:140,11,0,2
BRDA:152,12,0,1
BRDA:177,13,0,1
BRDA:185,14,0,1
BRDA:198,15,0,1
BRDA:212,16,0,3
BRDA:212,17,0,4
BRDA:212,17,1,3
BRDA:212,17,2,2
BRDA:249,18,0,2
BRDA:257,19,0,1
BRDA:289,20,0,2
BRDA:312,21,0,1
BRDA:320,22,0,1
BRDA:418,23,0,1
BRDA:418,23,1,1
BRDA:36,24,0,2
BRDA:36,24,1,0
BRDA:36,25,0,2
BRDA:36,25,1,2
BRF:33
BRH:32
end_of_record
TN:
SF:src/modules/gradebook/report-cards/report-card-custom-fields.service.ts
FN:41,(anonymous_2)
FN:45,(anonymous_3)
FN:60,(anonymous_4)
FN:80,(anonymous_5)
FN:87,(anonymous_6)
FN:102,(anonymous_7)
FN:117,(anonymous_8)
FN:136,(anonymous_9)
FN:150,(anonymous_10)
FN:160,(anonymous_11)
FN:189,(anonymous_12)
FN:195,(anonymous_13)
FN:196,(anonymous_14)
FN:208,(anonymous_15)
FN:241,(anonymous_16)
FNF:15
FNH:15
FNDA:19,(anonymous_2)
FNDA:3,(anonymous_3)
FNDA:2,(anonymous_4)
FNDA:1,(anonymous_5)
FNDA:2,(anonymous_6)
FNDA:5,(anonymous_7)
FNDA:4,(anonymous_8)
FNDA:2,(anonymous_9)
FNDA:1,(anonymous_10)
[...]
FNDA:4,(anonymous_14)
FNDA:4,(anonymous_15)
FNDA:4,(anonymous_16)
FNDA:7,(anonymous_17)
DA:1,2
DA:4,2
DA:5,2
DA:6,2
DA:11,2
DA:12,19
DA:15,19
DA:16,19
DA:21,13
DA:37,12
DA:38,2
DA:46,10
DA:47,1
DA:55,9
DA:57,9
DA:58,2
DA:62,7
DA:64,7
DA:66,7
DA:67,7
DA:69,7
DA:70,7
DA:72,7
DA:75,7
DA:78,6
DA:87,6
DA:90,6
DA:91,6
DA:100,6
DA:103,7
DA:107,7
DA:108,12
DA:109,6
DA:115,1
DA:120,7
DA:131,3
DA:133,3
DA:134,3
DA:135,3
DA:136,1
DA:142,2
DA:150,3
DA:151,3
DA:153,3
DA:159,3
DA:163,3
DA:164,1
DA:172,2
DA:173,1
DA:176,1
DA:178,1
DA:179,1
DA:180,1
DA:190,3
DA:195,3
DA:196,1
DA:204,2
DA:219,2
DA:221,4
DA:222,4
DA:223,4
DA:224,4
DA:227,2
DA:233,7
DA:234,7
DA:236,6
DA:237,6
DA:238,6
DA:240,6
DA:241,5
DA:243,1
LF:71
LH:71
BRDA:37,0,0,2
BRDA:46,1,0,1
BRDA:57,2,0,2
BRDA:75,3,0,1
BRDA:90,4,0,6
BRDA:108,5,0,6
BRDA:145,6,0,1
BRDA:145,6,1,1
BRDA:163,7,0,1
BRDA:172,8,0,1
BRDA:195,9,0,1
BRDA:240,10,0,1
BRDA:15,11,0,2
BRDA:15,11,1,0
BRDA:15,12,0,2
BRDA:15,12,1,2
BRDA:15,13,0,2
BRDA:15,13,1,0
BRDA:15,14,0,2
BRDA:15,14,1,2
BRF:20
BRH:18
end_of_record
TN:
SF:src/modules/gradebook/report-cards/report-card-generation.service.ts
FN:13,(anonymous_0)
FN:22,(anonymous_1)
FN:75,(anonymous_2)
FN:76,(anonymous_3)
FN:102,(anonymous_4)
FN:110,(anonymous_5)
FN:124,(anonymous_6)
FN:125,(anonymous_7)
FN:138,(anonymous_8)
FN:161,(anonymous_9)
FN:164,(anonymous_10)
FN:202,(anonymous_11)
FN:223,(anonymous_12)
FN:272,(anonymous_13)
FN:273,(anonymous_14)
FN:302,(anonymous_15)
FN:317,(anonymous_16)
FN:320,(anonymous_17)
FN:365,(anonymous_18)
FN:376,(anonymous_19)
FN:388,(anonymous_20)
FN:389,(anonymous_21)
FNF:22
FNH:21
FNDA:41,(anonymous_0)
FNDA:16,(anonymous_1)
FNDA:0,(anonymous_2)
FNDA:2,(anonymous_3)
FNDA:3,(anonymous_4)
FNDA:3,(anonymous_5)
FNDA:3,(anonymous_6)
FNDA:2,(anonymous_7)
FNDA:2,(anonymous_8)
FNDA:7,(anonymous_9)
FNDA:7,(anonymous_10)
FNDA:14,(anonymous_11)
FNDA:6,(anonymous_12)
FNDA:5,(anonymous_13)
FNDA:5,(anonymous_14)
FNDA:2,(anonymous_15)
FNDA:4,(anonymous_16)
FNDA:4,(anonymous_17)
FNDA:5,(anonymous_18)
FNDA:4,(anonymous_19)
FNDA:3,(anonymous_20)
FNDA:4,(anonymous_21)
DA:1,4
DA:4,4
DA:12,4
DA:14,41
DA:15,41
DA:16,41
DA:17,41
DA:18,41
DA:19,41
DA:23,16
DA:25,16
DA:26,1
DA:33,15
DA:35,15
DA:74,15
DA:75,1
DA:76,2
DA:77,1
DA:83,14
DA:85,14
DA:86,14
DA:88,14
DA:89,14
DA:102,14
DA:104,14
DA:110,3
DA:124,14
DA:125,3
DA:126,2
DA:132,3
DA:139,2
DA:140,2
DA:154,14
DA:160,14
DA:161,7
DA:164,14
DA:165,14
DA:167,14
DA:168,14
DA:171,14
DA:180,14
DA:181,14
DA:183,14
DA:202,14
DA:203,14
DA:205,14
DA:217,14
DA:220,14
DA:224,6
DA:226,6
DA:227,1
DA:233,5
DA:235,5
DA:268,5
DA:269,1
DA:272,5
DA:273,5
DA:275,4
DA:286,4
DA:287,4
DA:288,2
DA:289,2
DA:290,2
DA:297,4
DA:299,4
DA:300,5
DA:302,5
DA:310,5
DA:316,5
DA:317,4
DA:320,5
DA:321,5
DA:323,5
DA:324,5
DA:327,5
DA:336,5
DA:355,5
DA:362,4
DA:366,5
DA:372,5
DA:373,2
DA:376,4
DA:378,3
DA:388,3
DA:389,4
DA:391,3
DA:392,2
DA:395,1
DA:397,1
LF:89
LH:89
BRDA:25,0,0,1
BRDA:74,1,0,1
BRDA:104,2,0,3
BRDA:104,2,1,11
BRDA:127,3,0,2
BRDA:127,3,1,2
BRDA:134,4,0,3
BRDA:134,4,1,1
BRDA:136,5,0,3
BRDA:136,5,1,2
BRDA:137,6,0,3
BRDA:137,6,1,2
BRDA:145,7,0,1
BRDA:145,7,1,1
BRDA:145,8,0,2
BRDA:145,8,1,2
BRDA:148,9,0,2
BRDA:148,9,1,1
BRDA:165,10,0,14
BRDA:165,10,1,12
BRDA:165,11,0,14
BRDA:165,11,1,12
BRDA:167,12,0,14
BRDA:167,12,1,12
BRDA:167,13,0,14
BRDA:167,13,1,13
BRDA:168,14,0,14
BRDA:168,14,1,12
BRDA:171,15,0,2
BRDA:171,15,1,12
BRDA:181,16,0,14
BRDA:181,16,1,4
BRDA:186,17,0,14
BRDA:186,17,1,1
BRDA:187,18,0,14
BRDA:187,18,1,1
BRDA:188,19,0,14
BRDA:188,19,1,1
BRDA:226,20,0,1
BRDA:268,21,0,1
BRDA:288,22,0,2
BRDA:288,22,1,2
BRDA:300,23,0,5
BRDA:300,23,1,3
BRDA:304,24,0,2
BRDA:304,24,1,1
BRDA:306,25,0,2
BRDA:306,25,1,1
BRDA:307,26,0,2
BRDA:307,26,1,1
BRDA:321,27,0,5
BRDA:321,27,1,4
BRDA:321,28,0,5
BRDA:321,28,1,4
BRDA:323,29,0,5
BRDA:323,29,1,4
BRDA:323,30,0,5
BRDA:323,30,1,4
BRDA:324,31,0,5
BRDA:324,31,1,4
BRDA:327,32,0,1
BRDA:327,32,1,4
BRDA:339,33,0,5
BRDA:339,33,1,1
BRDA:340,34,0,5
BRDA:340,34,1,1
BRDA:341,35,0,5
BRDA:341,35,1,1
BRDA:372,36,0,2
BRDA:391,37,0,2
BRF:70
BRH:70
end_of_record
TN:
SF:src/modules/gradebook/report-cards/report-card-template.service.ts
FN:50,(anonymous_2)
FN:59,(anonymous_3)
FN:75,(anonymous_4)
FN:104,(anonymous_5)
FN:141,(anonymous_6)
FN:165,(anonymous_7)
FN:202,(anonymous_8)
FN:235,(anonymous_9)
FN:252,(anonymous_10)
FN:262,(anonymous_11)
FN:279,(anonymous_12)
FN:296,(anonymous_13)
FN:410,(anonymous_14)
FN:449,(anonymous_15)
FNF:14
FNH:14
FNDA:26,(anonymous_2)
FNDA:6,(anonymous_3)
FNDA:5,(anonymous_4)
FNDA:2,(anonymous_5)
FNDA:2,(anonymous_6)
FNDA:7,(anonymous_7)
FNDA:5,(anonymous_8)
FNDA:2,(anonymous_9)
FNDA:1,(anonymous_10)
FNDA:2,(anonymous_11)
FNDA:1,(anonymous_12)
FNDA:5,(anonymous_13)
FNDA:3,(anonymous_14)
FNDA:1,(anonymous_15)
DA:1,3
DA:8,3
DA:12,3
DA:13,3
DA:14,3
DA:15,3
DA:16,3
DA:47,3
DA:48,26
DA:51,26
DA:52,26
DA:53,26
DA:54,26
DA:61,6
DA:64,6
DA:65,1
DA:73,5
DA:75,5
DA:76,5
DA:79,5
DA:80,1
DA:86,5
DA:105,2
DA:106,2
DA:108,2
DA:109,2
DA:110,1
DA:113,2
DA:136,2
DA:142,2
DA:151,2
DA:152,1
DA:160,1
DA:166,7
DA:171,7
DA:172,1
DA:181,6
DA:182,2
DA:190,2
DA:191,1
DA:200,5
DA:202,5
DA:203,5
DA:205,5
DA:206,1
DA:217,5
DA:218,5
DA:219,5
DA:220,5
DA:221,1
DA:223,5
DA:224,2
DA:229,5
DA:236,2
DA:241,2
DA:242,1
DA:250,1
DA:252,1
DA:253,1
DA:254,1
DA:257,1
DA:263,2
DA:268,2
DA:269,1
DA:277,1
DA:279,1
DA:280,1
DA:282,1
DA:287,1
DA:297,5
DA:298,1
DA:307,4
DA:308,4
DA:310,4
DA:319,4
DA:320,1
DA:329,3
DA:336,3
DA:337,3
DA:339,3
DA:362,3
DA:382,3
DA:384,3
DA:385,3
DA:408,3
DA:410,3
DA:411,3
DA:413,3
DA:428,3
DA:429,3
DA:431,1
DA:432,1
DA:436,3
DA:437,3
DA:444,3
DA:450,1
LF:96
LH:96
BRDA:64,0,0,1
BRDA:79,1,0,1
BRDA:91,2,0,5
BRDA:91,2,1,1
BRDA:93,3,0,0
BRDA:93,3,1,5
BRDA:109,4,0,1
BRDA:151,5,0,1
BRDA:171,6,0,1
BRDA:181,7,0,2
BRDA:190,8,0,1
BRDA:205,9,0,1
BRDA:218,10,0,1
BRDA:219,11,0,1
BRDA:220,12,0,1
BRDA:223,13,0,2
BRDA:224,14,0,1
BRDA:224,14,1,1
BRDA:241,15,0,1
BRDA:268,16,0,1
BRDA:297,17,0,1
BRDA:319,18,0,1
BRDA:411,19,0,3
BRDA:411,19,1,0
BRDA:411,20,0,3
BRDA:411,20,1,0
BRDA:51,21,0,2
BRDA:51,21,1,1
BRDA:51,22,0,3
BRDA:51,22,1,3
BRDA:51,23,0,2
BRDA:51,23,1,1
BRDA:51,24,0,3
BRDA:51,24,1,3
BRDA:52,25,0,2
BRDA:52,25,1,1
BRDA:52,26,0,3
BRDA:52,26,1,3
BRDA:53,27,0,2
BRDA:53,27,1,1
BRDA:53,28,0,3
BRDA:53,28,1,3
BRF:42
BRH:39
end_of_record
TN:
SF:src/modules/gradebook/report-cards/report-card-transcript.service.ts
FN:10,(anonymous_0)
FN:16,(anonymous_1)
FN:28,(anonymous_2)
FN:78,(anonymous_3)
FN:95,(anonymous_4)
FN:167,(anonymous_5)
FNF:6
FNH:6
FNDA:26,(anonymous_0)
FNDA:7,(anonymous_1)
FNDA:3,(anonymous_2)
FNDA:1,(anonymous_3)
FNDA:1,(anonymous_4)
FNDA:1,(anonymous_5)
DA:1,4
DA:7,4
DA:8,26
DA:11,26
DA:12,26
DA:13,26
DA:17,7
DA:18,7
DA:19,7
DA:21,4
DA:29,3
DA:45,3
DA:46,1
DA:52,2
DA:73,2
DA:77,2
DA:78,1
DA:81,2
DA:94,2
DA:95,1
DA:98,2
DA:126,2
DA:127,3
DA:128,3
DA:129,3
DA:131,3
DA:132,1
DA:139,3
DA:141,3
DA:142,2
DA:143,2
DA:155,3
DA:157,3
DA:167,2
DA:173,2
LF:35
LH:35
BRDA:23,0,0,3
BRDA:23,0,1,1
BRDA:45,1,0,1
BRDA:131,2,0,1
BRDA:141,3,0,2
BRDA:148,4,0,2
BRDA:148,4,1,1
BRDA:149,5,0,2
BRDA:149,5,1,1
BRDA:150,6,0,2
BRDA:150,6,1,1
BRDA:160,7,0,3
BRDA:160,7,1,1
BRDA:163,8,0,3
BRDA:163,8,1,2
BRDA:178,9,0,2
BRDA:178,9,1,1
BRDA:179,10,0,2
BRDA:179,10,1,1
BRF:19
BRH:19
end_of_record
TN:
SF:src/modules/gradebook/report-cards/report-card-verification.service.ts
FN:15,(anonymous_3)
FN:19,(anonymous_4)
FN:47,(anonymous_5)
FN:67,(anonymous_6)
FNF:4
FNH:4
FNDA:8,(anonymous_3)
FNDA:4,(anonymous_4)
FNDA:2,(anonymous_5)
FNDA:4,(anonymous_6)
DA:1,2
DA:3,2
DA:8,2
DA:9,2
DA:14,2
DA:15,8
DA:20,4
DA:25,4
DA:26,1
DA:35,3
DA:38,3
DA:39,1
DA:43,2
DA:45,2
DA:47,2
DA:48,2
DA:49,2
DA:58,2
DA:68,4
DA:95,4
DA:96,1
DA:104,3
DA:106,3
DA:107,1
DA:115,2
LF:25
LH:25
BRDA:25,0,0,1
BRDA:38,1,0,1
BRDA:95,2,0,1
BRDA:106,3,0,1
BRDA:120,4,0,2
BRDA:120,4,1,1
BRDA:15,5,0,2
BRDA:15,5,1,0
BRDA:15,6,0,2
BRDA:15,6,1,2
BRF:10
BRH:9
end_of_record
TN:
SF:src/modules/gradebook/report-cards/report-cards-enhanced.controller.ts
FN:71,(anonymous_4)
FN:74,(anonymous_5)
FN:84,(anonymous_6)
FN:103,(anonymous_7)
FN:114,(anonymous_8)
FN:124,(anonymous_9)
FN:133,(anonymous_10)
FN:145,(anonymous_11)
FN:157,(anonymous_12)
FN:173,(anonymous_13)
FN:183,(anonymous_14)
FN:189,(anonymous_15)
FN:198,(anonymous_16)
FN:210,(anonymous_17)
FN:221,(anonymous_18)
FN:230,(anonymous_19)
FN:240,(anonymous_20)
FN:252,(anonymous_21)
FN:266,(anonymous_22)
FN:279,(anonymous_23)
FN:288,(anonymous_24)
FN:300,(anonymous_25)
FN:310,(anonymous_26)
FN:316,(anonymous_27)
FN:325,(anonymous_28)
FN:337,(anonymous_29)
FN:346,(anonymous_30)
FN:358,(anonymous_31)
FN:370,(anonymous_32)
FN:380,(anonymous_33)
FN:386,(anonymous_34)
FN:395,(anonymous_35)
FN:407,(anonymous_36)
FN:418,(anonymous_37)
FN:434,(anonymous_38)
FN:445,(anonymous_39)
FN:455,(anonymous_40)
FN:469,(anonymous_41)
FN:483,(anonymous_42)
FN:494,(anonymous_43)
FN:506,(anonymous_44)
FN:517,(anonymous_45)
FN:529,(anonymous_46)
FNF:43
FNH:42
FNDA:3,(anonymous_4)
FNDA:3,(anonymous_5)
FNDA:45,(anonymous_6)
FNDA:1,(anonymous_7)
FNDA:1,(anonymous_8)
FNDA:1,(anonymous_9)
FNDA:1,(anonymous_10)
FNDA:1,(anonymous_11)
FNDA:2,(anonymous_12)
FNDA:0,(anonymous_13)
FNDA:1,(anonymous_14)
FNDA:1,(anonymous_15)
FNDA:1,(anonymous_16)
FNDA:1,(anonymous_17)
FNDA:1,(anonymous_18)
FNDA:1,(anonymous_19)
FNDA:1,(anonymous_20)
FNDA:1,(anonymous_21)
FNDA:1,(anonymous_22)
FNDA:1,(anonymous_23)
FNDA:1,(anonymous_24)
FNDA:1,(anonymous_25)
FNDA:1,(anonymous_26)
FNDA:1,(anonymous_27)
FNDA:1,(anonymous_28)
FNDA:1,(anonymous_29)
FNDA:1,(anonymous_30)
FNDA:1,(anonymous_31)
FNDA:1,(anonymous_32)
FNDA:1,(anonymous_33)
FNDA:1,(anonymous_34)
FNDA:1,(anonymous_35)
FNDA:1,(anonymous_36)
FNDA:3,(anonymous_37)
FNDA:1,(anonymous_38)
FNDA:2,(anonymous_39)
FNDA:2,(anonymous_40)
FNDA:1,(anonymous_41)
FNDA:1,(anonymous_42)
FNDA:1,(anonymous_43)
FNDA:1,(anonymous_44)
FNDA:1,(anonymous_45)
FNDA:2,(anonymous_46)
DA:1,2
DA:2,2
DA:20,2
DA:23,2
DA:45,2
DA:46,2
DA:47,2
DA:48,2
DA:49,2
DA:50,2
DA:52,2
DA:53,2
DA:54,2
DA:55,2
DA:56,2
DA:57,2
DA:58,2
DA:59,2
DA:60,2
DA:61,2
DA:70,2
DA:71,3
DA:74,2
DA:75,3
DA:83,2
DA:85,45
DA:86,45
DA:87,45
DA:88,45
DA:89,45
DA:90,45
DA:91,45
DA:92,45
DA:93,45
DA:94,45
DA:95,45
DA:103,2
DA:109,1
DA:114,2
DA:119,1
DA:124,2
DA:128,1
DA:133,2
DA:139,1
DA:145,2
DA:149,1
DA:157,2
DA:163,2
DA:164,2
DA:165,2
DA:173,2
DA:178,0
DA:183,2
DA:184,1
DA:189,2
DA:193,1
DA:198,2
DA:204,1
DA:210,2
DA:214,1
DA:221,2
DA:225,1
DA:230,2
DA:235,1
DA:240,2
DA:247,1
DA:252,2
DA:258,1
DA:266,2
DA:272,1
DA:279,2
DA:283,1
DA:288,2
DA:292,1
DA:300,2
DA:305,1
DA:310,2
DA:311,1
DA:316,2
DA:320,1
DA:325,2
DA:331,1
DA:337,2
DA:341,1
DA:346,2
DA:353,1
DA:358,2
DA:362,1
DA:370,2
DA:375,1
DA:380,2
DA:381,1
DA:386,2
DA:390,1
DA:395,2
DA:401,1
DA:407,2
DA:411,1
DA:418,2
DA:426,3
DA:429,3
DA:434,2
DA:438,1
DA:445,2
DA:450,2
DA:455,2
DA:460,2
DA:461,2
DA:469,2
DA:474,1
DA:483,2
DA:489,1
DA:494,2
DA:499,1
DA:506,2
DA:510,1
DA:517,2
DA:521,1
DA:529,2
DA:535,2
DA:543,2
LF:121
LH:120
BRDA:71,0,0,1
BRDA:71,0,1,1
BRDA:71,1,0,2
BRDA:71,1,1,2
BRDA:164,2,0,2
BRDA:164,2,1,1
BRDA:426,3,0,3
BRDA:426,3,1,2
BRDA:426,3,2,1
BRDA:460,4,0,2
BRDA:460,4,1,1
BRDA:539,5,0,2
BRDA:539,5,1,1
BRDA:107,6,0,1
BRDA:107,6,1,1
BRDA:107,7,0,2
BRDA:107,7,1,2
BRDA:117,8,0,1
BRDA:117,8,1,1
BRDA:117,9,0,2
BRDA:117,9,1,2
BRDA:137,10,0,1
BRDA:137,10,1,1
BRDA:137,11,0,2
BRDA:137,11,1,2
BRDA:176,12,0,1
BRDA:176,12,1,1
BRDA:176,13,0,2
BRDA:176,13,1,2
BRDA:202,14,0,1
BRDA:202,14,1,1
BRDA:202,15,0,2
BRDA:202,15,1,2
BRDA:245,16,0,1
BRDA:245,16,1,1
BRDA:245,17,0,2
BRDA:245,17,1,2
BRDA:256,18,0,1
BRDA:256,18,1,1
BRDA:256,19,0,2
BRDA:256,19,1,2
BRDA:270,20,0,1
BRDA:270,20,1,1
BRDA:270,21,0,2
BRDA:270,21,1,2
BRDA:303,22,0,1
BRDA:303,22,1,1
BRDA:303,23,0,2
BRDA:303,23,1,2
BRDA:329,24,0,1
BRDA:329,24,1,1
BRDA:329,25,0,2
BRDA:329,25,1,2
BRDA:351,26,0,1
BRDA:351,26,1,1
BRDA:351,27,0,2
BRDA:351,27,1,2
BRDA:373,28,0,1
BRDA:373,28,1,1
BRDA:373,29,0,2
BRDA:373,29,1,2
BRDA:399,30,0,1
BRDA:399,30,1,1
BRDA:399,31,0,2
BRDA:399,31,1,2
BRDA:422,32,0,1
BRDA:422,32,1,1
BRDA:422,33,0,2
BRDA:422,33,1,2
BRDA:448,34,0,1
BRDA:448,34,1,1
BRDA:448,35,0,2
BRDA:448,35,1,2
BRDA:458,36,0,1
BRDA:458,36,1,1
BRDA:458,37,0,2
BRDA:458,37,1,2
BRDA:472,38,0,1
BRDA:472,38,1,1
BRDA:472,39,0,2
BRDA:472,39,1,2
BRDA:487,40,0,1
BRDA:487,40,1,1
BRDA:487,41,0,2
BRDA:487,41,1,2
BRDA:497,42,0,1
BRDA:497,42,1,1
BRDA:497,43,0,2
BRDA:497,43,1,2
BRDA:533,44,0,1
BRDA:533,44,1,1
BRDA:533,45,0,2
BRDA:533,45,1,2
BRDA:85,46,0,1
BRDA:85,46,1,1
BRDA:85,47,0,2
BRDA:85,47,1,2
BRDA:85,48,0,1
BRDA:85,48,1,1
BRDA:85,49,0,2
BRDA:85,49,1,2
BRDA:86,50,0,1
BRDA:86,50,1,1
BRDA:86,51,0,2
BRDA:86,51,1,2
BRDA:87,52,0,1
BRDA:87,52,1,1
BRDA:87,53,0,2
BRDA:87,53,1,2
BRDA:88,54,0,1
BRDA:88,54,1,1
BRDA:88,55,0,2
BRDA:88,55,1,2
BRDA:89,56,0,1
BRDA:89,56,1,1
BRDA:89,57,0,2
BRDA:89,57,1,2
BRDA:90,58,0,1
BRDA:90,58,1,1
BRDA:90,59,0,2
BRDA:90,59,1,2
BRDA:91,60,0,1
BRDA:91,60,1,1
BRDA:91,61,0,2
BRDA:91,61,1,2
BRDA:92,62,0,1
BRDA:92,62,1,1
BRDA:92,63,0,2
BRDA:92,63,1,2
BRDA:93,64,0,1
BRDA:93,64,1,1
BRDA:93,65,0,2
BRDA:93,65,1,2
BRF:133
BRH:133
end_of_record
TN:
SF:src/modules/gradebook/report-cards/report-cards-queries.service.ts
FN:29,(anonymous_2)
FN:42,(anonymous_3)
FN:102,(anonymous_4)
FN:155,(anonymous_5)
FN:208,(anonymous_6)
FN:230,(anonymous_7)
FN:280,(anonymous_8)
FN:281,(anonymous_9)
FN:313,(anonymous_10)
FN:329,(anonymous_11)
FN:332,(anonymous_12)
FN:383,(anonymous_13)
FN:435,(anonymous_14)
FN:452,(anonymous_15)
FN:524,(anonymous_16)
FNF:15
FNH:15
FNDA:30,(anonymous_2)
FNDA:12,(anonymous_3)
FNDA:4,(anonymous_4)
FNDA:5,(anonymous_5)
FNDA:4,(anonymous_6)
FNDA:3,(anonymous_7)
FNDA:1,(anonymous_8)
FNDA:1,(anonymous_9)
FNDA:1,(anonymous_10)
FNDA:2,(anonymous_11)
FNDA:2,(anonymous_12)
FNDA:6,(anonymous_13)
FNDA:1,(anonymous_14)
FNDA:1,(anonymous_15)
FNDA:2,(anonymous_16)
DA:1,5
DA:4,5
DA:5,5
DA:6,5
DA:7,5
DA:8,5
DA:28,5
DA:30,30
DA:31,30
DA:32,30
DA:33,30
DA:34,30
DA:43,12
DA:44,12
DA:46,12
DA:48,12
DA:49,2
DA:52,12
DA:53,1
DA:56,12
DA:57,1
DA:61,12
DA:62,10
DA:65,12
DA:91,12
DA:103,4
DA:140,4
DA:141,2
DA:147,2
DA:164,5
DA:165,5
DA:167,5
DA:171,5
DA:172,1
DA:174,5
DA:175,1
DA:178,5
DA:207,5
DA:208,4
DA:232,3
DA:234,3
DA:235,1
DA:241,2
DA:244,2
DA:276,2
DA:277,1
DA:280,1
DA:281,1
DA:284,1
DA:296,1
DA:297,1
DA:298,1
DA:299,1
DA:300,1
DA:308,1
DA:310,1
DA:311,1
DA:313,1
DA:322,1
DA:328,1
DA:329,2
DA:332,2
DA:333,1
DA:335,1
DA:336,1
DA:339,1
DA:348,1
DA:367,1
DA:374,1
DA:384,6
DA:400,6
DA:401,2
DA:408,4
DA:430,4
DA:434,4
DA:435,1
DA:439,4
DA:452,4
DA:455,4
DA:483,4
DA:484,2
DA:485,2
DA:486,2
DA:488,2
DA:489,2
DA:496,2
DA:498,2
DA:499,2
DA:500,2
DA:512,2
DA:514,2
DA:524,4
DA:530,4
LF:93
LH:93
BRDA:48,0,0,2
BRDA:52,1,0,1
BRDA:56,2,0,1
BRDA:61,3,0,10
BRDA:62,4,0,1
BRDA:62,4,1,9
BRDA:140,5,0,2
BRDA:171,6,0,1
BRDA:174,7,0,1
BRDA:216,8,0,4
BRDA:216,8,1,2
BRDA:234,9,0,1
BRDA:276,10,0,1
BRDA:298,11,0,1
BRDA:298,11,1,1
BRDA:311,12,0,1
BRDA:311,12,1,0
BRDA:315,13,0,1
BRDA:315,13,1,0
BRDA:317,14,0,1
BRDA:317,14,1,1
BRDA:318,15,0,1
BRDA:318,15,1,1
BRDA:333,16,0,1
BRDA:333,16,1,0
BRDA:333,17,0,1
BRDA:333,17,1,1
BRDA:335,18,0,1
BRDA:335,18,1,0
BRDA:335,19,0,1
BRDA:335,19,1,1
BRDA:336,20,0,1
BRDA:336,20,1,1
BRDA:339,21,0,1
BRDA:339,21,1,0
BRDA:351,22,0,1
BRDA:351,22,1,0
BRDA:352,23,0,1
BRDA:352,23,1,0
BRDA:353,24,0,1
BRDA:353,24,1,0
BRDA:400,25,0,2
BRDA:488,26,0,2
BRDA:498,27,0,2
BRDA:505,28,0,2
BRDA:505,28,1,1
BRDA:506,29,0,2
BRDA:506,29,1,1
BRDA:507,30,0,2
BRDA:507,30,1,2
BRDA:517,31,0,2
BRDA:517,31,1,0
BRDA:520,32,0,2
BRDA:520,32,1,2
BRDA:535,33,0,4
BRDA:535,33,1,1
BRDA:536,34,0,4
BRDA:536,34,1,2
BRDA:30,35,0,5
BRDA:30,35,1,0
BRDA:30,36,0,5
BRDA:30,36,1,5
BRDA:30,37,0,5
BRDA:30,37,1,0
BRDA:30,38,0,5
BRDA:30,38,1,5
BRDA:31,39,0,5
BRDA:31,39,1,0
BRDA:31,40,0,5
BRDA:31,40,1,5
BRDA:32,41,0,5
BRDA:32,41,1,0
BRDA:32,42,0,5
BRDA:32,42,1,5
BRDA:33,43,0,5
BRDA:33,43,1,0
BRDA:33,44,0,5
BRDA:33,44,1,5
BRF:78
BRH:64
end_of_record
TN:
SF:src/modules/gradebook/report-cards/report-cards.controller.ts
FN:48,(anonymous_4)
FN:55,(anonymous_5)
FN:65,(anonymous_6)
FN:79,(anonymous_7)
FN:89,(anonymous_8)
FN:99,(anonymous_9)
FN:108,(anonymous_10)
FN:119,(anonymous_11)
FN:130,(anonymous_12)
FN:139,(anonymous_13)
FN:184,(anonymous_14)
FN:211,(anonymous_15)
FN:213,(anonymous_16)
FN:235,(anonymous_17)
FN:243,(anonymous_18)
FNF:15
FNH:14
FNDA:0,(anonymous_4)
FNDA:16,(anonymous_5)
FNDA:1,(anonymous_6)
FNDA:2,(anonymous_7)
FNDA:1,(anonymous_8)
FNDA:1,(anonymous_9)
FNDA:1,(anonymous_10)
FNDA:1,(anonymous_11)
FNDA:1,(anonymous_12)
FNDA:6,(anonymous_13)
FNDA:2,(anonymous_14)
FNDA:5,(anonymous_15)
FNDA:6,(anonymous_16)
FNDA:6,(anonymous_17)
FNDA:7,(anonymous_18)
DA:1,2
DA:16,2
DA:18,2
DA:26,2
DA:27,2
DA:28,2
DA:29,2
DA:30,2
DA:31,2
DA:32,2
DA:33,2
DA:35,2
DA:36,2
DA:40,2
DA:48,0
DA:54,2
DA:56,16
DA:57,16
DA:58,16
DA:59,16
DA:65,2
DA:70,1
DA:79,2
DA:84,2
DA:89,2
DA:94,1
DA:99,2
DA:103,1
DA:108,2
DA:114,1
DA:119,2
DA:124,1
DA:130,2
DA:134,1
DA:139,2
DA:146,6
DA:152,6
DA:153,1
DA:154,1
DA:158,5
DA:161,5
DA:162,5
DA:163,5
DA:165,6
DA:166,6
DA:170,5
DA:173,5
DA:175,5
DA:179,5
DA:184,2
DA:190,2
DA:193,2
DA:195,2
DA:202,2
DA:206,2
DA:213,5
DA:214,6
DA:215,6
DA:219,5
DA:220,5
DA:222,5
DA:236,6
DA:244,7
DA:245,7
DA:247,7
LF:65
LH:64
BRDA:152,0,0,1
BRDA:161,1,0,1
BRDA:161,1,1,4
BRDA:215,2,0,5
BRDA:215,2,1,1
BRDA:220,3,0,1
BRDA:220,3,1,4
BRDA:236,4,0,5
BRDA:236,4,1,1
BRDA:248,5,0,7
BRDA:248,5,1,1
BRDA:249,6,0,7
BRDA:249,6,1,6
BRDA:250,7,0,7
BRDA:250,7,1,6
BRDA:251,8,0,7
BRDA:251,8,1,6
BRDA:252,9,0,7
BRDA:252,9,1,6
BRDA:68,10,0,1
BRDA:68,10,1,1
BRDA:68,11,0,2
BRDA:68,11,1,2
BRDA:82,12,0,1
BRDA:82,12,1,1
BRDA:82,13,0,2
BRDA:82,13,1,2
BRDA:92,14,0,1
BRDA:92,14,1,1
BRDA:92,15,0,2
BRDA:92,15,1,2
BRDA:112,16,0,1
BRDA:112,16,1,1
BRDA:112,17,0,2
BRDA:112,17,1,2
BRDA:142,18,0,1
BRDA:142,18,1,1
BRDA:142,19,0,2
BRDA:142,19,1,2
BRDA:56,20,0,1
BRDA:56,20,1,1
BRDA:56,21,0,2
BRDA:56,21,1,2
BRDA:56,22,0,1
BRDA:56,22,1,1
BRDA:56,23,0,2
BRDA:56,23,1,2
BRDA:57,24,0,1
BRDA:57,24,1,1
BRDA:57,25,0,2
BRDA:57,25,1,2
BRDA:58,26,0,1
BRDA:58,26,1,1
BRDA:58,27,0,2
BRDA:58,27,1,2
BRF:55
BRH:55
end_of_record
TN:
SF:src/modules/gradebook/report-cards/report-cards.service.ts
FN:23,(anonymous_2)
FN:51,(anonymous_3)
FN:61,(anonymous_4)
FN:95,(anonymous_5)
FN:128,(anonymous_6)
FN:150,(anonymous_7)
FN:174,(anonymous_8)
FN:195,(anonymous_9)
FN:228,(anonymous_10)
FN:236,(anonymous_11)
FN:243,(anonymous_12)
FN:259,(anonymous_13)
FN:260,(anonymous_14)
FNF:13
FNH:12
FNDA:17,(anonymous_2)
FNDA:0,(anonymous_3)
FNDA:6,(anonymous_4)
FNDA:3,(anonymous_5)
FNDA:6,(anonymous_6)
FNDA:3,(anonymous_7)
FNDA:3,(anonymous_8)
FNDA:1,(anonymous_9)
FNDA:3,(anonymous_10)
FNDA:2,(anonymous_11)
FNDA:2,(anonymous_12)
FNDA:2,(anonymous_13)
FNDA:2,(anonymous_14)
DA:1,4
DA:4,4
DA:5,4
DA:6,4
DA:7,4
DA:8,4
DA:9,4
DA:10,4
DA:11,4
DA:14,4
DA:15,4
DA:18,4
DA:19,17
DA:24,17
DA:32,17
DA:40,17
DA:52,0
DA:62,6
DA:67,6
DA:68,1
DA:74,5
DA:75,1
DA:82,4
DA:83,1
DA:84,1
DA:85,1
DA:93,3
DA:95,3
DA:96,3
DA:98,3
DA:99,3
DA:101,3
DA:102,2
DA:103,2
DA:106,3
DA:107,2
DA:108,2
DA:111,3
DA:112,1
DA:115,3
DA:117,3
DA:129,6
DA:134,6
DA:135,2
DA:141,4
DA:142,1
DA:148,3
DA:150,3
DA:151,3
DA:153,3
DA:164,3
DA:166,3
DA:175,3
DA:179,3
DA:180,1
DA:186,2
DA:187,1
DA:193,1
DA:195,1
DA:196,1
DA:199,1
DA:205,1
DA:219,1
DA:229,3
DA:237,2
DA:244,2
DA:246,2
DA:247,2
DA:248,2
DA:249,1
DA:251,1
DA:259,2
DA:260,2
DA:262,2
LF:74
LH:73
BRDA:67,0,0,1
BRDA:74,1,0,1
BRDA:82,2,0,1
BRDA:84,3,0,1
BRDA:101,4,0,2
BRDA:102,5,0,2
BRDA:102,5,1,1
BRDA:103,6,0,2
BRDA:103,6,1,1
BRDA:106,7,0,2
BRDA:107,8,0,2
BRDA:107,8,1,1
BRDA:108,9,0,2
BRDA:108,9,1,1
BRDA:111,10,0,1
BRDA:134,11,0,2
BRDA:141,12,0,1
BRDA:179,13,0,1
BRDA:186,14,0,1
BRDA:254,15,0,1
BRDA:254,15,1,0
BRDA:24,16,0,3
BRDA:24,16,1,1
BRDA:24,17,0,4
BRDA:24,17,1,4
BRDA:24,18,0,3
BRDA:24,18,1,1
BRDA:24,19,0,4
BRDA:24,19,1,4
BRDA:25,20,0,3
BRDA:25,20,1,1
BRDA:25,21,0,4
BRDA:25,21,1,4
BRDA:26,22,0,3
BRDA:26,22,1,1
BRDA:26,23,0,4
BRDA:26,23,1,4
BRDA:27,24,0,3
BRDA:27,24,1,1
BRDA:27,25,0,4
BRDA:27,25,1,4
BRDA:28,26,0,3
BRDA:28,26,1,1
BRDA:28,27,0,4
BRDA:28,27,1,4
BRDA:29,28,0,3
BRDA:29,28,1,1
BRDA:29,29,0,4
BRDA:29,29,1,4
BRF:49
BRH:48
end_of_record
