TN:
SF:src/modules/pastoral/pastoral-read.facade.ts
FN:62,(anonymous_2)
FN:70,(anonymous_3)
FN:92,(anonymous_4)
FN:114,(anonymous_5)
FN:130,(anonymous_6)
FN:144,(anonymous_7)
FN:157,(anonymous_8)
FNF:7
FNH:0
FNDA:0,(anonymous_2)
FNDA:0,(anonymous_3)
FNDA:0,(anonymous_4)
FNDA:0,(anonymous_5)
FNDA:0,(anonymous_6)
FNDA:0,(anonymous_7)
FNDA:0,(anonymous_8)
DA:1,17
DA:3,17
DA:61,17
DA:62,0
DA:75,0
DA:97,0
DA:115,0
DA:131,0
DA:145,0
DA:161,0
LF:10
LH:3
BRDA:62,0,0,17
BRDA:62,0,1,0
BRDA:62,1,0,17
BRDA:62,1,1,17
BRF:4
BRH:3
end_of_record
TN:
SF:src/modules/pastoral/pastoral.constants.ts
FN:5,(anonymous_0)
FN:5,(anonymous_1)
FNF:2
FNH:0
FNDA:0,(anonymous_0)
FNDA:0,(anonymous_1)
DA:1,0
DA:5,0
DA:9,0
DA:11,0
DA:20,0
DA:28,0
DA:35,0
LF:7
LH:0
BRF:0
BRH:0
end_of_record
TN:
SF:src/modules/pastoral/controllers/cases.controller.ts
FN:43,(anonymous_4)
FN:53,(anonymous_5)
FN:66,(anonymous_6)
FN:79,(anonymous_7)
FN:87,(anonymous_8)
FN:95,(anonymous_9)
FN:107,(anonymous_10)
FN:121,(anonymous_11)
FN:136,(anonymous_12)
FN:151,(anonymous_13)
FN:166,(anonymous_14)
FN:180,(anonymous_15)
FN:195,(anonymous_16)
FNF:13
FNH:13
FNDA:26,(anonymous_4)
FNDA:1,(anonymous_5)
FNDA:1,(anonymous_6)
FNDA:1,(anonymous_7)
FNDA:1,(anonymous_8)
FNDA:1,(anonymous_9)
FNDA:1,(anonymous_10)
FNDA:1,(anonymous_11)
FNDA:1,(anonymous_12)
FNDA:1,(anonymous_13)
FNDA:1,(anonymous_14)
FNDA:1,(anonymous_15)
FNDA:1,(anonymous_16)
DA:1,1
DA:15,1
DA:18,1
DA:28,1
DA:29,1
DA:30,1
DA:31,1
DA:32,1
DA:33,1
DA:34,1
DA:35,1
DA:36,1
DA:37,1
DA:42,1
DA:44,26
DA:45,26
DA:53,1
DA:59,1
DA:66,1
DA:72,1
DA:79,1
DA:80,1
DA:87,1
DA:88,1
DA:95,1
DA:100,1
DA:107,1
DA:114,1
DA:121,1
DA:128,1
DA:136,1
DA:143,1
DA:151,1
DA:158,1
DA:166,1
DA:172,1
DA:180,1
DA:187,1
DA:195,1
DA:201,1
LF:40
LH:40
BRDA:57,0,0,0
BRDA:57,0,1,1
BRDA:57,1,0,1
BRDA:57,1,1,1
BRDA:70,2,0,0
BRDA:70,2,1,1
BRDA:70,3,0,1
BRDA:70,3,1,1
BRDA:112,4,0,0
BRDA:112,4,1,1
BRDA:112,5,0,1
BRDA:112,5,1,1
BRDA:126,6,0,0
BRDA:126,6,1,1
BRDA:126,7,0,1
BRDA:126,7,1,1
BRDA:141,8,0,0
BRDA:141,8,1,1
BRDA:141,9,0,1
BRDA:141,9,1,1
BRDA:156,10,0,0
BRDA:156,10,1,1
BRDA:156,11,0,1
BRDA:156,11,1,1
BRDA:185,12,0,0
BRDA:185,12,1,1
BRDA:185,13,0,1
BRDA:185,13,1,1
BRDA:44,14,0,1
BRDA:44,14,1,0
BRDA:44,15,0,1
BRDA:44,15,1,1
BRDA:44,16,0,1
BRDA:44,16,1,0
BRDA:44,17,0,1
BRDA:44,17,1,1
BRF:36
BRH:27
end_of_record
TN:
SF:src/modules/pastoral/controllers/checkin-admin.controller.ts
FN:46,(anonymous_4)
FN:55,(anonymous_5)
FN:72,(anonymous_6)
FN:90,(anonymous_7)
FN:118,(anonymous_8)
FN:139,(anonymous_9)
FNF:6
FNH:6
FNDA:18,(anonymous_4)
FNDA:1,(anonymous_5)
FNDA:1,(anonymous_6)
FNDA:4,(anonymous_7)
FNDA:3,(anonymous_8)
FNDA:2,(anonymous_9)
DA:1,1
DA:2,1
DA:5,1
DA:7,1
DA:8,1
DA:9,1
DA:10,1
DA:11,1
DA:12,1
DA:13,1
DA:14,1
DA:15,1
DA:19,1
DA:27,1
DA:34,1
DA:45,1
DA:47,18
DA:48,18
DA:55,1
DA:60,1
DA:72,1
DA:78,1
DA:90,1
DA:95,4
DA:100,4
DA:102,4
DA:103,1
DA:111,3
DA:118,1
DA:123,3
DA:128,3
DA:139,1
DA:144,2
DA:149,2
LF:34
LH:34
BRDA:96,0,0,4
BRDA:96,0,1,1
BRDA:97,1,0,4
BRDA:97,1,1,1
BRDA:100,2,0,4
BRDA:100,2,1,1
BRDA:102,3,0,1
BRDA:124,4,0,3
BRDA:124,4,1,1
BRDA:125,5,0,3
BRDA:125,5,1,1
BRDA:130,6,0,3
BRDA:130,6,1,2
BRDA:151,7,0,2
BRDA:151,7,1,1
BRDA:58,8,0,0
BRDA:58,8,1,1
BRDA:58,9,0,1
BRDA:58,9,1,1
BRDA:76,10,0,0
BRDA:76,10,1,1
BRDA:76,11,0,1
BRDA:76,11,1,1
BRDA:93,12,0,0
BRDA:93,12,1,1
BRDA:93,13,0,1
BRDA:93,13,1,1
BRDA:121,14,0,0
BRDA:121,14,1,1
BRDA:121,15,0,1
BRDA:121,15,1,1
BRDA:142,16,0,0
BRDA:142,16,1,1
BRDA:142,17,0,1
BRDA:142,17,1,1
BRDA:47,18,0,1
BRDA:47,18,1,0
BRDA:47,19,0,1
BRDA:47,19,1,1
BRDA:47,20,0,1
BRDA:47,20,1,0
BRDA:47,21,0,1
BRDA:47,21,1,1
BRF:43
BRH:36
end_of_record
TN:
SF:src/modules/pastoral/controllers/checkin-config.controller.ts
FN:39,(anonymous_4)
FN:49,(anonymous_5)
FN:63,(anonymous_6)
FN:71,(anonymous_7)
FN:125,(anonymous_8)
FNF:5
FNH:5
FNDA:14,(anonymous_4)
FNDA:2,(anonymous_5)
FNDA:1,(anonymous_6)
FNDA:6,(anonymous_7)
FNDA:6,(anonymous_8)
DA:1,1
DA:2,1
DA:5,1
DA:7,1
DA:8,1
DA:9,1
DA:10,1
DA:11,1
DA:12,1
DA:13,1
DA:14,1
DA:15,1
DA:16,1
DA:20,1
DA:38,1
DA:40,14
DA:41,14
DA:42,14
DA:49,1
DA:50,2
DA:52,2
DA:53,2
DA:54,2
DA:56,2
DA:63,1
DA:64,1
DA:71,1
DA:77,6
DA:78,1
DA:82,6
DA:84,6
DA:85,6
DA:86,6
DA:89,6
DA:91,6
DA:92,3
DA:94,6
DA:95,4
DA:97,6
DA:98,1
DA:100,6
DA:101,1
DA:103,6
DA:104,1
DA:106,6
DA:107,1
DA:109,6
DA:110,1
DA:112,6
DA:113,1
DA:115,6
DA:116,1
DA:118,6
DA:119,1
DA:122,6
DA:123,6
DA:125,6
DA:126,6
DA:139,6
DA:141,6
LF:60
LH:60
BRDA:52,0,0,2
BRDA:52,0,1,1
BRDA:53,1,0,2
BRDA:53,1,1,1
BRDA:77,2,0,1
BRDA:84,3,0,6
BRDA:84,3,1,4
BRDA:85,4,0,6
BRDA:85,4,1,4
BRDA:86,5,0,6
BRDA:86,5,1,4
BRDA:91,6,0,3
BRDA:94,7,0,4
BRDA:97,8,0,1
BRDA:100,9,0,1
BRDA:103,10,0,1
BRDA:106,11,0,1
BRDA:109,12,0,1
BRDA:112,13,0,1
BRDA:115,14,0,1
BRDA:118,15,0,1
BRDA:74,16,0,0
BRDA:74,16,1,1
BRDA:74,17,0,1
BRDA:74,17,1,1
BRDA:40,18,0,1
BRDA:40,18,1,0
BRDA:40,19,0,1
BRDA:40,19,1,1
BRDA:40,20,0,1
BRDA:40,20,1,0
BRDA:40,21,0,1
BRDA:40,21,1,1
BRDA:41,22,0,1
BRDA:41,22,1,0
BRDA:41,23,0,1
BRDA:41,23,1,1
BRF:37
BRH:33
end_of_record
TN:
SF:src/modules/pastoral/controllers/checkins.controller.ts
FN:37,(anonymous_4)
FN:43,(anonymous_5)
FN:55,(anonymous_6)
FN:72,(anonymous_7)
FNF:4
FNH:4
FNDA:5,(anonymous_4)
FNDA:1,(anonymous_5)
FNDA:1,(anonymous_6)
FNDA:1,(anonymous_7)
DA:1,1
DA:11,1
DA:14,1
DA:16,1
DA:17,1
DA:18,1
DA:19,1
DA:20,1
DA:21,1
DA:22,1
DA:26,1
DA:36,1
DA:37,5
DA:43,1
DA:49,1
DA:55,1
DA:61,1
DA:72,1
DA:73,1
LF:19
LH:19
BRDA:47,0,0,0
BRDA:47,0,1,1
BRDA:47,1,0,1
BRDA:47,1,1,1
BRDA:59,2,0,0
BRDA:59,2,1,1
BRDA:59,3,0,1
BRDA:59,3,1,1
BRDA:37,4,0,1
BRDA:37,4,1,0
BRDA:37,5,0,1
BRDA:37,5,1,1
BRF:12
BRH:9
end_of_record
TN:
SF:src/modules/pastoral/controllers/concerns.controller.ts
FN:48,(anonymous_4)
FN:61,(anonymous_5)
FN:75,(anonymous_6)
FN:89,(anonymous_7)
FN:103,(anonymous_8)
FN:118,(anonymous_9)
FN:133,(anonymous_10)
FN:154,(anonymous_11)
FN:167,(anonymous_12)
FN:182,(anonymous_13)
FN:193,(anonymous_14)
FN:228,(anonymous_15)
FN:236,(anonymous_16)
FNF:13
FNH:13
FNDA:30,(anonymous_4)
FNDA:2,(anonymous_5)
FNDA:1,(anonymous_6)
FNDA:2,(anonymous_7)
FNDA:1,(anonymous_8)
FNDA:2,(anonymous_9)
FNDA:1,(anonymous_10)
FNDA:1,(anonymous_11)
FNDA:2,(anonymous_12)
FNDA:1,(anonymous_13)
FNDA:1,(anonymous_14)
FNDA:1,(anonymous_15)
FNDA:1,(anonymous_16)
DA:1,1
DA:17,1
DA:20,1
DA:30,1
DA:31,1
DA:32,1
DA:33,1
DA:34,1
DA:35,1
DA:36,1
DA:37,1
DA:38,1
DA:39,1
DA:40,1
DA:41,1
DA:42,1
DA:47,1
DA:49,30
DA:50,30
DA:51,30
DA:52,30
DA:53,30
DA:61,1
DA:68,2
DA:75,1
DA:81,1
DA:82,1
DA:89,1
DA:95,2
DA:96,2
DA:103,1
DA:110,1
DA:118,1
DA:126,2
DA:133,1
DA:140,1
DA:154,1
DA:159,1
DA:167,1
DA:175,2
DA:182,1
DA:186,1
DA:193,1
DA:214,1
DA:228,1
DA:229,1
DA:236,1
DA:257,1
LF:48
LH:48
BRDA:68,0,0,2
BRDA:68,0,1,1
BRDA:96,1,0,2
BRDA:96,1,1,1
BRDA:126,2,0,2
BRDA:126,2,1,1
BRDA:175,3,0,2
BRDA:175,3,1,1
BRDA:65,4,0,0
BRDA:65,4,1,1
BRDA:65,5,0,1
BRDA:65,5,1,1
BRDA:79,6,0,0
BRDA:79,6,1,1
BRDA:79,7,0,1
BRDA:79,7,1,1
BRDA:108,8,0,0
BRDA:108,8,1,1
BRDA:108,9,0,1
BRDA:108,9,1,1
BRDA:123,10,0,0
BRDA:123,10,1,1
BRDA:123,11,0,1
BRDA:123,11,1,1
BRDA:138,12,0,0
BRDA:138,12,1,1
BRDA:138,13,0,1
BRDA:138,13,1,1
BRDA:172,14,0,0
BRDA:172,14,1,1
BRDA:172,15,0,1
BRDA:172,15,1,1
BRDA:198,16,0,0
BRDA:198,16,1,1
BRDA:198,17,0,1
BRDA:198,17,1,1
BRDA:199,18,0,1
BRDA:199,18,1,0
BRDA:199,19,0,1
BRDA:199,19,1,1
BRDA:241,20,0,0
BRDA:241,20,1,1
BRDA:241,21,0,1
BRDA:241,21,1,1
BRDA:242,22,0,1
BRDA:242,22,1,0
BRDA:242,23,0,1
BRDA:242,23,1,1
BRDA:49,24,0,1
BRDA:49,24,1,0
BRDA:49,25,0,1
BRDA:49,25,1,1
BRDA:49,26,0,1
BRDA:49,26,1,0
BRDA:49,27,0,1
BRDA:49,27,1,1
BRDA:50,28,0,1
BRDA:50,28,1,0
BRDA:50,29,0,1
BRDA:50,29,1,1
BRDA:51,30,0,1
BRDA:51,30,1,0
BRDA:51,31,0,1
BRDA:51,31,1,1
BRDA:52,32,0,1
BRDA:52,32,1,0
BRDA:52,33,0,1
BRDA:52,33,1,1
BRF:68
BRH:53
end_of_record
TN:
SF:src/modules/pastoral/controllers/critical-incidents.controller.ts
FN:53,(anonymous_4)
FN:63,(anonymous_5)
FN:76,(anonymous_6)
FN:89,(anonymous_7)
FN:97,(anonymous_8)
FN:112,(anonymous_9)
FN:126,(anonymous_10)
FN:137,(anonymous_11)
FN:153,(anonymous_12)
FN:167,(anonymous_13)
FN:181,(anonymous_14)
FN:196,(anonymous_15)
FN:210,(anonymous_16)
FN:226,(anonymous_17)
FN:247,(anonymous_18)
FN:267,(anonymous_19)
FN:278,(anonymous_20)
FN:290,(anonymous_21)
FN:304,(anonymous_22)
FN:319,(anonymous_23)
FNF:20
FNH:20
FNDA:40,(anonymous_4)
FNDA:1,(anonymous_5)
FNDA:1,(anonymous_6)
FNDA:1,(anonymous_7)
FNDA:1,(anonymous_8)
FNDA:1,(anonymous_9)
FNDA:1,(anonymous_10)
FNDA:1,(anonymous_11)
FNDA:1,(anonymous_12)
FNDA:1,(anonymous_13)
FNDA:1,(anonymous_14)
FNDA:1,(anonymous_15)
FNDA:1,(anonymous_16)
FNDA:1,(anonymous_17)
FNDA:1,(anonymous_18)
FNDA:1,(anonymous_19)
FNDA:1,(anonymous_20)
FNDA:1,(anonymous_21)
FNDA:1,(anonymous_22)
FNDA:1,(anonymous_23)
DA:1,1
DA:15,1
DA:18,1
DA:33,1
DA:34,1
DA:35,1
DA:36,1
DA:37,1
DA:38,1
DA:39,1
DA:40,1
DA:41,1
DA:43,1
DA:45,1
DA:52,1
DA:54,40
DA:55,40
DA:63,1
DA:69,1
DA:76,1
DA:81,1
DA:82,1
DA:89,1
DA:90,1
DA:97,1
DA:104,1
DA:112,1
DA:119,1
DA:126,1
DA:130,1
DA:137,1
DA:145,1
DA:153,1
DA:160,1
DA:167,1
DA:173,1
DA:181,1
DA:188,1
DA:196,1
DA:203,1
DA:210,1
DA:218,1
DA:226,1
DA:234,1
DA:247,1
DA:255,1
DA:267,1
DA:271,1
DA:278,1
DA:282,1
DA:290,1
DA:297,1
DA:304,1
DA:312,1
DA:319,1
DA:323,1
LF:56
LH:56
BRDA:79,0,0,0
BRDA:79,0,1,1
BRDA:79,1,0,1
BRDA:79,1,1,1
BRDA:102,2,0,0
BRDA:102,2,1,1
BRDA:102,3,0,1
BRDA:102,3,1,1
BRDA:117,4,0,0
BRDA:117,4,1,1
BRDA:117,5,0,1
BRDA:117,5,1,1
BRDA:143,6,0,0
BRDA:143,6,1,1
BRDA:143,7,0,1
BRDA:143,7,1,1
BRDA:158,8,0,0
BRDA:158,8,1,1
BRDA:158,9,0,1
BRDA:158,9,1,1
BRDA:171,10,0,0
BRDA:171,10,1,1
BRDA:171,11,0,1
BRDA:171,11,1,1
BRDA:186,12,0,0
BRDA:186,12,1,1
BRDA:186,13,0,1
BRDA:186,13,1,1
BRDA:201,14,0,0
BRDA:201,14,1,1
BRDA:201,15,0,1
BRDA:201,15,1,1
BRDA:216,16,0,0
BRDA:216,16,1,1
BRDA:216,17,0,1
BRDA:216,17,1,1
BRDA:232,18,0,0
BRDA:232,18,1,1
BRDA:232,19,0,1
BRDA:232,19,1,1
BRDA:253,20,0,0
BRDA:253,20,1,1
BRDA:253,21,0,1
BRDA:253,21,1,1
BRDA:295,22,0,0
BRDA:295,22,1,1
BRDA:295,23,0,1
BRDA:295,23,1,1
BRDA:310,24,0,0
BRDA:310,24,1,1
BRDA:310,25,0,1
BRDA:310,25,1,1
BRDA:54,26,0,1
BRDA:54,26,1,0
BRDA:54,27,0,1
BRDA:54,27,1,1
BRDA:54,28,0,1
BRDA:54,28,1,0
BRDA:54,29,0,1
BRDA:54,29,1,1
BRF:60
BRH:45
end_of_record
TN:
SF:src/modules/pastoral/controllers/interventions.controller.ts
FN:44,(anonymous_4)
FN:55,(anonymous_5)
FN:67,(anonymous_6)
FN:75,(anonymous_7)
FN:86,(anonymous_8)
FN:98,(anonymous_9)
FN:111,(anonymous_10)
FN:125,(anonymous_11)
FN:140,(anonymous_12)
FN:156,(anonymous_13)
FN:167,(anonymous_14)
FN:179,(anonymous_15)
FN:188,(anonymous_16)
FN:202,(anonymous_17)
FN:216,(anonymous_18)
FN:230,(anonymous_19)
FN:242,(anonymous_20)
FN:258,(anonymous_21)
FNF:18
FNH:18
FNDA:36,(anonymous_4)
FNDA:1,(anonymous_5)
FNDA:1,(anonymous_6)
FNDA:1,(anonymous_7)
FNDA:1,(anonymous_8)
FNDA:1,(anonymous_9)
FNDA:1,(anonymous_10)
FNDA:1,(anonymous_11)
FNDA:1,(anonymous_12)
FNDA:1,(anonymous_13)
FNDA:1,(anonymous_14)
FNDA:1,(anonymous_15)
FNDA:1,(anonymous_16)
FNDA:1,(anonymous_17)
FNDA:1,(anonymous_18)
FNDA:1,(anonymous_19)
FNDA:1,(anonymous_20)
FNDA:1,(anonymous_21)
DA:1,1
DA:14,1
DA:17,1
DA:29,1
DA:30,1
DA:31,1
DA:32,1
DA:33,1
DA:34,1
DA:35,1
DA:36,1
DA:37,1
DA:38,1
DA:43,1
DA:45,36
DA:46,36
DA:55,1
DA:60,1
DA:67,1
DA:68,1
DA:75,1
DA:79,1
DA:86,1
DA:90,1
DA:98,1
DA:104,1
DA:111,1
DA:118,1
DA:125,1
DA:132,1
DA:140,1
DA:147,1
DA:156,1
DA:160,1
DA:167,1
DA:172,1
DA:179,1
DA:180,1
DA:188,1
DA:195,1
DA:202,1
DA:209,1
DA:216,1
DA:221,1
DA:230,1
DA:234,1
DA:242,1
DA:249,1
DA:258,1
DA:259,1
LF:50
LH:50
BRDA:58,0,0,0
BRDA:58,0,1,1
BRDA:58,1,0,1
BRDA:58,1,1,1
BRDA:102,2,0,0
BRDA:102,2,1,1
BRDA:102,3,0,1
BRDA:102,3,1,1
BRDA:116,4,0,0
BRDA:116,4,1,1
BRDA:116,5,0,1
BRDA:116,5,1,1
BRDA:130,6,0,0
BRDA:130,6,1,1
BRDA:130,7,0,1
BRDA:130,7,1,1
BRDA:145,8,0,0
BRDA:145,8,1,1
BRDA:145,9,0,1
BRDA:145,9,1,1
BRDA:170,10,0,0
BRDA:170,10,1,1
BRDA:170,11,0,1
BRDA:170,11,1,1
BRDA:193,12,0,0
BRDA:193,12,1,1
BRDA:193,13,0,1
BRDA:193,13,1,1
BRDA:207,14,0,0
BRDA:207,14,1,1
BRDA:207,15,0,1
BRDA:207,15,1,1
BRDA:247,16,0,0
BRDA:247,16,1,1
BRDA:247,17,0,1
BRDA:247,17,1,1
BRDA:45,18,0,1
BRDA:45,18,1,0
BRDA:45,19,0,1
BRDA:45,19,1,1
BRDA:45,20,0,1
BRDA:45,20,1,0
BRDA:45,21,0,1
BRDA:45,21,1,1
BRF:44
BRH:33
end_of_record
TN:
SF:src/modules/pastoral/controllers/parent-contacts.controller.ts
FN:32,(anonymous_4)
FN:39,(anonymous_5)
FN:52,(anonymous_6)
FN:64,(anonymous_7)
FNF:4
FNH:4
FNDA:8,(anonymous_4)
FNDA:1,(anonymous_5)
FNDA:1,(anonymous_6)
FNDA:1,(anonymous_7)
DA:1,1
DA:13,1
DA:16,1
DA:18,1
DA:19,1
DA:20,1
DA:21,1
DA:22,1
DA:23,1
DA:24,1
DA:25,1
DA:26,1
DA:31,1
DA:32,8
DA:39,1
DA:45,1
DA:52,1
DA:57,1
DA:64,1
DA:65,1
LF:20
LH:20
BRDA:43,0,0,0
BRDA:43,0,1,1
BRDA:43,1,0,1
BRDA:43,1,1,1
BRDA:55,2,0,0
BRDA:55,2,1,1
BRDA:55,3,0,1
BRDA:55,3,1,1
BRDA:32,4,0,1
BRDA:32,4,1,0
BRDA:32,5,0,1
BRDA:32,5,1,1
BRF:12
BRH:9
end_of_record
TN:
SF:src/modules/pastoral/controllers/parent-pastoral.controller.ts
FN:45,(anonymous_4)
FN:51,(anonymous_5)
FN:65,(anonymous_6)
FN:78,(anonymous_7)
FNF:4
FNH:4
FNDA:9,(anonymous_4)
FNDA:1,(anonymous_5)
FNDA:1,(anonymous_6)
FNDA:2,(anonymous_7)
DA:1,1
DA:11,1
DA:15,1
DA:16,1
DA:17,1
DA:18,1
DA:19,1
DA:20,1
DA:21,1
DA:22,1
DA:23,1
DA:27,1
DA:33,1
DA:44,1
DA:45,9
DA:51,1
DA:57,1
DA:65,1
DA:71,1
DA:78,1
DA:84,2
LF:21
LH:21
BRDA:55,0,0,0
BRDA:55,0,1,1
BRDA:55,1,0,1
BRDA:55,1,1,1
BRDA:69,2,0,0
BRDA:69,2,1,1
BRDA:69,3,0,1
BRDA:69,3,1,1
BRDA:82,4,0,0
BRDA:82,4,1,1
BRDA:82,5,0,1
BRDA:82,5,1,1
BRDA:45,6,0,1
BRDA:45,6,1,0
BRDA:45,7,0,1
BRDA:45,7,1,1
BRF:16
BRH:12
end_of_record
TN:
SF:src/modules/pastoral/controllers/pastoral-admin.controller.ts
FN:54,(anonymous_4)
FN:63,(anonymous_5)
FN:78,(anonymous_6)
FN:114,(anonymous_7)
FN:139,(anonymous_8)
FN:215,(anonymous_9)
FN:244,(anonymous_10)
FN:258,(anonymous_11)
FNF:8
FNH:8
FNDA:9,(anonymous_4)
FNDA:2,(anonymous_5)
FNDA:3,(anonymous_6)
FNDA:3,(anonymous_7)
FNDA:3,(anonymous_8)
FNDA:6,(anonymous_9)
FNDA:2,(anonymous_10)
FNDA:5,(anonymous_11)
DA:1,1
DA:2,1
DA:5,1
DA:10,1
DA:11,1
DA:12,1
DA:13,1
DA:14,1
DA:15,1
DA:16,1
DA:17,1
DA:18,1
DA:53,1
DA:55,9
DA:56,9
DA:63,1
DA:66,2
DA:67,2
DA:69,2
DA:78,1
DA:83,3
DA:85,3
DA:86,3
DA:87,3
DA:90,3
DA:91,3
DA:92,2
DA:94,3
DA:95,1
DA:99,3
DA:100,3
DA:102,3
DA:103,1
DA:105,3
DA:106,1
DA:108,3
DA:109,1
DA:112,3
DA:114,3
DA:115,3
DA:128,3
DA:130,3
DA:139,1
DA:142,3
DA:143,3
DA:144,3
DA:145,3
DA:155,3
DA:215,3
DA:218,6
DA:219,2
DA:220,2
DA:227,3
DA:245,2
DA:247,2
DA:248,2
DA:262,5
LF:57
LH:57
BRDA:85,0,0,3
BRDA:85,0,1,1
BRDA:86,1,0,3
BRDA:86,1,1,1
BRDA:87,2,0,3
BRDA:87,2,1,1
BRDA:91,3,0,2
BRDA:94,4,0,1
BRDA:102,5,0,1
BRDA:105,6,0,1
BRDA:108,7,0,1
BRDA:218,8,0,4
BRDA:247,9,0,2
BRDA:247,9,1,1
BRDA:248,10,0,2
BRDA:248,10,1,1
BRDA:264,11,0,2
BRDA:264,11,1,3
BRDA:267,12,0,2
BRDA:267,12,1,3
BRDA:270,13,0,2
BRDA:270,13,1,3
BRDA:65,14,0,1
BRDA:65,14,1,0
BRDA:65,15,0,1
BRDA:65,15,1,1
BRDA:81,16,0,0
BRDA:81,16,1,1
BRDA:81,17,0,1
BRDA:81,17,1,1
BRDA:82,18,0,1
BRDA:82,18,1,0
BRDA:82,19,0,1
BRDA:82,19,1,1
BRDA:141,20,0,1
BRDA:141,20,1,0
BRDA:141,21,0,1
BRDA:141,21,1,1
BRDA:55,22,0,1
BRDA:55,22,1,0
BRDA:55,23,0,1
BRDA:55,23,1,1
BRDA:55,24,0,1
BRDA:55,24,1,0
BRDA:55,25,0,1
BRDA:55,25,1,1
BRF:46
BRH:40
end_of_record
TN:
SF:src/modules/pastoral/controllers/pastoral-dsar.controller.ts
FN:37,(anonymous_4)
FN:43,(anonymous_5)
FN:55,(anonymous_6)
FN:66,(anonymous_7)
FN:67,(anonymous_8)
FN:68,(anonymous_9)
FN:69,(anonymous_10)
FN:76,(anonymous_11)
FN:88,(anonymous_12)
FN:101,(anonymous_13)
FNF:10
FNH:10
FNDA:12,(anonymous_4)
FNDA:1,(anonymous_5)
FNDA:2,(anonymous_6)
FNDA:6,(anonymous_7)
FNDA:6,(anonymous_8)
FNDA:6,(anonymous_9)
FNDA:6,(anonymous_10)
FNDA:1,(anonymous_11)
FNDA:1,(anonymous_12)
FNDA:1,(anonymous_13)
DA:1,1
DA:13,1
DA:16,1
DA:23,1
DA:24,1
DA:25,1
DA:26,1
DA:27,1
DA:28,1
DA:29,1
DA:30,1
DA:31,1
DA:36,1
DA:37,12
DA:43,1
DA:48,1
DA:55,1
DA:60,2
DA:65,2
DA:66,6
DA:67,6
DA:68,6
DA:69,6
DA:71,2
DA:76,1
DA:81,1
DA:88,1
DA:93,1
DA:101,1
DA:108,1
DA:109,1
LF:31
LH:31
BRDA:106,0,0,0
BRDA:106,0,1,1
BRDA:106,1,0,1
BRDA:106,1,1,1
BRDA:37,2,0,1
BRDA:37,2,1,0
BRDA:37,3,0,1
BRDA:37,3,1,1
BRF:8
BRH:6
end_of_record
TN:
SF:src/modules/pastoral/controllers/pastoral-import.controller.ts
FN:46,(anonymous_4)
FN:54,(anonymous_5)
FN:71,(anonymous_6)
FN:84,(anonymous_7)
FNF:4
FNH:4
FNDA:8,(anonymous_4)
FNDA:2,(anonymous_5)
FNDA:1,(anonymous_6)
FNDA:1,(anonymous_7)
DA:1,1
DA:15,1
DA:18,1
DA:20,1
DA:21,1
DA:22,1
DA:23,1
DA:24,1
DA:25,1
DA:26,1
DA:27,1
DA:28,1
DA:32,1
DA:33,1
DA:45,1
DA:46,8
DA:54,1
DA:59,2
DA:60,1
DA:63,1
DA:71,1
DA:77,1
DA:84,1
DA:85,1
DA:86,1
DA:90,1
LF:26
LH:26
BRDA:59,0,0,1
BRDA:75,1,0,0
BRDA:75,1,1,1
BRDA:75,2,0,1
BRDA:75,2,1,1
BRDA:46,3,0,1
BRDA:46,3,1,0
BRDA:46,4,0,1
BRDA:46,4,1,1
BRF:9
BRH:7
end_of_record
TN:
SF:src/modules/pastoral/controllers/pastoral-reports.controller.ts
FN:39,(anonymous_4)
FN:50,(anonymous_5)
FN:64,(anonymous_6)
FN:88,(anonymous_7)
FN:101,(anonymous_8)
FN:126,(anonymous_9)
FN:139,(anonymous_10)
FN:169,(anonymous_11)
FN:182,(anonymous_12)
FN:208,(anonymous_13)
FN:237,(anonymous_14)
FN:251,(anonymous_15)
FN:266,(anonymous_16)
FN:280,(anonymous_17)
FN:292,(anonymous_18)
FNF:15
FNH:15
FNDA:36,(anonymous_4)
FNDA:1,(anonymous_5)
FNDA:2,(anonymous_6)
FNDA:1,(anonymous_7)
FNDA:2,(anonymous_8)
FNDA:1,(anonymous_9)
FNDA:2,(anonymous_10)
FNDA:1,(anonymous_11)
FNDA:2,(anonymous_12)
FNDA:2,(anonymous_13)
FNDA:2,(anonymous_14)
FNDA:2,(anonymous_15)
FNDA:1,(anonymous_16)
FNDA:1,(anonymous_17)
FNDA:1,(anonymous_18)
DA:1,1
DA:15,1
DA:18,1
DA:24,1
DA:25,1
DA:26,1
DA:27,1
DA:28,1
DA:29,1
DA:30,1
DA:31,1
DA:32,1
DA:33,1
DA:38,1
DA:40,36
DA:41,36
DA:50,1
DA:57,1
DA:64,1
DA:71,2
DA:77,2
DA:81,2
DA:88,1
DA:94,1
DA:101,1
DA:109,2
DA:115,2
DA:119,2
DA:126,1
DA:132,1
DA:139,1
DA:147,2
DA:152,2
DA:158,2
DA:162,2
DA:169,1
DA:175,1
DA:182,1
DA:190,2
DA:191,2
DA:197,2
DA:201,2
DA:208,1
DA:216,2
DA:217,2
DA:223,2
DA:227,2
DA:237,1
DA:243,2
DA:251,1
DA:258,2
DA:266,1
DA:272,1
DA:280,1
DA:285,1
DA:292,1
DA:297,1
LF:57
LH:57
BRDA:68,0,0,1
BRDA:106,1,0,1
BRDA:144,2,0,1
BRDA:187,3,0,1
BRDA:213,4,0,1
BRDA:241,5,0,1
BRDA:256,6,0,1
BRDA:55,7,0,0
BRDA:55,7,1,1
BRDA:55,8,0,1
BRDA:55,8,1,1
BRDA:92,9,0,0
BRDA:92,9,1,1
BRDA:92,10,0,1
BRDA:92,10,1,1
BRDA:105,11,0,0
BRDA:105,11,1,1
BRDA:105,12,0,1
BRDA:105,12,1,1
BRDA:130,13,0,0
BRDA:130,13,1,1
BRDA:130,14,0,1
BRDA:130,14,1,1
BRDA:143,15,0,0
BRDA:143,15,1,1
BRDA:143,16,0,1
BRDA:143,16,1,1
BRDA:173,17,0,0
BRDA:173,17,1,1
BRDA:173,18,0,1
BRDA:173,18,1,1
BRDA:186,19,0,0
BRDA:186,19,1,1
BRDA:186,20,0,1
BRDA:186,20,1,1
BRDA:212,21,0,0
BRDA:212,21,1,1
BRDA:212,22,0,1
BRDA:212,22,1,1
BRDA:255,23,0,0
BRDA:255,23,1,1
BRDA:255,24,0,1
BRDA:255,24,1,1
BRDA:270,25,0,0
BRDA:270,25,1,1
BRDA:270,26,0,1
BRDA:270,26,1,1
BRDA:40,27,0,1
BRDA:40,27,1,0
BRDA:40,28,0,1
BRDA:40,28,1,1
BRDA:40,29,0,1
BRDA:40,29,1,0
BRDA:40,30,0,1
BRDA:40,30,1,1
BRF:55
BRH:43
end_of_record
TN:
SF:src/modules/pastoral/controllers/referrals.controller.ts
FN:52,(anonymous_4)
FN:68,(anonymous_5)
FN:81,(anonymous_6)
FN:93,(anonymous_7)
FN:105,(anonymous_8)
FN:113,(anonymous_9)
FN:127,(anonymous_10)
FN:140,(anonymous_11)
FN:153,(anonymous_12)
FN:168,(anonymous_13)
FN:181,(anonymous_14)
FN:196,(anonymous_15)
FN:209,(anonymous_16)
FN:224,(anonymous_17)
FN:241,(anonymous_18)
FN:255,(anonymous_19)
FN:266,(anonymous_20)
FN:286,(anonymous_21)
FN:299,(anonymous_22)
FN:311,(anonymous_23)
FN:319,(anonymous_24)
FN:333,(anonymous_25)
FN:345,(anonymous_26)
FN:358,(anonymous_27)
FN:373,(anonymous_28)
FNF:25
FNH:25
FNDA:51,(anonymous_4)
FNDA:1,(anonymous_5)
FNDA:1,(anonymous_6)
FNDA:1,(anonymous_7)
FNDA:1,(anonymous_8)
FNDA:1,(anonymous_9)
FNDA:1,(anonymous_10)
FNDA:1,(anonymous_11)
FNDA:1,(anonymous_12)
FNDA:1,(anonymous_13)
FNDA:1,(anonymous_14)
FNDA:1,(anonymous_15)
FNDA:1,(anonymous_16)
FNDA:2,(anonymous_17)
FNDA:1,(anonymous_18)
FNDA:1,(anonymous_19)
FNDA:1,(anonymous_20)
FNDA:1,(anonymous_21)
FNDA:1,(anonymous_22)
FNDA:1,(anonymous_23)
FNDA:1,(anonymous_24)
FNDA:1,(anonymous_25)
FNDA:1,(anonymous_26)
FNDA:1,(anonymous_27)
FNDA:1,(anonymous_28)
DA:1,1
DA:15,1
DA:18,1
DA:35,1
DA:36,1
DA:37,1
DA:38,1
DA:39,1
DA:40,1
DA:41,1
DA:42,1
DA:43,1
DA:44,1
DA:45,1
DA:46,1
DA:51,1
DA:53,51
DA:54,51
DA:55,51
DA:56,51
DA:68,1
DA:74,1
DA:81,1
DA:86,1
DA:93,1
DA:98,1
DA:105,1
DA:106,1
DA:113,1
DA:119,1
DA:127,1
DA:132,1
DA:140,1
DA:145,1
DA:153,1
DA:160,1
DA:168,1
DA:173,1
DA:181,1
DA:188,1
DA:196,1
DA:201,1
DA:209,1
DA:216,1
DA:224,1
DA:228,2
DA:229,1
DA:241,1
DA:248,1
DA:255,1
DA:259,1
DA:266,1
DA:274,1
DA:286,1
DA:292,1
DA:299,1
DA:304,1
DA:311,1
DA:312,1
DA:319,1
DA:325,1
DA:333,1
DA:337,1
DA:345,1
DA:351,1
DA:358,1
DA:365,1
DA:373,1
DA:378,1
LF:69
LH:69
BRDA:72,0,0,0
BRDA:72,0,1,1
BRDA:72,1,0,1
BRDA:72,1,1,1
BRDA:84,2,0,0
BRDA:84,2,1,1
BRDA:84,3,0,1
BRDA:84,3,1,1
BRDA:96,4,0,0
BRDA:96,4,1,1
BRDA:96,5,0,1
BRDA:96,5,1,1
BRDA:117,6,0,0
BRDA:117,6,1,1
BRDA:117,7,0,1
BRDA:117,7,1,1
BRDA:158,8,0,0
BRDA:158,8,1,1
BRDA:158,9,0,1
BRDA:158,9,1,1
BRDA:186,10,0,0
BRDA:186,10,1,1
BRDA:186,11,0,1
BRDA:186,11,1,1
BRDA:214,12,0,0
BRDA:214,12,1,1
BRDA:214,13,0,1
BRDA:214,13,1,1
BRDA:246,14,0,0
BRDA:246,14,1,1
BRDA:246,15,0,1
BRDA:246,15,1,1
BRDA:272,16,0,0
BRDA:272,16,1,1
BRDA:272,17,0,1
BRDA:272,17,1,1
BRDA:290,18,0,0
BRDA:290,18,1,1
BRDA:290,19,0,1
BRDA:290,19,1,1
BRDA:302,20,0,0
BRDA:302,20,1,1
BRDA:302,21,0,1
BRDA:302,21,1,1
BRDA:323,22,0,0
BRDA:323,22,1,1
BRDA:323,23,0,1
BRDA:323,23,1,1
BRDA:349,24,0,0
BRDA:349,24,1,1
BRDA:349,25,0,1
BRDA:349,25,1,1
BRDA:363,26,0,0
BRDA:363,26,1,1
BRDA:363,27,0,1
BRDA:363,27,1,1
BRDA:53,28,0,1
BRDA:53,28,1,0
BRDA:53,29,0,1
BRDA:53,29,1,1
BRDA:53,30,0,1
BRDA:53,30,1,0
BRDA:53,31,0,1
BRDA:53,31,1,1
BRDA:54,32,0,1
BRDA:54,32,1,0
BRDA:54,33,0,1
BRDA:54,33,1,1
BRDA:55,34,0,1
BRDA:55,34,1,0
BRDA:55,35,0,1
BRDA:55,35,1,1
BRF:72
BRH:54
end_of_record
TN:
SF:src/modules/pastoral/controllers/sst.controller.ts
FN:56,(anonymous_4)
FN:70,(anonymous_5)
FN:78,(anonymous_6)
FN:87,(anonymous_7)
FN:100,(anonymous_8)
FN:115,(anonymous_9)
FN:131,(anonymous_10)
FN:143,(anonymous_11)
FN:152,(anonymous_12)
FN:165,(anonymous_13)
FN:195,(anonymous_14)
FN:207,(anonymous_15)
FN:219,(anonymous_16)
FN:235,(anonymous_17)
FN:238,(anonymous_18)
FN:246,(anonymous_19)
FN:263,(anonymous_20)
FN:282,(anonymous_21)
FN:299,(anonymous_22)
FN:315,(anonymous_23)
FN:326,(anonymous_24)
FN:338,(anonymous_25)
FN:352,(anonymous_26)
FN:366,(anonymous_27)
FN:380,(anonymous_28)
FNF:25
FNH:25
FNDA:52,(anonymous_4)
FNDA:1,(anonymous_5)
FNDA:1,(anonymous_6)
FNDA:1,(anonymous_7)
FNDA:1,(anonymous_8)
FNDA:1,(anonymous_9)
FNDA:1,(anonymous_10)
FNDA:1,(anonymous_11)
FNDA:1,(anonymous_12)
FNDA:4,(anonymous_13)
FNDA:1,(anonymous_14)
FNDA:1,(anonymous_15)
FNDA:1,(anonymous_16)
FNDA:1,(anonymous_17)
FNDA:1,(anonymous_18)
FNDA:2,(anonymous_19)
FNDA:1,(anonymous_20)
FNDA:1,(anonymous_21)
FNDA:1,(anonymous_22)
FNDA:1,(anonymous_23)
FNDA:1,(anonymous_24)
FNDA:1,(anonymous_25)
FNDA:1,(anonymous_26)
FNDA:1,(anonymous_27)
FNDA:1,(anonymous_28)
DA:1,1
DA:15,1
DA:18,1
DA:31,1
DA:32,1
DA:33,1
DA:34,1
DA:35,1
DA:36,1
DA:37,1
DA:38,1
DA:39,1
DA:40,1
DA:41,1
DA:47,1
DA:55,1
DA:57,52
DA:58,52
DA:59,52
DA:70,1
DA:71,1
DA:78,1
DA:79,1
DA:87,1
DA:93,1
DA:100,1
DA:107,1
DA:115,1
DA:120,1
DA:131,1
DA:136,1
DA:143,1
DA:144,1
DA:152,1
DA:158,1
DA:165,1
DA:172,4
DA:173,4
DA:175,3
DA:176,2
DA:179,3
DA:180,2
DA:188,3
DA:195,1
DA:200,1
DA:207,1
DA:212,1
DA:219,1
DA:224,1
DA:235,1
DA:236,1
DA:238,1
DA:246,1
DA:253,2
DA:254,2
DA:256,1
DA:263,1
DA:271,1
DA:272,1
DA:274,1
DA:282,1
DA:288,1
DA:289,1
DA:291,1
DA:299,1
DA:304,1
DA:315,1
DA:319,1
DA:326,1
DA:331,1
DA:338,1
DA:344,1
DA:352,1
DA:359,1
DA:366,1
DA:373,1
DA:380,1
DA:385,1
LF:78
LH:78
BRDA:175,0,0,2
BRDA:179,1,0,2
BRDA:91,2,0,0
BRDA:91,2,1,1
BRDA:91,3,0,1
BRDA:91,3,1,1
BRDA:105,4,0,0
BRDA:105,4,1,1
BRDA:105,5,0,1
BRDA:105,5,1,1
BRDA:134,6,0,0
BRDA:134,6,1,1
BRDA:134,7,0,1
BRDA:134,7,1,1
BRDA:156,8,0,0
BRDA:156,8,1,1
BRDA:156,9,0,1
BRDA:156,9,1,1
BRDA:170,10,0,0
BRDA:170,10,1,1
BRDA:170,11,0,1
BRDA:170,11,1,1
BRDA:251,12,0,0
BRDA:251,12,1,1
BRDA:251,13,0,1
BRDA:251,13,1,1
BRDA:269,14,0,0
BRDA:269,14,1,1
BRDA:269,15,0,1
BRDA:269,15,1,1
BRDA:329,16,0,0
BRDA:329,16,1,1
BRDA:329,17,0,1
BRDA:329,17,1,1
BRDA:342,18,0,0
BRDA:342,18,1,1
BRDA:342,19,0,1
BRDA:342,19,1,1
BRDA:357,20,0,0
BRDA:357,20,1,1
BRDA:357,21,0,1
BRDA:357,21,1,1
BRDA:371,22,0,0
BRDA:371,22,1,1
BRDA:371,23,0,1
BRDA:371,23,1,1
BRDA:57,24,0,1
BRDA:57,24,1,0
BRDA:57,25,0,1
BRDA:57,25,1,1
BRDA:57,26,0,1
BRDA:57,26,1,0
BRDA:57,27,0,1
BRDA:57,27,1,1
BRDA:58,28,0,1
BRDA:58,28,1,0
BRDA:58,29,0,1
BRDA:58,29,1,1
BRF:58
BRH:44
end_of_record
TN:
SF:src/modules/pastoral/interceptors/author-masking.interceptor.ts
FN:85,(anonymous_2)
FN:91,(anonymous_3)
FN:102,(anonymous_4)
FN:104,(anonymous_5)
FN:107,(anonymous_6)
FN:109,(anonymous_7)
FN:110,(anonymous_8)
FN:111,(anonymous_9)
FN:114,(anonymous_10)
FN:124,(anonymous_11)
FN:126,(anonymous_12)
FN:127,(anonymous_13)
FN:128,(anonymous_14)
FN:141,(anonymous_15)
FN:154,(anonymous_16)
FN:167,(anonymous_17)
FN:176,(anonymous_18)
FN:177,(anonymous_19)
FN:182,(anonymous_20)
FN:184,(anonymous_21)
FN:196,(anonymous_22)
FN:209,(anonymous_23)
FN:215,(anonymous_24)
FN:230,(anonymous_25)
FN:268,(anonymous_26)
FN:298,(anonymous_27)
FNF:26
FNH:20
FNDA:14,(anonymous_2)
FNDA:14,(anonymous_3)
FNDA:13,(anonymous_4)
FNDA:13,(anonymous_5)
FNDA:13,(anonymous_6)
FNDA:13,(anonymous_7)
FNDA:0,(anonymous_8)
FNDA:13,(anonymous_9)
FNDA:0,(anonymous_10)
FNDA:0,(anonymous_11)
FNDA:0,(anonymous_12)
FNDA:0,(anonymous_13)
FNDA:0,(anonymous_14)
FNDA:13,(anonymous_15)
FNDA:13,(anonymous_16)
FNDA:13,(anonymous_17)
FNDA:13,(anonymous_18)
FNDA:26,(anonymous_19)
FNDA:24,(anonymous_20)
FNDA:15,(anonymous_21)
FNDA:13,(anonymous_22)
FNDA:117,(anonymous_23)
FNDA:4,(anonymous_24)
FNDA:19,(anonymous_25)
FNDA:19,(anonymous_26)
FNDA:19,(anonymous_27)
DA:1,1
DA:2,1
DA:7,1
DA:8,1
DA:9,1
DA:21,1
DA:31,1
DA:43,1
DA:54,1
DA:82,1
DA:83,14
DA:86,14
DA:87,14
DA:88,14
DA:92,14
DA:93,14
DA:94,14
DA:97,14
DA:98,1
DA:102,13
DA:103,13
DA:105,13
DA:107,13
DA:109,13
DA:110,0
DA:111,13
DA:117,0
DA:121,0
DA:122,0
DA:124,0
DA:126,0
DA:127,0
DA:128,0
DA:142,13
DA:147,13
DA:155,13
DA:159,13
DA:168,13
DA:170,13
DA:174,13
DA:176,13
DA:177,26
DA:182,24
DA:183,13
DA:184,15
DA:187,13
DA:198,13
DA:199,2
DA:202,11
DA:210,117
DA:211,1
DA:214,116
DA:215,4
DA:218,113
DA:219,19
DA:222,94
DA:234,19
DA:235,19
DA:237,19
DA:238,130
DA:239,9
DA:240,121
DA:241,9
DA:242,112
DA:243,9
DA:244,103
DA:245,1
DA:249,102
DA:253,19
DA:270,19
DA:271,19
DA:272,8
DA:276,11
DA:277,2
DA:281,9
DA:282,6
DA:287,3
DA:288,1
DA:291,2
DA:299,19
DA:300,84
DA:305,11
DA:308,8
LF:83
LH:75
BRDA:94,0,0,14
BRDA:94,0,1,2
BRDA:97,1,0,1
BRDA:119,2,0,0
BRDA:119,2,1,0
BRDA:155,3,0,2
BRDA:155,3,1,11
BRDA:168,4,0,0
BRDA:168,5,0,13
BRDA:168,5,1,13
BRDA:174,6,0,0
BRDA:184,7,0,15
BRDA:184,7,1,11
BRDA:187,8,0,13
BRDA:187,8,1,2
BRDA:198,9,0,2
BRDA:210,10,0,1
BRDA:210,11,0,117
BRDA:210,11,1,116
BRDA:214,12,0,3
BRDA:218,13,0,19
BRDA:218,14,0,113
BRDA:218,14,1,19
BRDA:238,15,0,9
BRDA:238,15,1,121
BRDA:238,16,0,130
BRDA:238,16,1,92
BRDA:240,17,0,9
BRDA:240,17,1,112
BRDA:240,18,0,121
BRDA:240,18,1,83
BRDA:242,19,0,9
BRDA:242,19,1,103
BRDA:242,20,0,112
BRDA:242,20,1,74
BRDA:244,21,0,1
BRDA:244,21,1,102
BRDA:244,22,0,103
BRDA:244,22,1,65
BRDA:271,23,0,8
BRDA:276,24,0,2
BRDA:281,25,0,6
BRDA:281,26,0,9
BRDA:281,26,1,9
BRDA:287,27,0,1
BRDA:287,28,0,3
BRDA:287,28,1,1
BRDA:300,29,0,11
BRDA:301,30,0,84
BRDA:301,30,1,73
BRDA:301,30,2,73
BRDA:86,31,0,1
BRDA:86,31,1,0
BRDA:86,32,0,1
BRDA:86,32,1,1
BRDA:86,33,0,1
BRDA:86,33,1,0
BRDA:86,34,0,1
BRDA:86,34,1,1
BRDA:87,35,0,1
BRDA:87,35,1,0
BRDA:87,36,0,1
BRDA:87,36,1,1
BRF:63
BRH:56
end_of_record
TN:
SF:src/modules/pastoral/services/affected-tracking.service.ts
FN:67,(anonymous_2)
FN:74,(anonymous_3)
FN:102,(anonymous_4)
FN:169,(anonymous_5)
FN:180,(anonymous_6)
FN:252,(anonymous_7)
FN:263,(anonymous_8)
FN:310,(anonymous_9)
FN:321,(anonymous_10)
FN:332,(anonymous_11)
FN:373,(anonymous_12)
FN:380,(anonymous_13)
FN:428,(anonymous_14)
FN:434,(anonymous_15)
FN:456,(anonymous_16)
FN:469,(anonymous_17)
FN:472,(anonymous_18)
FN:492,(anonymous_19)
FN:503,(anonymous_20)
FN:547,(anonymous_21)
FN:553,(anonymous_22)
FNF:21
FNH:21
FNDA:50,(anonymous_2)
FNDA:12,(anonymous_3)
FNDA:10,(anonymous_4)
FNDA:6,(anonymous_5)
FNDA:6,(anonymous_6)
FNDA:8,(anonymous_7)
FNDA:8,(anonymous_8)
FNDA:10,(anonymous_9)
FNDA:4,(anonymous_10)
FNDA:4,(anonymous_11)
FNDA:7,(anonymous_12)
FNDA:7,(anonymous_13)
FNDA:5,(anonymous_14)
FNDA:5,(anonymous_15)
FNDA:4,(anonymous_16)
FNDA:3,(anonymous_17)
FNDA:3,(anonymous_18)
FNDA:3,(anonymous_19)
FNDA:3,(anonymous_20)
FNDA:2,(anonymous_21)
FNDA:2,(anonymous_22)
DA:1,2
DA:2,2
DA:4,2
DA:5,2
DA:7,2
DA:54,2
DA:59,2
DA:64,2
DA:65,50
DA:68,50
DA:69,50
DA:81,12
DA:82,1
DA:88,11
DA:89,1
DA:95,10
DA:97,10
DA:102,10
DA:103,10
DA:106,10
DA:110,10
DA:111,1
DA:118,9
DA:119,6
DA:122,6
DA:123,1
DA:131,8
DA:146,8
DA:164,8
DA:175,6
DA:180,6
DA:181,6
DA:184,6
DA:188,6
DA:189,1
DA:195,5
DA:196,5
DA:198,5
DA:200,8
DA:202,8
DA:203,8
DA:215,6
DA:218,2
DA:219,1
DA:221,1
DA:226,4
DA:230,4
DA:247,4
DA:258,8
DA:263,8
DA:264,8
DA:266,8
DA:270,8
DA:271,1
DA:277,7
DA:279,7
DA:280,5
DA:281,5
DA:284,7
DA:285,2
DA:288,7
DA:289,3
DA:292,7
DA:299,7
DA:310,10
DA:316,7
DA:327,4
DA:332,4
DA:333,4
DA:335,4
DA:339,4
DA:340,1
DA:346,3
DA:350,3
DA:354,3
DA:378,7
DA:380,7
DA:381,7
DA:383,7
DA:388,7
DA:389,1
DA:392,7
DA:393,3
DA:394,3
DA:397,7
DA:398,1
DA:401,7
DA:423,7
DA:432,5
DA:434,5
DA:435,5
DA:441,5
DA:456,5
DA:464,5
DA:470,3
DA:472,3
DA:473,3
DA:475,3
DA:486,3
DA:498,3
DA:503,3
DA:504,3
DA:506,3
DA:510,3
DA:511,1
DA:517,2
DA:527,2
DA:542,2
DA:551,2
DA:553,2
DA:554,2
DA:556,2
DA:565,2
DA:586,2
DA:596,2
LF:115
LH:115
BRDA:81,0,0,1
BRDA:81,1,0,12
BRDA:81,1,1,8
BRDA:88,2,0,1
BRDA:88,3,0,11
BRDA:88,3,1,4
BRDA:95,4,0,10
BRDA:95,4,1,0
BRDA:110,5,0,1
BRDA:118,6,0,6
BRDA:122,7,0,1
BRDA:136,8,0,5
BRDA:136,8,1,3
BRDA:137,9,0,3
BRDA:137,9,1,5
BRDA:139,10,0,8
BRDA:139,10,1,8
BRDA:151,11,0,5
BRDA:151,11,1,3
BRDA:151,12,0,5
BRDA:151,12,1,0
BRDA:157,13,0,8
BRDA:157,13,1,3
BRDA:158,14,0,8
BRDA:158,14,1,5
BRDA:188,15,0,1
BRDA:200,16,0,8
BRDA:200,16,1,0
BRDA:208,17,0,7
BRDA:208,17,1,1
BRDA:209,18,0,1
BRDA:209,18,1,7
BRDA:211,19,0,8
BRDA:211,19,1,8
BRDA:218,20,0,1
BRDA:218,20,1,1
BRDA:218,21,0,2
BRDA:218,21,1,1
BRDA:270,22,0,1
BRDA:279,23,0,5
BRDA:280,24,0,5
BRDA:280,24,1,0
BRDA:284,25,0,2
BRDA:288,26,0,3
BRDA:303,27,0,7
BRDA:303,27,1,0
BRDA:304,28,0,7
BRDA:304,28,1,0
BRDA:339,29,0,1
BRDA:358,30,0,3
BRDA:358,30,1,0
BRDA:359,31,0,3
BRDA:359,31,1,0
BRDA:388,32,0,1
BRDA:392,33,0,3
BRDA:393,34,0,3
BRDA:393,34,1,0
BRDA:397,35,0,1
BRDA:510,36,0,1
BRDA:531,37,0,2
BRDA:531,37,1,0
BRDA:532,38,0,2
BRDA:532,38,1,0
BRDA:68,39,0,2
BRDA:68,39,1,0
BRDA:68,40,0,2
BRDA:68,40,1,2
BRDA:68,41,0,2
BRDA:68,41,1,0
BRDA:68,42,0,2
BRDA:68,42,1,2
BRF:71
BRH:58
end_of_record
TN:
SF:src/modules/pastoral/services/case-queries.service.ts
FN:35,(anonymous_2)
FN:39,(anonymous_3)
FN:86,(anonymous_4)
FN:105,(anonymous_5)
FN:113,(anonymous_6)
FN:123,(anonymous_7)
FN:172,(anonymous_8)
FN:178,(anonymous_9)
FN:196,(anonymous_10)
FN:201,(anonymous_11)
FN:206,(anonymous_12)
FN:232,(anonymous_13)
FN:247,(anonymous_14)
FN:273,(anonymous_15)
FN:286,(anonymous_16)
FN:296,(anonymous_17)
FNF:16
FNH:16
FNDA:75,(anonymous_2)
FNDA:6,(anonymous_3)
FNDA:6,(anonymous_4)
FNDA:1,(anonymous_5)
FNDA:2,(anonymous_6)
FNDA:2,(anonymous_7)
FNDA:1,(anonymous_8)
FNDA:1,(anonymous_9)
FNDA:1,(anonymous_10)
FNDA:3,(anonymous_11)
FNDA:3,(anonymous_12)
FNDA:2,(anonymous_13)
FNDA:3,(anonymous_14)
FNDA:1,(anonymous_15)
FNDA:1,(anonymous_16)
FNDA:1,(anonymous_17)
DA:1,3
DA:6,3
DA:7,3
DA:19,3
DA:34,3
DA:35,75
DA:44,6
DA:49,6
DA:51,6
DA:55,6
DA:56,1
DA:58,6
DA:59,0
DA:61,6
DA:62,0
DA:66,6
DA:67,1
DA:74,6
DA:75,1
DA:76,1
DA:77,1
DA:81,6
DA:82,6
DA:83,5
DA:84,4
DA:86,6
DA:87,6
DA:89,6
DA:105,6
DA:107,6
DA:118,2
DA:123,2
DA:124,2
DA:126,2
DA:160,2
DA:161,1
DA:167,1
DA:173,1
DA:178,1
DA:179,1
DA:181,1
DA:196,1
DA:202,3
DA:206,3
DA:207,3
DA:209,3
DA:231,3
DA:232,2
DA:248,3
DA:252,3
DA:274,1
DA:276,1
DA:281,1
DA:282,1
DA:283,1
DA:286,1
DA:296,1
DA:303,1
LF:58
LH:56
BRDA:55,0,0,1
BRDA:58,1,0,0
BRDA:61,2,0,0
BRDA:66,3,0,1
BRDA:74,4,0,1
BRDA:74,5,0,6
BRDA:74,5,1,5
BRDA:76,6,0,1
BRDA:77,7,0,1
BRDA:82,8,0,1
BRDA:82,8,1,5
BRDA:83,9,0,1
BRDA:83,9,1,4
BRDA:160,10,0,1
BRDA:248,11,0,3
BRDA:248,11,1,0
BRDA:256,12,0,3
BRDA:256,12,1,0
BRDA:265,13,0,3
BRDA:265,13,1,0
BRDA:266,14,0,3
BRDA:266,14,1,0
BRDA:276,15,0,1
BRDA:276,15,1,0
BRDA:286,16,0,1
BRDA:286,16,1,0
BRDA:292,17,0,1
BRDA:292,17,1,0
BRDA:296,18,0,1
BRDA:296,18,1,0
BRDA:298,19,0,1
BRDA:298,19,1,0
BRDA:35,20,0,3
BRDA:35,20,1,0
BRDA:35,21,0,3
BRDA:35,21,1,3
BRF:36
BRH:24
end_of_record
TN:
SF:src/modules/pastoral/services/case.service.ts
FN:128,toPrismaStatus
FN:143,(anonymous_3)
FN:152,(anonymous_4)
FN:165,(anonymous_5)
FN:185,(anonymous_6)
FN:189,(anonymous_7)
FN:194,(anonymous_8)
FN:236,(anonymous_9)
FN:240,(anonymous_10)
FN:280,(anonymous_11)
FN:291,(anonymous_12)
FN:335,(anonymous_13)
FN:348,(anonymous_14)
FN:419,(anonymous_15)
FN:430,(anonymous_16)
FN:487,(anonymous_17)
FN:498,(anonymous_18)
FN:574,(anonymous_19)
FN:585,(anonymous_20)
FN:656,(anonymous_21)
FN:667,(anonymous_22)
FN:741,(anonymous_23)
FN:752,(anonymous_24)
FN:829,(anonymous_25)
FN:839,(anonymous_26)
FNF:25
FNH:25
FNDA:11,toPrismaStatus
FNDA:65,(anonymous_3)
FNDA:14,(anonymous_4)
FNDA:13,(anonymous_5)
FNDA:13,(anonymous_6)
FNDA:1,(anonymous_7)
FNDA:12,(anonymous_8)
FNDA:4,(anonymous_9)
FNDA:2,(anonymous_10)
FNDA:7,(anonymous_11)
FNDA:7,(anonymous_12)
FNDA:19,(anonymous_13)
FNDA:19,(anonymous_14)
FNDA:3,(anonymous_15)
FNDA:3,(anonymous_16)
FNDA:5,(anonymous_17)
FNDA:5,(anonymous_18)
FNDA:6,(anonymous_19)
FNDA:6,(anonymous_20)
FNDA:4,(anonymous_21)
FNDA:4,(anonymous_22)
FNDA:4,(anonymous_23)
FNDA:4,(anonymous_24)
FNDA:3,(anonymous_25)
FNDA:3,(anonymous_26)
DA:1,2
DA:4,2
DA:16,2
DA:17,2
DA:18,2
DA:19,2
DA:21,2
DA:120,2
DA:129,11
DA:130,11
DA:131,0
DA:136,11
DA:142,2
DA:144,65
DA:145,65
DA:146,65
DA:147,65
DA:153,14
DA:154,1
DA:160,13
DA:165,13
DA:166,13
DA:169,13
DA:177,13
DA:178,1
DA:185,13
DA:186,12
DA:187,1
DA:189,1
DA:194,12
DA:195,11
DA:198,11
DA:201,11
DA:216,11
DA:225,11
DA:234,11
DA:235,3
DA:236,4
DA:238,3
DA:239,2
DA:240,2
DA:249,11
DA:253,11
DA:272,11
DA:286,7
DA:291,7
DA:292,7
DA:294,7
DA:298,7
DA:299,1
DA:305,6
DA:307,6
DA:308,2
DA:310,6
DA:311,1
DA:313,6
DA:314,1
DA:316,6
DA:317,1
DA:320,6
DA:330,6
DA:341,19
DA:346,19
DA:348,19
DA:349,19
DA:351,19
DA:355,19
DA:356,1
DA:362,18
DA:363,18
DA:364,18
DA:367,18
DA:368,7
DA:369,7
DA:375,11
DA:380,11
DA:381,3
DA:382,8
DA:383,1
DA:384,7
DA:386,1
DA:387,1
DA:390,11
DA:397,11
DA:414,11
DA:425,3
DA:430,3
DA:431,3
DA:433,3
DA:437,3
DA:438,1
DA:445,2
DA:447,2
DA:448,1
DA:454,1
DA:456,1
DA:462,1
DA:479,1
DA:482,1
DA:493,5
DA:498,5
DA:499,5
DA:502,5
DA:505,5
DA:506,1
DA:513,4
DA:516,4
DA:517,1
DA:524,3
DA:525,1
DA:532,2
DA:533,1
DA:537,1
DA:543,1
DA:545,1
DA:551,2
DA:552,1
DA:555,1
DA:580,6
DA:585,6
DA:586,6
DA:589,6
DA:592,6
DA:593,1
DA:600,5
DA:603,5
DA:604,2
DA:611,3
DA:615,3
DA:616,1
DA:623,2
DA:629,2
DA:631,2
DA:637,2
DA:662,4
DA:667,4
DA:668,4
DA:671,4
DA:674,4
DA:675,1
DA:682,3
DA:686,3
DA:687,1
DA:694,2
DA:702,2
DA:703,1
DA:706,1
DA:713,1
DA:719,2
DA:720,1
DA:723,1
DA:747,4
DA:752,4
DA:753,4
DA:756,4
DA:759,4
DA:760,1
DA:767,3
DA:768,1
DA:775,2
DA:783,2
DA:784,1
DA:790,1
DA:798,1
DA:804,1
DA:834,3
DA:839,3
DA:841,3
DA:846,3
LF:169
LH:168
BRDA:130,0,0,0
BRDA:153,1,0,1
BRDA:177,2,0,1
BRDA:186,3,0,1
BRDA:195,4,0,11
BRDA:195,4,1,0
BRDA:210,5,0,1
BRDA:210,5,1,10
BRDA:234,6,0,3
BRDA:234,7,0,11
BRDA:234,7,1,3
BRDA:238,8,0,2
BRDA:298,9,0,1
BRDA:307,10,0,2
BRDA:308,11,0,1
BRDA:308,11,1,1
BRDA:310,12,0,1
BRDA:313,13,0,1
BRDA:316,14,0,1
BRDA:355,15,0,1
BRDA:367,16,0,7
BRDA:380,17,0,3
BRDA:380,17,1,8
BRDA:382,18,0,1
BRDA:382,18,1,7
BRDA:384,19,0,1
BRDA:384,20,0,7
BRDA:384,20,1,1
BRDA:437,21,0,1
BRDA:447,22,0,1
BRDA:505,23,0,1
BRDA:516,24,0,1
BRDA:524,25,0,1
BRDA:524,26,0,3
BRDA:524,26,1,2
BRDA:532,27,0,1
BRDA:551,28,0,1
BRDA:592,29,0,1
BRDA:603,30,0,2
BRDA:603,31,0,5
BRDA:603,31,1,4
BRDA:615,32,0,1
BRDA:674,33,0,1
BRDA:686,34,0,1
BRDA:702,35,0,1
BRDA:719,36,0,1
BRDA:759,37,0,1
BRDA:767,38,0,1
BRDA:783,39,0,1
BRDA:839,40,0,2
BRDA:839,40,1,1
BRDA:144,41,0,2
BRDA:144,41,1,0
BRDA:144,42,0,2
BRDA:144,42,1,2
BRDA:144,43,0,2
BRDA:144,43,1,0
BRDA:144,44,0,2
BRDA:144,44,1,2
BRDA:145,45,0,2
BRDA:145,45,1,0
BRDA:145,46,0,2
BRDA:145,46,1,2
BRDA:146,47,0,2
BRDA:146,47,1,0
BRDA:146,48,0,2
BRDA:146,48,1,2
BRF:67
BRH:61
end_of_record
TN:
SF:src/modules/pastoral/services/checkin-alert.service.ts
FN:28,(anonymous_4)
FN:40,(anonymous_5)
FN:92,(anonymous_6)
FN:187,(anonymous_7)
FN:205,(anonymous_8)
FN:213,(anonymous_9)
FN:229,(anonymous_10)
FN:243,(anonymous_11)
FN:268,(anonymous_12)
FN:297,(anonymous_13)
FNF:10
FNH:9
FNDA:21,(anonymous_4)
FNDA:7,(anonymous_5)
FNDA:6,(anonymous_6)
FNDA:11,(anonymous_7)
FNDA:7,(anonymous_8)
FNDA:7,(anonymous_9)
FNDA:12,(anonymous_10)
FNDA:11,(anonymous_11)
FNDA:0,(anonymous_12)
FNDA:7,(anonymous_13)
DA:1,4
DA:2,4
DA:3,4
DA:5,4
DA:6,4
DA:8,4
DA:9,4
DA:10,4
DA:12,4
DA:25,4
DA:26,21
DA:29,21
DA:30,21
DA:31,21
DA:32,21
DA:49,7
DA:57,7
DA:60,7
DA:61,7
DA:63,7
DA:64,6
DA:65,6
DA:66,4
DA:71,7
DA:72,3
DA:73,3
DA:79,3
DA:80,2
DA:85,7
DA:86,1
DA:90,6
DA:92,6
DA:93,6
DA:96,6
DA:116,6
DA:125,6
DA:129,6
DA:147,6
DA:148,6
DA:155,6
DA:163,6
DA:165,0
DA:172,6
DA:174,6
DA:188,11
DA:190,29
DA:191,29
DA:192,29
DA:193,7
DA:196,4
DA:211,7
DA:213,7
DA:214,7
DA:215,7
DA:224,7
DA:225,2
DA:229,12
DA:250,11
DA:251,11
DA:252,1
DA:256,10
DA:257,10
DA:259,10
DA:260,10
DA:261,10
DA:263,10
DA:273,0
DA:276,0
DA:277,0
DA:278,0
DA:281,0
DA:282,0
DA:283,0
DA:285,0
DA:289,0
DA:290,0
DA:291,0
DA:292,0
DA:298,7
DA:300,7
DA:301,7
DA:302,7
DA:304,7
LF:83
LH:70
BRDA:63,0,0,6
BRDA:65,1,0,4
BRDA:71,2,0,3
BRDA:79,3,0,2
BRDA:85,4,0,1
BRDA:163,5,0,0
BRDA:192,6,0,7
BRDA:224,7,0,2
BRDA:251,8,0,1
BRDA:263,9,0,10
BRDA:263,9,1,10
BRDA:282,10,0,0
BRDA:300,11,0,7
BRDA:300,11,1,0
BRDA:301,12,0,7
BRDA:301,12,1,0
BRDA:29,13,0,4
BRDA:29,13,1,0
BRDA:29,14,0,4
BRDA:29,14,1,4
BRDA:29,15,0,4
BRDA:29,15,1,0
BRDA:29,16,0,4
BRDA:29,16,1,4
BRDA:30,17,0,4
BRDA:30,17,1,0
BRDA:30,18,0,4
BRDA:30,18,1,4
BRDA:31,19,0,4
BRDA:31,19,1,0
BRDA:31,20,0,4
BRDA:31,20,1,4
BRF:32
BRH:24
end_of_record
TN:
SF:src/modules/pastoral/services/checkin-analytics.service.ts
FN:35,(anonymous_2)
FN:42,(anonymous_3)
FN:52,(anonymous_4)
FN:82,(anonymous_5)
FN:91,(anonymous_6)
FN:117,(anonymous_7)
FN:126,(anonymous_8)
FN:158,(anonymous_9)
FN:180,(anonymous_10)
FN:183,(anonymous_11)
FN:217,(anonymous_12)
FN:218,(anonymous_13)
FN:219,(anonymous_14)
FN:231,(anonymous_15)
FN:235,(anonymous_16)
FN:239,(anonymous_17)
FN:247,(anonymous_18)
FN:255,(anonymous_19)
FN:284,(anonymous_20)
FN:313,(anonymous_21)
FN:318,(anonymous_22)
FN:347,(anonymous_23)
FN:352,(anonymous_24)
FN:368,(anonymous_25)
FN:370,(anonymous_26)
FN:376,(anonymous_27)
FNF:26
FNH:24
FNDA:12,(anonymous_2)
FNDA:5,(anonymous_3)
FNDA:5,(anonymous_4)
FNDA:1,(anonymous_5)
FNDA:1,(anonymous_6)
FNDA:3,(anonymous_7)
FNDA:3,(anonymous_8)
FNDA:3,(anonymous_9)
FNDA:3,(anonymous_10)
FNDA:9,(anonymous_11)
FNDA:36,(anonymous_12)
FNDA:27,(anonymous_13)
FNDA:36,(anonymous_14)
FNDA:24,(anonymous_15)
FNDA:24,(anonymous_16)
FNDA:24,(anonymous_17)
FNDA:0,(anonymous_18)
FNDA:0,(anonymous_19)
FNDA:6,(anonymous_20)
FNDA:1,(anonymous_21)
FNDA:3,(anonymous_22)
FNDA:1,(anonymous_23)
FNDA:81,(anonymous_24)
FNDA:16,(anonymous_25)
FNDA:196,(anonymous_26)
FNDA:12,(anonymous_27)
DA:1,2
DA:3,2
DA:5,2
DA:6,2
DA:7,2
DA:32,2
DA:33,12
DA:36,12
DA:37,12
DA:48,5
DA:50,5
DA:52,5
DA:53,5
DA:56,5
DA:74,5
DA:77,5
DA:87,1
DA:89,1
DA:91,1
DA:92,1
DA:94,1
DA:109,1
DA:112,1
DA:122,3
DA:124,3
DA:126,3
DA:127,3
DA:129,3
DA:137,3
DA:138,1
DA:141,3
DA:150,3
DA:153,3
DA:163,3
DA:166,3
DA:167,3
DA:168,3
DA:171,3
DA:172,3
DA:175,3
DA:176,3
DA:178,3
DA:180,3
DA:181,3
DA:183,3
DA:184,9
DA:188,9
DA:189,3
DA:191,9
DA:194,3
DA:209,3
DA:217,36
DA:218,27
DA:219,36
DA:221,3
DA:226,1
DA:229,2
DA:231,24
DA:235,24
DA:239,24
DA:253,0
DA:255,0
DA:256,0
DA:258,0
DA:266,0
DA:267,0
DA:271,0
DA:276,0
DA:279,0
DA:290,6
DA:292,6
DA:293,81
DA:294,81
DA:295,81
DA:296,81
DA:297,81
DA:301,6
DA:302,6
DA:303,7
DA:304,6
DA:313,6
DA:315,6
DA:323,3
DA:325,3
DA:326,51
DA:328,51
DA:329,51
DA:330,51
DA:331,51
DA:332,51
DA:335,3
DA:336,3
DA:337,5
DA:338,4
DA:347,3
DA:349,3
DA:353,81
DA:354,24
DA:355,24
DA:356,24
DA:360,57
DA:361,57
DA:362,57
DA:363,57
DA:364,57
DA:365,57
DA:369,16
DA:370,196
DA:371,16
DA:377,12
DA:379,12
DA:380,12
DA:381,12
DA:383,12
LF:114
LH:105
BRDA:137,0,0,1
BRDA:188,1,0,3
BRDA:221,2,0,1
BRDA:222,3,0,3
BRDA:222,3,1,3
BRDA:222,3,2,2
BRDA:266,4,0,0
BRDA:294,5,0,81
BRDA:294,5,1,7
BRDA:303,6,0,6
BRDA:328,7,0,0
BRDA:328,7,1,51
BRDA:329,8,0,51
BRDA:329,8,1,5
BRDA:337,9,0,4
BRDA:353,10,0,24
BRDA:361,11,0,57
BRDA:361,11,1,0
BRDA:369,12,0,0
BRDA:379,13,0,12
BRDA:379,13,1,12
BRDA:380,14,0,12
BRDA:380,14,1,12
BRDA:36,15,0,2
BRDA:36,15,1,0
BRDA:36,16,0,2
BRDA:36,16,1,2
BRDA:36,17,0,2
BRDA:36,17,1,0
BRDA:36,18,0,2
BRDA:36,18,1,2
BRF:31
BRH:25
end_of_record
TN:
SF:src/modules/pastoral/services/checkin-prerequisite.service.ts
FN:25,(anonymous_2)
FN:32,(anonymous_3)
FN:63,(anonymous_4)
FN:101,(anonymous_5)
FN:108,(anonymous_6)
FN:129,(anonymous_7)
FNF:6
FNH:6
FNDA:14,(anonymous_2)
FNDA:12,(anonymous_3)
FNDA:6,(anonymous_4)
FNDA:5,(anonymous_5)
FNDA:4,(anonymous_6)
FNDA:12,(anonymous_7)
DA:1,2
DA:3,2
DA:5,2
DA:6,2
DA:7,2
DA:22,2
DA:23,14
DA:26,14
DA:27,14
DA:33,12
DA:35,12
DA:38,12
DA:42,12
DA:44,12
DA:47,12
DA:52,12
DA:64,6
DA:66,6
DA:67,1
DA:70,5
DA:72,5
DA:73,2
DA:75,5
DA:76,1
DA:78,5
DA:79,2
DA:83,5
DA:84,4
DA:87,5
DA:89,5
DA:102,5
DA:103,1
DA:106,4
DA:108,4
DA:109,4
DA:111,4
DA:112,6
DA:116,6
DA:117,3
DA:130,12
DA:132,12
DA:133,12
DA:134,12
DA:136,12
LF:44
LH:44
BRDA:38,0,0,12
BRDA:38,0,1,10
BRDA:47,1,0,12
BRDA:47,1,1,6
BRDA:47,1,2,5
BRDA:47,1,3,5
BRDA:66,2,0,1
BRDA:72,3,0,2
BRDA:75,4,0,1
BRDA:78,5,0,2
BRDA:83,6,0,4
BRDA:102,7,0,1
BRDA:116,8,0,3
BRDA:132,9,0,12
BRDA:132,9,1,1
BRDA:133,10,0,12
BRDA:133,10,1,1
BRDA:26,11,0,2
BRDA:26,11,1,0
BRDA:26,12,0,2
BRDA:26,12,1,2
BRDA:26,13,0,2
BRDA:26,13,1,0
BRDA:26,14,0,2
BRDA:26,14,1,2
BRF:25
BRH:23
end_of_record
TN:
SF:src/modules/pastoral/services/checkin.service.ts
FN:59,(anonymous_2)
FN:67,(anonymous_3)
FN:89,(anonymous_4)
FN:173,(anonymous_5)
FN:182,(anonymous_6)
FN:203,(anonymous_7)
FN:217,(anonymous_8)
FN:226,(anonymous_9)
FN:247,(anonymous_10)
FN:264,(anonymous_11)
FN:273,(anonymous_12)
FN:311,(anonymous_13)
FN:329,(anonymous_14)
FN:343,(anonymous_15)
FN:395,(anonymous_16)
FN:402,(anonymous_17)
FN:413,(anonymous_18)
FNF:17
FNH:17
FNDA:37,(anonymous_2)
FNDA:16,(anonymous_3)
FNDA:14,(anonymous_4)
FNDA:2,(anonymous_5)
FNDA:2,(anonymous_6)
FNDA:3,(anonymous_7)
FNDA:2,(anonymous_8)
FNDA:2,(anonymous_9)
FNDA:2,(anonymous_10)
FNDA:8,(anonymous_11)
FNDA:8,(anonymous_12)
FNDA:2,(anonymous_13)
FNDA:12,(anonymous_14)
FNDA:8,(anonymous_15)
FNDA:32,(anonymous_16)
FNDA:7,(anonymous_17)
FNDA:28,(anonymous_18)
DA:1,3
DA:2,3
DA:4,3
DA:6,3
DA:7,3
DA:8,3
DA:10,3
DA:56,3
DA:57,37
DA:60,37
DA:61,37
DA:62,37
DA:74,16
DA:75,16
DA:76,2
DA:83,14
DA:84,14
DA:87,14
DA:89,14
DA:90,14
DA:93,14
DA:94,4
DA:95,4
DA:106,4
DA:107,2
DA:115,12
DA:116,12
DA:127,9
DA:130,3
DA:131,2
DA:136,1
DA:152,9
DA:162,9
DA:179,2
DA:180,2
DA:182,2
DA:183,2
DA:185,2
DA:203,3
DA:211,2
DA:223,2
DA:224,2
DA:226,2
DA:227,2
DA:229,2
DA:247,2
DA:258,2
DA:270,8
DA:271,8
DA:273,8
DA:274,8
DA:276,8
DA:281,8
DA:282,4
DA:283,4
DA:284,3
DA:286,4
DA:287,3
DA:289,4
DA:292,8
DA:293,1
DA:296,8
DA:311,8
DA:323,8
DA:330,12
DA:332,12
DA:333,4
DA:341,8
DA:343,8
DA:344,8
DA:347,8
DA:355,8
DA:357,8
DA:358,8
DA:360,8
DA:362,5
DA:363,5
DA:364,2
DA:368,3
DA:369,3
DA:379,3
DA:380,1
DA:384,8
DA:396,32
DA:397,32
DA:398,32
DA:399,32
DA:403,7
DA:404,7
DA:405,7
DA:406,7
DA:407,7
DA:408,7
DA:409,7
DA:410,7
DA:414,28
DA:416,28
DA:417,28
DA:418,28
DA:420,28
LF:100
LH:100
BRDA:75,0,0,2
BRDA:93,1,0,4
BRDA:106,2,0,2
BRDA:121,3,0,12
BRDA:121,3,1,8
BRDA:130,4,0,2
BRDA:130,5,0,3
BRDA:130,5,1,2
BRDA:158,6,0,9
BRDA:158,6,1,5
BRDA:281,7,0,4
BRDA:281,8,0,8
BRDA:281,8,1,5
BRDA:283,9,0,3
BRDA:286,10,0,3
BRDA:292,11,0,1
BRDA:320,12,0,1
BRDA:320,12,1,1
BRDA:332,13,0,4
BRDA:355,14,0,6
BRDA:355,14,1,2
BRDA:360,15,0,5
BRDA:360,15,1,3
BRDA:363,16,0,2
BRDA:379,17,0,1
BRDA:416,18,0,28
BRDA:416,18,1,1
BRDA:417,19,0,28
BRDA:417,19,1,2
BRDA:60,20,0,3
BRDA:60,20,1,0
BRDA:60,21,0,3
BRDA:60,21,1,3
BRDA:60,22,0,3
BRDA:60,22,1,0
BRDA:60,23,0,3
BRDA:60,23,1,3
BRDA:61,24,0,3
BRDA:61,24,1,0
BRDA:61,25,0,3
BRDA:61,25,1,3
BRF:41
BRH:38
end_of_record
TN:
SF:src/modules/pastoral/services/concern-access.service.ts
FN:13,(anonymous_0)
FN:20,(anonymous_1)
FN:23,(anonymous_2)
FN:37,(anonymous_3)
FN:46,(anonymous_4)
FN:54,(anonymous_5)
FN:56,(anonymous_6)
FN:59,(anonymous_7)
FNF:8
FNH:8
FNDA:71,(anonymous_0)
FNDA:17,(anonymous_1)
FNDA:37,(anonymous_2)
FNDA:28,(anonymous_3)
FNDA:11,(anonymous_4)
FNDA:12,(anonymous_5)
FNDA:1,(anonymous_6)
FNDA:13,(anonymous_7)
DA:1,3
DA:3,3
DA:12,3
DA:14,71
DA:15,71
DA:16,71
DA:17,71
DA:21,17
DA:23,17
DA:24,37
DA:27,17
DA:28,4
DA:34,13
DA:38,28
DA:40,28
DA:41,28
DA:43,28
DA:47,11
DA:51,11
DA:55,12
DA:56,12
DA:60,13
DA:61,11
DA:62,9
DA:63,1
LF:25
LH:25
BRDA:24,0,0,37
BRDA:24,0,1,15
BRDA:27,1,0,4
BRDA:40,2,0,28
BRDA:40,2,1,1
BRDA:41,3,0,28
BRDA:41,3,1,1
BRDA:47,4,0,2
BRDA:47,4,1,9
BRDA:60,5,0,2
BRDA:61,6,0,2
BRDA:62,7,0,8
BRF:12
BRH:12
end_of_record
TN:
SF:src/modules/pastoral/services/concern-projection.service.ts
FN:4,(anonymous_0)
FN:28,(anonymous_1)
FN:46,(anonymous_2)
FN:73,(anonymous_3)
FN:74,(anonymous_4)
FNF:5
FNH:5
FNDA:24,(anonymous_0)
FNDA:14,(anonymous_1)
FNDA:24,(anonymous_2)
FNDA:24,(anonymous_3)
FNDA:4,(anonymous_4)
DA:3,3
DA:5,24
DA:6,24
DA:10,24
DA:29,14
DA:31,14
DA:54,24
DA:55,22
DA:59,22
DA:66,2
DA:74,24
LF:11
LH:11
BRDA:6,0,0,16
BRDA:6,0,1,8
BRDA:42,1,0,14
BRDA:42,1,1,1
BRDA:54,2,0,22
BRDA:54,3,0,24
BRDA:54,3,1,4
BRDA:55,4,0,21
BRDA:55,4,1,1
BRDA:74,5,0,24
BRDA:74,5,1,1
BRDA:76,6,0,3
BRDA:76,6,1,1
BRF:13
BRH:13
end_of_record
TN:
SF:src/modules/pastoral/services/concern-queries.service.ts
FN:32,(anonymous_2)
FN:40,(anonymous_3)
FN:108,(anonymous_4)
FN:131,(anonymous_5)
FN:139,(anonymous_6)
FN:142,(anonymous_7)
FN:152,(anonymous_8)
FN:166,(anonymous_9)
FN:177,(anonymous_10)
FN:191,(anonymous_11)
FN:230,(anonymous_12)
FN:231,(anonymous_13)
FN:243,(anonymous_14)
FNF:13
FNH:13
FNDA:68,(anonymous_2)
FNDA:15,(anonymous_3)
FNDA:14,(anonymous_4)
FNDA:17,(anonymous_5)
FNDA:2,(anonymous_6)
FNDA:14,(anonymous_7)
FNDA:15,(anonymous_8)
FNDA:15,(anonymous_9)
FNDA:2,(anonymous_10)
FNDA:17,(anonymous_11)
FNDA:17,(anonymous_12)
FNDA:1,(anonymous_13)
FNDA:17,(anonymous_14)
DA:1,3
DA:4,3
DA:6,3
DA:7,3
DA:8,3
DA:9,3
DA:29,3
DA:30,68
DA:33,68
DA:34,68
DA:35,68
DA:46,15
DA:47,15
DA:49,15
DA:54,15
DA:57,15
DA:63,15
DA:64,5
DA:65,10
DA:66,9
DA:69,15
DA:70,1
DA:71,0
DA:74,1
DA:78,14
DA:79,2
DA:91,14
DA:92,14
DA:93,14
DA:96,14
DA:97,1
DA:98,1
DA:99,1
DA:103,14
DA:104,14
DA:105,13
DA:106,12
DA:108,14
DA:109,14
DA:111,14
DA:131,17
DA:133,14
DA:140,2
DA:142,14
DA:144,2
DA:153,15
DA:157,15
DA:167,15
DA:168,14
DA:169,5
DA:170,0
DA:178,2
DA:180,2
DA:181,2
DA:183,2
DA:199,17
DA:200,15
DA:203,15
DA:211,2
DA:212,1
DA:215,1
DA:223,1
DA:231,17
DA:244,17
DA:245,17
DA:249,17
LF:66
LH:64
BRDA:63,0,0,5
BRDA:63,0,1,10
BRDA:65,1,0,9
BRDA:69,2,0,1
BRDA:70,3,0,0
BRDA:70,3,1,1
BRDA:78,4,0,2
BRDA:91,5,0,1
BRDA:92,6,0,1
BRDA:93,7,0,0
BRDA:96,8,0,1
BRDA:96,9,0,14
BRDA:96,9,1,13
BRDA:98,10,0,1
BRDA:99,11,0,1
BRDA:104,12,0,1
BRDA:104,12,1,13
BRDA:105,13,0,1
BRDA:105,13,1,12
BRDA:153,14,0,1
BRDA:153,14,1,14
BRDA:167,15,0,1
BRDA:168,16,0,9
BRDA:169,17,0,5
BRDA:180,18,0,2
BRDA:180,18,1,1
BRDA:181,19,0,2
BRDA:181,19,1,1
BRDA:199,20,0,15
BRDA:200,21,0,15
BRDA:200,21,1,0
BRDA:211,22,0,1
BRDA:212,23,0,1
BRDA:212,23,1,0
BRDA:231,24,0,17
BRDA:231,24,1,0
BRDA:233,25,0,1
BRDA:233,25,1,0
BRDA:245,26,0,1
BRDA:245,26,1,16
BRDA:33,27,0,3
BRDA:33,27,1,0
BRDA:33,28,0,3
BRDA:33,28,1,3
BRDA:33,29,0,3
BRDA:33,29,1,0
BRDA:33,30,0,3
BRDA:33,30,1,3
BRDA:34,31,0,3
BRDA:34,31,1,0
BRDA:34,32,0,3
BRDA:34,32,1,3
BRF:52
BRH:43
end_of_record
TN:
SF:src/modules/pastoral/services/concern-relations.service.ts
FN:10,(anonymous_0)
FN:15,(anonymous_1)
FN:18,(anonymous_2)
FN:46,(anonymous_3)
FN:47,(anonymous_4)
FN:56,(anonymous_5)
FN:70,(anonymous_6)
FN:71,(anonymous_7)
FN:72,(anonymous_8)
FN:86,(anonymous_9)
FN:95,(anonymous_10)
FNF:11
FNH:11
FNDA:14,(anonymous_0)
FNDA:4,(anonymous_1)
FNDA:17,(anonymous_2)
FNDA:2,(anonymous_3)
FNDA:4,(anonymous_4)
FNDA:3,(anonymous_5)
FNDA:4,(anonymous_6)
FNDA:4,(anonymous_7)
FNDA:4,(anonymous_8)
FNDA:2,(anonymous_9)
FNDA:19,(anonymous_10)
DA:1,3
DA:9,3
DA:15,14
DA:24,17
DA:26,17
DA:27,10
DA:30,7
DA:31,2
DA:37,5
DA:45,5
DA:46,2
DA:47,4
DA:49,2
DA:62,3
DA:70,4
DA:71,4
DA:72,4
DA:74,3
DA:75,2
DA:84,3
DA:85,2
DA:86,2
DA:96,19
LF:23
LH:23
BRDA:15,0,0,14
BRDA:15,0,1,10
BRDA:26,1,0,10
BRDA:30,2,0,2
BRDA:45,3,0,2
BRDA:74,4,0,2
BRDA:84,5,0,2
BRF:7
BRH:7
end_of_record
TN:
SF:src/modules/pastoral/services/concern-version.service.ts
FN:13,(anonymous_2)
FN:24,(anonymous_3)
FN:49,(anonymous_4)
FN:58,(anonymous_5)
FN:135,(anonymous_6)
FN:141,(anonymous_7)
FNF:6
FNH:6
FNDA:6,(anonymous_2)
FNDA:1,(anonymous_3)
FNDA:5,(anonymous_4)
FNDA:5,(anonymous_5)
FNDA:1,(anonymous_6)
FNDA:1,(anonymous_7)
DA:1,3
DA:6,3
DA:7,3
DA:9,3
DA:12,3
DA:14,6
DA:15,6
DA:31,1
DA:56,5
DA:58,5
DA:59,5
DA:63,5
DA:69,5
DA:70,0
DA:76,5
DA:79,5
DA:84,5
DA:85,0
DA:91,5
DA:94,5
DA:106,5
DA:124,5
DA:127,5
DA:139,1
DA:141,1
DA:142,1
DA:144,1
DA:150,1
LF:28
LH:26
BRDA:69,0,0,0
BRDA:69,1,0,5
BRDA:69,1,1,5
BRDA:84,2,0,0
BRDA:14,3,0,3
BRDA:14,3,1,0
BRDA:14,4,0,3
BRDA:14,4,1,3
BRDA:14,5,0,3
BRDA:14,5,1,0
BRDA:14,6,0,3
BRDA:14,6,1,3
BRF:12
BRH:8
end_of_record
TN:
SF:src/modules/pastoral/services/concern.helpers.ts
FN:14,applyAuthorMasking
FN:58,mapConcernInvolvedStudents
FN:61,(anonymous_2)
FN:73,mapConcernRowToListItem
FN:103,mapConcernRowToDetail
FN:128,buildConcernWhereClause
FN:184,buildConcernOrderBy
FNF:7
FNH:7
FNDA:12,applyAuthorMasking
FNDA:10,mapConcernInvolvedStudents
FNDA:2,(anonymous_2)
FNDA:6,mapConcernRowToListItem
FNDA:2,mapConcernRowToDetail
FNDA:14,buildConcernWhereClause
FNDA:4,buildConcernOrderBy
DA:14,1
DA:22,12
DA:23,8
DA:26,8
DA:34,4
DA:35,2
DA:38,2
DA:46,2
DA:58,1
DA:61,10
DA:73,1
DA:77,6
DA:78,6
DA:82,6
DA:103,1
DA:104,2
DA:106,2
DA:128,1
DA:133,14
DA:137,14
DA:138,2
DA:139,12
DA:140,3
DA:144,14
DA:145,2
DA:146,1
DA:149,1
DA:153,13
DA:154,2
DA:167,13
DA:168,13
DA:169,13
DA:172,13
DA:173,4
DA:174,4
DA:175,4
DA:178,13
DA:184,1
DA:187,4
DA:188,4
DA:189,3
DA:190,2
DA:191,4
LF:43
LH:43
BRDA:22,0,0,8
BRDA:23,1,0,6
BRDA:23,1,1,2
BRDA:34,2,0,2
BRDA:35,3,0,1
BRDA:35,3,1,1
BRDA:61,4,0,10
BRDA:61,4,1,1
BRDA:63,5,0,1
BRDA:63,5,1,1
BRDA:78,6,0,1
BRDA:78,6,1,5
BRDA:117,7,0,2
BRDA:117,7,1,1
BRDA:137,8,0,2
BRDA:137,8,1,12
BRDA:139,9,0,3
BRDA:144,10,0,2
BRDA:145,11,0,1
BRDA:145,11,1,1
BRDA:153,12,0,2
BRDA:167,13,0,2
BRDA:168,14,0,2
BRDA:169,15,0,2
BRDA:172,16,0,4
BRDA:172,17,0,13
BRDA:172,17,1,10
BRDA:174,18,0,3
BRDA:175,19,0,3
BRDA:188,20,0,1
BRDA:188,20,1,3
BRDA:189,21,0,1
BRDA:189,21,1,2
BRF:33
BRH:33
end_of_record
TN:
SF:src/modules/pastoral/services/concern.service.ts
FN:55,(anonymous_4)
FN:76,(anonymous_5)
FN:110,(anonymous_6)
FN:144,(anonymous_7)
FN:285,(anonymous_8)
FN:300,(anonymous_9)
FN:370,(anonymous_10)
FN:386,(anonymous_11)
FN:448,(anonymous_12)
FN:460,(anonymous_13)
FN:513,(anonymous_14)
FN:524,(anonymous_15)
FN:585,(anonymous_16)
FN:613,(anonymous_17)
FN:694,(anonymous_18)
FN:704,(anonymous_19)
FN:754,(anonymous_20)
FN:766,(anonymous_21)
FNF:18
FNH:18
FNDA:57,(anonymous_4)
FNDA:13,(anonymous_5)
FNDA:10,(anonymous_6)
FNDA:1,(anonymous_7)
FNDA:9,(anonymous_8)
FNDA:9,(anonymous_9)
FNDA:8,(anonymous_10)
FNDA:8,(anonymous_11)
FNDA:5,(anonymous_12)
FNDA:5,(anonymous_13)
FNDA:2,(anonymous_14)
FNDA:2,(anonymous_15)
FNDA:10,(anonymous_16)
FNDA:10,(anonymous_17)
FNDA:2,(anonymous_18)
FNDA:2,(anonymous_19)
FNDA:4,(anonymous_20)
FNDA:4,(anonymous_21)
DA:1,2
DA:2,2
DA:9,2
DA:10,2
DA:12,2
DA:23,2
DA:24,2
DA:25,2
DA:26,2
DA:27,2
DA:28,2
DA:29,2
DA:31,2
DA:32,2
DA:33,2
DA:34,2
DA:36,2
DA:49,2
DA:50,57
DA:52,57
DA:53,57
DA:56,57
DA:57,57
DA:58,57
DA:59,57
DA:60,57
DA:61,57
DA:62,57
DA:63,57
DA:64,57
DA:66,57
DA:83,13
DA:84,11
DA:89,11
DA:90,11
DA:91,11
DA:94,11
DA:95,1
DA:96,1
DA:97,1
DA:105,10
DA:110,10
DA:111,10
DA:112,10
DA:120,10
DA:142,10
DA:143,1
DA:144,1
DA:153,10
DA:161,10
DA:163,10
DA:164,3
DA:178,3
DA:181,10
DA:186,10
DA:187,0
DA:193,10
DA:200,10
DA:221,10
DA:222,3
DA:239,10
DA:254,10
DA:256,2
DA:260,2
DA:262,2
DA:278,10
DA:292,9
DA:293,9
DA:295,9
DA:300,9
DA:301,9
DA:303,9
DA:319,9
DA:320,1
DA:327,8
DA:328,1
DA:335,7
DA:337,7
DA:341,7
DA:342,3
DA:359,7
DA:360,1
DA:363,7
DA:365,7
DA:377,8
DA:381,8
DA:386,8
DA:387,8
DA:389,8
DA:393,8
DA:394,1
DA:400,7
DA:401,7
DA:402,7
DA:403,7
DA:404,1
DA:405,7
DA:406,2
DA:409,7
DA:410,1
DA:418,7
DA:423,7
DA:424,1
DA:432,7
DA:433,7
DA:434,1
DA:440,6
DA:443,6
DA:455,5
DA:460,5
DA:461,5
DA:463,5
DA:467,5
DA:468,1
DA:474,4
DA:475,2
DA:481,2
DA:487,2
DA:505,2
DA:508,2
DA:519,2
DA:524,2
DA:525,2
DA:527,2
DA:531,2
DA:532,1
DA:538,1
DA:539,1
DA:550,1
DA:566,1
DA:569,1
DA:595,10
DA:596,10
DA:597,10
DA:600,10
DA:601,10
DA:602,1
DA:603,1
DA:607,10
DA:612,10
DA:613,10
DA:614,10
DA:616,10
DA:617,10
DA:618,1
DA:624,9
DA:625,1
DA:631,8
DA:632,8
DA:633,1
DA:639,7
DA:649,7
DA:653,7
DA:670,7
DA:671,1
DA:679,7
DA:699,2
DA:704,2
DA:705,2
DA:707,2
DA:711,2
DA:712,1
DA:718,1
DA:724,1
DA:739,1
DA:742,1
DA:760,4
DA:761,4
DA:766,4
DA:767,4
DA:769,4
DA:773,3
DA:774,2
DA:777,1
DA:786,1
DA:787,1
DA:788,2
DA:789,2
DA:790,2
DA:791,0
DA:796,1
DA:813,1
LF:182
LH:180
BRDA:89,0,0,11
BRDA:89,0,1,10
BRDA:91,1,0,2
BRDA:91,1,1,9
BRDA:94,2,0,1
BRDA:96,3,0,1
BRDA:125,4,0,10
BRDA:125,4,1,0
BRDA:130,5,0,10
BRDA:130,5,1,10
BRDA:131,6,0,0
BRDA:131,6,1,10
BRDA:134,7,0,10
BRDA:134,7,1,10
BRDA:135,8,0,10
BRDA:135,8,1,0
BRDA:136,9,0,10
BRDA:136,9,1,10
BRDA:137,10,0,10
BRDA:137,10,1,10
BRDA:138,11,0,10
BRDA:138,11,1,10
BRDA:142,12,0,1
BRDA:163,13,0,3
BRDA:186,14,0,0
BRDA:221,15,0,3
BRDA:254,16,0,2
BRDA:254,17,0,10
BRDA:254,17,1,9
BRDA:256,18,0,1
BRDA:256,18,1,1
BRDA:260,19,0,1
BRDA:260,19,1,1
BRDA:319,20,0,1
BRDA:327,21,0,1
BRDA:337,22,0,7
BRDA:337,22,1,6
BRDA:337,22,2,1
BRDA:337,22,3,5
BRDA:337,22,4,5
BRDA:341,23,0,3
BRDA:359,24,0,1
BRDA:359,25,0,7
BRDA:359,25,1,2
BRDA:377,26,0,1
BRDA:377,26,1,7
BRDA:393,27,0,1
BRDA:401,28,0,2
BRDA:402,29,0,1
BRDA:403,30,0,1
BRDA:405,31,0,2
BRDA:406,32,0,1
BRDA:406,32,1,1
BRDA:409,33,0,1
BRDA:423,34,0,1
BRDA:433,35,0,1
BRDA:467,36,0,1
BRDA:474,37,0,2
BRDA:531,38,0,1
BRDA:601,39,0,1
BRDA:617,40,0,1
BRDA:624,41,0,1
BRDA:632,42,0,1
BRDA:632,43,0,8
BRDA:632,43,1,2
BRDA:632,43,2,1
BRDA:670,44,0,1
BRDA:683,45,0,7
BRDA:683,45,1,1
BRDA:684,46,0,7
BRDA:684,46,1,5
BRDA:711,47,0,1
BRDA:773,48,0,2
BRDA:773,49,0,3
BRDA:773,49,1,2
BRDA:790,50,0,0
BRDA:815,51,0,1
BRDA:815,51,1,0
BRDA:56,52,0,2
BRDA:56,52,1,0
BRDA:56,53,0,2
BRDA:56,53,1,2
BRDA:56,54,0,2
BRDA:56,54,1,0
BRDA:56,55,0,2
BRDA:56,55,1,2
BRDA:57,56,0,2
BRDA:57,56,1,0
BRDA:57,57,0,2
BRDA:57,57,1,2
BRDA:58,58,0,2
BRDA:58,58,1,0
BRDA:58,59,0,2
BRDA:58,59,1,2
BRDA:59,60,0,2
BRDA:59,60,1,0
BRDA:59,61,0,2
BRDA:59,61,1,2
BRDA:60,62,0,2
BRDA:60,62,1,0
BRDA:60,63,0,2
BRDA:60,63,1,2
BRDA:61,64,0,2
BRDA:61,64,1,0
BRDA:61,65,0,2
BRDA:61,65,1,2
BRDA:62,66,0,2
BRDA:62,66,1,0
BRDA:62,67,0,2
BRDA:62,67,1,2
BRDA:63,68,0,2
BRDA:63,68,1,0
BRDA:63,69,0,2
BRDA:63,69,1,2
BRF:114
BRH:99
end_of_record
TN:
SF:src/modules/pastoral/services/critical-incident-response.service.ts
FN:30,parseResponsePlan
FN:43,parseExternalSupportLog
FN:56,(anonymous_6)
FN:63,(anonymous_7)
FN:90,(anonymous_8)
FN:176,(anonymous_9)
FN:186,(anonymous_10)
FN:257,(anonymous_11)
FN:275,(anonymous_12)
FN:278,(anonymous_13)
FN:290,(anonymous_14)
FN:358,(anonymous_15)
FN:378,(anonymous_16)
FN:441,(anonymous_17)
FN:460,(anonymous_18)
FNF:15
FNH:15
FNDA:21,parseResponsePlan
FNDA:14,parseExternalSupportLog
FNDA:43,(anonymous_6)
FNDA:12,(anonymous_7)
FNDA:11,(anonymous_8)
FNDA:1,(anonymous_9)
FNDA:9,(anonymous_10)
FNDA:5,(anonymous_11)
FNDA:16,(anonymous_12)
FNDA:6,(anonymous_13)
FNDA:5,(anonymous_14)
FNDA:7,(anonymous_15)
FNDA:4,(anonymous_16)
FNDA:5,(anonymous_17)
FNDA:3,(anonymous_18)
DA:1,3
DA:3,3
DA:4,3
DA:6,3
DA:8,3
DA:20,3
DA:26,3
DA:31,21
DA:32,3
DA:34,18
DA:35,18
DA:44,14
DA:45,2
DA:47,12
DA:53,3
DA:54,43
DA:57,43
DA:58,43
DA:70,12
DA:71,1
DA:77,11
DA:81,11
DA:82,1
DA:88,10
DA:89,10
DA:90,11
DA:92,10
DA:93,1
DA:100,9
DA:101,9
DA:102,0
DA:108,9
DA:111,9
DA:112,3
DA:115,9
DA:116,2
DA:117,2
DA:118,1
DA:119,1
DA:121,1
DA:122,1
DA:123,1
DA:127,9
DA:128,3
DA:131,9
DA:132,9
DA:134,9
DA:142,9
DA:161,9
DA:162,3
DA:177,1
DA:181,9
DA:193,9
DA:194,1
DA:200,8
DA:204,8
DA:205,1
DA:211,7
DA:213,7
DA:226,7
DA:228,7
DA:236,7
DA:252,7
DA:262,5
DA:266,5
DA:267,1
DA:273,4
DA:275,4
DA:276,16
DA:277,16
DA:278,16
DA:279,16
DA:297,5
DA:301,5
DA:302,1
DA:308,4
DA:310,4
DA:326,4
DA:328,4
DA:336,4
DA:353,4
DA:366,7
DA:370,7
DA:371,1
DA:377,6
DA:378,6
DA:380,6
DA:381,2
DA:387,4
DA:388,4
DA:389,0
DA:395,4
DA:398,4
DA:399,4
DA:400,4
DA:401,4
DA:402,4
DA:403,4
DA:404,4
DA:405,4
DA:406,1
DA:407,4
DA:408,4
DA:410,4
DA:412,4
DA:420,4
DA:436,4
DA:446,5
DA:450,5
DA:451,1
DA:457,4
DA:460,4
DA:461,3
DA:462,3
DA:463,3
DA:464,1
LF:116
LH:114
BRDA:31,0,0,3
BRDA:31,1,0,21
BRDA:31,1,1,20
BRDA:36,2,0,17
BRDA:36,2,1,1
BRDA:37,3,0,17
BRDA:37,3,1,1
BRDA:38,4,0,17
BRDA:38,4,1,1
BRDA:39,5,0,17
BRDA:39,5,1,1
BRDA:44,6,0,2
BRDA:44,7,0,14
BRDA:44,7,1,13
BRDA:70,8,0,1
BRDA:81,9,0,1
BRDA:92,10,0,1
BRDA:101,11,0,0
BRDA:111,12,0,3
BRDA:115,13,0,2
BRDA:117,14,0,1
BRDA:117,14,1,1
BRDA:127,15,0,3
BRDA:161,16,0,3
BRDA:161,17,0,9
BRDA:161,17,1,3
BRDA:193,18,0,1
BRDA:204,19,0,1
BRDA:216,20,0,7
BRDA:216,20,1,6
BRDA:217,21,0,7
BRDA:217,21,1,6
BRDA:266,22,0,1
BRDA:283,23,0,4
BRDA:283,23,1,12
BRDA:301,24,0,1
BRDA:314,25,0,4
BRDA:314,25,1,3
BRDA:315,26,0,4
BRDA:315,26,1,4
BRDA:316,27,0,4
BRDA:316,27,1,3
BRDA:317,28,0,4
BRDA:317,28,1,4
BRDA:318,29,0,4
BRDA:318,29,1,4
BRDA:319,30,0,4
BRDA:319,30,1,4
BRDA:320,31,0,4
BRDA:320,31,1,3
BRDA:321,32,0,4
BRDA:321,32,1,3
BRDA:370,33,0,1
BRDA:380,34,0,2
BRDA:388,35,0,0
BRDA:398,36,0,1
BRDA:399,37,0,2
BRDA:400,38,0,1
BRDA:400,39,0,1
BRDA:400,39,1,0
BRDA:401,40,0,1
BRDA:401,41,0,1
BRDA:401,41,1,0
BRDA:402,42,0,1
BRDA:402,43,0,1
BRDA:402,43,1,0
BRDA:403,44,0,1
BRDA:403,45,0,1
BRDA:403,45,1,0
BRDA:404,46,0,1
BRDA:404,47,0,1
BRDA:404,47,1,0
BRDA:405,48,0,1
BRDA:406,49,0,1
BRDA:406,49,1,0
BRDA:407,50,0,1
BRDA:407,51,0,1
BRDA:407,51,1,0
BRDA:408,52,0,3
BRDA:408,53,0,3
BRDA:408,53,1,0
BRDA:450,54,0,1
BRDA:461,55,0,3
BRDA:461,55,1,0
BRDA:462,56,0,3
BRDA:462,56,1,1
BRDA:463,57,0,2
BRDA:57,58,0,3
BRDA:57,58,1,0
BRDA:57,59,0,3
BRDA:57,59,1,3
BRDA:57,60,0,3
BRDA:57,60,1,0
BRDA:57,61,0,3
BRDA:57,61,1,3
BRF:95
BRH:82
end_of_record
TN:
SF:src/modules/pastoral/services/critical-incident.service.ts
FN:181,buildResponsePlanItem
FN:196,initialiseResponsePlan
FN:205,parseResponsePlan
FN:218,parseExternalSupportLog
FN:231,(anonymous_8)
FN:241,(anonymous_9)
FN:280,(anonymous_10)
FN:360,(anonymous_11)
FN:369,(anonymous_12)
FN:372,(anonymous_13)
FN:403,(anonymous_14)
FN:412,(anonymous_15)
FN:459,(anonymous_16)
FN:470,(anonymous_17)
FN:512,(anonymous_18)
FN:525,(anonymous_19)
FN:556,(anonymous_20)
FN:614,(anonymous_21)
FN:625,(anonymous_22)
FN:635,(anonymous_23)
FN:646,(anonymous_24)
FN:656,(anonymous_25)
FN:662,(anonymous_26)
FN:672,(anonymous_27)
FN:683,(anonymous_28)
FN:693,(anonymous_29)
FN:705,(anonymous_30)
FN:715,(anonymous_31)
FN:721,(anonymous_32)
FNF:29
FNH:29
FNDA:280,buildResponsePlanItem
FNDA:10,initialiseResponsePlan
FNDA:4,parseResponsePlan
FNDA:4,parseExternalSupportLog
FNDA:50,(anonymous_8)
FNDA:16,(anonymous_9)
FNDA:10,(anonymous_10)
FNDA:1,(anonymous_11)
FNDA:5,(anonymous_12)
FNDA:5,(anonymous_13)
FNDA:8,(anonymous_14)
FNDA:8,(anonymous_15)
FNDA:3,(anonymous_16)
FNDA:3,(anonymous_17)
FNDA:1,(anonymous_18)
FNDA:12,(anonymous_19)
FNDA:9,(anonymous_20)
FNDA:1,(anonymous_21)
FNDA:1,(anonymous_22)
FNDA:1,(anonymous_23)
FNDA:1,(anonymous_24)
FNDA:1,(anonymous_25)
FNDA:1,(anonymous_26)
FNDA:1,(anonymous_27)
FNDA:1,(anonymous_28)
FNDA:1,(anonymous_29)
FNDA:1,(anonymous_30)
FNDA:1,(anonymous_31)
FNDA:1,(anonymous_32)
DA:1,2
DA:3,2
DA:4,2
DA:5,2
DA:6,2
DA:8,2
DA:9,2
DA:10,2
DA:11,2
DA:13,2
DA:14,2
DA:125,2
DA:166,2
DA:173,2
DA:182,280
DA:197,10
DA:206,4
DA:207,2
DA:209,2
DA:210,2
DA:219,4
DA:220,2
DA:222,2
DA:228,2
DA:229,50
DA:232,50
DA:233,50
DA:234,50
DA:235,50
DA:236,50
DA:247,16
DA:248,3
DA:249,2
DA:256,14
DA:257,3
DA:258,2
DA:266,12
DA:267,3
DA:268,2
DA:275,10
DA:280,10
DA:281,10
DA:284,10
DA:293,10
DA:294,1
DA:295,9
DA:296,1
DA:300,10
DA:304,10
DA:322,10
DA:329,10
DA:347,10
DA:361,1
DA:364,10
DA:370,5
DA:372,5
DA:373,5
DA:375,5
DA:379,5
DA:380,1
DA:386,4
DA:390,4
DA:398,4
DA:409,8
DA:410,8
DA:412,8
DA:413,8
DA:415,8
DA:417,8
DA:418,2
DA:419,2
DA:420,1
DA:424,8
DA:425,2
DA:429,8
DA:430,3
DA:431,3
DA:432,2
DA:434,3
DA:435,2
DA:437,3
DA:440,8
DA:450,8
DA:465,3
DA:470,3
DA:471,3
DA:473,3
DA:477,3
DA:478,1
DA:484,2
DA:486,2
DA:487,1
DA:494,2
DA:501,2
DA:512,1
DA:520,2
DA:532,12
DA:533,12
DA:534,1
DA:541,11
DA:545,2
DA:551,9
DA:556,9
DA:557,9
DA:559,9
DA:563,9
DA:564,1
DA:570,8
DA:573,8
DA:574,8
DA:575,2
DA:581,6
DA:590,6
DA:609,6
DA:620,1
DA:625,1
DA:626,1
DA:627,1
DA:630,1
DA:641,1
DA:646,1
DA:647,1
DA:648,1
DA:651,1
DA:660,1
DA:662,1
DA:663,1
DA:664,1
DA:667,1
DA:678,1
DA:683,1
DA:684,1
DA:685,1
DA:688,1
DA:700,1
DA:705,1
DA:706,1
DA:707,1
DA:710,1
DA:719,1
DA:721,1
DA:722,1
DA:723,1
DA:726,1
LF:144
LH:144
BRDA:206,0,0,2
BRDA:206,1,0,4
BRDA:206,1,1,3
BRDA:211,2,0,2
BRDA:211,2,1,0
BRDA:212,3,0,1
BRDA:212,3,1,1
BRDA:213,4,0,1
BRDA:213,4,1,1
BRDA:214,5,0,1
BRDA:214,5,1,1
BRDA:219,6,0,2
BRDA:219,7,0,4
BRDA:219,7,1,3
BRDA:247,8,0,3
BRDA:248,9,0,2
BRDA:248,10,0,3
BRDA:248,10,1,2
BRDA:256,11,0,3
BRDA:257,12,0,2
BRDA:257,13,0,3
BRDA:257,13,1,2
BRDA:266,14,0,3
BRDA:267,15,0,2
BRDA:267,16,0,3
BRDA:267,16,1,2
BRDA:293,17,0,1
BRDA:293,17,1,9
BRDA:293,18,0,10
BRDA:293,18,1,1
BRDA:295,19,0,1
BRDA:295,20,0,9
BRDA:295,20,1,1
BRDA:307,21,0,1
BRDA:307,21,1,9
BRDA:309,22,0,1
BRDA:309,22,1,9
BRDA:313,23,0,1
BRDA:313,23,1,9
BRDA:314,24,0,2
BRDA:314,24,1,8
BRDA:379,25,0,1
BRDA:417,26,0,2
BRDA:419,27,0,1
BRDA:424,28,0,2
BRDA:426,29,0,1
BRDA:426,29,1,1
BRDA:429,30,0,3
BRDA:429,31,0,8
BRDA:429,31,1,6
BRDA:431,32,0,2
BRDA:434,33,0,2
BRDA:477,34,0,1
BRDA:486,35,0,1
BRDA:533,36,0,1
BRDA:541,37,0,2
BRDA:542,38,0,11
BRDA:542,38,1,4
BRDA:542,38,2,3
BRDA:563,39,0,1
BRDA:574,40,0,2
BRDA:574,41,0,8
BRDA:574,41,1,8
BRDA:600,42,0,2
BRDA:600,42,1,4
BRDA:603,43,0,6
BRDA:603,43,1,4
BRDA:232,44,0,2
BRDA:232,44,1,0
BRDA:232,45,0,2
BRDA:232,45,1,2
BRDA:232,46,0,2
BRDA:232,46,1,0
BRDA:232,47,0,2
BRDA:232,47,1,2
BRDA:233,48,0,2
BRDA:233,48,1,0
BRDA:233,49,0,2
BRDA:233,49,1,2
BRDA:234,50,0,2
BRDA:234,50,1,0
BRDA:234,51,0,2
BRDA:234,51,1,2
BRDA:235,52,0,2
BRDA:235,52,1,0
BRDA:235,53,0,2
BRDA:235,53,1,2
BRF:87
BRH:81
end_of_record
TN:
SF:src/modules/pastoral/services/intervention-action.service.ts
FN:71,toDisplayStatus
FN:75,toPrismaStatus
FN:86,isValidActionTransition
FN:97,(anonymous_5)
FN:104,(anonymous_6)
FN:112,(anonymous_7)
FN:184,(anonymous_8)
FN:192,(anonymous_9)
FN:275,(anonymous_10)
FN:282,(anonymous_11)
FN:352,(anonymous_12)
FN:358,(anonymous_13)
FN:370,(anonymous_14)
FN:389,(anonymous_15)
FN:412,(anonymous_16)
FN:432,(anonymous_17)
FNF:16
FNH:16
FNDA:21,toDisplayStatus
FNDA:10,toPrismaStatus
FNDA:14,isValidActionTransition
FNDA:40,(anonymous_5)
FNDA:9,(anonymous_6)
FNDA:9,(anonymous_7)
FNDA:16,(anonymous_8)
FNDA:16,(anonymous_9)
FNDA:7,(anonymous_10)
FNDA:7,(anonymous_11)
FNDA:1,(anonymous_12)
FNDA:1,(anonymous_13)
FNDA:4,(anonymous_14)
FNDA:4,(anonymous_15)
FNDA:3,(anonymous_16)
FNDA:3,(anonymous_17)
DA:1,2
DA:8,2
DA:16,2
DA:17,2
DA:19,2
DA:47,2
DA:53,2
DA:55,2
DA:63,2
DA:72,21
DA:76,10
DA:77,10
DA:78,0
DA:83,10
DA:87,14
DA:88,14
DA:94,2
DA:95,40
DA:98,40
DA:99,40
DA:110,9
DA:112,9
DA:113,9
DA:116,9
DA:121,9
DA:122,1
DA:128,8
DA:129,2
DA:136,6
DA:137,1
DA:144,5
DA:159,5
DA:179,5
DA:190,16
DA:192,16
DA:193,16
DA:195,16
DA:199,16
DA:200,1
DA:206,15
DA:209,15
DA:210,12
DA:211,2
DA:217,10
DA:218,2
DA:225,11
DA:227,11
DA:228,1
DA:230,11
DA:231,2
DA:233,11
DA:234,8
DA:235,8
DA:238,8
DA:239,3
DA:240,3
DA:244,11
DA:249,11
DA:253,11
DA:254,3
DA:270,11
DA:280,7
DA:282,7
DA:283,7
DA:285,7
DA:289,7
DA:290,1
DA:296,6
DA:299,6
DA:300,1
DA:307,5
DA:308,1
DA:314,4
DA:315,0
DA:321,4
DA:332,4
DA:347,4
DA:356,1
DA:358,1
DA:359,1
DA:361,1
DA:374,4
DA:376,4
DA:377,4
DA:378,4
DA:380,4
DA:382,4
DA:383,1
DA:385,4
DA:386,1
DA:389,4
DA:390,4
DA:392,4
DA:399,4
DA:401,4
DA:404,4
DA:417,3
DA:419,3
DA:420,3
DA:421,3
DA:423,3
DA:428,3
DA:429,1
DA:432,3
DA:433,3
DA:435,3
DA:442,3
DA:444,3
DA:447,3
LF:109
LH:107
BRDA:72,0,0,21
BRDA:72,0,1,0
BRDA:77,1,0,0
BRDA:88,2,0,14
BRDA:88,2,1,14
BRDA:121,3,0,1
BRDA:128,4,0,2
BRDA:136,5,0,1
BRDA:136,6,0,6
BRDA:136,6,1,3
BRDA:150,7,0,5
BRDA:150,7,1,1
BRDA:152,8,0,3
BRDA:152,8,1,2
BRDA:173,9,0,5
BRDA:173,9,1,1
BRDA:174,10,0,5
BRDA:174,10,1,2
BRDA:199,11,0,1
BRDA:209,12,0,12
BRDA:210,13,0,2
BRDA:217,14,0,2
BRDA:227,15,0,1
BRDA:230,16,0,2
BRDA:231,17,0,1
BRDA:231,17,1,1
BRDA:233,18,0,8
BRDA:238,19,0,3
BRDA:253,20,0,3
BRDA:289,21,0,1
BRDA:299,22,0,1
BRDA:307,23,0,1
BRDA:314,24,0,0
BRDA:376,25,0,4
BRDA:376,25,1,0
BRDA:377,26,0,4
BRDA:377,26,1,0
BRDA:382,27,0,1
BRDA:385,28,0,1
BRDA:419,29,0,3
BRDA:419,29,1,2
BRDA:420,30,0,3
BRDA:420,30,1,2
BRDA:428,31,0,1
BRDA:98,32,0,2
BRDA:98,32,1,0
BRDA:98,33,0,2
BRDA:98,33,1,2
BRDA:98,34,0,2
BRDA:98,34,1,0
BRDA:98,35,0,2
BRDA:98,35,1,2
BRF:52
BRH:45
end_of_record
TN:
SF:src/modules/pastoral/services/intervention.service.ts
FN:125,addDays
FN:131,buildReviewJobId
FN:135,toDateString
FN:145,(anonymous_7)
FN:153,(anonymous_8)
FN:160,(anonymous_9)
FN:185,(anonymous_10)
FN:185,(anonymous_11)
FN:251,(anonymous_12)
FN:257,(anonymous_13)
FN:381,(anonymous_14)
FN:406,(anonymous_15)
FN:438,(anonymous_16)
FN:451,(anonymous_17)
FN:454,(anonymous_18)
FN:466,(anonymous_19)
FN:485,(anonymous_20)
FN:497,(anonymous_21)
FN:505,(anonymous_22)
FN:600,(anonymous_23)
FN:608,(anonymous_24)
FN:693,(anonymous_25)
FN:701,(anonymous_26)
FN:768,(anonymous_27)
FN:771,(anonymous_28)
FN:779,(anonymous_29)
FN:787,(anonymous_30)
FN:833,(anonymous_31)
FN:836,(anonymous_32)
FN:848,(anonymous_33)
FN:859,(anonymous_34)
FN:879,(anonymous_35)
FN:914,(anonymous_36)
FNF:33
FNH:33
FNDA:32,addDays
FNDA:26,buildReviewJobId
FNDA:50,toDateString
FNDA:75,(anonymous_7)
FNDA:13,(anonymous_8)
FNDA:13,(anonymous_9)
FNDA:27,(anonymous_10)
FNDA:27,(anonymous_11)
FNDA:2,(anonymous_12)
FNDA:2,(anonymous_13)
FNDA:7,(anonymous_14)
FNDA:7,(anonymous_15)
FNDA:2,(anonymous_16)
FNDA:1,(anonymous_17)
FNDA:1,(anonymous_18)
FNDA:3,(anonymous_19)
FNDA:3,(anonymous_20)
FNDA:6,(anonymous_21)
FNDA:6,(anonymous_22)
FNDA:19,(anonymous_23)
FNDA:19,(anonymous_24)
FNDA:10,(anonymous_25)
FNDA:10,(anonymous_26)
FNDA:3,(anonymous_27)
FNDA:3,(anonymous_28)
FNDA:4,(anonymous_29)
FNDA:4,(anonymous_30)
FNDA:1,(anonymous_31)
FNDA:1,(anonymous_32)
FNDA:20,(anonymous_33)
FNDA:12,(anonymous_34)
FNDA:16,(anonymous_35)
FNDA:12,(anonymous_36)
DA:1,2
DA:2,2
DA:9,2
DA:12,2
DA:22,2
DA:23,2
DA:25,2
DA:105,2
DA:113,2
DA:121,2
DA:126,32
DA:127,32
DA:128,32
DA:132,26
DA:136,50
DA:142,2
DA:143,75
DA:146,75
DA:147,75
DA:148,75
DA:158,13
DA:160,13
DA:161,13
DA:164,13
DA:169,13
DA:170,1
DA:176,12
DA:177,3
DA:184,9
DA:185,27
DA:187,9
DA:188,1
DA:195,8
DA:196,8
DA:197,8
DA:200,8
DA:221,8
DA:224,8
DA:246,8
DA:255,2
DA:257,2
DA:258,2
DA:260,2
DA:305,2
DA:306,1
DA:312,1
DA:353,1
DA:385,7
DA:387,7
DA:388,7
DA:389,7
DA:391,7
DA:393,7
DA:394,1
DA:396,7
DA:397,1
DA:399,7
DA:400,1
DA:402,7
DA:403,1
DA:406,7
DA:407,7
DA:409,7
DA:424,7
DA:426,7
DA:437,7
DA:438,2
DA:452,1
DA:454,1
DA:455,1
DA:457,1
DA:471,3
DA:473,3
DA:478,3
DA:479,1
DA:481,3
DA:482,1
DA:485,3
DA:486,3
DA:488,3
DA:503,6
DA:505,6
DA:506,6
DA:508,6
DA:512,6
DA:513,1
DA:519,5
DA:522,3
DA:534,3
DA:535,3
DA:537,3
DA:538,1
DA:539,1
DA:541,3
DA:542,1
DA:543,1
DA:545,3
DA:546,1
DA:547,1
DA:549,3
DA:550,1
DA:551,1
DA:553,3
DA:554,3
DA:555,3
DA:557,3
DA:558,1
DA:559,1
DA:561,3
DA:562,1
DA:563,1
DA:565,3
DA:566,2
DA:567,2
DA:570,3
DA:576,3
DA:592,3
DA:595,3
DA:606,19
DA:608,19
DA:609,19
DA:611,19
DA:615,19
DA:616,1
DA:623,18
DA:624,2
DA:631,16
DA:632,1
DA:639,15
DA:640,3
DA:646,12
DA:648,12
DA:657,12
DA:658,1
DA:664,12
DA:668,12
DA:671,12
DA:688,12
DA:699,10
DA:701,10
DA:702,10
DA:704,10
DA:708,10
DA:709,1
DA:715,9
DA:718,8
DA:719,8
DA:720,8
DA:722,8
DA:728,8
DA:729,2
DA:740,8
DA:757,8
DA:761,8
DA:763,8
DA:769,3
DA:771,3
DA:772,3
DA:773,3
DA:785,4
DA:787,4
DA:788,4
DA:791,4
DA:795,4
DA:796,1
DA:802,3
DA:813,3
DA:830,3
DA:834,1
DA:836,1
DA:837,1
DA:839,1
DA:849,20
DA:850,8
DA:863,12
DA:867,12
DA:869,1
DA:872,11
DA:873,11
DA:874,11
DA:876,11
DA:880,16
DA:881,16
DA:882,16
DA:885,16
DA:886,16
DA:888,16
DA:905,15
DA:907,1
DA:915,12
DA:918,12
DA:923,11
DA:924,10
DA:925,10
DA:926,10
DA:927,2
DA:928,2
DA:933,1
LF:198
LH:198
BRDA:169,0,0,1
BRDA:176,1,0,3
BRDA:187,2,0,1
BRDA:196,3,0,8
BRDA:196,3,1,0
BRDA:210,4,0,8
BRDA:210,4,1,0
BRDA:211,5,0,8
BRDA:211,5,1,7
BRDA:212,6,0,8
BRDA:212,6,1,7
BRDA:213,7,0,8
BRDA:213,7,1,7
BRDA:305,8,0,1
BRDA:387,9,0,7
BRDA:387,9,1,0
BRDA:388,10,0,7
BRDA:388,10,1,0
BRDA:393,11,0,1
BRDA:396,12,0,1
BRDA:399,13,0,1
BRDA:402,14,0,1
BRDA:440,15,0,1
BRDA:440,15,1,1
BRDA:443,16,0,2
BRDA:443,16,1,1
BRDA:478,17,0,1
BRDA:481,18,0,1
BRDA:512,19,0,1
BRDA:537,20,0,1
BRDA:541,21,0,1
BRDA:545,22,0,1
BRDA:549,23,0,1
BRDA:553,24,0,3
BRDA:557,25,0,1
BRDA:561,26,0,1
BRDA:565,27,0,2
BRDA:615,28,0,1
BRDA:623,29,0,2
BRDA:631,30,0,1
BRDA:639,31,0,3
BRDA:639,32,0,15
BRDA:639,32,1,13
BRDA:657,33,0,1
BRDA:708,34,0,1
BRDA:728,35,0,2
BRDA:728,36,0,8
BRDA:728,36,1,3
BRDA:752,37,0,8
BRDA:752,37,1,4
BRDA:795,38,0,1
BRDA:849,39,0,8
BRDA:867,40,0,1
BRDA:873,41,0,11
BRDA:873,41,1,1
BRDA:909,42,0,1
BRDA:909,42,1,0
BRDA:923,43,0,10
BRDA:926,44,0,2
BRDA:935,45,0,1
BRDA:935,45,1,0
BRDA:146,46,0,2
BRDA:146,46,1,0
BRDA:146,47,0,2
BRDA:146,47,1,2
BRDA:146,48,0,2
BRDA:146,48,1,0
BRDA:146,49,0,2
BRDA:146,49,1,2
BRF:69
BRH:61
end_of_record
TN:
SF:src/modules/pastoral/services/neps-visit.service.ts
FN:89,(anonymous_2)
FN:96,(anonymous_3)
FN:106,(anonymous_4)
FN:142,(anonymous_5)
FN:149,(anonymous_6)
FN:185,(anonymous_7)
FN:191,(anonymous_8)
FN:220,(anonymous_9)
FN:227,(anonymous_10)
FN:262,(anonymous_11)
FN:265,(anonymous_12)
FN:287,(anonymous_13)
FN:295,(anonymous_14)
FN:336,(anonymous_15)
FN:343,(anonymous_16)
FN:366,(anonymous_17)
FN:372,(anonymous_18)
FNF:17
FNH:17
FNDA:12,(anonymous_2)
FNDA:1,(anonymous_3)
FNDA:1,(anonymous_4)
FNDA:2,(anonymous_5)
FNDA:2,(anonymous_6)
FNDA:2,(anonymous_7)
FNDA:2,(anonymous_8)
FNDA:1,(anonymous_9)
FNDA:1,(anonymous_10)
FNDA:2,(anonymous_11)
FNDA:2,(anonymous_12)
FNDA:2,(anonymous_13)
FNDA:2,(anonymous_14)
FNDA:1,(anonymous_15)
FNDA:1,(anonymous_16)
FNDA:1,(anonymous_17)
FNDA:1,(anonymous_18)
DA:1,2
DA:7,2
DA:9,2
DA:10,2
DA:12,2
DA:86,2
DA:87,12
DA:90,12
DA:91,12
DA:101,1
DA:106,1
DA:107,1
DA:109,1
DA:121,1
DA:137,1
DA:146,2
DA:147,2
DA:149,2
DA:150,2
DA:152,2
DA:154,2
DA:155,1
DA:156,1
DA:157,1
DA:159,1
DA:160,1
DA:162,1
DA:165,2
DA:176,2
DA:189,2
DA:191,2
DA:192,2
DA:194,2
DA:207,2
DA:208,1
DA:214,1
DA:225,1
DA:227,1
DA:228,1
DA:230,1
DA:234,1
DA:235,0
DA:241,1
DA:243,1
DA:244,0
DA:246,1
DA:247,1
DA:249,1
DA:250,1
DA:253,1
DA:263,2
DA:265,2
DA:266,2
DA:268,2
DA:272,2
DA:273,1
DA:279,1
DA:292,2
DA:294,2
DA:295,2
DA:296,2
DA:299,2
DA:303,2
DA:304,0
DA:310,2
DA:321,1
DA:325,1
DA:330,0
DA:341,1
DA:343,1
DA:344,1
DA:346,1
DA:350,1
DA:351,0
DA:357,1
DA:370,1
DA:372,1
DA:373,1
DA:375,1
DA:379,1
DA:380,0
DA:386,1
LF:82
LH:76
BRDA:114,0,0,1
BRDA:114,0,1,1
BRDA:154,1,0,1
BRDA:154,2,0,2
BRDA:154,2,1,1
BRDA:156,3,0,1
BRDA:159,4,0,1
BRDA:207,5,0,1
BRDA:234,6,0,0
BRDA:243,7,0,0
BRDA:246,8,0,1
BRDA:249,9,0,1
BRDA:272,10,0,1
BRDA:303,11,0,0
BRDA:315,12,0,2
BRDA:315,12,1,1
BRDA:321,13,0,1
BRDA:322,14,0,1
BRDA:322,14,1,1
BRDA:350,15,0,0
BRDA:359,16,0,1
BRDA:359,16,1,0
BRDA:379,17,0,0
BRDA:90,18,0,2
BRDA:90,18,1,0
BRDA:90,19,0,2
BRDA:90,19,1,2
BRDA:90,20,0,2
BRDA:90,20,1,0
BRDA:90,21,0,2
BRDA:90,21,1,2
BRF:31
BRH:23
end_of_record
TN:
SF:src/modules/pastoral/services/parent-contact.service.ts
FN:58,(anonymous_2)
FN:65,(anonymous_3)
FN:75,(anonymous_4)
FN:123,(anonymous_5)
FN:153,(anonymous_6)
FN:171,(anonymous_7)
FN:179,(anonymous_8)
FN:185,(anonymous_9)
FN:210,(anonymous_10)
FNF:9
FNH:9
FNDA:8,(anonymous_2)
FNDA:2,(anonymous_3)
FNDA:2,(anonymous_4)
FNDA:4,(anonymous_5)
FNDA:4,(anonymous_6)
FNDA:8,(anonymous_7)
FNDA:2,(anonymous_8)
FNDA:2,(anonymous_9)
FNDA:9,(anonymous_10)
DA:1,2
DA:6,2
DA:7,2
DA:9,2
DA:57,2
DA:59,8
DA:60,8
DA:70,2
DA:75,2
DA:76,2
DA:78,2
DA:95,2
DA:113,2
DA:127,4
DA:132,4
DA:134,4
DA:138,4
DA:139,4
DA:140,4
DA:141,4
DA:143,4
DA:144,0
DA:145,0
DA:146,0
DA:149,4
DA:150,4
DA:151,0
DA:153,4
DA:154,4
DA:156,4
DA:171,8
DA:173,4
DA:180,2
DA:185,2
DA:186,2
DA:188,2
DA:198,2
DA:199,1
DA:205,1
DA:211,9
DA:214,9
DA:217,9
DA:221,9
LF:43
LH:39
BRDA:82,0,0,2
BRDA:82,0,1,1
BRDA:83,1,0,2
BRDA:83,1,1,1
BRDA:89,2,0,2
BRDA:89,2,1,2
BRDA:138,3,0,0
BRDA:139,4,0,1
BRDA:140,5,0,1
BRDA:141,6,0,0
BRDA:143,7,0,0
BRDA:143,8,0,4
BRDA:143,8,1,4
BRDA:145,9,0,0
BRDA:146,10,0,0
BRDA:150,11,0,4
BRDA:150,11,1,0
BRDA:198,12,0,1
BRDA:211,13,0,9
BRDA:211,13,1,0
BRDA:214,14,0,9
BRDA:214,14,1,0
BRDA:217,15,0,9
BRDA:217,15,1,0
BRDA:59,16,0,2
BRDA:59,16,1,0
BRDA:59,17,0,2
BRDA:59,17,1,2
BRDA:59,18,0,2
BRDA:59,18,1,0
BRDA:59,19,0,2
BRDA:59,19,1,2
BRF:32
BRH:21
end_of_record
TN:
SF:src/modules/pastoral/services/parent-pastoral.service.ts
FN:69,(anonymous_2)
FN:78,(anonymous_3)
FN:93,(anonymous_4)
FN:102,(anonymous_5)
FN:136,(anonymous_6)
FN:138,(anonymous_7)
FN:143,(anonymous_8)
FN:177,(anonymous_9)
FN:206,(anonymous_10)
FN:227,(anonymous_11)
FN:304,(anonymous_12)
FN:313,(anonymous_13)
FN:347,(anonymous_14)
FN:349,(anonymous_15)
FN:354,(anonymous_16)
FN:384,(anonymous_17)
FN:406,(anonymous_18)
FN:436,(anonymous_19)
FN:447,(anonymous_20)
FN:458,(anonymous_21)
FN:502,(anonymous_22)
FN:508,(anonymous_23)
FN:514,(anonymous_24)
FNF:23
FNH:23
FNDA:30,(anonymous_2)
FNDA:30,(anonymous_3)
FNDA:12,(anonymous_4)
FNDA:11,(anonymous_5)
FNDA:9,(anonymous_6)
FNDA:9,(anonymous_7)
FNDA:1,(anonymous_8)
FNDA:7,(anonymous_9)
FNDA:7,(anonymous_10)
FNDA:6,(anonymous_11)
FNDA:9,(anonymous_12)
FNDA:9,(anonymous_13)
FNDA:9,(anonymous_14)
FNDA:9,(anonymous_15)
FNDA:3,(anonymous_16)
FNDA:7,(anonymous_17)
FNDA:21,(anonymous_18)
FNDA:7,(anonymous_19)
FNDA:7,(anonymous_20)
FNDA:5,(anonymous_21)
FNDA:7,(anonymous_22)
FNDA:8,(anonymous_23)
FNDA:7,(anonymous_24)
DA:1,2
DA:10,2
DA:11,2
DA:12,2
DA:13,2
DA:15,2
DA:66,2
DA:67,30
DA:70,30
DA:71,30
DA:72,30
DA:73,30
DA:79,30
DA:81,30
DA:82,2
DA:88,28
DA:98,12
DA:100,11
DA:102,11
DA:103,11
DA:104,11
DA:107,11
DA:114,11
DA:115,1
DA:119,10
DA:121,10
DA:122,11
DA:123,11
DA:124,9
DA:132,10
DA:133,1
DA:136,9
DA:137,9
DA:138,9
DA:142,9
DA:143,1
DA:146,9
DA:147,1
DA:151,8
DA:152,8
DA:159,8
DA:177,8
DA:178,7
DA:179,7
DA:189,7
DA:190,1
DA:191,6
DA:192,2
DA:193,2
DA:197,7
DA:200,8
DA:211,7
DA:214,7
DA:215,7
DA:216,1
DA:222,6
DA:227,6
DA:228,6
DA:231,6
DA:235,6
DA:236,1
DA:243,5
DA:257,5
DA:269,5
DA:272,5
DA:293,5
DA:309,9
DA:311,9
DA:313,9
DA:314,9
DA:315,9
DA:318,9
DA:325,9
DA:326,0
DA:330,9
DA:332,9
DA:333,10
DA:334,10
DA:335,9
DA:343,9
DA:344,1
DA:347,9
DA:348,8
DA:349,9
DA:353,8
DA:354,3
DA:357,8
DA:358,1
DA:362,7
DA:384,7
DA:397,7
DA:413,21
DA:430,21
DA:437,7
DA:439,7
DA:440,7
DA:448,7
DA:449,7
DA:451,7
DA:464,5
DA:466,5
DA:481,5
DA:484,1
DA:492,0
DA:505,7
DA:506,6
DA:509,8
DA:514,7
LF:108
LH:106
BRDA:81,0,0,2
BRDA:114,1,0,1
BRDA:123,2,0,9
BRDA:132,3,0,1
BRDA:142,4,0,1
BRDA:142,4,1,8
BRDA:146,5,0,1
BRDA:178,6,0,7
BRDA:178,6,1,1
BRDA:182,7,0,7
BRDA:182,7,1,0
BRDA:189,8,0,1
BRDA:189,8,1,6
BRDA:191,9,0,2
BRDA:215,10,0,1
BRDA:235,11,0,1
BRDA:249,12,0,5
BRDA:249,12,1,4
BRDA:283,13,0,5
BRDA:283,13,1,4
BRDA:325,14,0,0
BRDA:334,15,0,9
BRDA:343,16,0,1
BRDA:353,17,0,2
BRDA:353,17,1,6
BRDA:357,18,0,1
BRDA:387,19,0,7
BRDA:387,19,1,1
BRDA:394,20,0,6
BRDA:394,20,1,1
BRDA:439,21,0,7
BRDA:439,21,1,1
BRDA:440,22,0,7
BRDA:440,22,1,1
BRDA:481,23,0,4
BRDA:494,24,0,0
BRDA:494,24,1,0
BRDA:505,25,0,1
BRDA:509,26,0,8
BRDA:509,26,1,8
BRDA:509,26,2,8
BRDA:509,26,3,7
BRDA:70,27,0,2
BRDA:70,27,1,0
BRDA:70,28,0,2
BRDA:70,28,1,2
BRDA:70,29,0,2
BRDA:70,29,1,0
BRDA:70,30,0,2
BRDA:70,30,1,2
BRDA:71,31,0,2
BRDA:71,31,1,0
BRDA:71,32,0,2
BRDA:71,32,1,2
BRDA:72,33,0,2
BRDA:72,33,1,0
BRDA:72,34,0,2
BRDA:72,34,1,2
BRF:58
BRH:50
end_of_record
TN:
SF:src/modules/pastoral/services/pastoral-dsar.service.ts
FN:141,(anonymous_2)
FN:149,(anonymous_3)
FN:164,(anonymous_4)
FN:346,(anonymous_5)
FN:358,(anonymous_6)
FN:385,(anonymous_7)
FN:397,(anonymous_8)
FN:432,(anonymous_9)
FN:445,(anonymous_10)
FN:512,(anonymous_11)
FN:524,(anonymous_12)
FN:543,(anonymous_13)
FN:548,(anonymous_14)
FN:565,(anonymous_15)
FN:573,(anonymous_16)
FN:619,(anonymous_17)
FN:623,(anonymous_18)
FN:641,(anonymous_19)
FN:696,(anonymous_20)
FN:731,(anonymous_21)
FN:767,(anonymous_22)
FN:902,(anonymous_23)
FN:1003,(anonymous_24)
FN:1019,(anonymous_25)
FN:1025,(anonymous_26)
FN:1033,(anonymous_27)
FNF:26
FNH:26
FNDA:82,(anonymous_2)
FNDA:13,(anonymous_3)
FNDA:13,(anonymous_4)
FNDA:9,(anonymous_5)
FNDA:9,(anonymous_6)
FNDA:27,(anonymous_7)
FNDA:27,(anonymous_8)
FNDA:16,(anonymous_9)
FNDA:16,(anonymous_10)
FNDA:2,(anonymous_11)
FNDA:2,(anonymous_12)
FNDA:2,(anonymous_13)
FNDA:2,(anonymous_14)
FNDA:18,(anonymous_15)
FNDA:18,(anonymous_16)
FNDA:80,(anonymous_17)
FNDA:13,(anonymous_18)
FNDA:16,(anonymous_19)
FNDA:13,(anonymous_20)
FNDA:9,(anonymous_21)
FNDA:21,(anonymous_22)
FNDA:25,(anonymous_23)
FNDA:22,(anonymous_24)
FNDA:21,(anonymous_25)
FNDA:11,(anonymous_26)
FNDA:11,(anonymous_27)
DA:1,2
DA:3,2
DA:4,2
DA:5,2
DA:7,2
DA:138,2
DA:139,82
DA:142,82
DA:143,82
DA:144,82
DA:156,13
DA:157,13
DA:159,13
DA:164,13
DA:165,13
DA:168,13
DA:185,13
DA:202,13
DA:214,13
DA:226,13
DA:231,13
DA:232,13
DA:233,6
DA:238,13
DA:239,13
DA:242,13
DA:243,6
DA:252,6
DA:253,5
DA:254,5
DA:258,13
DA:259,2
DA:268,2
DA:269,2
DA:270,2
DA:274,13
DA:275,3
DA:276,3
DA:285,3
DA:286,3
DA:287,3
DA:291,13
DA:292,3
DA:293,3
DA:302,3
DA:303,3
DA:304,3
DA:308,13
DA:309,1
DA:318,1
DA:319,1
DA:324,13
DA:325,1
DA:334,1
DA:335,1
DA:336,1
DA:340,13
DA:351,9
DA:353,9
DA:358,9
DA:359,9
DA:361,9
DA:363,9
DA:364,9
DA:366,9
DA:376,9
DA:390,27
DA:392,27
DA:397,27
DA:398,27
DA:400,27
DA:404,27
DA:405,1
DA:412,26
DA:413,1
DA:419,25
DA:426,25
DA:438,16
DA:440,16
DA:445,16
DA:446,16
DA:448,16
DA:452,16
DA:453,1
DA:460,15
DA:461,1
DA:468,14
DA:469,1
DA:476,13
DA:478,7
DA:490,7
DA:506,7
DA:517,2
DA:519,2
DA:524,2
DA:525,2
DA:527,2
DA:533,2
DA:534,1
DA:537,2
DA:544,2
DA:548,2
DA:549,2
DA:551,2
DA:559,2
DA:569,18
DA:573,18
DA:574,18
DA:576,18
DA:585,18
DA:587,18
DA:588,22
DA:590,22
DA:592,18
DA:601,18
DA:602,11
DA:603,11
DA:606,18
DA:609,18
DA:620,80
DA:627,13
DA:628,6
DA:631,7
DA:633,7
DA:650,16
DA:659,16
DA:661,15
DA:672,15
DA:690,15
DA:697,13
DA:698,3
DA:699,2
DA:706,11
DA:707,6
DA:708,2
DA:713,4
DA:714,1
DA:719,3
DA:720,1
DA:736,9
DA:738,9
DA:739,3
DA:742,9
DA:743,1
DA:744,8
DA:745,1
DA:748,9
DA:749,1
DA:752,9
DA:753,1
DA:757,9
DA:758,7
DA:761,9
DA:773,21
DA:774,4
DA:780,4
DA:781,3
DA:784,3
DA:794,17
DA:795,2
DA:798,2
DA:799,2
DA:800,2
DA:808,15
DA:809,3
DA:812,3
DA:813,3
DA:814,3
DA:824,12
DA:825,4
DA:836,4
DA:837,4
DA:838,4
DA:851,8
DA:852,3
DA:863,3
DA:864,3
DA:865,3
DA:877,5
DA:878,3
DA:881,3
DA:882,3
DA:883,3
DA:894,2
DA:895,2
DA:908,25
DA:909,3
DA:915,3
DA:916,2
DA:919,2
DA:920,2
DA:921,2
DA:924,22
DA:925,3
DA:928,3
DA:929,2
DA:931,2
DA:932,2
DA:935,19
DA:936,3
DA:939,3
DA:940,2
DA:942,2
DA:945,2
DA:948,16
DA:949,4
DA:959,4
DA:960,3
DA:961,3
DA:963,3
DA:964,3
DA:967,12
DA:968,4
DA:978,4
DA:979,3
DA:980,3
DA:982,3
DA:983,3
DA:986,8
DA:987,6
DA:990,6
DA:991,5
DA:993,5
DA:996,5
DA:997,5
DA:1000,2
DA:1007,22
DA:1008,1
DA:1011,1
DA:1014,21
DA:1019,21
DA:1020,21
DA:1021,21
DA:1026,11
DA:1027,13
DA:1028,13
DA:1034,11
DA:1037,3
DA:1039,2
DA:1041,2
DA:1043,2
DA:1045,2
DA:1047,0
LF:243
LH:242
BRDA:156,0,0,13
BRDA:156,0,1,0
BRDA:232,1,0,6
BRDA:252,2,0,5
BRDA:254,3,0,1
BRDA:268,4,0,2
BRDA:270,5,0,1
BRDA:275,6,0,3
BRDA:275,6,1,1
BRDA:285,7,0,3
BRDA:287,8,0,1
BRDA:292,9,0,3
BRDA:292,9,1,1
BRDA:302,10,0,3
BRDA:304,11,0,1
BRDA:318,12,0,1
BRDA:334,13,0,1
BRDA:363,14,0,9
BRDA:363,14,1,8
BRDA:364,15,0,9
BRDA:364,15,1,8
BRDA:404,16,0,1
BRDA:412,17,0,1
BRDA:412,18,0,26
BRDA:412,18,1,4
BRDA:452,19,0,1
BRDA:460,20,0,1
[...]
FN:182,(anonymous_4)
FN:190,(anonymous_5)
FN:200,(anonymous_6)
FN:208,(anonymous_7)
FN:218,(anonymous_8)
FN:226,(anonymous_9)
FN:236,(anonymous_10)
FN:244,(anonymous_11)
FN:254,(anonymous_12)
FNF:11
FNH:11
FNDA:5,(anonymous_2)
FNDA:1,(anonymous_3)
FNDA:1,(anonymous_4)
FNDA:1,(anonymous_5)
FNDA:1,(anonymous_6)
FNDA:1,(anonymous_7)
FNDA:1,(anonymous_8)
FNDA:1,(anonymous_9)
FNDA:1,(anonymous_10)
FNDA:1,(anonymous_11)
FNDA:1,(anonymous_12)
DA:1,3
DA:5,3
DA:6,3
DA:8,3
DA:9,3
DA:10,3
DA:11,3
DA:12,3
DA:159,3
DA:161,5
DA:162,5
DA:163,5
DA:164,5
DA:165,5
DA:166,5
DA:177,1
DA:182,1
DA:183,1
DA:184,1
DA:195,1
DA:200,1
DA:201,1
DA:202,1
DA:213,1
DA:218,1
DA:219,1
DA:220,1
DA:231,1
DA:236,1
DA:237,1
DA:238,1
DA:249,1
DA:254,1
DA:255,1
DA:256,1
LF:35
LH:35
BRDA:161,0,0,3
BRDA:161,0,1,0
BRDA:161,1,0,3
BRDA:161,1,1,3
BRDA:161,2,0,3
BRDA:161,2,1,0
BRDA:161,3,0,3
BRDA:161,3,1,3
BRDA:162,4,0,3
BRDA:162,4,1,0
BRDA:162,5,0,3
BRDA:162,5,1,3
BRDA:163,6,0,3
BRDA:163,6,1,0
BRDA:163,7,0,3
BRDA:163,7,1,3
BRDA:164,8,0,3
BRDA:164,8,1,0
BRDA:164,9,0,3
BRDA:164,9,1,3
BRDA:165,10,0,3
BRDA:165,10,1,0
BRDA:165,11,0,3
BRDA:165,11,1,3
BRF:24
BRH:18
end_of_record
TN:
SF:src/modules/pastoral/services/referral-prepopulate.service.ts
FN:62,(anonymous_2)
FN:70,(anonymous_3)
FN:76,(anonymous_4)
FN:105,(anonymous_5)
FN:142,(anonymous_6)
FN:145,(anonymous_7)
FN:173,(anonymous_8)
FN:202,(anonymous_9)
FN:258,(anonymous_10)
FN:264,(anonymous_11)
FN:277,(anonymous_12)
FN:302,(anonymous_13)
FN:368,(anonymous_14)
FN:388,(anonymous_15)
FN:401,(anonymous_16)
FN:420,(anonymous_17)
FNF:16
FNH:16
FNDA:21,(anonymous_2)
FNDA:21,(anonymous_3)
FNDA:21,(anonymous_4)
FNDA:21,(anonymous_5)
FNDA:27,(anonymous_6)
FNDA:27,(anonymous_7)
FNDA:21,(anonymous_8)
FNDA:15,(anonymous_9)
FNDA:16,(anonymous_10)
FNDA:7,(anonymous_11)
FNDA:3,(anonymous_12)
FNDA:21,(anonymous_13)
FNDA:21,(anonymous_14)
FNDA:3,(anonymous_15)
FNDA:21,(anonymous_16)
FNDA:11,(anonymous_17)
DA:1,2
DA:3,2
DA:4,2
DA:59,2
DA:60,21
DA:62,21
DA:74,21
DA:76,21
DA:77,21
DA:80,21
DA:88,21
DA:111,21
DA:116,21
DA:117,1
DA:118,1
DA:128,20
DA:140,20
DA:141,20
DA:142,27
DA:144,20
DA:145,27
DA:149,20
DA:151,20
DA:179,21
DA:184,21
DA:185,1
DA:189,20
DA:198,20
DA:199,12
DA:202,15
DA:206,8
DA:225,8
DA:226,1
DA:230,7
DA:235,7
DA:236,12
DA:237,12
DA:238,12
DA:240,12
DA:242,11
DA:243,8
DA:245,11
DA:247,11
DA:248,11
DA:250,11
DA:254,7
DA:256,7
DA:258,16
DA:260,8
DA:261,8
DA:263,8
DA:264,7
DA:267,8
DA:270,8
DA:272,8
DA:273,3
DA:274,3
DA:276,3
DA:277,3
DA:280,3
DA:281,3
DA:282,3
DA:283,1
DA:284,2
DA:285,1
DA:287,1
DA:292,8
DA:295,7
DA:308,21
DA:313,21
DA:314,1
DA:322,20
DA:342,20
DA:343,20
DA:344,6
DA:345,6
DA:348,20
DA:350,20
DA:373,21
DA:388,21
DA:406,21
DA:420,21
LF:82
LH:82
BRDA:116,0,0,1
BRDA:142,1,0,27
BRDA:142,1,1,7
BRDA:149,2,0,4
BRDA:149,2,1,16
BRDA:156,3,0,20
BRDA:156,3,1,4
BRDA:158,4,0,19
BRDA:158,4,1,1
BRDA:161,5,0,19
BRDA:161,5,1,1
BRDA:184,6,0,1
BRDA:198,7,0,12
BRDA:225,8,0,1
BRDA:238,9,0,11
BRDA:238,9,1,1
BRDA:240,10,0,1
BRDA:242,11,0,8
BRDA:247,12,0,11
BRDA:261,13,0,7
BRDA:261,13,1,1
BRDA:261,14,0,7
BRDA:261,14,1,0
BRDA:263,15,0,7
BRDA:263,15,1,1
BRDA:267,16,0,7
BRDA:267,16,1,1
BRDA:272,17,0,3
BRDA:274,18,0,3
BRDA:274,18,1,0
BRDA:276,19,0,3
BRDA:276,19,1,0
BRDA:280,20,0,3
BRDA:280,21,0,3
BRDA:280,21,1,3
BRDA:282,22,0,1
BRDA:282,22,1,2
BRDA:284,23,0,1
BRDA:284,23,1,1
BRDA:313,24,0,1
BRDA:345,25,0,6
BRDA:345,25,1,4
BRDA:354,26,0,19
BRDA:354,26,1,1
BRDA:357,27,0,19
BRDA:357,27,1,1
BRDA:390,28,0,3
BRDA:390,28,1,2
BRDA:62,29,0,2
BRDA:62,29,1,0
BRDA:62,30,0,2
BRDA:62,30,1,2
BRF:52
BRH:48
end_of_record
TN:
SF:src/modules/pastoral/services/referral-recommendation.service.ts
FN:43,toDisplayStatus
FN:47,toPrismaStatus
FN:65,isValidTransition
FN:76,(anonymous_5)
FN:83,(anonymous_6)
FN:91,(anonymous_7)
FN:141,(anonymous_8)
FN:144,(anonymous_9)
FN:161,(anonymous_10)
FN:172,(anonymous_11)
FN:253,(anonymous_12)
FN:256,(anonymous_13)
FNF:12
FNH:12
FNDA:6,toDisplayStatus
FNDA:4,toPrismaStatus
FNDA:6,isValidTransition
FNDA:15,(anonymous_5)
FNDA:3,(anonymous_6)
FNDA:3,(anonymous_7)
FNDA:1,(anonymous_8)
FNDA:1,(anonymous_9)
FNDA:8,(anonymous_10)
FNDA:8,(anonymous_11)
FNDA:3,(anonymous_12)
FNDA:3,(anonymous_13)
DA:1,3
DA:2,3
DA:6,3
DA:7,3
DA:9,3
DA:29,3
DA:36,3
DA:44,6
DA:48,4
DA:49,4
DA:50,0
DA:55,4
DA:60,3
DA:66,6
DA:67,6
DA:73,3
DA:74,15
DA:77,15
DA:78,15
DA:89,3
DA:91,3
DA:92,3
DA:95,3
DA:100,3
DA:101,1
DA:107,2
DA:120,2
DA:136,2
DA:142,1
DA:144,1
DA:145,1
DA:147,1
DA:167,8
DA:169,8
DA:172,8
DA:173,8
DA:175,8
DA:179,8
DA:180,1
DA:186,7
DA:189,7
DA:190,6
DA:192,6
DA:193,1
DA:200,5
DA:201,1
DA:207,4
DA:208,4
DA:209,4
DA:212,5
DA:213,1
DA:216,5
DA:217,1
DA:220,5
DA:221,0
DA:224,5
DA:231,5
DA:232,4
DA:248,5
DA:254,3
DA:256,3
DA:257,3
DA:259,3
DA:272,3
LF:64
LH:62
BRDA:44,0,0,6
BRDA:44,0,1,0
BRDA:49,1,0,0
BRDA:67,2,0,6
BRDA:67,2,1,5
BRDA:100,3,0,1
BRDA:112,4,0,2
BRDA:112,4,1,0
BRDA:113,5,0,1
BRDA:113,5,1,1
BRDA:131,6,0,2
BRDA:131,6,1,0
BRDA:179,7,0,1
BRDA:189,8,0,6
BRDA:192,9,0,1
BRDA:200,10,0,1
BRDA:200,11,0,5
BRDA:200,11,1,2
BRDA:212,12,0,1
BRDA:216,13,0,1
BRDA:220,14,0,0
BRDA:221,15,0,0
BRDA:221,15,1,0
BRDA:231,16,0,4
BRDA:77,17,0,3
BRDA:77,17,1,0
BRDA:77,18,0,3
BRDA:77,18,1,3
BRDA:77,19,0,3
BRDA:77,19,1,0
BRDA:77,20,0,3
BRDA:77,20,1,3
BRF:32
BRH:23
end_of_record
TN:
SF:src/modules/pastoral/services/referral.service.ts
FN:113,(anonymous_2)
FN:121,(anonymous_3)
FN:124,(anonymous_4)
FN:170,(anonymous_5)
FN:205,(anonymous_6)
FN:233,(anonymous_7)
FN:236,(anonymous_8)
FN:278,(anonymous_9)
FN:281,(anonymous_10)
FN:331,(anonymous_11)
FN:340,(anonymous_12)
FN:348,(anonymous_13)
FN:361,(anonymous_14)
FN:373,(anonymous_15)
FN:387,(anonymous_16)
FN:406,(anonymous_17)
FN:414,(anonymous_18)
FN:468,(anonymous_19)
FN:487,(anonymous_20)
FN:513,(anonymous_21)
FN:532,(anonymous_22)
FN:541,(anonymous_23)
FN:591,(anonymous_24)
FN:604,(anonymous_25)
FNF:24
FNH:24
FNDA:56,(anonymous_2)
FNDA:4,(anonymous_3)
FNDA:4,(anonymous_4)
FNDA:8,(anonymous_5)
FNDA:8,(anonymous_6)
FNDA:2,(anonymous_7)
FNDA:2,(anonymous_8)
FNDA:8,(anonymous_9)
FNDA:8,(anonymous_10)
FNDA:3,(anonymous_11)
FNDA:3,(anonymous_12)
FNDA:3,(anonymous_13)
FNDA:2,(anonymous_14)
FNDA:4,(anonymous_15)
FNDA:4,(anonymous_16)
FNDA:10,(anonymous_17)
FNDA:10,(anonymous_18)
FNDA:5,(anonymous_19)
FNDA:5,(anonymous_20)
FNDA:2,(anonymous_21)
FNDA:18,(anonymous_22)
FNDA:18,(anonymous_23)
FNDA:16,(anonymous_24)
FNDA:10,(anonymous_25)
DA:1,2
DA:10,2
DA:11,2
DA:13,2
DA:14,2
DA:87,2
DA:96,2
DA:101,2
DA:110,2
DA:111,56
DA:114,56
DA:115,56
DA:116,56
DA:122,4
DA:124,4
DA:125,4
DA:127,4
DA:137,4
DA:138,1
DA:140,4
DA:141,1
DA:144,4
DA:149,4
DA:165,4
DA:174,8
DA:176,8
DA:177,8
DA:178,8
DA:180,8
DA:182,8
DA:183,1
DA:185,8
DA:186,1
DA:188,8
DA:189,1
DA:191,8
DA:192,3
DA:193,3
DA:194,2
DA:196,3
DA:197,2
DA:199,3
DA:202,8
DA:203,8
DA:205,8
DA:206,8
DA:208,8
DA:220,8
DA:222,8
DA:225,8
DA:234,2
DA:236,2
DA:237,2
DA:239,2
DA:263,2
DA:264,1
DA:270,1
DA:273,1
DA:279,8
DA:281,8
DA:282,8
DA:284,8
DA:288,8
DA:289,1
DA:295,7
DA:296,1
DA:302,6
DA:304,6
DA:305,2
DA:307,6
DA:308,1
DA:310,6
DA:311,1
DA:313,6
DA:314,1
DA:316,6
DA:317,1
DA:320,6
DA:326,6
DA:332,3
DA:341,3
DA:354,3
DA:366,2
DA:379,4
DA:392,4
DA:394,4
DA:395,1
DA:401,3
DA:412,10
DA:414,10
DA:415,10
DA:417,10
DA:421,10
DA:422,1
DA:428,9
DA:430,9
DA:431,2
DA:437,7
DA:442,7
DA:448,7
DA:463,7
DA:472,5
DA:474,5
DA:475,5
DA:476,5
DA:478,5
DA:483,5
DA:484,1
DA:487,5
DA:488,5
DA:490,5
DA:502,5
DA:504,5
DA:512,5
DA:513,5
DA:514,2
DA:515,2
DA:516,2
DA:518,2
DA:524,5
DA:539,18
DA:541,18
DA:542,18
DA:544,18
DA:548,18
DA:549,2
DA:555,16
DA:557,10
DA:562,10
DA:568,10
DA:570,10
DA:586,10
DA:592,16
DA:594,16
DA:595,6
DA:605,10
DA:615,10
LF:137
LH:137
BRDA:130,0,0,4
BRDA:130,0,1,3
BRDA:132,1,0,4
BRDA:132,1,1,3
BRDA:137,2,0,1
BRDA:140,3,0,1
BRDA:176,4,0,8
BRDA:176,4,1,0
BRDA:177,5,0,8
BRDA:177,5,1,0
BRDA:182,6,0,1
BRDA:185,7,0,1
BRDA:188,8,0,1
BRDA:191,9,0,3
BRDA:191,10,0,8
BRDA:191,10,1,6
BRDA:193,11,0,2
BRDA:196,12,0,2
BRDA:203,13,0,8
BRDA:203,13,1,0
BRDA:203,14,0,8
BRDA:203,14,1,0
BRDA:263,15,0,1
BRDA:288,16,0,1
BRDA:295,17,0,1
BRDA:304,18,0,2
BRDA:307,19,0,1
BRDA:310,20,0,1
BRDA:313,21,0,1
BRDA:316,22,0,1
BRDA:394,23,0,1
BRDA:421,24,0,1
BRDA:430,25,0,2
BRDA:474,26,0,5
BRDA:474,26,1,1
BRDA:475,27,0,5
BRDA:475,27,1,1
BRDA:483,28,0,1
BRDA:514,29,0,1
BRDA:514,29,1,1
BRDA:548,30,0,2
BRDA:594,31,0,6
BRDA:594,32,0,16
BRDA:594,32,1,16
BRDA:615,33,0,10
BRDA:615,33,1,0
BRDA:114,34,0,2
BRDA:114,34,1,0
BRDA:114,35,0,2
BRDA:114,35,1,2
BRDA:114,36,0,2
BRDA:114,36,1,0
BRDA:114,37,0,2
BRDA:114,37,1,2
BRDA:115,38,0,2
BRDA:115,38,1,0
BRDA:115,39,0,2
BRDA:115,39,1,2
BRF:58
BRH:50
end_of_record
TN:
SF:src/modules/pastoral/services/sst-agenda-generator.service.ts
FN:69,(anonymous_2)
FN:81,(anonymous_3)
FN:96,(anonymous_4)
FN:150,(anonymous_5)
FN:191,(anonymous_6)
FN:192,(anonymous_7)
FN:218,(anonymous_8)
FN:247,(anonymous_9)
FN:267,(anonymous_10)
FN:279,(anonymous_11)
FN:300,(anonymous_12)
FN:312,(anonymous_13)
FN:326,(anonymous_14)
FN:341,(anonymous_15)
FN:373,(anonymous_16)
FN:394,(anonymous_17)
FN:420,(anonymous_18)
FN:433,(anonymous_19)
FN:454,(anonymous_20)
FN:476,(anonymous_21)
FN:481,(anonymous_22)
FN:485,(anonymous_23)
FN:510,(anonymous_24)
FN:527,(anonymous_25)
FN:534,(anonymous_26)
FN:568,(anonymous_27)
FN:576,(anonymous_28)
FN:601,(anonymous_29)
FN:608,(anonymous_30)
FN:617,(anonymous_31)
FNF:30
FNH:30
FNDA:39,(anonymous_2)
FNDA:13,(anonymous_3)
FNDA:13,(anonymous_4)
FNDA:3,(anonymous_5)
FNDA:41,(anonymous_6)
FNDA:41,(anonymous_7)
FNDA:37,(anonymous_8)
FNDA:12,(anonymous_9)
FNDA:8,(anonymous_10)
FNDA:9,(anonymous_11)
FNDA:2,(anonymous_12)
FNDA:9,(anonymous_13)
FNDA:1,(anonymous_14)
FNDA:8,(anonymous_15)
FNDA:8,(anonymous_16)
FNDA:2,(anonymous_17)
FNDA:1,(anonymous_18)
FNDA:9,(anonymous_19)
FNDA:1,(anonymous_20)
FNDA:19,(anonymous_21)
FNDA:17,(anonymous_22)
FNDA:15,(anonymous_23)
FNDA:12,(anonymous_24)
FNDA:5,(anonymous_25)
FNDA:5,(anonymous_26)
FNDA:1,(anonymous_27)
FNDA:1,(anonymous_28)
FNDA:1,(anonymous_29)
FNDA:1,(anonymous_30)
FNDA:13,(anonymous_31)
DA:1,2
DA:4,2
DA:6,2
DA:7,2
DA:8,2
DA:10,2
DA:24,2
DA:66,2
DA:67,39
DA:70,39
DA:71,39
DA:72,39
DA:87,13
DA:88,13
DA:91,13
DA:96,13
DA:97,13
DA:99,13
DA:103,13
DA:104,1
DA:105,1
DA:109,12
DA:119,12
DA:120,12
DA:123,12
DA:125,12
DA:126,37
DA:127,37
DA:129,37
DA:136,37
DA:140,12
DA:146,12
DA:150,12
DA:153,12
DA:154,12
DA:156,12
DA:158,12
DA:159,6
DA:160,7
DA:172,7
DA:173,7
DA:178,12
DA:184,12
DA:187,13
DA:190,13
DA:191,41
DA:192,41
DA:194,13
DA:210,13
DA:225,37
DA:227,11
DA:229,8
DA:231,8
DA:233,1
DA:235,1
DA:237,8
DA:239,0
DA:252,12
DA:267,12
DA:284,9
DA:300,9
DA:313,9
DA:326,9
DA:346,8
DA:360,8
DA:362,8
DA:363,18
DA:364,18
DA:366,16
DA:367,16
DA:368,15
DA:370,16
DA:373,8
DA:374,8
DA:375,8
DA:377,8
DA:381,8
DA:399,2
DA:420,2
DA:438,9
DA:440,9
DA:454,9
DA:481,19
DA:483,17
DA:485,16
DA:486,15
DA:489,8
DA:490,4
DA:492,4
DA:493,2
DA:495,2
DA:496,1
DA:499,1
DA:511,12
DA:513,12
DA:514,7
DA:515,7
DA:516,1
DA:518,6
DA:522,12
DA:533,5
DA:534,5
DA:535,5
DA:536,5
DA:537,5
DA:548,5
DA:564,5
DA:575,1
DA:576,1
DA:577,1
DA:578,1
DA:582,1
DA:597,1
DA:607,1
DA:608,1
DA:609,1
DA:610,1
DA:618,13
DA:620,13
DA:621,13
DA:623,13
LF:121
LH:120
BRDA:103,0,0,1
BRDA:119,1,0,12
BRDA:119,1,1,3
BRDA:127,2,0,0
BRDA:150,3,0,2
BRDA:150,3,1,10
BRDA:165,4,0,7
BRDA:165,4,1,0
BRDA:166,5,0,7
BRDA:166,5,1,6
BRDA:167,6,0,7
BRDA:167,6,1,1
BRDA:225,7,0,11
BRDA:225,7,1,8
BRDA:225,7,2,8
BRDA:225,7,3,1
BRDA:225,7,4,1
BRDA:225,7,5,8
BRDA:225,7,6,0
BRDA:364,8,0,2
BRDA:366,9,0,16
BRDA:366,9,1,8
BRDA:367,10,0,15
BRDA:377,11,0,2
BRDA:377,11,1,6
BRDA:378,12,0,1
BRDA:378,12,1,1
BRDA:483,13,0,1
BRDA:486,14,0,7
BRDA:489,15,0,4
BRDA:489,16,0,8
BRDA:489,16,1,4
BRDA:492,17,0,2
BRDA:492,18,0,4
BRDA:492,18,1,2
BRDA:495,19,0,1
BRDA:495,20,0,2
BRDA:495,20,1,1
BRDA:515,21,0,1
BRDA:515,21,1,6
BRDA:543,22,0,5
BRDA:543,22,1,3
BRDA:544,23,0,5
BRDA:544,23,1,4
BRDA:545,24,0,5
BRDA:545,24,1,4
BRDA:553,25,0,5
BRDA:553,25,1,3
BRDA:620,26,0,13
BRDA:620,26,1,0
BRDA:621,27,0,13
BRDA:621,27,1,0
BRDA:70,28,0,2
BRDA:70,28,1,0
BRDA:70,29,0,2
BRDA:70,29,1,2
BRDA:70,30,0,2
BRDA:70,30,1,0
BRDA:70,31,0,2
BRDA:70,31,1,2
BRDA:71,32,0,2
BRDA:71,32,1,0
BRDA:71,33,0,2
BRDA:71,33,1,2
BRF:64
BRH:56
end_of_record
TN:
SF:src/modules/pastoral/services/sst-meeting.service.ts
FN:89,toDisplayStatus
FN:100,isValidMeetingTransition
FN:111,(anonymous_6)
FN:121,(anonymous_7)
FN:131,(anonymous_8)
FN:144,(anonymous_9)
FN:184,(anonymous_10)
FN:189,(anonymous_11)
FN:217,(anonymous_12)
FN:238,(anonymous_13)
FN:260,(anonymous_14)
FN:270,(anonymous_15)
FN:280,(anonymous_16)
FN:291,(anonymous_17)
FN:301,(anonymous_18)
FN:326,(anonymous_19)
FN:327,(anonymous_20)
FN:350,(anonymous_21)
FN:360,(anonymous_22)
FN:387,(anonymous_23)
FN:399,(anonymous_24)
FN:437,(anonymous_25)
FN:450,(anonymous_26)
FN:514,(anonymous_27)
FN:516,(anonymous_28)
FN:526,(anonymous_29)
FN:533,(anonymous_30)
FN:551,(anonymous_31)
FN:559,(anonymous_32)
FN:573,(anonymous_33)
FN:610,(anonymous_34)
FN:617,(anonymous_35)
FN:628,(anonymous_36)
FN:630,(anonymous_37)
FN:655,(anonymous_38)
FNF:35
FNH:35
FNDA:27,toDisplayStatus
FNDA:14,isValidMeetingTransition
FNDA:66,(anonymous_6)
FNDA:5,(anonymous_7)
FNDA:10,(anonymous_8)
FNDA:5,(anonymous_9)
FNDA:2,(anonymous_10)
FNDA:2,(anonymous_11)
FNDA:8,(anonymous_12)
FNDA:8,(anonymous_13)
FNDA:6,(anonymous_14)
FNDA:4,(anonymous_15)
FNDA:5,(anonymous_16)
FNDA:6,(anonymous_17)
FNDA:6,(anonymous_18)
FNDA:9,(anonymous_19)
FNDA:9,(anonymous_20)
FNDA:4,(anonymous_21)
FNDA:4,(anonymous_22)
FNDA:13,(anonymous_23)
FNDA:7,(anonymous_24)
FNDA:15,(anonymous_25)
FNDA:15,(anonymous_26)
FNDA:1,(anonymous_27)
FNDA:1,(anonymous_28)
FNDA:7,(anonymous_29)
FNDA:7,(anonymous_30)
FNDA:3,(anonymous_31)
FNDA:4,(anonymous_32)
FNDA:4,(anonymous_33)
FNDA:5,(anonymous_34)
FNDA:5,(anonymous_35)
FNDA:2,(anonymous_36)
FNDA:2,(anonymous_37)
FNDA:7,(anonymous_38)
DA:1,2
DA:2,2
DA:4,2
DA:6,2
DA:13,2
DA:14,2
DA:15,2
DA:17,2
DA:18,2
DA:75,2
DA:82,2
DA:90,27
DA:95,2
DA:101,14
DA:102,14
DA:108,2
DA:109,66
DA:112,66
DA:113,66
DA:114,66
DA:115,66
DA:116,66
DA:127,5
DA:130,5
DA:131,10
DA:138,5
DA:140,5
DA:144,5
DA:145,5
DA:147,5
DA:159,5
DA:162,5
DA:179,5
DA:185,2
DA:189,2
DA:190,2
DA:192,2
DA:205,2
DA:206,1
DA:212,1
DA:221,8
DA:225,8
DA:227,8
DA:231,8
DA:232,5
DA:233,5
DA:234,4
DA:238,8
DA:239,8
DA:241,8
DA:251,8
DA:265,6
DA:275,4
DA:286,5
DA:297,6
DA:301,6
DA:302,6
DA:304,6
DA:308,6
DA:309,1
DA:315,5
DA:317,4
DA:326,9
DA:327,9
DA:329,4
DA:345,4
DA:356,4
DA:360,4
DA:361,4
DA:363,4
DA:367,4
DA:368,1
DA:374,3
DA:376,2
DA:382,2
DA:388,13
DA:389,13
DA:390,3
DA:405,7
DA:407,7
DA:408,7
DA:410,7
DA:411,7
DA:412,7
DA:414,7
DA:428,1
DA:444,15
DA:448,15
DA:450,15
DA:451,15
DA:453,15
DA:457,15
DA:458,1
DA:464,14
DA:465,14
DA:467,14
DA:468,6
DA:474,8
DA:475,8
DA:476,0
DA:482,8
DA:489,8
DA:507,8
DA:515,1
DA:516,1
DA:517,1
DA:518,1
DA:522,1
DA:530,7
DA:531,7
DA:532,7
DA:533,7
DA:534,7
DA:535,7
DA:536,7
DA:537,7
DA:538,7
DA:547,7
DA:556,3
DA:572,4
DA:573,4
DA:574,4
DA:575,4
DA:588,4
DA:606,4
DA:616,5
DA:617,5
DA:618,5
DA:619,5
DA:620,5
DA:621,5
DA:622,5
DA:623,5
DA:624,5
DA:629,2
DA:630,2
DA:631,2
DA:632,2
DA:640,2
DA:651,2
DA:656,7
DA:658,7
DA:659,7
DA:660,7
DA:662,7
LF:145
LH:144
BRDA:90,0,0,27
BRDA:90,0,1,1
BRDA:102,1,0,14
BRDA:102,1,1,10
BRDA:205,2,0,1
BRDA:231,3,0,5
BRDA:233,4,0,4
BRDA:308,5,0,1
BRDA:367,6,0,1
BRDA:389,7,0,3
BRDA:430,8,0,1
BRDA:430,8,1,0
BRDA:457,9,0,1
BRDA:467,10,0,6
BRDA:475,11,0,0
BRDA:502,12,0,8
BRDA:502,12,1,6
BRDA:530,13,0,7
BRDA:530,13,1,5
BRDA:531,14,0,7
BRDA:531,14,1,5
BRDA:536,15,0,2
BRDA:537,16,0,4
BRDA:579,17,0,4
BRDA:579,17,1,3
BRDA:580,18,0,4
BRDA:580,18,1,2
BRDA:581,19,0,4
BRDA:581,19,1,3
BRDA:593,20,0,4
BRDA:593,20,1,2
BRDA:620,21,0,2
BRDA:621,22,0,2
BRDA:622,23,0,2
BRDA:658,24,0,7
BRDA:658,24,1,7
BRDA:659,25,0,7
BRDA:659,25,1,7
BRDA:112,26,0,2
BRDA:112,26,1,0
BRDA:112,27,0,2
BRDA:112,27,1,2
BRDA:112,28,0,2
BRDA:112,28,1,0
BRDA:112,29,0,2
BRDA:112,29,1,2
BRDA:113,30,0,2
BRDA:113,30,1,0
BRDA:113,31,0,2
BRDA:113,31,1,2
BRDA:114,32,0,2
BRDA:114,32,1,0
BRDA:114,33,0,2
BRDA:114,33,1,2
BRDA:115,34,0,2
BRDA:115,34,1,0
BRDA:115,35,0,2
BRDA:115,35,1,2
BRF:58
BRH:51
end_of_record
TN:
SF:src/modules/pastoral/services/sst.service.ts
FN:37,(anonymous_2)
FN:46,(anonymous_3)
FN:56,(anonymous_4)
FN:107,(anonymous_5)
FN:119,(anonymous_6)
FN:187,(anonymous_7)
FN:194,(anonymous_8)
FN:235,(anonymous_9)
FN:248,(anonymous_10)
FN:264,(anonymous_11)
FN:273,(anonymous_12)
FN:276,(anonymous_13)
FN:282,(anonymous_14)
FN:284,(anonymous_15)
FN:289,(anonymous_16)
FNF:15
FNH:15
FNDA:20,(anonymous_2)
FNDA:3,(anonymous_3)
FNDA:3,(anonymous_4)
FNDA:4,(anonymous_5)
FNDA:4,(anonymous_6)
FNDA:2,(anonymous_7)
FNDA:2,(anonymous_8)
FNDA:6,(anonymous_9)
FNDA:6,(anonymous_10)
FNDA:8,(anonymous_11)
FNDA:3,(anonymous_12)
FNDA:4,(anonymous_13)
FNDA:2,(anonymous_14)
FNDA:2,(anonymous_15)
FNDA:5,(anonymous_16)
DA:1,3
DA:5,3
DA:6,3
DA:7,3
DA:8,3
DA:10,3
DA:34,3
DA:35,20
DA:38,20
DA:39,20
DA:40,20
DA:41,20
DA:52,3
DA:56,3
DA:57,3
DA:60,3
DA:67,3
DA:68,1
DA:74,2
DA:85,2
DA:102,2
DA:113,4
DA:117,4
DA:119,4
DA:120,4
DA:122,4
DA:126,4
DA:127,1
DA:134,3
DA:136,3
DA:138,3
DA:139,1
DA:144,1
DA:147,3
DA:148,2
DA:153,2
DA:156,3
DA:158,3
DA:165,3
DA:182,3
DA:188,2
DA:192,2
DA:194,2
DA:195,2
DA:197,2
DA:201,2
DA:202,1
DA:208,1
DA:210,1
DA:216,1
DA:236,6
DA:240,6
DA:244,6
DA:245,5
DA:248,6
DA:249,6
DA:251,6
DA:264,8
DA:274,3
DA:276,4
DA:283,2
DA:284,2
DA:291,5
DA:293,5
DA:294,1
DA:297,1
DA:313,1
DA:316,4
DA:318,4
DA:319,4
DA:321,4
DA:322,3
DA:323,3
DA:324,3
DA:326,3
DA:329,3
DA:346,4
LF:77
LH:77
BRDA:67,0,0,1
BRDA:78,1,0,2
BRDA:78,1,1,1
BRDA:96,2,0,2
BRDA:96,2,1,1
BRDA:126,3,0,1
BRDA:138,4,0,1
BRDA:144,5,0,1
BRDA:144,5,1,0
BRDA:147,6,0,2
BRDA:201,7,0,1
BRDA:244,8,0,5
BRDA:266,9,0,8
BRDA:266,9,1,0
BRDA:278,10,0,4
BRDA:278,10,1,0
BRDA:293,11,0,1
BRDA:321,12,0,3
BRDA:321,13,0,4
BRDA:321,13,1,2
BRDA:323,14,0,2
BRDA:324,15,0,2
BRDA:38,16,0,3
BRDA:38,16,1,0
BRDA:38,17,0,3
BRDA:38,17,1,3
BRDA:38,18,0,3
BRDA:38,18,1,0
BRDA:38,19,0,3
BRDA:38,19,1,3
BRDA:39,20,0,3
BRDA:39,20,1,0
BRDA:39,21,0,3
BRDA:39,21,1,3
BRDA:40,22,0,3
BRDA:40,22,1,0
BRDA:40,23,0,3
BRDA:40,23,1,3
BRF:38
BRH:31
end_of_record
TN:
SF:src/modules/pastoral/services/student-chronology.service.ts
FN:80,generateSummary
FN:158,stringOrDefault
FN:163,numOrDefault
FN:171,resolveEntityType
FN:190,(anonymous_6)
FN:206,(anonymous_7)
FN:254,(anonymous_8)
FN:270,(anonymous_9)
FN:285,(anonymous_10)
FN:298,(anonymous_11)
FNF:10
FNH:10
FNDA:62,generateSummary
FNDA:85,stringOrDefault
FNDA:5,numOrDefault
FNDA:62,resolveEntityType
FNDA:49,(anonymous_6)
FNDA:54,(anonymous_7)
FNDA:54,(anonymous_8)
FNDA:62,(anonymous_9)
FNDA:54,(anonymous_10)
FNDA:62,(anonymous_11)
DA:1,1
DA:4,1
DA:5,1
DA:6,1
DA:85,62
DA:87,31
DA:90,2
DA:93,1
DA:96,1
DA:99,1
DA:102,1
DA:105,1
DA:108,5
DA:111,1
DA:114,1
DA:117,1
DA:120,1
DA:123,1
DA:126,1
DA:129,1
DA:132,2
DA:135,1
DA:138,1
DA:141,2
DA:144,1
DA:147,1
DA:150,2
DA:153,2
DA:159,85
DA:164,5
DA:172,62
DA:181,62
DA:187,1
DA:188,49
DA:191,49
DA:192,49
DA:213,54
DA:216,54
DA:221,54
DA:222,54
DA:223,54
DA:226,54
DA:232,54
DA:233,54
DA:237,54
DA:238,4
DA:239,4
DA:240,4
DA:244,54
DA:245,2
DA:249,54
DA:250,2
DA:254,54
DA:255,54
DA:257,54
DA:270,62
DA:272,54
DA:286,54
DA:290,54
DA:299,62
DA:301,62
DA:302,62
DA:306,62
DA:318,62
LF:64
LH:64
BRDA:85,0,0,31
BRDA:85,0,1,2
BRDA:85,0,2,1
BRDA:85,0,3,1
BRDA:85,0,4,1
BRDA:85,0,5,1
BRDA:85,0,6,1
BRDA:85,0,7,5
BRDA:85,0,8,1
BRDA:85,0,9,1
BRDA:85,0,10,1
BRDA:85,0,11,1
BRDA:85,0,12,1
BRDA:85,0,13,1
BRDA:85,0,14,1
BRDA:85,0,15,2
BRDA:85,0,16,1
BRDA:85,0,17,1
BRDA:85,0,18,2
BRDA:85,0,19,1
BRDA:85,0,20,1
BRDA:85,0,21,2
BRDA:85,0,22,2
BRDA:159,1,0,78
BRDA:159,1,1,7
BRDA:159,2,0,85
BRDA:159,2,1,78
BRDA:164,3,0,3
BRDA:164,3,1,2
BRDA:181,4,0,62
BRDA:181,4,1,1
BRDA:232,5,0,54
BRDA:237,6,0,4
BRDA:237,7,0,54
BRDA:237,7,1,51
BRDA:239,8,0,3
BRDA:240,9,0,3
BRDA:244,10,0,2
BRDA:249,11,0,2
BRDA:286,12,0,0
BRDA:286,12,1,54
BRDA:299,13,0,62
BRDA:299,13,1,1
BRDA:306,14,0,1
BRDA:306,14,1,61
BRDA:191,15,0,1
BRDA:191,15,1,0
BRDA:191,16,0,1
BRDA:191,16,1,1
BRDA:191,17,0,1
BRDA:191,17,1,0
BRDA:191,18,0,1
BRDA:191,18,1,1
BRF:53
BRH:50
end_of_record
